['512', '774', '90', '543', '29', '888', '865', '293', '916', '734', '136', '120', '115', '192', '310', '555', '614', '538', '872', '652', '528', '508', '755', '114', '937', '776', '613', '552']
['713', '58', '821', '925', '57', '423', '704', '289', '998', '834', '851', '167', '909', '886', '391', '14', '944', '123', '156', '708', '210', '208', '975', '649', '835', '900', '870', '833', '314', '751']
['809', '568', '759', '172', '752', '35', '454', '711', '189', '425', '1', '320', '646', '253', '663', '688', '972', '305', '148', '79', '469', '466', '522', '871', '960', '563', '645', '427', '792', '130', '175']
['28', '606', '502', '300', '635', '362', '532', '495', '571', '537', '761', '82', '986', '599', '72', '669', '922', '662', '780', '59', '597', '30', '163', '195', '591', '775', '967', '891', '145', '714', '230']
['173', '52', '810', '413', '400', '488', '149', '875', '125', '151', '141', '540', '32', '670', '553', '500', '63', '389', '16', '884', '11', '651', '942', '832', '349', '460', '326', '912', '625', '626', '267']
['260', '479', '715', '31', '879', '46', '169', '949', '707', '802', '399', '554', '602', '914', '255', '861', '675', '760', '784', '19', '352', '228', '21', '112', '507', '408', '84', '567', '316', '577', '439']
['478', '324', '476', '697', '622', '13', '37', '261', '947', '935', '429', '359', '339', '709', '700', '702', '12', '8', '317', '841', '346', '356', '696', '897', '971', '757', '418']
['377', '292', '299', '814', '988', '806', '608', '827', '121', '948', '690', '238', '463', '416', '91', '576', '303', '343', '358', '882', '214', '365', '656', '803', '787', '360', '205', '823', '386', '979']
['764', '873', '77', '716', '108', '213', '426', '161', '917', '422', '856', '244', '848', '853', '596', '744', '505', '818', '407', '523', '109', '638', '307', '984', '737', '915', '117', '329', '256', '99', '566']
['181', '341', '237', '401', '830', '440', '650', '797', '412', '689', '419', '368', '88', '221', '497', '134', '923', '404', '209', '717', '589', '23', '379', '874', '898', '763', '839', '278', '504']
['698', '101', '598', '268', '158', '447', '989', '370', '473', '428', '580', '409', '749', '92', '73', '417', '703', '798', '735', '168', '658', '468', '240', '550', '904', '846', '2', '236', '706', '733', '509']
['510', '863', '683', '536', '728', '272', '432', '199', '406', '242', '642', '100', '977', '686', '838', '420', '685', '684', '896', '200', '653', '446', '754', '203', '470', '127', '323', '720']
['862', '978', '87', '894', '122', '433', '992', '263', '381', '756', '804', '965', '973', '273', '641', '81', '526', '901', '583', '374', '97', '519', '455', '331', '556', '781', '146', '805', '954', '254']
['296', '889', '185', '229', '527', '976', '398', '197', '940', '376', '680', '560', '464', '933', '908', '347', '769', '54', '782', '85', '483', '380', '74', '718', '741', '938', '178', '672']
['911', '594', '631', '106', '294', '15', '279', '959', '736', '801', '7', '4', '61', '648', '710', '544', '637', '441', '666', '164', '56', '430', '219', '286', '665', '632', '943', '876', '963', '224', '160']
['382', '561', '62', '396', '636', '514', '513', '64', '67', '139', '639', '135', '855', '223', '557', '39', '26', '71', '394', '378', '194', '113', '847', '926', '288', '395', '415', '321', '144', '996', '773']
['531', '569', '722', '484', '953', '515', '233', '176', '276', '785', '951', '919', '132', '459', '681', '367', '335', '369', '397', '257', '390', '388', '234', '266', '753', '485', '826', '65', '627', '491', '80']
['225', '705', '232', '393', '308', '920', '5', '762', '36', '211', '605', '869', '137', '375', '682', '918', '673', '477', '799', '905', '881', '883', '411', '154', '615', '60', '184', '295', '0', '333', '456']
['297', '572', '461', '131', '212', '383', '524', '269', '655', '444', '107', '486', '770', '574', '593', '742', '351', '318', '695', '584', '842', '603', '157', '824', '405', '852', '277', '991', '609', '887']
['69', '745', '287', '952', '533', '311', '545', '860', '791', '542', '844', '366', '521', '3', '414', '828', '150', '89', '968', '980', '549', '674', '281', '772', '275', '586', '499', '779', '384', '850']
['86', '610', '201', '434', '677', '859', '104', '111', '795', '47', '829', '436', '282', '679', '634', '328', '75', '249', '119', '729', '811', '10', '719', '732', '929', '587', '342', '44', '248', '93', '671']
['217', '284', '241', '496', '453', '535', '40', '687', '118', '48', '629', '481', '489', '885', '78', '467', '442', '541', '153', '982', '96', '33', '198', '246', '327', '518', '371', '928', '612', '204', '315']
['694', '582', '355', '667', '475', '76', '520', '6', '402', '820', '344', '50', '987', '465', '259', '890', '290', '239', '494', '927', '25', '807', '126', '892', '969', '623', '525', '471', '970', '285', '124']
['492', '27', '845', '143', '724', '546', '271', '498', '945', '617', '450', '558', '20', '309', '877', '202', '353', '981', '165', '252', '581', '102', '270', '421', '332', '166', '133', '191', '624', '551', '903']
['721', '659', '140', '98', '921', '490', '816', '633', '472', '340', '906', '245', '564', '867', '768', '49', '790', '190', '864', '868', '578', '180', '547', '661', '354', '815', '364', '726', '250', '931', '42']
['506', '22', '159', '94', '274', '445', '448', '693', '619', '657', '188', '857', '941', '539', '902', '45', '487', '207', '105', '264', '956', '66', '226', '849', '738', '373', '392', '748', '974', '431', '788']
['451', '345', '337', '186', '562', '493', '946', '995', '322', '866', '777', '985', '534', '966', '306', '517', '678', '437', '723', '196', '174', '262', '17', '70', '283', '474', '590', '620', '644', '585', '170']
['831', '403', '813', '588', '746', '817', '410', '222', '34', '789', '628', '18', '313', '304', '910', '68', '258', '227', '878', '660', '179', '372', '934', '936', '334', '361', '280', '55', '162', '129', '247']
['913', '837', '142', '462', '424', '668', '611', '778', '893', '961', '43', '41', '758', '206', '565', '458', '993', '924', '964', '449', '529', '983', '692', '796', '595', '443', '994', '939', '739', '604', '794']
['600', '348', '110', '747', '895', '243', '147', '843', '301', '771', '765', '701', '363', '750', '83', '116', '336', '231', '511', '743', '725', '385', '9', '654', '559', '630', '138']
['691', '997', '957', '808', '435', '766', '291', '880', '579', '183', '216', '712', '220', '990', '312', '786', '38', '325', '858', '298', '907', '727', '350', '840', '265', '955', '251', '962', '740', '218', '215']
['618', '822', '783', '601', '53', '592', '155', '812', '516', '950', '357', '647', '182', '800', '128', '501', '643', '573', '438', '338', '503', '854', '819', '793', '930', '95', '730', '607', '330', '621', '480']
['302', '530', '152', '171', '575', '187', '570', '899', '767', '319', '24', '103', '676', '177', '51', '836', '958', '932', '699', '482', '457', '731', '640', '387', '452', '825', '548', '193', '235', '664', '616']
