['420', '693', '500', '354', '432', '42', '297', '559', '349', '542', '844', '39', '252']
['129', '375', '494', '227', '565', '571', '484', '721', '888', '32', '262', '21', '819']
['624', '599', '144', '91', '827', '295', '344', '145', '903', '257', '726', '810', '927']
['912', '203', '381', '269']
['316', '169', '418', '131', '204', '326', '198', '439', '283', '89', '96', '716', '934']
['355', '469', '670', '164', '687', '533', '200', '325', '423', '399', '359', '718', '244']
['851', '675', '569', '72', '75', '414', '981', '176', '351', '279', '582', '93', '425']
['998', '83', '536']
['70', '80', '368', '92', '58', '602', '590', '585', '562', '788', '829', '86', '249']
['860', '607', '61', '150', '633', '824', '501', '950', '672', '348', '122', '976', '746']
['105', '33', '385', '608', '786', '103', '605', '130', '435', '935', '258', '481', '952']
['928', '893', '182']
['736', '345', '612', '623', '229', '647', '690', '284', '520', '793', '492', '878', '521']
['674', '537', '76', '697', '364', '549', '717', '217', '255', '874', '919', '680', '641']
['518', '576', '872', '646', '887', '515', '516', '377', '757', '988', '274', '722', '165']
['620', '636', '659']
['167', '396', '22', '609', '27', '783', '34', '791', '315', '128', '48', '959', '504']
['437', '334', '660', '804', '378', '458', '482', '205', '642', '684', '390', '451', '320']
['553', '910', '700', '945', '216', '87', '282', '199', '733', '814', '298', '220', '117']
['784']
['124', '654', '88', '478', '242', '803', '99', '393', '947', '834', '73', '324', '477']
['433', '339', '944', '245', '916', '461', '808', '332', '147', '407', '209', '861', '828']
['826', '411', '46', '863', '850', '78', '634', '183', '653', '188', '178', '886', '688']
['9']
['41', '767', '155', '532', '211', '704', '710', '922', '391', '118', '152', '95', '917']
['163', '806', '429', '56', '699', '498', '591', '766', '11', '812', '296', '470', '594']
['491', '859', '108', '427', '395', '756', '100', '463', '369', '246', '580', '593', '983']
['849']
['649', '175', '857', '454', '224', '506', '23', '505', '584', '337', '4', '168', '311']
['625', '19', '729', '770', '875', '727', '493', '678', '965', '920', '278', '712', '855']
['883', '776', '475', '143', '115', '29', '415', '62', '276', '539', '40', '856', '728']
['431']
['231', '841', '225', '135', '65', '630', '263', '202', '267', '745', '352', '436', '248']
['285', '796', '897', '552', '386', '444', '970', '412', '943', '789', '655', '443', '472']
['366', '679', '194', '24', '749', '832', '632', '656', '709', '50', '879', '187', '889']
['448']
['720', '347', '864', '713', '932', '85', '487', '990', '270', '372', '293', '836', '538']
['309', '455', '1', '232', '732', '530', '785', '467', '6', '301', '485', '142', '581']
['342', '781', '994', '794', '637', '665', '877', '780', '606', '53', '540', '94', '292']
['738']
['885', '765', '37', '389', '10', '822', '695', '937', '895', '747', '15', '495', '744']
['179', '589', '373', '667', '904', '635', '775', '125', '223', '650', '545', '969', '639']
['272', '397', '960', '694', '652', '914', '233', '503', '901', '873', '206', '446', '350']
['447']
['778', '926', '304', '692', '302', '586', '567', '906', '271', '7', '421', '441', '815']
['49', '365', '468', '214', '236', '666', '651', '715', '657', '760', '253', '813', '221']
['185', '588', '356', '701', '979', '557', '318', '933', '237', '984', '346', '792', '773']
['440']
['290', '661', '139', '141', '289', '266', '911', '13', '434', '450', '45', '554', '643']
['82', '466', '208', '618', '215', '763', '71', '280', '961', '968', '768', '596', '772']
['742', '367', '18', '645', '676', '671', '598', '323', '621', '502', '577', '159', '288']
['809']
['174', '681', '985', '26', '511', '384', '157', '191', '90', '512', '238', '240', '59']
['592', '329', '597', '112', '360', '3', '69', '30', '476', '12', '170', '218', '120']
['615', '737', '801', '600', '507', '858', '546', '66', '322', '107', '764', '146', '818']
['259']
['973', '603', '707', '977', '907', '817', '408', '528', '604', '683', '662', '866', '84']
['121', '268', '8', '207', '123', '383', '551', '382', '127', '971', '234', '38', '909']
['305', '438', '852', '410', '905', '291', '328', '133', '705', '380', '300', '995', '136']
['921']
['987', '908', '388', '514', '306', '303', '807', '575', '724', '986', '294', '619', '725']
['97', '134', '158', '847', '583', '442', '561', '140', '573', '527', '842', '534', '499']
['260', '771', '797', '428', '153', '570', '869', '664', '967', '668', '574', '595', '213']
['17']
['404', '891', '44', '317', '419', '799', '805', '658', '774', '110', '277', '464', '336']
['513', '839', '74', '247', '166', '915', '601', '254', '132', '379', '222', '483', '795']
['474', '689', '273', '882', '831', '992', '457', '230', '708', '949', '523', '669', '640']
['357']
['963', '613', '696', '459', '265', '25', '798', '964', '449', '106', '522', '900', '43']
['313', '162', '370', '638', '544', '993', '371', '902', '190', '702', '800', '629', '116']
['54', '759', '677', '547', '36', '734', '310', '587', '558', '991', '327', '35', '648']
['541']
['409', '299', '719', '974', '896', '488', '340', '951', '212', '330', '525', '735', '972']
['261', '755', '936', '462', '430', '711', '177', '509', '180', '341', '16', '626', '843']
['579', '543', '555', '940', '286', '787', '55', '184', '980', '489', '181', '925', '946']
['997']
['846', '752', '954', '560', '413', '870', '497', '161', '2', '617', '160', '226', '361']
['486', '830', '614', '28', '529', '731', '931', '730', '989', '941', '750', '114', '854']
['186', '958', '104', '811', '884', '201', '251', '743', '473', '405', '524', '353', '111']
['219']
['894', '714', '195', '113', '312', '403', '825', '394', '761', '845', '966', '753', '307']
['239', '840', '392', '148', '471', '769', '572', '975', '331', '250', '137', '880', '898']
['149', '790', '460', '52', '563', '802', '480', '627', '57', '823', '5', '578', '631']
['338']
['848', '913', '453', '402', '948', '930', '374', '899', '452', '63', '550', '622', '871']
['81', '171', '490', '109', '189', '611']
['938', '0', '126', '151', '192', '867', '496', '416', '335', '479', '556', '172', '999']
['564', '691', '526', '64', '445', '422', '60', '918', '14', '868', '962', '820']
['465', '68', '401', '156', '956', '119', '319', '426', '241', '321', '953', '243', '644']
['881', '739', '853', '98', '628', '264', '456', '508', '20', '996']
['398', '892', '939', '923', '698', '957', '779', '816', '173', '193', '67', '942', '102']
['703', '363', '77', '406']
['424', '758', '281', '929', '837', '706', '531', '358', '610', '616', '343', '47', '548']
['838', '821', '314', '566', '862']
['682', '685', '362', '197', '376', '740', '924', '256', '417', '865', '196', '754', '235']
['154', '833', '777', '748']
['723', '387', '287', '890', '517', '31', '400', '835', '308', '663', '210', '782', '751']
['982', '228', '876']
['510', '673', '535', '741', '955', '138', '51', '333', '79', '101', '568', '275', '686']
['978', '519', '762']
