['152', '374', '92', '712', '828', '468', '208', '562', '977', '348', '893', '275', '311', '753', '716', '54', '850', '354', '379', '380', '95', '928', '140', '339', '193', '349', '44', '664', '584', '48', '344', '103', '658', '727', '774', '529', '885', '200', '21', '895']
['725', '565', '709', '930', '484', '279', '856', '692', '569', '291', '924', '375', '541', '776', '677', '271', '253', '779', '6', '785', '63', '959', '862', '503', '723', '887', '164', '788', '574', '47', '910', '255', '197', '966', '452', '857', '948', '543', '882', '803']
['432', '355', '663', '195', '821', '609', '98', '670', '683', '180', '669', '161', '441', '377', '680', '285', '749', '430', '890', '20', '997', '516', '660', '992', '59', '956', '5', '336', '198', '838', '881', '61', '797', '175', '993', '502', '802', '245', '134', '722']
['391', '608', '708', '583', '719', '228']
['361', '718', '645', '963', '757', '159', '866', '122', '884', '376', '841', '926', '606', '894', '587', '577', '313', '628', '812', '201', '610', '811', '323', '475', '499', '456', '467', '239', '230', '790', '848', '357', '14', '105', '591', '51', '759', '479', '447', '603']
['667', '157', '786', '82', '506', '258', '822', '80', '84', '174', '825']
['4', '705', '16', '306', '638', '773', '178', '356', '573', '581', '470', '19', '538', '818', '179', '844', '681', '121', '736', '515', '575', '937', '652', '662', '563', '879', '597', '554', '168', '38', '614', '346', '860', '459', '439', '679', '690', '308', '342', '566']
['205', '901', '627', '567', '426', '912', '364', '371', '463', '512', '872', '273', '969', '975', '42', '487', '794', '871', '402', '739', '995', '329', '126', '474', '789', '864', '302', '322', '388', '445', '657', '985', '331', '34', '488', '801', '303', '72', '49', '93']
['315', '286', '771', '409', '596', '600', '646', '232', '194', '23', '816', '386', '483', '518', '772', '704', '183', '710', '755', '939', '530', '204', '949', '511', '791', '283', '700', '335', '260', '216', '477', '367', '166', '301', '207', '765', '631', '941', '534', '678']
['389', '923', '328', '234']
['221', '927', '552', '536', '153', '743', '800', '460', '595', '979', '146', '366', '991', '68', '352', '972', '378', '701', '674', '964', '878', '428', '501', '214', '116', '448', '55', '132', '465', '787', '272', '957', '160', '507', '978', '295', '942', '807', '476', '837']
['874', '913', '368', '869', '873', '695', '267', '986', '504', '626', '509', '734', '407', '211', '171', '521', '703', '292', '805', '747', '607', '224', '427', '384', '875', '693', '630', '26', '181', '142', '86', '898', '973', '29', '987', '905', '526', '922', '965', '363']
['896', '212', '546', '764', '990', '514', '143']
['246', '676', '469', '341', '392', '454', '673', '113', '282', '684', '819', '505', '629', '185', '732', '401', '780', '495', '269', '666', '588', '151', '36', '590', '340', '192', '522', '62', '413', '604', '176', '13', '976', '324', '649', '110', '490', '870', '510', '580']
['414', '66', '845', '136', '929', '528', '960', '777', '243', '938', '902', '492', '544', '423', '412', '706', '370', '616', '481', '556']
['167', '231', '107', '665', '795', '297', '713', '387', '305', '493', '287', '707', '980', '962', '87', '934', '996', '256', '984', '555', '466', '7', '473', '865', '863', '325', '623', '831', '519', '632', '570', '950', '561', '847', '961', '661', '40', '907', '10', '30']
['989', '57', '983', '586', '347', '75', '298', '955', '916', '390', '517', '128', '327', '403', '15', '138', '478', '444', '45', '936', '524', '191', '671', '981']
['650', '619', '525', '277', '265', '450', '333', '385', '685', '582', '35', '50', '746', '615', '78', '540', '915', '188', '73', '741', '215', '170', '842', '437', '300', '173', '711', '400', '947', '531', '227', '0', '69', '330', '262', '424', '496', '187', '599', '750']
['147', '908', '549', '76', '334', '823', '290', '213', '954', '798', '338', '280', '641', '312', '25', '766', '852', '12', '353', '43', '806', '435', '318', '883', '486', '656', '189', '724', '94', '284']
['946', '337', '100', '418', '130', '309', '999', '817', '820', '37', '485', '918', '944', '897', '571', '551', '967', '451', '156', '620', '861', '440', '770', '118', '900', '824', '545', '906', '117', '756', '133', '851', '60', '254', '209', '9', '564', '46', '762', '449']
['210', '783', '553', '149', '799', '165', '568', '397']
['410', '579', '761', '139', '196', '111', '602', '135', '639', '868', '248', '559', '611', '411', '778', '396', '144', '399', '461', '634', '332', '834', '994', '697', '702', '533', '249', '120', '968', '974', '71', '594', '446', '351', '560', '381', '85', '415', '296', '81']
['259', '731', '558', '141', '350', '155', '112', '751', '115', '431', '206', '442', '508', '343', '742', '382', '419', '769', '715', '547', '843', '647', '781', '491', '237', '814', '393', '689', '314', '177']
['316', '404', '494', '457', '458', '849', '420', '919', '867', '79', '190', '148', '539', '754', '622', '793', '535', '633', '489', '33', '108', '498', '953', '550', '855', '830', '880', '263', '453', '220', '859', '482', '64', '203', '268', '226', '429', '497', '39', '738']
['358', '826', '877', '106', '293', '809', '74', '513', '158', '199']
['532', '422', '162', '317', '240', '768', '836', '763', '672', '998', '408', '32', '83', '222', '659', '127', '853', '97', '796', '931', '125', '266', '218', '945', '982', '436', '169', '425', '109', '648', '129', '251', '933', '904', '585', '721', '617', '612', '114', '903']
['840', '278', '17', '257', '394', '598', '67', '952', '182', '971', '589', '888', '696', '576', '758']
['119', '557', '593', '911', '242', '235', '443', '651', '691', '304', '682', '462', '395', '186', '345', '735', '416', '636', '369', '434', '752', '217', '172', '225', '520', '307', '624', '951', '654', '163', '77', '281', '717', '417', '56', '655', '839', '131', '27', '184']
['784', '471', '940', '729', '2', '11', '233', '438', '744']
['592', '935', '241', '858', '154', '775', '250', '421', '653', '642', '714', '613', '219', '625', '829', '740', '373', '321', '480', '767', '745', '914', '808', '810', '605', '362', '832', '958', '123', '523', '827', '909', '101', '150', '892', '889', '89', '18', '527', '319']
['229', '41', '365', '943', '899', '464', '236']
['635', '65', '782', '621', '988', '876', '276', '618', '8', '921', '970', '917']
['891', '223', '406', '643', '548', '815', '433', '932', '835', '299', '886', '124', '694', '70', '733', '360', '637', '58', '472', '252', '288', '31', '1', '813', '640', '854', '99', '720', '675', '730', '687', '202', '699', '537', '53', '405', '3', '804', '310', '737']
['261', '748', '792', '728', '572', '398', '104']
['91', '28', '925', '244', '238', '359', '578', '326', '726', '24', '686', '294', '372', '22', '760', '247', '96', '455', '920', '270', '90', '644', '88', '137', '264', '274', '542', '846', '383', '500', '833', '289', '698', '668', '688', '320', '601', '52', '145', '102']
