['377', '170', '43', '320', '539', '289', '179', '389', '431', '18', '472', '560', '429', '1', '159', '340', '418', '285', '449', '416', '564', '319', '249', '13', '157', '588', '307', '25', '375', '500', '427']
['508', '393', '312', '575', '447', '589', '317', '373', '599', '404', '367', '202', '392', '333', '456', '597', '122', '405', '224', '194']
['125', '457', '425', '544', '387', '265', '36', '210', '525', '73', '277', '191', '580', '215', '266', '573', '356', '104', '514', '119', '185', '162', '386', '226', '139', '614', '177', '561', '158', '434', '101', '396', '175', '165', '37', '297', '298', '411', '87', '585', '153', '348', '90', '261', '637', '17', '527', '359', '355', '444']
['503']
['24', '577', '394', '279', '223', '625', '621', '181', '477', '206', '75', '311', '28', '328', '71', '310', '78', '7', '166', '53', '132', '422', '502', '232', '124', '519', '72', '512', '302', '600', '594', '308', '199', '624', '260', '424', '334', '211', '630', '559', '77', '433', '205', '253', '384', '344']
['116', '59', '304', '626', '391', '295', '293', '128', '100', '129', '566']
['329', '496', '537', '219', '88', '415', '462', '252', '530', '234', '50', '380', '465', '611', '96', '557', '488', '256', '198', '563', '229', '613', '454', '526', '399', '227', '571', '246', '23', '103', '455', '483', '86', '569', '501', '601', '228', '183', '341', '42', '468', '440', '642', '350']
['161']
['213', '114', '141', '635', '138', '430', '32', '547', '49', '543', '10', '48', '587', '27', '568', '581', '315', '242', '56', '296', '83', '64', '558', '187', '644', '466', '342', '39', '309', '475', '578', '38', '321', '63', '330', '171', '245', '172', '30', '11', '541', '556', '197', '57', '91', '619', '467']
['493', '515', '97', '325', '243', '184', '452', '413', '46', '426']
['196', '14', '180', '332', '133', '481', '338', '267', '448', '276', '95', '250', '485', '5', '459', '513', '174', '494', '469', '528', '591', '303', '363', '378', '195', '209', '423', '286', '339', '61', '156', '583', '98', '612', '498', '176', '127', '247', '565', '549', '336', '70', '579', '346', '521', '241']
['168', '16']
['374', '44', '464', '178', '437', '294', '511', '628', '233', '362', '407', '409', '237', '314', '272', '388', '9', '115', '487', '2', '538', '567', '417', '572', '584', '169', '110', '81', '45', '149']
['439', '207']
['22', '79', '109', '586', '254', '326', '381', '403', '322', '154', '6', '188', '236', '552', '136', '335', '636', '598', '140', '76', '259', '376', '107', '450', '610', '371', '509', '634', '323', '489', '554', '379', '618', '545', '604', '29', '264', '271', '142', '495', '263', '117', '4', '192', '593', '150', '369', '301', '595', '324']
['441']
['251', '15', '55', '505', '516', '163', '436', '480', '639', '190', '615', '287', '360', '189', '112', '438', '518', '453', '58', '126', '397', '443', '255', '608', '345', '421', '484', '622', '555', '506', '280', '120', '471', '203', '105', '201', '93', '274', '67', '143', '268', '414', '343', '602', '524', '262']
['137']
['20', '620', '504', '212', '420', '406', '102', '239', '144', '576', '606', '290', '368', '282', '395', '562', '52', '283', '41', '445', '442', '534', '553', '69', '146', '607', '220', '258', '337', '204', '222', '257', '365', '231', '631', '19', '173', '193', '357', '570', '458', '82', '160', '288', '131', '291', '60', '147', '347', '517']
['623', '523', '134', '331']
['278', '155', '327', '605', '118', '349', '151', '0', '152', '432', '398', '54', '551', '214', '353', '47', '89', '121', '603', '536', '596', '507', '217', '629', '446', '85', '550', '145', '641', '616', '419', '461', '401', '26', '3', '499', '33', '408', '366', '40', '230', '68']
['216']
['522', '486', '463', '92', '364', '299', '106', '238', '497', '31', '62', '225', '590', '21', '240', '542', '535', '34', '316', '8', '218', '383', '284', '235', '385', '574', '248', '402', '531', '582', '113', '318', '74', '491', '390', '548']
['51', '66', '412', '609', '372', '208', '435', '306', '182', '470', '638', '269', '135', '370', '532', '281', '479', '80', '520', '221', '640', '410', '148', '592', '428', '476', '533', '292', '35', '167', '633', '451', '645', '84', '65', '305', '12', '627', '473', '400', '123', '94', '130', '490', '482', '474', '273', '351', '244']
['540', '111', '632', '478', '313', '510', '361', '270', '354', '529', '643', '617', '186', '382', '275', '352', '460', '358', '108', '546', '300', '164', '200', '99', '492']
