['144', '361', '138', '57', '94', '948', '204', '410', '388', '923', '606', '72', '699', '358', '46', '234', '315', '432', '667', '327', '680', '858', '896', '458', '352', '374', '910', '440', '906', '367', '113', '244', '737', '391', '382', '780', '284', '228', '709', '75']
['759', '820', '976', '804', '349', '112', '871', '553', '459', '1', '564', '758', '929', '835', '222', '397', '689', '492', '171', '778', '687', '356', '869', '838', '308', '346', '31', '243', '901', '496', '920', '762', '340', '847', '528', '685', '799', '984', '891', '818']
['714', '29', '507', '177', '154', '624', '441', '846', '813', '390', '179', '385', '514', '281', '889', '992', '760', '824', '395', '402', '545', '712', '764', '930', '161', '160', '203', '938', '716', '965', '596', '678', '209', '682', '821', '647', '343', '729', '544', '443']
['320', '430', '265', '670', '341', '844', '728', '588', '959', '355', '917', '335', '357', '582', '61', '216', '47', '769', '825', '681', '605', '928', '915', '406', '659', '35', '845', '485', '124', '118', '698']
['368', '25', '832', '888', '205', '119', '521', '133', '604', '461', '700', '811', '822', '787', '490', '841', '943', '400', '196', '292', '962', '63', '640', '279', '566', '184', '200', '86', '914', '354', '465', '589', '848', '7', '122', '156', '53', '87', '912', '794']
['722', '637', '88', '603', '423', '225', '134', '707', '422', '663', '828', '176', '13', '449', '297', '894', '108', '641', '301', '706', '30', '468', '77', '39', '188', '233', '692', '644', '558', '997', '539', '733', '420', '981', '146', '68', '946', '653', '396', '11']
['165', '673', '482', '911', '123', '675', '437', '598', '317', '638', '266', '511', '980', '877', '988', '947', '586', '543', '96', '990', '642', '779', '264', '338', '452', '181', '273', '70', '576', '738', '925', '796', '971', '541', '498', '665', '135', '3', '510', '876']
['289', '71', '493', '881', '800', '401', '538', '969']
['269', '768', '41', '945', '696', '999', '189', '683', '622', '153', '478', '207', '318', '672', '436', '163', '949', '309', '48', '717', '195', '79', '904', '185', '254', '369', '878', '190', '451', '635', '445', '540', '561', '549', '666', '766', '223', '926', '676', '747']
['826', '299', '0', '725', '654', '960', '280', '560', '342', '182', '730', '798', '45', '792', '489', '863', '143', '227', '316', '50', '593', '334', '447', '630', '206', '237', '614', '129', '517', '366', '932', '879', '287']
['739', '148', '533', '842', '12', '268', '594', '569', '840', '998', '599', '573', '859', '345', '174', '623', '520', '880', '741', '860', '711', '523', '600', '963', '219', '765', '151', '898', '49', '245', '348', '595', '664', '775', '213', '392', '882', '597', '773', '936']
['311', '884', '74', '272', '935', '398', '473', '628', '290', '777', '323', '229', '376', '790', '467', '985', '52', '690', '466', '662', '991', '231', '978', '989', '956', '285', '951', '257', '789']
['56', '140', '456', '157', '724', '236', '481', '201', '362', '734', '831', '434', '283', '450', '867', '428', '506', '120', '537', '38', '6', '24', '158', '855', '239', '939', '60', '270', '302', '197', '9', '585', '249', '101', '54', '565', '73', '155', '570', '708']
['964', '344', '460', '883', '763', '111', '942', '98', '684', '658', '874', '688', '677', '371', '574', '409', '90', '211', '625', '619', '34', '218', '875', '263', '5', '81', '731', '745', '668', '805', '238', '864']
['872', '504', '602', '167', '941', '475', '66', '149', '251', '51', '572', '967', '772', '136', '389', '26', '313', '82', '975', '657', '809', '141', '833', '986', '743', '810', '169', '767', '208', '329', '350', '328', '105', '321', '152', '853', '164', '139', '536', '425']
['404', '643', '353', '618', '32', '115', '742', '414', '776', '726', '531', '732', '546', '351', '4', '954', '306', '15', '427', '587', '295', '905', '261', '210', '849', '378', '567', '933', '394', '957', '817', '104']
['102', '937', '484', '547', '791', '381', '993', '360', '721', '471', '319', '255', '705', '895', '966', '37', '363', '550', '130', '14', '850', '446', '150', '629', '192', '137', '770', '749', '931', '305', '499', '581', '534', '557', '646', '170', '575', '793', '851', '900']
['95', '626', '983', '661', '916', '199', '807', '503', '298', '611', '919', '27', '444', '324', '259', '909', '740', '486', '955', '563', '952', '655', '276', '995', '532', '393', '551', '636', '650', '322']
['477', '483', '584', '132', '379', '20', '781', '288', '274', '797', '530', '413', '972', '652', '519', '633', '267', '384', '843', '380', '727', '979', '913', '508', '816', '336', '405', '100', '303', '723', '866', '806', '307', '702', '710', '429', '84', '516', '529', '332']
['631', '580', '856', '183', '252', '304', '718', '262', '85', '260', '23', '518', '784', '364', '330', '671', '55', '968', '435']
['194', '515', '719', '337', '417', '220', '568', '918', '40', '500', '114', '651', '375', '241', '426', '491', '786', '224', '801', '16', '782', '757', '934', '488', '275', '36', '887', '950', '76', '554', '162', '736', '64', '713', '542', '601', '590', '620', '996', '93']
['8', '464', '649', '44', '314', '339', '300', '512', '416', '669', '873', '761', '903', '556', '615', '480', '370', '106', '679', '610', '854']
['67', '312', '746', '961', '159', '407', '632', '715', '175', '771', '548', '645', '377', '693', '386', '559', '89', '753', '173', '697', '59', '333', '221', '168', '897', '656', '819', '861', '674', '751', '922', '365', '442', '439', '214', '110', '660', '215', '145', '191']
['754', '788', '578', '277', '695', '80', '325', '326', '744', '803', '331', '535', '830', '902', '974', '116', '505']
['612', '408', '524', '472', '172', '347', '921', '987', '607', '583', '21', '892', '857', '704', '509', '795', '694', '526', '691', '577', '837', '899', '487', '412', '415', '411', '212', '91', '865', '513', '495', '774', '836', '202', '552', '178', '752', '834', '232', '271']
['648', '293', '10', '107', '92', '609', '555', '474', '291', '977', '462', '497', '121', '522', '591']
['868', '78', '785', '756', '187', '994', '65', '748', '527', '448', '125', '33', '701', '109', '982', '247', '579', '42', '198', '703', '246', '592', '862', '812', '58', '296', '613', '470', '970', '43', '230', '815', '294', '808', '940', '562', '463', '639', '28', '383']
['750', '226', '870', '399', '282', '418', '501', '17', '453', '924', '186']
['958', '373', '621', '457', '403', '240', '890', '180', '62', '18', '454', '433', '893', '310', '103', '117', '608', '242', '839', '431', '525', '421', '166', '250', '852', '814', '286', '755', '131', '256', '2', '258', '372', '22', '823', '953', '217', '617', '193', '634']
['783', '126', '627', '97', '69', '908', '419', '479', '127', '571', '927', '885', '973', '424', '253', '616', '248', '907', '944', '802', '387', '476', '235', '720', '455', '686', '438', '142', '359', '147', '735', '829', '278', '19', '886', '99', '128', '827', '83', '494']
['502', '469']
