['508', '887', '807', '952', '323', '7']
['529', '957', '910', '725', '256', '767', '397', '262', '268']
['490', '233', '368', '641', '166', '532', '343', '299', '519', '551']
['408', '631', '15', '598', '79', '990', '431']
['905', '372', '779', '647', '563', '308', '650', '242', '530']
['717', '247', '447', '387', '263', '537']
['296', '522', '591', '515', '924', '223', '676', '525', '971', '775']
['859', '31', '18', '958', '879']
['819', '937', '572', '34', '476', '49', '367', '57', '199', '547']
['589', '341', '851', '649', '380', '860', '692']
['983', '371', '648', '458', '63', '24', '386']
['390', '960', '498', '843', '862', '823', '521', '773']
['703', '944', '624', '751', '606', '842', '54', '116', '72']
['891', '259', '413', '477', '509', '920', '750', '203', '300', '35']
['101', '989', '550', '616', '629', '192', '689', '841', '393']
['701', '273', '653', '232', '969', '994', '737', '324']
['246', '124', '883', '107', '832', '592', '788']
['167', '762', '740', '81', '844', '932']
['575', '580', '459', '453', '212', '584', '645', '305', '921', '889']
['342', '770', '102', '253', '213']
['314', '729', '482', '820', '180', '559', '128', '463', '545', '623']
['974', '496', '52', '289', '863', '38', '988', '115', '763']
['858', '169', '30', '668', '506', '720', '735', '791', '307']
['130', '420', '407', '153', '599', '578', '897', '698', '659']
['749', '84', '71', '14', '170', '312']
['287', '147', '428', '875', '73', '133', '28', '993', '468']
['821', '665', '100', '621', '315', '542', '675', '931']
['418', '97', '874', '62', '385', '503', '264', '966']
['411', '516', '991', '840', '120', '816', '761', '487']
['164', '663', '160', '36', '455', '830', '746']
['723', '235', '568', '58', '996', '216', '846', '185', '916']
['402', '427', '852', '444', '317', '683', '432', '781', '61']
['912', '316', '579', '461', '777', '70', '870', '360', '310']
['964', '982', '161', '172', '33', '378', '29', '47', '967', '258']
['748', '754', '512', '144']
['9', '824', '410', '963', '236', '539', '254', '766']
['145', '705', '526', '855', '286', '776', '886', '604']
['615', '524', '231', '520', '581', '630', '339']
['712', '783', '731', '605', '925', '894', '369', '409']
['913', '220', '43', '198', '238', '567', '377', '670']
['835', '784', '460', '809', '361', '74', '626', '518']
['999', '108', '429', '181', '42', '961', '984', '396', '112']
['739', '637', '839', '467', '16', '978', '83', '326', '177', '59']
['284', '248', '222', '985', '577', '78', '936', '136', '366']
['954', '787', '280', '39', '168', '450', '251']
['940', '118', '297', '849', '435']
['679', '311', '552', '594', '464', '55', '633', '320', '389', '682']
['715', '893', '348', '564', '935', '878', '426', '655']
['155', '211', '174', '135', '190', '96', '764']
['756', '159', '194', '771', '0', '922', '794', '142']
['443', '721', '206', '562', '861', '976', '673', '576', '22']
['388', '109', '260', '876', '997', '208', '176', '406', '574', '968']
['353', '687', '325', '200', '681', '154', '499']
['88', '927', '89', '684', '872', '329', '25', '75', '19', '21']
['53', '975', '278', '619', '507', '946', '294', '398', '138', '685']
['741', '980', '391', '478', '304', '635', '68', '11', '430']
['221', '373', '836', '557', '899', '956', '714', '95', '69', '810']
['680', '491', '150', '488', '943', '651', '998', '217']
['628', '941', '541', '710', '652', '13', '831']
['789', '643', '425', '492', '346', '625', '706', '438', '449', '548']
['595', '585', '414', '255', '183', '272', '955', '10', '370']
['336', '119', '187', '117', '129']
['151', '111', '497', '403', '354', '951', '786', '571', '865']
['869', '484', '554', '338', '866', '677', '4', '558']
['285', '636', '618', '986', '933', '132', '415', '405']
['196', '602', '365', '193', '345', '302', '945', '401']
['827', '695', '939', '694', '617', '793', '959', '376']
['67', '140', '141', '26', '962', '76']
['904', '722', '973', '527', '17', '535', '780', '565']
['950', '672', '224', '699', '678', '500', '782', '505']
['379', '838', '328', '570', '381']
['796', '822', '446', '422', '197', '806', '157', '292', '880']
['227', '716', '479', '583', '979']
['434', '799', '374', '853', '270', '82', '363', '125', '713']
['536', '742', '607', '480', '440', '321']
['218', '139', '207', '249', '778', '511', '569', '98', '815']
['44', '442', '274', '171', '275', '252', '37']
['330', '186', '451', '752', '439', '818', '351', '495']
['800', '614', '261', '209', '658', '885', '919', '106', '918']
['214', '472', '364', '573', '334', '494', '87', '707']
['711', '669', '257', '399', '437', '86', '93', '298', '131', '738']
['204', '640', '250', '608', '833', '137', '972', '517']
['948', '561', '375', '802', '269', '915', '688', '814']
['660', '523', '556', '900', '758', '234', '690', '1', '123']
['656', '228', '395', '638', '417', '704', '241', '934']
['452', '732', '501', '612', '295', '907', '813', '288', '276']
['812', '105', '392', '803', '182', '306', '148', '902', '938']
['178', '201', '768', '611', '882', '290', '540']
['845', '765', '322', '654', '691', '644', '416', '2', '693']
['362', '441', '271', '279', '333', '755', '697', '219']
['726', '436', '642', '792', '531']
['163', '834', '225', '293', '977', '896', '423', '867', '433']
['80', '877', '528', '898', '92', '588', '667']
['805', '829', '502', '847', '152', '597', '871']
['191', '126', '404', '666', '534', '41', '702', '947', '949', '469']
['671', '620', '383', '639', '538']
['347', '344', '864', '596', '358', '245', '890']
['340', '165', '66', '90', '549', '3', '850', '173', '332']
['590', '350', '202', '785', '981']
['724', '337', '510', '970', '901']
['555', '798', '613', '301', '661', '664', '188', '709', '457', '987']
['926', '727', '281', '230', '566', '122']
['352', '884', '486', '493', '8', '546', '419', '229', '553']
['51', '646', '205', '627', '504', '560', '162', '634', '359']
['808', '400', '543', '448', '953', '456', '134', '266', '357']
['903', '127', '445', '331', '817', '240', '881']
['544', '930', '421', '56', '790', '728', '6', '828', '804', '335']
['513', '657', '175', '760', '708', '356', '826']
['475', '744', '149', '65', '5', '481']
['114', '911', '674', '873', '45', '156', '319']
['382', '696', '282', '848', '85', '465', '184', '121']
['110', '906', '283', '466', '908', '745']
['143', '244', '609', '384', '27', '769', '837']
['394', '179', '603', '801', '94', '103']
['471', '610', '226', '48', '113', '12', '856', '747', '40']
['189', '730', '928', '462', '514', '243', '291', '195', '593', '303']
['20', '485', '318', '237', '942', '474', '757', '146', '743']
['473', '917', '489', '77', '533', '700', '868', '892', '582', '965']
['825', '622', '923', '909', '327', '759', '483', '895', '734', '309']
['774', '632', '888', '857', '662', '914', '753', '424', '104']
['718', '158', '586', '795', '454', '50', '412', '854', '267']
['719', '797', '733', '470', '265', '736', '64', '60', '23']
['313', '601', '215', '929', '772', '349', '46']
['277', '355', '210', '587', '32', '99']
['239', '811', '600', '995', '686', '91', '992']
