['26', '354', '206', '361', '583', '782', '45', '368', '393', '537', '347', '371', '812', '406']
['599', '392', '185', '603', '919', '687', '142', '122', '896', '269', '344', '797', '664', '163', '43', '553', '515', '360']
['539', '819', '0', '514', '536', '274', '843', '694', '136', '237', '786', '788', '732', '622', '78', '103', '23', '137', '445', '334', '128', '404', '272', '542', '751', '519', '689', '198', '40', '592', '766', '716', '202', '84', '702', '209', '47', '549', '752', '9', '872', '396', '756', '420', '524', '405', '838', '214', '877', '808', '120', '220', '453']
['774', '579', '913', '719', '351', '720', '243', '36', '522', '247', '511', '276', '874', '810', '642', '212', '554', '483', '20', '715', '552', '821', '609']
['187', '318', '458', '618', '893', '918', '394', '859', '304', '109', '631', '853', '431', '94', '861', '169', '470', '335', '46', '745', '170']
['507', '149', '375', '548', '421', '408', '153', '67', '192', '69', '610', '216', '414', '373']
['54', '857', '493', '448', '789', '755', '44', '426', '867', '529', '607', '584', '504', '337', '123', '804', '726', '197', '56', '87', '79', '627', '180', '661', '655']
['746', '656', '662', '199', '516', '669', '382', '477', '749', '587', '682', '278', '924', '125', '780', '911', '365', '634', '772', '34']
['385', '322', '855', '467', '630', '491', '502', '678', '657', '829', '227', '472', '729', '234', '593', '256', '194', '576', '108', '11', '571', '787', '605', '184', '658', '509', '608', '534', '701']
['495', '412', '156', '585', '833', '763', '232', '777', '768', '89', '143', '791', '105', '204', '564', '331', '395', '61', '397', '377']
['161', '646', '806', '575', '898', '725', '512', '586', '740', '886', '471', '116', '427', '353', '459', '667', '93', '31', '309', '273', '3', '688', '614', '619', '854', '240', '891', '570']
['744', '189', '50', '417', '359', '259', '531', '447', '466', '840', '5', '824', '130', '776', '345', '907', '229', '428', '350', '315', '623', '620', '894', '117', '679', '920', '762', '252', '476', '926', '481', '847', '917', '728', '154', '226', '461', '423', '324', '164', '663', '736', '298', '879', '376', '233', '86', '816', '923', '168', '820', '582', '296', '858', '601', '647', '837', '312', '530', '561', '499', '709', '527', '367', '670', '799', '801', '62', '352', '268', '546', '897', '266', '236', '217', '225', '293', '390', '145', '597', '411', '629', '635', '839', '871', '55', '761', '811', '279', '900', '851', '767', '475', '927', '66', '503', '179', '637', '494', '921', '2', '30', '183', '490', '33', '29', '263', '588', '401', '488', '188', '6', '196', '98']
['695', '110', '336', '834', '802', '398', '391', '162', '440', '231', '121', '565', '96', '181', '285', '928', '317', '51', '680', '370', '793', '22', '784', '328', '332', '842', '90', '613', '500', '644', '310', '74']
['770', '381', '474', '734', '828', '875', '450', '114', '299', '104', '139', '914', '754', '289', '675', '8', '904', '230', '794', '340', '366', '257', '300']
['902', '464', '568', '880', '193', '882', '59', '178', '140', '422', '119', '201', '569', '908', '566', '295', '538', '560', '510', '653', '676', '306', '480', '873', '721', '242', '612', '831', '836', '327', '760', '724']
['835', '71', '758', '160', '889', '826', '416', '210', '166', '442', '238', '659', '710', '887', '355', '901', '270', '832', '513', '138', '102', '624', '521', '174', '191', '224', '294', '645']
['379', '617', '700', '101', '460', '650', '437', '639', '563', '124', '135', '523', '200', '307', '147', '771', '723', '929', '769', '818', '665', '248', '625', '505', '297', '473', '862', '922', '572', '339', '865', '133', '28', '452', '520', '581', '454', '528', '126', '271', '578', '64', '485']
['159', '844', '264', '1', '555', '827', '870', '712', '730', '693', '323', '146', '815', '383', '823', '718', '737', '425', '654', '526', '864', '640', '369', '600', '325', '594', '604', '863', '800', '643', '357', '681', '753', '775', '186', '705', '638', '611', '286', '674', '112', '129', '557', '501', '290', '83', '892']
['407', '16', '338', '690', '24', '577', '267', '190', '91', '127', '697', '636', '303', '378', '301']
['291', '249', '362', '403', '409', '764', '419', '203', '778', '508', '320', '65', '790', '543', '779', '691', '4', '115', '342', '158', '684', '380', '484', '574', '364', '463', '305', '207', '479', '456', '253', '348', '35']
['822', '82', '111', '876', '330', '245', '85', '262', '372', '738', '883', '131', '814', '556', '895', '910']
['881', '798', '468', '429', '532', '384', '341', '363', '562', '683', '281', '205', '535', '155', '759', '165', '68', '497', '314', '449', '803']
['430', '358', '672', '741', '48', '171', '596', '666', '641', '722', '540', '343', '813', '275', '595', '727', '280', '438']
['739', '150', '757', '785', '677', '909', '885', '244', '418', '708', '433', '413', '356', '796', '711']
['699', '888', '903', '649', '747', '311', '13', '21', '222', '228', '241', '175', '580', '32', '151', '52', '7', '260', '53', '218', '70', '498']
['251', '598', '72', '912', '906', '465', '287', '42', '277', '99', '743', '626', '545', '211', '660', '671', '246', '648', '157', '846', '97', '239', '92', '389', '292', '915', '388', '118', '250', '735', '496', '633', '742', '713', '602']
['451', '544', '76', '733', '457', '284', '374', '167', '49', '221', '795', '25', '446', '15', '533', '517', '100', '589', '850', '95', '141', '748', '282', '19', '890', '213', '81', '899', '80', '255', '487', '177', '482', '436', '152', '849', '219']
['38', '825', '208', '415', '707', '319', '868', '830', '132', '807', '73', '37', '651', '58', '866', '685', '717', '302', '731']
['805', '313', '261', '652', '698', '547', '783', '590', '591', '386', '696', '432', '308', '144', '792', '400', '489', '223', '558']
['703', '469', '852', '77', '615', '856', '925', '443', '492', '706', '559', '14', '349', '773', '215', '486', '288', '905', '455', '176']
['283', '399', '18', '63', '316', '668', '182', '765', '621', '10', '434', '258', '704', '265', '60', '750', '148', '329', '673', '195', '254', '525', '506', '387', '326', '17', '632', '57', '916', '235', '346', '573', '107', '848', '41', '88', '435', '410', '439', '616', '113', '606', '333', '134', '27']
['12', '462', '781', '424', '550', '567', '172', '860', '39', '173', '809', '628', '884', '518', '321', '402', '541', '817', '714', '106', '845', '686', '444', '869', '692', '478', '441', '551', '75', '841', '878']
