['608', '982', '476', '67', '407', '860', '665', '278', '78', '338', '357', '173', '467', '575', '243', '380', '326', '193', '527', '307']
['537', '348', '248', '39', '572', '10', '649', '150', '515', '891', '113', '749', '959', '70', '385', '955', '574', '767', '646']
['457', '687', '353', '114', '766', '455', '340', '688', '835', '408', '274', '832', '63', '796', '332', '949', '310', '863', '510', '850']
['330', '759', '593', '926', '921', '57', '655', '147', '974', '630', '316', '331', '451', '626', '872', '946', '315']
['190', '502', '392', '552', '968', '857', '701', '45', '858', '144', '375', '513', '580', '444', '783', '862', '533', '424', '674']
['538', '104', '116', '106', '344', '56', '402', '890', '561', '405', '791', '624', '404', '778', '388', '947', '66', '761', '254', '65', '571']
['189', '229', '493', '494', '125', '68', '115', '350', '641', '885', '803', '196', '586', '170', '964', '133', '553', '475', '545', '382', '917']
['635', '401', '165', '312', '197', '234', '185', '454', '122', '881', '275', '727', '436', '358', '800', '230', '706', '751', '365', '293']
['166', '292', '816', '577', '62', '528', '228', '682', '735', '218', '873', '523', '180', '364', '815', '536', '658', '691', '139', '181']
['488', '610', '565', '582', '704', '905', '19', '263', '847', '594', '149', '145', '753', '182', '802', '506', '722', '715']
['266', '512', '605', '564', '785', '52', '736', '889', '907', '141', '362', '258', '334', '270', '714', '529', '756', '138', '916']
['981', '755', '516', '789', '806', '504', '551', '990', '343', '352', '303', '830', '818', '277', '123', '774', '389', '805', '225', '707', '683', '792', '762']
['301', '558', '734', '814', '820', '283', '465', '38', '289', '788', '60', '871', '937', '323', '924', '259', '49', '298', '179', '363', '747']
['231', '865', '752', '563', '433', '581', '256', '177', '306', '89', '897', '383', '695', '685', '458', '568', '943', '627', '286', '602']
['681', '472', '637', '15', '396', '437', '480', '640', '216', '597', '431', '55', '554', '126', '268', '667', '986', '700', '192', '690']
['595', '411', '606', '861', '339', '757', '245', '779', '417', '220', '662', '742', '935', '128', '702', '415', '284', '870', '199']
['148', '887', '37', '398', '96', '894', '939', '200', '90', '987', '909', '869', '95', '713', '797', '464', '698', '51', '893', '645', '203', '497']
['72', '936', '107', '294', '413', '517', '993', '470', '965', '961', '618', '156', '672', '47', '826', '750', '64', '318', '825', '212']
['980', '321', '786', '108', '680', '901', '178', '376', '99', '16', '587', '958', '110', '693', '469', '423']
['456', '174', '628', '355', '498', '851', '59', '342', '53', '716', '325', '549', '938', '299', '11', '562', '491', '544', '379', '948', '260']
['227', '819', '393', '972', '642', '158', '377', '414', '689', '902', '657', '61', '507', '319', '255', '925', '265', '744', '124', '36']
['164', '262', '499', '390', '240', '290', '821', '211', '146', '394', '157', '93', '378', '345', '12', '592', '599', '478', '269', '984']
['406', '327', '712', '492', '371', '29', '425', '748', '273', '559', '521', '428', '27', '831', '249', '836', '48', '324', '632']
['555', '777', '837', '446', '3', '708', '202', '136', '25', '441', '882', '153', '403', '874', '673', '793', '162', '765', '341', '486', '487', '484', '623', '703', '14', '576', '285', '550', '884', '505', '638', '824', '206', '129', '604', '482', '302', '103', '584', '985', '677', '445', '656', '928']
['770', '798', '570', '849', '904', '838', '875', '534', '578', '988', '763', '612', '215', '896', '20', '569', '957', '6', '191']
['543', '41', '261', '135', '172', '787', '137', '500', '217', '373', '374', '395', '347', '87', '782', '421', '900', '508']
['282', '540', '81', '496', '201', '317', '391', '686', '588', '101', '349', '746', '92', '118', '453', '329', '40', '31', '30', '28', '952']
['694', '222', '370', '636', '650', '434', '718', '652', '71', '409', '252', '651', '188', '615', '922', '918', '978', '473', '975']
['769', '731', '833', '621', '351', '772', '954', '459', '811', '903', '276', '724', '960', '953', '795', '35', '251', '244']
['175', '237', '346', '519', '696', '194', '524', '867', '208', '167', '609', '257', '448', '120', '546', '839', '620', '232', '105']
['336', '381', '666', '160', '354', '845', '236', '910', '224', '591', '644', '410', '440', '773', '745', '32', '447', '600']
['883', '979', '848', '308', '776', '356', '24', '271', '163', '22', '969', '810', '678', '309', '616', '915', '100', '296', '854', '737']
['435', '360', '233', '738', '213', '419', '728', '804', '729', '461', '152', '44', '997', '483', '368', '781', '73']
['186', '432', '2', '526', '675', '611', '468', '195', '54', '660', '26', '241', '699', '134', '721', '438', '187', '288']
['34', '281', '418', '634', '817', '442', '733', '914', '264', '479', '996', '879', '305', '828', '463', '9', '291', '74', '367', '131']
['75', '272', '799', '97', '844', '998', '670', '548', '531', '971', '518', '532', '109', '711', '719', '219', '725', '204', '853', '919', '247']
['267', '888', '613', '117', '880', '676', '77', '629', '898', '841', '481', '205', '842', '669', '573', '503', '471', '159', '295', '76', '511', '566', '758']
['5', '151', '663', '927', '643', '923', '111', '183', '430', '33', '238', '812', '1', '684', '525', '541', '843', '140', '950']
['730', '83', '956', '895', '235', '967', '489', '300', '539', '932', '127', '522', '400', '242', '399', '664']
['912', '416', '790', '647', '477', '223', '829', '726', '443', '246', '668', '485', '43', '856', '653', '654', '94', '671']
['911', '619', '207', '607', '601', '878', '585', '84', '46', '579', '501', '908', '280', '813', '794', '886', '155', '846', '58']
['171', '530', '589', '983', '426', '8', '98', '717', '23', '977', '85', '80', '929', '877', '542', '176', '130', '692', '466']
['429', '239', '809', '679', '328', '253', '930', '198', '397', '976', '840', '42', '322', '514', '598', '460', '951']
['859', '509', '372', '807', '852', '132', '709', '337', '422', '775', '892', '942', '369', '823', '834', '520', '21', '603', '705', '333', '567']
['384', '622', '142', '143', '944', '427', '169', '876', '739', '154', '449', '994', '780', '764', '945', '760', '226', '940', '933']
['161', '556', '801', '361', '168', '617', '335', '866', '661', '639', '474', '557', '79', '899', '697', '279', '412', '359', '754', '121']
['102', '596', '740', '991', '583', '970', '743', '710', '633', '741', '827', '13', '941', '462', '547', '992', '989', '297', '452', '535', '995']
['50', '931', '304', '184', '287', '82', '864', '648', '808', '966', '822', '450', '868', '86', '962', '723', '906', '221']
['387', '614', '69', '999', '0', '771', '91', '210', '88', '314', '18', '311', '920', '7', '720', '439', '963', '214', '250', '625', '112', '313']
['366', '560', '17', '209', '119', '490', '934', '495', '320', '420', '973', '590', '4', '659', '855', '768', '732', '784', '913', '386']
['631']
