['437', '174', '80', '912', '386', '89', '28', '579', '997', '848', '809', '634', '903', '50', '285', '778', '549', '761', '240', '856']
['325', '216', '985', '509', '582', '301', '202', '964', '404', '594', '131', '245', '836', '815', '406', '904', '276', '14', '139', '727']
['866', '518', '108', '138', '340', '616', '843', '456', '48', '751', '661', '318', '209', '922', '974', '482', '275', '60', '883', '573']
['810', '163', '315', '623', '489', '753', '294', '786', '627', '857', '0', '455', '700', '519', '110', '932', '540', '544', '968', '226', '768']
['941', '458', '262', '352', '648', '173', '516', '779', '746', '846', '249', '270', '302', '666', '142', '200', '135', '283', '587', '144', '251', '295', '512', '981', '293']
['228', '735', '470', '372', '892', '83', '426', '376', '367', '718', '290', '893', '730', '874', '928', '998', '118', '272', '781']
['672', '99', '93', '265', '881', '777', '132', '838', '343', '813', '744', '699', '389', '379', '953', '184', '159', '698', '74', '496', '726']
['524', '978', '182', '81', '59', '338', '873', '43', '708', '798', '261', '934', '191', '972', '638', '738', '619', '257', '125', '586', '117', '584']
['253', '842', '10', '946', '760', '835', '152', '710', '327', '445', '308', '657', '304', '660', '196', '797', '581', '210', '447', '472', '73']
['557', '670', '885', '608', '420', '303', '707', '84', '220', '983', '27', '530', '755', '299', '454', '796', '158', '19', '902', '547', '292']
['647', '566', '870', '478', '6', '888', '668', '391', '999', '82', '782', '451', '503', '468', '495', '559', '215', '223', '543', '381']
['633', '860', '439', '479', '363', '61', '493', '895', '792', '861', '15', '122', '626', '515', '463', '973', '784', '506', '114', '766', '113', '737', '169', '186', '44']
['986', '421', '97', '474', '662', '433', '192', '146', '284', '335', '187', '32', '704', '246', '764', '130', '950', '35', '366', '498', '425']
['868', '137', '871', '477', '258', '567', '380', '671', '538', '552', '508', '862', '53', '720', '572', '814', '789', '859', '388', '177']
['550', '490', '511', '664', '79', '924', '165', '269', '954', '644', '693', '659', '877', '620', '787', '234', '473', '762']
['879', '51', '238', '168', '722']
['409', '21', '890', '942', '774', '450', '688', '459', '444', '667', '410', '977', '205', '541', '790', '321', '86', '989', '945']
['88', '614', '375', '759', '237', '851', '875', '370', '944', '736', '453', '982', '3', '225', '595', '42', '675', '46', '95', '597', '765', '640', '780']
['872', '271', '734', '488', '899', '85', '499', '312', '323', '199', '628', '41', '794', '841', '622', '469', '40']
['930', '858', '683', '115', '822', '696', '591', '649', '747', '98', '523', '170', '175', '67', '70', '631', '428', '894', '501', '678']
['528', '104', '231', '590', '575', '307', '558', '569', '844', '443', '891', '2', '324', '854', '914', '510', '529', '896', '436', '112', '943', '267']
['775', '834', '24', '464', '286', '416', '785', '58', '471', '869', '791', '831', '927', '913', '703', '537', '289', '676', '91', '600']
['988', '531', '65', '305', '905', '491', '448', '288', '330', '996', '697', '980', '344', '273', '816', '655', '654', '991', '418', '31', '329', '25', '637']
['121', '629', '763', '213', '5', '435', '840', '773', '767', '395', '867', '615', '337', '353', '411', '533', '341', '742', '442', '434', '467']
['30', '402', '378', '259', '602', '466', '521', '342', '901', '645', '548', '422', '589', '679', '801', '348', '217', '66', '34', '219', '424', '585', '120']
['741', '224', '150', '256', '221', '484', '475', '562', '26', '188', '449', '45', '609', '134', '907', '716', '553', '33', '960', '564', '374', '296']
['347', '642', '396', '921', '62', '133', '22', '525', '803', '69', '685', '646', '38', '306', '729', '107', '605', '975', '740', '833']
['214', '172', '992', '412', '161', '157', '725', '632', '408', '126', '195', '961', '706', '243', '713', '47', '711', '624', '230', '446', '309', '328', '400', '952']
['878', '413', '824', '665', '316', '365', '910', '461', '203', '555', '940', '355', '829', '691', '613', '4', '770', '502', '11', '745']
['457', '635', '976', '390', '690', '310', '218', '732', '280', '643', '539', '398', '194', '574', '373', '17', '145']
['864', '984', '204', '255', '625', '795', '211', '832', '811', '76', '505', '405', '561', '534', '556', '863', '783', '578', '90', '568', '677', '364']
['250', '222', '407', '837', '577', '852', '915', '949', '598', '278', '908', '233', '994', '819', '77', '12', '687', '254', '55', '955', '887', '497', '969', '160']
['916', '72', '731', '1', '937', '933']
['948', '116', '239', '570', '603', '818', '917', '417', '229', '936', '652', '438', '105', '593', '728', '103', '427', '181', '149', '102', '513']
['351', '331', '500', '900', '546', '423', '358', '369', '164', '297', '959', '771', '504', '68', '507', '750', '78', '64', '823', '20', '686', '92', '212']
['551', '429', '16', '923', '384', '287', '9', '749', '990', '155', '919', '680', '494', '839', '197', '485', '712', '54', '681', '362']
['148', '487', '167', '260', '714', '617', '918', '723', '793', '909', '492', '368', '694', '828', '876', '151', '971', '36', '682', '96', '486', '721']
['71', '535', '123', '820', '717', '298', '109', '967', '621', '23', '241', '882', '911', '962', '387', '119', '334', '935', '18', '401', '49', '889', '154']
['383', '183', '247', '441', '313', '8']
['127', '452', '636', '106', '656', '190', '153', '929', '377', '596', '925', '274', '705', '536', '185', '800', '100', '179', '804', '772', '724']
['610', '527', '326', '414', '143', '156', '462', '189', '311', '166', '739', '136', '802', '748', '481', '957', '176', '850', '63', '171']
['244', '979', '56', '532', '966', '514', '898', '689', '805', '180', '715', '970', '920', '612', '757', '788', '111', '282', '432']
['430', '701', '752', '13', '776', '385', '480', '460', '29', '517', '242', '392', '817', '599', '588', '350', '248', '300', '336', '821', '333', '812']
['349', '266', '162', '431', '825', '371', '663', '526', '52', '393', '178', '465', '128', '951', '147', '252', '415', '571']
['769', '684', '611', '545', '995', '263', '554', '57', '926', '235', '277', '317', '958', '758', '601', '993', '865', '339', '542', '827', '354']
['7', '281', '140', '618', '345', '947', '227', '897', '201', '483', '651', '193', '563', '87', '403', '695', '419', '39', '207', '198']
['653', '719', '361', '886', '650', '291', '592', '906', '754', '360', '565', '987', '357', '743', '236', '826', '855', '141', '756']
['641', '279', '580', '75', '399', '320', '956', '319', '606', '394', '124', '94', '359', '314', '322', '397', '346', '799', '639', '607', '232']
['808', '965', '733', '476', '853', '576', '268', '692', '939', '674', '931', '709', '880', '208', '884', '382', '963', '938', '440', '669', '37', '845']
['673', '206', '129', '830', '101', '264', '604', '583', '702', '332', '520', '807', '847', '630', '806', '560', '356', '522', '849', '658']
