['360', '385', '40', '303', '753', '508', '539', '267', '707', '134', '50', '783', '817', '785', '639', '460', '233', '631', '270', '228', '78', '30', '541', '326', '420', '26', '722', '523', '344', '292', '156', '278', '754', '5', '160', '69', '357', '714', '692', '43', '365', '705', '476', '836', '10', '118', '775', '745']
['758', '567']
['342', '76', '127', '393', '171', '190', '131', '48', '572', '684', '568', '565', '148', '582', '739', '366', '378', '21', '593', '243', '168', '531', '275', '700', '766', '787', '521', '517', '61', '257', '527', '580', '760', '458', '87', '165', '443', '488', '829', '616', '782', '119', '520', '31', '482', '186', '816', '361', '533']
['573']
['203', '743', '318', '583', '682', '268', '252', '588', '462', '18', '152', '297', '790', '348', '428', '229', '19', '164', '824', '248', '251', '740', '142', '596', '97', '133', '792', '507', '231', '559', '590', '266', '188', '64', '34', '247', '244', '14', '773', '129', '695', '681', '563', '449', '602', '79', '597', '809', '386']
['65']
['109', '390', '98', '781', '699', '110', '645', '151', '422', '66', '0', '313', '308', '529', '492', '214', '595', '169', '362', '309', '387', '490', '54', '37', '553', '91', '698', '405', '464', '259', '757', '412', '358', '663', '36', '279', '467', '59', '759', '29', '834', '346', '720', '107', '630', '402', '187', '637', '486']
['640']
['276', '189', '173', '192', '176', '305', '138', '441', '465', '174', '205', '372', '302', '455', '555', '463', '262', '484', '779', '115', '805', '812', '738', '60', '806', '733', '569', '406', '137', '504', '532', '774', '432', '778', '320', '439', '81', '687', '197', '72', '605', '647', '619', '577', '312', '697', '510', '80', '7']
['370', '799']
['627', '656', '712', '798', '586', '193', '763', '310', '338', '271', '220', '744', '125', '264', '668', '632', '375', '614', '503', '693', '769', '689', '414', '283', '724', '764', '226', '330', '25', '70', '608', '706', '808', '839', '345', '381', '431', '207', '730', '15', '300', '166', '201', '548', '727', '293', '641', '341', '155', '294']
['371']
['336', '827', '822', '818', '556', '500', '213', '691', '27', '172', '85', '438', '633', '421', '644', '494', '144', '552', '260', '735', '256', '609', '594', '618', '47', '83', '545', '13', '389', '665', '557', '761', '474', '671', '415', '117', '435', '540', '566', '480', '82', '814', '660', '200', '615', '62', '416', '574', '311']
['762']
['349', '624', '811', '102', '237', '661', '106', '154', '650', '747', '544', '554', '135', '620', '672', '306', '49', '604', '670', '356', '146', '646', '629', '828', '380', '392', '658', '651', '8', '161', '495', '543', '505', '509', '732', '396', '71', '654', '128', '75', '4', '328', '32', '807', '653', '433', '802', '456', '756', '410']
['688']
['589', '63', '622', '551', '549', '636', '145', '768', '444', '227', '241', '315', '369', '825', '648', '355', '558', '461', '45', '429', '830', '246', '17', '178', '535', '795', '789', '343', '430', '643', '481', '546', '446', '209', '411', '617', '153', '479', '329', '487', '469', '729', '571', '530', '20', '35', '777', '163', '642', '678']
['445']
['715', '804', '398', '409', '748', '185', '477', '750', '502', '277', '218', '403', '388', '58', '526', '258', '291', '746', '149', '634', '716', '327', '514', '194', '112', '793', '159', '11', '182', '506', '46', '413', '170', '472', '77', '598', '141', '289', '513', '84', '290', '395', '136', '236', '198', '426', '22', '838', '217']
['263', '797']
['281', '800', '607', '216', '304', '791', '39', '457', '454', '713', '734', '301', '234', '690', '657', '404', '41', '379', '591', '638', '51', '322', '728', '261', '786', '230', '623', '680', '158', '536', '515', '741', '749', '350', '199', '820', '93', '550', '826', '210', '143', '801', '288', '400', '547', '427', '397', '585', '6', '104']
['126', '784', '325']
['391', '124', '139', '202', '584', '96', '235', '610', '423', '242', '673', '180', '208', '674', '606', '493', '742', '519', '771', '677', '340', '570', '655', '175', '116', '56', '837', '592', '578', '2', '835', '92', '215', '497', '94', '564', '399', '731', '296', '466', '359', '770', '334', '666', '542', '628', '122', '560', '496', '24']
['57']
['489', '74', '686', '89', '299', '434', '696', '751', '238', '407', '130', '42', '298', '676', '772', '562', '815', '280', '459', '382', '314', '222', '442', '752', '240', '478', '525', '211', '383', '121', '274', '810', '538', '111', '223', '335', '123', '12', '307', '401', '708', '561', '286', '368', '664', '649', '755', '418', '803']
['512']
['611', '468', '273', '221', '765', '475', '351', '721', '621', '73', '780', '440', '354', '324', '254', '337', '524', '518', '53', '184', '599', '471', '191', '68', '612', '522', '534', '33', '581', '181', '794', '316', '831', '269', '537', '363', '813', '157', '132', '108', '90', '683', '694', '711', '9', '232', '219', '177', '28', '726']
['473']
['516', '321', '819', '55', '419', '662', '225', '147', '239', '587', '448', '723', '625', '377', '272', '287', '114', '717', '319', '652', '709', '195', '352', '331', '364', '323', '103', '767', '719', '485', '224', '511', '179', '183', '333', '626', '659', '204', '101', '374', '710', '23', '196', '437', '679', '704', '669', '600', '373', '265']
['675']
['737', '284', '667', '99', '424', '701', '339', '105', '601', '776', '150', '285', '295', '499', '498', '1', '603', '702', '100', '38', '501', '394', '736', '483', '635', '436', '491', '408', '113', '470', '249', '212', '255', '613', '376', '453', '347']
['823', '16', '67', '120', '206', '832', '3', '95', '528', '250', '384']
['450', '86', '417', '685']
['44', '52', '703', '282', '718', '425']
['575', '140', '452']
['245']
['167', '317']
['579']
['725']
['353']
['788', '447']
['162']
['451']
['821']
['833']
['576']
['332', '796']
['367']
['88']
['253']
