['189', '159', '544', '382', '519', '43', '229']
['500', '955', '246', '932', '307', '412', '863']
['417', '380', '156', '846', '569', '231', '542']
['781', '667', '558', '42', '769', '100', '753']
['969', '439', '599', '958', '211', '378', '959']
['570', '724', '8', '797', '18', '103', '796']
['902', '182', '131', '53', '498', '682', '271']
['892', '109', '270', '713', '726', '3', '297']
['381', '935', '411', '157', '528', '390', '835']
['336', '67', '499', '116', '605', '222', '215']
['926', '745', '460', '735', '237', '375', '693']
['702', '907', '313', '87', '348', '68', '351']
['220', '903', '572', '747', '266', '129', '83']
['654', '197', '695', '107', '154', '291', '104']
['552', '808', '102', '84', '586', '186', '677']
['792', '319', '864', '894', '308', '620', '183']
['508', '866', '165', '885', '233', '900', '557']
['423', '349', '960', '790', '840', '561', '489']
['776', '706', '604', '322', '355', '914', '205']
['616', '494', '177', '645', '12', '354', '389']
['57', '176', '153', '524', '867', '564', '581']
['611', '576', '845', '175', '239', '105', '541']
['967', '683', '596', '256', '687', '410', '601']
['178', '871', '194', '289', '495', '472', '292']
['764', '207', '144', '921', '535', '213', '155']
['440', '265', '52', '230', '639', '521', '546']
['158', '373', '789', '688', '886', '454', '149']
['85', '4', '879', '851', '922', '775', '66']
['422', '578', '757', '791', '22', '811', '930']
['579', '970', '10', '543', '260', '171', '413']
['86', '918', '738', '393', '41', '771', '844']
['384', '756', '784', '418', '476', '385', '139']
['720', '874', '773', '633', '762', '180', '663']
['484', '142', '408', '469', '648', '328', '448']
['953', '640', '717', '75', '366', '121', '50']
['540', '358', '723', '526', '392', '204', '216']
['621', '368', '929', '534', '857', '865', '488']
['807', '388', '193', '711', '55', '341', '802']
['752', '295', '487', '657', '6', '934', '170']
['400', '301', '708', '876', '760', '394', '151']
['44', '882', '875', '253', '119', '896', '464']
['28', '748', '304', '816', '210', '468', '136']
['910', '602', '342', '467', '827', '842', '617']
['585', '312', '300', '671', '532', '325', '299']
['901', '950', '512', '452', '32', '391', '275']
['462', '293', '804', '242', '772', '453', '169']
['853', '281', '29', '869', '401', '810', '884']
['664', '432', '631', '957', '924', '954', '285']
['370', '661', '62', '257', '613', '729', '250']
['565', '685', '560', '80', '588', '629', '404']
['437', '387', '909', '838', '801', '855', '652']
['890', '479', '915', '582', '555', '235', '834']
['517', '243', '429', '420', '650', '287', '818']
['516', '972', '434', '309', '95', '848', '951']
['21', '330', '340', '947', '939', '825', '352']
['591', '262', '164', '739', '963', '27', '642']
['628', '705', '199', '276', '665', '686', '737']
['860', '218', '583', '559', '598', '626', '133']
['184', '191', '98', '563', '819', '353', '754']
['331', '931', '1', '31', '97', '112', '714']
['732', '675', '511', '491', '859', '813']
['868', '444', '577', '493', '251', '128', '118']
['365', '673', '690', '746', '798', '263', '65']
['445', '196', '372', '478', '369', '344', '774']
['635', '691', '51', '821', '126', '96', '127']
['670', '888', '966', '290', '899', '666', '833']
['238', '618', '556', '698', '847', '326', '294']
['327', '456', '725', '428', '219', '897', '117']
['63', '590', '147', '603', '761', '490', '379']
['895', '425', '597', '34', '226', '421', '805']
['367', '296', '228', '823', '803', '545', '451']
['241', '641', '812', '477', '800', '455', '755']
['470', '359', '904', '593', '357', '259', '163']
['435', '240', '862', '148', '925', '948', '728']
['906', '345', '26', '777', '658', '741', '442']
['669', '398', '54', '506', '363', '446', '696']
['17', '783', '245', '656', '870', '35', '945']
['364', '302', '883', '574', '214', '475', '608']
['324', '742', '607', '59', '403', '694', '405']
['510', '111', '837', '234', '173', '409', '48']
['523', '562', '274', '473', '172', '474', '277']
['25', '485', '269', '427', '768', '33', '64']
['268', '710', '248', '407', '145', '923', '949']
['649', '76', '140', '143', '942', '573', '206']
['943', '817', '533', '60', '202', '82']
['416', '780', '110', '644', '430', '525', '502']
['881', '625', '321', '223', '743', '765', '395']
['39', '587', '134', '360', '684', '450', '212']
['627', '836', '125', '254', '615', '101', '255']
['224', '471', '377', '514', '130', '536', '779']
['92', '217', '566', '137', '733', '179', '839']
['718', '568', '146', '286', '766', '333', '106']
['361', '623', '575', '832', '646', '933', '952']
['58', '402', '507', '414', '814', '81', '731']
['826', '692', '236', '232', '115', '946', '571']
['531', '187', '858', '99', '174', '830', '961']
['632', '938', '426', '522', '150', '284', '518']
['376', '609', '712', '704', '727', '624']
['283', '209', '114', '332', '30', '443', '681']
['861', '700', '527', '190', '878', '19', '483']
['261', '529', '135', '734', '515', '971', '94']
['49', '267', '374', '547', '56', '166', '356']
['594', '16', '912', '651', '893', '249', '431']
['964', '936', '908', '944', '554', '889', '659']
['600', '70', '338', '7', '719', '630', '362']
['314', '383', '592', '549', '113', '751', '138']
['643', '0', '449', '689', '622', '786', '447']
['347', '567', '638', '9', '305', '162', '759']
['14', '272', '736', '965', '505', '315', '316']
['161', '124', '891', '927', '181', '660', '90']
['311', '79', '647', '396', '371', '911', '13']
['200', '152', '680', '492', '843', '850', '465']
['877', '288', '415', '2', '920', '809', '595']
['47', '778', '513', '820', '201', '185', '15']
['815', '940', '203', '247', '303', '782', '824']
['438', '539', '36', '93', '91', '459', '335']
['856', '799', '937', '397', '828', '501', '168']
['244', '916', '854', '606', '653', '280', '463']
['634', '956', '538', '509', '551', '71', '676']
['466', '252', '317', '550', '655', '77']
['612', '419', '486', '530', '433', '310', '668']
['24', '873', '730', '917', '40', '795', '329']
['496', '339', '744', '334', '279', '872', '887']
['699', '20', '160', '69', '763', '88', '614']
['188', '662', '722', '610', '482', '785', '123']
['198', '74', '141']
['46', '589', '715', '758', '787', '195', '258']
['548', '343', '553', '221', '580', '504']
['697', '346', '770', '298', '919', '461', '794']
['637', '132', '225', '928', '716', '941', '458']
['441', '829', '503', '192', '636', '264']
['849', '880', '749', '674', '678', '740', '962']
['5', '831', '73', '707', '120', '822', '750']
['424', '806', '767', '273', '841']
['38', '436', '399', '227', '78', '306', '23']
['898', '282', '89', '72', '337', '793', '350']
['679', '386']
['584', '480', '701', '318', '323', '481', '520']
['278', '37', '537']
['619', '406', '905', '45', '703', '913', '852']
['457', '208', '167', '672']
['788', '497', '968', '709', '108', '320', '721']
['61', '122', '11']
