['503', '659', '389', '127', '135', '398', '382', '933', '196', '275', '1', '569', '97', '960', '485', '321', '366', '918', '393', '341', '692', '32', '902', '216', '355', '752', '113', '487', '277', '128', '517', '271', '151', '217', '408', '332', '238', '860', '541', '542', '464', '686', '92', '77', '440', '767', '688', '76', '407', '59', '925', '785', '412', '199', '805', '936', '835', '603', '69', '118']
['157', '511', '505', '728', '5', '452', '139', '811', '736', '605', '39', '371', '631', '108', '643', '799', '310', '545', '649', '685', '792', '468', '863', '48', '226', '491', '204', '872', '305', '281', '270', '291', '821', '807', '221', '919', '813', '192', '763', '657', '776', '397', '708', '437', '220', '190', '552', '422', '856', '227', '663', '449', '103', '14', '633', '300', '213']
['497', '294', '71', '729', '947', '289', '959', '585', '492', '154', '142', '276', '494', '857', '870', '431', '818', '954', '513', '27', '709', '241', '141', '490', '255', '540', '378', '620', '817', '391', '112', '333', '420', '256', '632', '702', '849', '579', '851', '697', '115', '703', '372', '778', '845', '433', '910', '50', '89', '814', '838', '926', '210']
['528', '574', '738', '956', '882', '189', '345', '438', '820', '571', '54', '70', '106', '181', '864', '60', '298', '214', '558', '347', '829', '368', '739', '750', '458', '195', '228', '671', '816', '553', '432', '949', '219', '661', '446', '742', '105', '131', '834', '90', '858', '37', '637', '804', '896', '303', '386', '892', '780']
['855', '694', '41', '134', '607', '937', '265', '198', '906', '801', '625', '654', '600', '249', '140', '826', '877', '469', '169', '415', '290', '945', '680', '532', '78', '304', '268', '521', '613', '881', '573', '416', '267', '159', '556', '34', '566', '311', '495', '658', '486', '819', '917', '335', '21', '419', '426', '652', '283', '866', '480']
['824', '143', '781', '79', '618', '162', '225', '2', '163', '894', '377', '364', '381', '666', '17', '907', '669', '56', '251', '878', '258', '65', '853', '706', '905', '900', '346', '414', '683', '266', '306', '164', '723', '873', '46', '563', '941', '477', '488', '748', '466', '385', '43', '895', '698', '786', '611']
['80', '862', '20', '435', '340', '751', '453', '722', '578', '457', '903', '209', '344', '443', '784', '445', '687', '831', '260', '424', '145', '459', '136', '616', '448', '165', '474', '623', '891', '171', '731', '678', '693', '924', '95', '538', '240', '761', '592', '269', '644', '525', '827', '815', '379', '520', '939', '850']
['719', '852', '222', '598', '367', '239', '392', '617', '940', '444', '672', '413', '334', '889', '450', '172', '320', '484', '317', '442', '635', '409', '575', '100', '833', '261', '133', '327', '493', '293', '184', '515', '500', '602', '75', '875', '451', '51', '402', '101', '769']
['383', '235', '599', '884', '375', '690', '660', '753', '629', '638', '104', '337', '713', '370', '724', '183', '950', '800', '81', '454', '121', '628', '570', '777', '893', '314', '107', '302', '357', '847', '612', '727', '322', '732', '624']
['155', '319', '287', '173', '246', '747', '148', '324', '22', '591', '803', '733', '170', '463', '606', '715', '273', '576', '886', '898', '384', '885', '547', '665', '560', '359', '279', '114', '47', '920', '360', '369', '502', '869', '766', '428', '229', '854', '717', '349', '182', '99']
['806', '245', '868', '202', '152', '461', '604', '29', '793', '554', '764', '418', '147', '36', '725', '710', '356', '594', '565', '10', '87', '507', '49', '122', '535', '712', '272', '343', '124', '681', '387', '167', '352', '590', '61', '117', '730', '744', '30', '682']
['583', '96', '316', '714', '498', '758', '526', '861', '161', '132', '897', '309', '899', '403', '467', '91', '7', '330', '476', '668', '478', '441', '206', '798', '859', '774', '823', '597', '374', '248', '581', '782', '914']
['523', '676', '336', '580', '125', '74', '601', '550', '138', '405', '339', '68', '791', '218', '307', '63', '787', '84', '953', '394', '711', '237', '429', '679', '200', '876', '915', '765']
['720', '38', '179', '401', '768', '72', '185', '684', '400', '351', '67', '35', '626', '656', '436', '280', '790', '952', '794', '410', '456', '955', '215', '388', '274', '880', '231', '519', '608', '28', '923', '396', '166', '922', '595', '318', '634', '223']
['810', '482', '812', '619', '174', '557', '197', '257', '808', '481', '704', '479', '527', '662', '395', '874', '234', '462', '325', '259', '160', '721', '546', '126', '26', '472', '501', '207', '203', '912', '326']
['353', '3', '796', '809', '55', '496', '178', '621', '233', '929', '772', '470', '110', '512', '301', '312', '509', '4', '930', '630', '531', '587', '615', '263', '609', '888']
['740', '57', '762', '187', '537', '186', '707', '15', '647', '425', '342', '677', '404', '830', '789', '504', '111', '354', '518', '844', '361', '667', '19', '691', '943', '700']
['168', '622', '846', '957', '841', '522', '380', '52', '536', '673', '610', '11', '648', '483', '890', '749', '773', '499', '0', '376', '205', '822', '572', '243', '797', '25', '837', '916', '175']
['236', '201', '641', '510', '559', '514', '373', '506', '901', '568', '288', '358', '867', '447', '756', '770', '593', '42', '839']
['439', '508', '296', '18', '928', '627', '194', '664', '586', '642', '284', '836', '208', '584', '646', '705', '62', '726', '802', '102', '548']
['670', '879', '564', '177', '783', '40', '938', '696', '144', '927', '555', '771', '946', '539', '577', '411', '865', '543', '212']
['31', '842', '650', '193', '533', '544', '904', '737', '695', '567', '399', '755', '825', '795', '828']
['775', '883', '760', '58', '460', '455', '832', '297', '119', '109', '6', '191', '82', '534', '699', '211', '123', '93', '582']
['45', '551', '130', '328', '278', '153', '423', '247', '935', '562', '596', '53', '640', '427', '757', '745', '589', '754', '285', '639', '908', '948', '137', '951']
['759', '931', '942', '434', '33', '840', '230', '264', '674', '549', '909', '146', '244', '85', '871', '645', '250', '242', '253']
['473', '331', '561', '689', '363', '365', '299', '129', '516', '73', '348', '921', '417', '254', '743', '12']
['944', '16', '636', '158', '734', '13', '746', '86', '655', '66', '651', '718', '176', '843', '282', '350', '323', '156', '292', '9', '44', '932', '406']
['934', '471', '120', '88', '913', '295', '529', '286', '653', '848', '362', '465', '188', '338']
['716', '887', '430', '675', '779', '958', '911', '224', '232', '64', '421', '262', '741', '98', '530']
['83', '489', '23', '701', '150', '524', '149', '8', '588', '329', '313', '735', '94', '614']
['315', '475', '116', '252', '180', '788', '390', '308', '24']
