['584', '42', '599', '589', '173', '473', '442', '468', '720', '880', '931', '6', '825', '772', '782']
['412', '711', '257', '783', '982', '606', '895', '767', '429', '355', '297', '988', '929']
['820', '39', '887', '347', '719', '725', '969', '296', '495', '461', '603', '162', '490', '101', '610']
['556', '578', '669', '939', '911', '761', '368', '689', '75', '7', '15', '753']
['244', '383', '224', '119', '103', '790', '479', '89', '80', '735', '148', '159', '865', '179', '318']
['608', '374', '226', '546', '618', '49', '82', '583', '981', '853']
['439', '134', '497', '372', '835', '897', '779', '707', '926', '323', '563', '316', '464', '832', '204']
['951', '326', '605', '220', '351', '873', '402', '896', '252', '936', '703', '94', '231', '821', '163']
['9', '237', '647', '370', '78', '674', '659', '640', '472', '365', '327', '322', '180', '664', '524']
['294', '972', '354', '44', '888', '534', '950', '922', '277', '149', '482']
['70', '706', '781', '542', '665', '788', '964', '51', '293', '935', '493', '829', '765', '919', '907']
['731', '507', '288', '147', '199', '132', '851', '727', '569', '580', '968']
['785', '203', '512', '161', '840', '604', '235', '509', '784', '770', '53', '280', '585', '912', '555']
['854', '267', '303', '905', '463', '928', '21', '672', '523', '728', '826', '803', '561', '411', '230']
['515', '729', '764', '37', '908', '444', '775', '72', '658', '77', '178', '650']
['845', '646', '60', '980', '175', '302', '632', '876', '421', '815', '501', '930', '914', '558', '48']
['942', '426', '552', '976', '866', '264', '573', '598', '121', '852', '590', '810', '192', '301', '838']
['335', '927', '733', '875', '52']
['251', '81', '716', '496', '399', '117', '400', '295', '700', '623', '334', '371', '945', '373', '279']
['462', '915', '165', '581', '906', '225', '960', '488', '381', '452', '538', '639', '975', '957', '140']
['344', '130', '724', '739', '329', '809', '8', '392', '476', '319', '762', '361', '194', '241', '358']
['505', '330', '637', '41', '459', '771', '516', '938', '691', '836', '110', '899', '508', '422', '229']
['666']
['547', '443', '660', '681', '469', '188', '995', '265', '369', '456', '447', '695']
['360', '879', '115', '502', '258', '64', '14', '937', '655', '332', '846']
['489', '404', '751', '983', '460', '143', '638', '176', '108', '343', '575', '85', '470', '403', '233']
['708', '449', '644', '747', '811', '916', '800', '940', '133', '170', '600', '71', '189', '698']
['740', '382', '100', '213', '413', '384', '757', '389', '79', '92', '183', '859', '822', '756', '1']
['678', '675', '882', '705', '166', '417', '793', '254', '227', '985', '135', '872']
['864', '966', '616', '491', '435', '874', '219', '19', '379', '445', '221', '291', '745', '798', '239']
['46', '683', '328', '656', '475', '847', '768', '900', '388', '837', '958']
['440', '29', '249', '99', '925', '362', '66', '989', '499', '212', '953', '405', '893']
['223', '423', '357', '150', '12', '904', '792', '450', '834', '902', '228', '395', '776']
['924', '83', '248', '158', '484', '587', '568', '789', '763', '842', '525', '54', '455', '91', '32']
['621', '284', '855', '732']
['234', '245', '984', '282', '795', '661', '752', '401', '13', '122', '172', '25', '216', '111', '799']
['959', '554', '434', '109', '518', '759', '890', '758', '801', '816', '118', '636', '145', '514', '611']
['28']
['949', '448', '74', '991', '577', '174', '61', '23', '205', '570', '750', '43', '862', '339', '560']
['531', '242', '116', '342', '894', '642', '943', '898', '796', '870', '631', '686']
['726', '467', '612', '955', '153', '685', '312', '187', '648', '210', '620', '668', '446', '744']
['391', '909', '574', '743', '582', '941', '105', '114', '87', '797', '126', '863', '504']
['285', '977', '393', '553', '198', '694', '923', '113', '742', '380', '300', '141', '690', '146', '271']
['352', '843', '730', '40', '521', '272', '827']
['780', '206', '709', '510', '591', '307', '539', '69', '151', '309', '571', '260']
['858', '238', '11', '529', '511']
['662', '492', '812', '954', '253', '430', '688', '543', '723', '177', '541', '416', '16', '59', '398']
['325', '498']
['387', '773', '3', '630', '314', '232', '722', '596', '433', '124', '350', '903', '333', '18', '396']
['883', '95']
['62', '540', '420', '653', '592', '551', '778', '913', '956', '137', '787']
['808', '208', '240', '480', '586', '857', '190', '918', '214', '901', '209', '657', '806', '336', '500']
['197', '424', '311', '565', '378', '624', '50', '813', '26']
['892', '535', '609', '289', '127', '486', '321', '702', '195']
['191', '684', '45', '263', '805', '185', '627', '634', '348', '986']
['974', '970', '317', '10', '713', '394', '594', '2', '90', '593', '992']
['408', '276', '57', '999', '207', '167', '298', '33', '533', '4', '777', '385']
['290', '466', '760', '978', '997', '579', '917', '256']
['961', '474', '250', '356', '973', '944', '513', '88', '425']
['520', '987', '182', '269', '17', '562', '86', '559', '181']
['125', '266', '364', '465', '345']
['641', '107', '202', '437', '144', '487', '856', '168', '614', '106']
['869', '196', '407', '320', '346', '564', '93', '526']
['201', '877', '63', '545', '889', '304', '268', '247', '844']
['236', '704', '22', '814', '714', '948', '76']
['20', '965', '31', '428', '697', '337', '566']
['36', '458', '802', '349', '193', '55', '831', '338', '259', '839', '47']
['934', '828', '310', '255', '211', '670', '687', '754']
['588', '738', '878', '273', '340', '164', '457', '748', '933', '112']
['544', '861', '68', '572', '386', '375', '867', '65']
['595', '341', '160', '331', '453', '96', '519']
['154', '967', '283', '24', '104']
['736', '721', '576', '607', '947', '746']
['246', '963', '171', '549', '200', '123']
['741', '652', '471', '841', '138', '451', '478', '885', '136', '871', '635', '292']
['818', '910', '774', '536', '849', '278']
['682', '409', '359', '410', '530', '485', '537']
['679', '56', '481', '274', '73', '315', '597', '633']
['503', '313', '671', '848', '432']
['755', '962', '406', '262', '418', '628', '819', '971']
['215', '186', '299', '557', '886', '712']
['680', '794', '128', '431', '601']
['567', '998', '270', '979', '366', '286', '67', '34', '718']
['532', '920', '807', '142', '308', '30', '629']
['649', '152', '454', '625', '622', '281', '677', '324']
['619', '156', '287', '517', '218']
['494', '717', '946', '527', '766', '786', '275', '696', '306', '184']
['120', '833', '663', '441', '676', '97', '38', '769', '390']
['667', '643', '550', '35', '438', '377', '27', '817', '98', '397']
['613', '626', '506', '305', '715', '261', '804', '131', '5', '932', '415']
['921', '522', '129', '823', '157']
['651', '791', '414', '645', '868', '427', '654']
['217', '376', '139', '84', '860', '436']
['528', '102', '58', '710', '737', '692']
['952', '169', '363', '994', '830']
['419', '993', '353', '615', '850', '891', '996']
['0', '222', '483']
['367', '693', '699', '548', '990', '602']
['824', '617', '701', '243', '881', '884', '673']
['477', '155', '749', '734']
