['16', '442', '835', '655', '146', '413', '440', '707', '163', '918', '944', '120', '875', '862', '825', '711', '4', '683', '372', '291', '261', '573', '206', '87', '578', '454', '488', '700', '423', '112', '468', '311', '718', '741', '950', '37', '994', '723', '340', '608', '644', '651', '95', '512']
['204', '392', '409', '796', '278', '846', '722', '746', '452', '90', '757', '117', '645', '614', '327', '136', '818', '930', '321', '343', '179', '772', '987', '264', '598', '154', '113', '826', '867', '330', '23', '259', '17', '751']
['443', '235', '54', '316', '654', '250', '544', '407', '263', '202', '143', '688', '529', '721', '57', '912', '333', '405', '810', '273', '974', '421', '181', '234', '860', '966', '666', '980', '203', '219', '168', '991', '378', '615', '674', '3', '267', '134', '320', '324', '505', '776', '957', '479', '35', '317', '510', '792', '25', '548', '877', '45', '475']
['328', '108', '921', '276', '733', '228', '814', '76', '41', '561', '151', '430', '714', '425', '448', '871', '943', '568', '766', '557', '962', '419', '661', '641', '906', '971', '427', '460', '935', '414', '793', '630', '59', '349', '541', '805', '434', '50', '74', '958', '759', '725']
['331', '643', '982', '339', '97', '353', '519', '534', '322', '167', '948', '890', '493', '7', '404', '426', '942', '100', '866', '579', '501', '701', '39', '98', '153', '380', '109', '660', '336', '502', '471', '564', '496', '626', '483', '417', '361', '705', '888', '194', '902', '936', '410', '709', '287', '960', '465']
['29', '238', '144', '346', '516', '736', '402', '356', '506', '160', '649', '422', '344', '225', '625', '998', '304', '882', '118', '540', '165', '63', '177', '849', '848', '977']
['947', '533', '428', '656', '631', '111', '809', '853', '934', '530', '840', '292', '592', '313', '46', '774', '781', '323', '940', '348', '789', '227', '859', '230', '901', '138', '758', '28']
['563', '93', '161', '738', '200', '988', '941', '765', '482', '990', '387', '788', '817', '358', '255', '216', '601', '852', '309', '851', '463', '125', '450', '370', '754', '558']
['800', '582', '175', '963', '222', '237', '570', '808', '184', '11', '715', '745', '734', '798', '446', '246', '289', '436', '338', '955', '30', '559', '298', '850', '326', '616']
['750', '938', '308', '910', '85', '131', '27', '305', '252', '983', '801', '886', '213', '6', '139', '439', '21', '128', '687', '566', '562', '917', '924']
['704', '682', '933', '535', '607', '861', '389', '761', '811', '653', '542', '248', '70', '782', '18', '293', '73', '297', '347', '783', '716', '693', '969', '1', '490', '335', '591', '695', '186', '883', '260', '123']
['768', '420', '185', '164', '914', '279', '638', '354', '385', '816', '526', '556', '868', '464', '590', '373', '411', '744', '319', '384', '896', '552', '75', '648', '472', '487', '500', '916', '703', '794', '265', '400', '170', '431', '954', '911', '197', '720', '554', '657', '968', '675']
['523', '61', '224', '508', '515', '904', '676', '749', '976', '133', '652', '288']
['462', '589', '672', '647', '639', '284', '517', '588', '495', '9', '915', '171', '208', '294', '205', '730', '499', '159', '251', '183', '449', '43', '547', '978']
['374', '787', '241', '282', '69', '379', '769', '710', '624', '474', '437', '878', '240', '719', '397', '156', '56', '274', '770', '415', '907']
['509', '854', '827', '997', '828', '368', '697', '242', '606', '40', '821', '345', '182', '728', '740', '803', '455', '494', '355', '62', '975', '815', '351', '383', '476', '247', '829', '390', '277', '497', '967', '66', '864']
['299', '357', '332', '79', '619', '726', '880', '190', '925', '364', '266', '953', '124', '836', '665', '855', '218', '249', '295', '89', '565', '847', '116']
['584', '543', '303', '429', '780', '778', '965', '773', '786']
['451', '585', '158', '581', '618', '399', '993', '961', '951']
['88', '253', '689', '553', '503', '376', '668', '830', '621', '94', '367', '528', '574', '359', '743', '604', '101', '870', '632', '629', '283', '845', '898', '842', '122', '802', '211']
['699', '739', '813', '33', '913', '784', '532', '412', '804', '78', '694', '107', '539', '932', '999', '753', '83', '634', '806', '524', '444', '22']
['521', '105', '195', '895', '245', '646', '894', '964', '435', '145', '799', '65', '627', '196', '77', '300', '467', '239', '169', '856', '53', '393', '865']
['727', '831', '388', '923', '513', '939', '306', '633', '605', '466', '900', '231', '447', '229', '209', '438', '329', '876', '325', '628', '214', '989']
['375', '681', '192', '457', '812', '973', '172', '130', '127', '764', '525', '779', '221', '318', '233', '64', '903', '692', '664']
['142', '10', '119', '731', '869', '418', '132', '140', '269', '314', '86', '555', '834', '889', '636', '307', '873', '613', '166', '992', '899', '952']
['290', '712', '622', '685', '334', '401', '104', '180', '795', '135', '12', '686', '571', '732', '82', '217', '406', '763']
['807', '189', '858', '549', '461', '433', '36', '986', '470', '362', '155', '551', '832', '680', '874', '272', '972', '583', '315', '44', '514', '945', '469', '702', '458', '820', '572']
['684', '724', '673', '137', '445', '580', '491', '887', '662', '342', '611', '663', '369', '956', '13', '48', '32', '959']
['678', '243', '178', '441', '459', '199', '698', '126', '271', '24', '669', '785', '280', '19', '223', '981', '381', '597', '696', '352', '91', '577', '96', '20', '215', '717', '670', '42', '176']
['927', '909', '395', '609', '511', '486', '586', '481', '594', '480', '80', '891', '210', '637', '174', '337', '893', '640', '518', '257', '593', '157', '363']
['550', '0', '67', '103', '220', '576', '650', '819', '424']
['504', '226', '752', '881', '51', '58', '302', '456', '386', '919', '281', '26', '286', '310', '191', '72', '755', '398', '667', '55']
['129', '931', '560', '536', '926', '60', '762', '985', '8', '350', '920', '312', '492', '531', '771', '162', '527', '507', '285', '453', '254', '106', '824', '371', '198', '567', '34', '391', '635', '262', '270', '110', '679', '620']
['929', '377', '538', '485', '258', '843', '838', '575', '706', '52', '908', '187', '892', '141', '232', '970', '841', '545', '797', '115', '520', '296', '15', '872', '928', '498', '748', '747', '432']
['92', '382', '659', '5', '791', '366']
['823', '341', '767', '275', '207', '212', '777', '905', '114', '713', '979', '737', '2', '394', '152', '47', '742', '102', '690', '603', '38', '612', '984', '148', '188', '949', '193', '403', '31', '256']
['996', '569', '546', '822', '885', '602', '677', '537', '729', '600', '147', '473', '68', '301', '71', '775', '478']
['84', '360', '477', '995', '937', '49', '587', '150', '708', '617', '99', '396', '236', '610', '790', '599', '623', '756', '489', '839', '857']
['149', '671', '691', '922', '81', '946']
['416', '365', '760', '642', '173', '879', '658', '522', '884', '484', '833', '268', '121', '844', '897', '408', '837', '735', '595', '14', '201', '863', '596', '244']
