['757', '4', '178', '15', '413', '731', '406', '682', '861', '979', '335', '416', '366', '818', '330', '786']
['118', '746', '149', '976', '391', '974', '564', '100', '170', '617', '819', '690', '294', '393', '677', '592', '492', '925', '378']
['574', '588', '618', '514', '88', '625', '459', '226', '846', '382', '998', '878', '826', '991', '324', '578', '144', '589', '695', '989', '151']
['270', '485', '441', '216', '950', '788', '303', '66', '750', '772', '113', '593', '827', '407', '897', '504', '860', '77']
['984', '62', '373', '26', '716', '604', '477', '990', '83', '243', '371', '80', '919', '881', '508', '418', '228', '899', '25', '831', '466']
['906', '766', '241', '770', '683', '39', '734', '937', '825', '773', '43', '279', '192', '230', '515', '856', '914', '820', '565']
['12', '972', '221', '930', '250', '312', '173', '579', '54', '440', '771', '816', '964', '752', '402', '557', '726']
['541', '452', '952', '141', '655', '749', '582', '957', '685', '922', '456', '513', '835', '75', '112', '465', '33', '838', '94']
['246', '123', '13', '792', '394', '289', '57', '562', '285', '546', '447', '428', '705', '652', '487', '875', '85', '776', '403', '128']
['944', '634', '586', '646', '18', '442', '880', '784', '561', '445', '509', '183', '890', '520', '656', '213', '917', '196', '973', '453']
['732', '223', '400', '775', '337', '507', '390', '606', '302', '388', '740', '926', '351', '828', '996', '543', '802', '963', '381', '623']
['882', '210', '916', '145', '614', '3', '688', '986', '142', '667', '260', '527', '244', '185', '673', '611', '741', '791']
['794', '268', '501', '518', '233', '692', '993', '672', '505', '321', '671', '694', '326', '499', '154', '17', '332', '983']
['473', '315', '198', '932', '245', '675', '436', '350', '101', '98', '426', '534', '49', '361', '269', '295', '581', '255', '744']
['309', '427', '642', '613', '616', '583', '343', '981', '433', '594', '41', '399', '457', '421', '16', '46']
['482', '832', '472', '839', '884', '877', '663', '212', '813', '150', '810', '607', '999', '293', '120', '765', '267', '146', '900', '748']
['34', '887', '236', '346', '467', '790', '503', '531', '305', '480', '946', '375', '645', '931', '892', '862', '48', '498']
['349', '777', '585', '610', '392', '756', '608', '491', '377', '700', '764', '396', '155', '448', '322', '306', '234', '5', '449', '202', '439']
['709', '108', '706', '79', '176', '284', '51', '8', '283', '271', '27', '58', '9', '774', '298', '177', '7']
['812', '668', '437', '211', '207', '982', '258', '830', '288', '853', '214', '843', '300', '815', '854', '768', '460', '807']
['801', '975', '10', '148', '446', '489', '161', '737', '130', '385', '548', '122', '132', '995', '265', '415', '876', '471', '383', '201']
['374', '612', '833', '626', '529', '357', '525', '297', '945', '540', '874', '763', '14', '281', '240', '879', '804', '432']
['368', '184', '758', '84', '823', '409', '222', '419', '292', '960', '71', '778', '920', '538', '519', '969', '550', '909']
['63', '760', '782', '353', '563', '559', '523', '715', '911', '232', '641', '273', '266', '187', '323', '928', '687', '476', '753']
['918', '209', '21', '898', '735', '35', '127', '847', '319', '867', '311', '953', '359', '137', '32', '506', '659', '864', '896', '647', '239']
['125', '229', '924', '469', '648', '689', '227', '787', '761', '159', '30', '412', '355', '849', '55', '110', '152']
['573', '620', '841', '785', '194', '795', '308', '219', '479', '643', '200', '556', '451', '902', '886', '535', '570', '904', '64', '162']
['215', '851', '338', '935', '2', '681', '745', '997', '547', '912', '958', '169', '379', '929', '528', '723', '889', '153', '20']
['478', '103', '970', '699', '495', '605', '719', '425', '809', '287', '37', '571', '102', '69', '468', '686', '38', '253', '566', '282']
['711', '870', '65', '186', '942', '712', '568', '367', '728', '524', '751', '486', '22', '868', '89', '423', '444', '131', '865']
['848', '985', '736', '138', '609', '704', '601', '70', '933', '307', '188', '129', '814', '455', '345', '940', '727', '978']
['45', '490', '829', '172', '24', '143', '104', '702', '742', '68', '237', '602', '340', '903', '576', '252', '179', '511', '789', '873']
['23', '290', '754', '992', '6', '96', '163', '628', '105', '248', '362', '235', '191', '139', '286', '670']
['720', '590', '657', '971', '40', '462', '980', '318', '364', '855', '190', '483', '718', '894', '136', '135', '869', '722', '954', '429', '821']
['422', '968', '959', '470', '231', '893', '443', '560', '895', '299', '31', '759', '249', '653', '662', '333', '463', '372']
['160', '401', '845', '60', '99', '251', '91', '339', '871', '291', '921', '883', '697', '549', '280', '651', '806', '510', '633', '567']
['852', '450', '624', '484', '966', '225', '767', '769', '863', '180', '949', '721', '256', '50', '555', '316', '434', '840', '411']
['52', '86', '389', '327', '905', '193', '157', '454', '67', '908', '800', '171', '796', '1', '551', '78', '603', '474']
['907', '296', '701', '325', '195', '558', '654', '272', '717', '595', '729', '395', '934', '866', '218', '19', '72', '552', '901', '53', '488', '693']
['591', '915', '117', '500', '167', '168', '713', '405', '512', '342', '347', '481', '264', '858', '408', '320', '987']
['380', '747', '224', '961', '493', '724', '352', '95', '458', '206', '263', '743', '575', '397', '955', '666', '808', '584', '0', '11', '164']
['967', '669', '938', '891', '857', '597', '635', '317', '537', '134', '542', '73', '627', '199', '536', '965', '166', '147', '119']
['354', '494', '739', '783', '533', '516', '175', '275', '956', '497', '650', '811', '545', '414', '464', '363', '156', '475', '544']
['649', '844', '304', '805', '257', '665', '254', '530', '885', '238', '242', '660', '676', '301', '365', '376', '44', '189']
['430', '661', '217', '278', '598', '577', '247', '850', '842', '334', '140', '420', '569', '276']
['596', '356', '691', '888', '599', '837', '370', '261', '730', '417', '410', '708', '313', '707', '836', '496', '572', '725', '277', '822']
['755', '109', '988', '106', '587', '797', '621', '798', '680', '859', '962', '738', '398', '115', '780', '539', '779', '97', '29', '762', '435']
['116', '76', '208', '951', '56', '939', '336', '92', '521', '328', '341', '640', '803', '674', '424', '522', '358', '948']
['684', '696', '580', '664', '90', '87', '81', '203', '126', '619', '872', '93', '133', '733', '28', '622', '994', '47', '42', '181']
['927', '329', '174', '631', '630', '799', '629', '936', '517', '331', '310', '658', '615', '781', '121', '182', '714', '259']
['438', '82', '502', '679', '384', '637', '111', '910', '262', '941', '834', '274', '220', '431', '205', '632', '344', '107', '36']
['644', '817', '74', '124', '59', '824', '387', '158', '554', '165', '314', '532', '913', '553', '600', '404', '943', '638', '639']
['678', '461', '636', '947', '703', '360', '348', '977', '698', '386', '793', '526', '710', '114', '923', '61', '197', '204', '369']
