['265', '857', '203', '588', '237', '685', '116', '567', '716', '806', '884', '371', '543', '431', '670', '579', '737', '139', '446', '642', '218', '504', '782', '470', '119', '895']
['962', '910', '902', '872', '609', '421', '316', '697', '74', '837', '13', '405', '242', '281', '40', '605', '703', '132', '876', '863', '115', '167', '438', '917']
['348', '174', '277', '595', '334', '759', '635', '713', '554', '231', '589', '658', '106', '580', '569', '112', '425', '777', '293', '247']
['246', '137', '403', '342', '679', '514', '16', '86', '802', '464', '164', '606', '933', '705', '770', '943', '448', '402', '427', '526', '546', '410', '537', '696']
['331', '663', '302', '130', '958', '207', '445', '49', '78', '479', '190', '743', '396', '972', '312', '128', '544', '509', '453', '485', '865', '430', '353', '382', '594', '490', '922']
['355', '378', '51', '890', '136', '779', '986', '491', '914', '121', '645', '692', '406', '755', '113', '906', '659', '799', '82', '365', '478', '786', '960']
['468', '626', '142', '426', '71', '356', '907', '459', '861', '193', '936', '846', '259', '444', '499', '950', '570', '343', '611', '292', '439', '221', '258']
['96', '647', '882', '903', '255', '762', '602', '257', '493', '372', '581', '870', '111', '575', '931', '948', '983', '423', '556', '463', '503', '457']
['178', '197', '52', '634', '274', '98', '10', '91', '809', '150', '381', '248', '718']
['424', '288', '225', '140', '189', '835', '944', '419', '414', '734', '318', '149', '412', '287', '767', '738', '979', '573', '698', '451', '849', '680', '226', '45', '117']
['47', '756', '107', '205', '842', '332', '527', '440', '608', '897', '148', '271', '776', '14', '752', '757', '953', '542', '833', '970', '22', '168', '508', '791', '726']
['387', '940', '708', '740', '59', '916', '666', '840', '216', '985', '62']
['625', '988', '77', '673', '584', '783', '780', '932', '549', '300', '671', '534', '912', '229', '529', '793', '839', '615', '578', '156', '832', '883', '583', '980', '938', '536']
['600', '587', '422', '399', '961', '866', '565', '769', '619', '630', '295', '735', '725', '683', '144', '700', '574', '494', '761', '744', '341', '337', '515', '240', '12']
['108', '596', '712', '67', '814', '333', '617', '643', '413', '11', '146', '54', '89', '900', '64', '593', '828', '377', '939', '941', '483', '322', '6', '251', '758', '223', '709']
['294', '455', '665', '976', '711', '460', '817', '93', '975', '873', '69', '899', '253', '123', '290', '945', '819', '196', '760', '825', '765']
['477', '516', '668', '511', '152', '616', '296', '39', '276', '855', '68', '328', '891', '532', '35', '25', '965', '641', '487', '854', '831', '441', '291', '124', '675', '858', '109']
['23', '714', '17', '822', '676', '320', '836', '179', '710', '235', '633', '466', '547', '859', '927', '984', '723', '521', '827', '954', '420', '30', '138']
['924', '336', '501', '267', '195', '612', '973', '118', '79', '505', '656', '462', '41', '275', '921', '893', '386', '354', '125', '326', '576', '524', '896', '46', '232', '784']
['363', '597', '674', '750', '926', '539', '989', '966', '821', '552', '360', '823', '785', '270', '655', '309', '433', '408', '952', '623', '243', '898', '15', '84', '553']
['500', '32', '394', '317', '629', '122', '63', '349', '991', '887', '44', '201', '964', '480', '636', '520', '586', '728', '892', '184', '577', '644', '70']
['393', '204', '127', '523', '843', '435', '851', '706', '901', '826', '856', '97', '614', '389', '555', '75', '957', '222', '72', '557', '498', '183', '28', '852', '909', '838']
['191', '38', '101', '535', '172', '746', '766', '60', '512', '262', '120', '100', '550', '192', '194', '308', '977', '649', '492', '510', '489', '850', '796', '263', '256']
['280', '804', '753', '250', '864', '181', '42', '987', '582', '383', '220', '176', '330', '301', '628', '538', '946', '874', '747', '215']
['244', '230', '56', '482', '153', '384', '319', '272', '31', '530', '4', '2', '99', '154', '134', '92', '26', '841', '771', '745', '461', '286', '21', '830', '660', '942']
['564', '53', '731', '187', '563', '610', '741', '848', '620', '548', '592', '436', '599', '800', '688', '913', '662', '155', '327', '481', '362', '350', '283', '690', '135', '209', '200', '454']
['214', '29', '415', '260', '699', '366', '185', '834', '815', '934', '20', '868', '751', '169', '364', '325', '551', '50', '80', '885', '165', '949', '560', '347', '572']
['141', '428', '506', '559', '143', '497', '967', '161', '646', '773', '867', '27', '55', '540', '186', '621', '145', '473', '0', '58', '495', '923', '268', '694', '3', '533']
['180', '702', '252', '1', '8', '978', '159', '104', '397', '447', '824', '789', '126', '818', '871', '65', '206', '471', '282', '888']
['307', '442', '391', '811', '401', '103', '321', '182', '284', '727', '289', '467', '315', '83', '476', '166', '373', '338', '273', '684', '211']
['808', '310', '788', '937', '787', '632', '94', '768', '847', '790', '450', '227', '624', '507', '380', '345', '388', '590', '484', '517', '820', '929', '918', '862', '376']
['894', '908', '254', '531', '971', '525', '792', '416', '475', '449', '853', '351', '269', '562', '411']
['352', '175', '370', '73', '639', '664', '90', '404', '672', '395', '879', '105', '682', '346', '742', '102', '129', '37']
['677', '860', '43', '689', '114', '622', '340', '717', '845', '774', '81', '955', '160', '919', '772', '604', '875', '163', '224', '730']
['418', '314', '687', '704', '88', '76', '85', '648', '361', '568', '452', '502', '279', '241', '886', '627', '798', '199', '889', '170', '488', '19', '990']
['519', '797', '417', '278', '400', '367', '344', '87', '434', '749', '739', '638', '561', '496', '261', '591', '764', '810', '329', '541', '48', '631', '733', '881', '443', '701', '775']
['707', '297', '715', '640', '24', '545', '763', '162', '299', '669', '432', '947']
['34', '920', '654', '807', '681', '651', '736', '667', '613', '398', '177', '558', '812', '801', '456', '264', '925', '9', '368', '219', '18', '571', '249', '313', '469']
['880', '7', '878', '982', '392', '915', '306', '911', '904', '375', '974', '379', '298', '781', '208', '5', '844', '652', '36', '323', '722', '803', '409', '522', '601', '968', '905']
['686']
['637', '374', '869', '233', '959', '518', '212', '721', '110', '151', '245', '305', '358', '61', '877', '719', '695', '188', '754', '650', '794', '724', '607', '304', '171', '486', '720']
['157', '566', '429', '981', '935', '228', '335', '691', '969', '963', '357', '661', '303', '95', '66', '33', '407', '147', '210', '528', '513', '474', '239', '133', '928', '266']
['173', '930', '729', '238', '202', '603', '795', '385', '311', '778', '829', '657', '236', '956', '359', '585', '748', '813', '951', '131', '285']
['458', '198', '324', '472', '816', '437', '217', '57', '465', '732', '992', '598', '805', '339', '618', '369', '653', '158', '213', '390', '678', '693', '234']
