['425', '202', '935', '648', '124', '176', '209', '624', '596', '242', '364', '257', '688', '296', '690', '810', '346', '489', '95', '283', '72', '593', '310', '80', '805', '250', '214', '940', '332', '473', '359']
['343', '826', '895', '446', '558', '271', '787', '395', '870', '818', '437', '676', '918', '702', '329', '319', '216', '123', '147', '163', '159', '758', '797', '129', '862', '66', '325', '467', '77', '465', '496']
['331', '507', '854', '379', '855', '326', '497', '362', '917', '333', '13', '900', '504', '953', '961', '252', '573', '706', '752', '500', '52', '53', '140', '828', '19', '194', '531', '291', '247', '632', '890', '556']
['633', '883', '488', '628', '588', '28', '532', '621', '314', '520', '894', '335', '614', '636', '32', '259', '192', '957', '840', '207', '522', '811', '38', '774', '601', '564', '503', '233', '580', '348', '515', '340']
['18', '483', '338', '490', '1', '273', '837', '844', '456', '930', '249', '148', '808', '347', '225', '899', '272', '878', '75', '733', '737', '309', '579', '921', '806', '555', '445', '308', '521', '84', '760']
['39', '352', '86', '261', '85', '180', '156', '304', '767', '113', '816', '715', '231', '824', '746', '779', '93', '784', '943', '544', '79', '704', '956', '40', '410', '336', '687', '635', '487', '836', '600', '318']
['114', '778', '948', '87', '616', '384', '88', '757', '947', '470', '266', '907', '420', '892', '529', '277', '55', '302', '548', '244', '815', '909', '265', '235', '64', '125', '888', '177', '239', '543', '4']
['766', '565', '827', '658', '450', '627', '220', '122', '299', '417', '367', '655', '412', '705', '284', '468', '181', '809', '286', '904', '896', '511', '282', '81', '915', '245', '743', '639', '902', '463']
['342', '328', '642', '472', '802', '571', '466', '718', '510', '848', '377', '887', '807', '771', '59', '421', '609', '901', '288', '14', '154', '20', '782', '841', '150', '458', '323', '452', '241', '850', '460']
['34', '798', '647', '547', '942', '872', '595', '719', '792', '724', '430', '25', '617', '141', '866', '287', '618', '102', '749', '739', '680', '563', '769', '62', '619', '949', '406', '756', '934', '535', '428']
['394', '418', '399', '56', '812', '670', '708', '914', '898', '944', '804', '545', '48', '436', '505', '33', '728', '109', '162', '73', '270', '190', '378', '435', '236', '451', '143', '861', '517', '817', '313']
['882', '217', '234', '92', '885', '553', '539', '793', '637', '9', '444', '622', '700', '654', '903', '151', '389', '527', '357', '629', '5', '3', '89', '152', '889', '932', '492', '764', '298', '958', '720']
['509', '381', '469', '51', '203', '396', '576', '230', '638', '786', '561', '356', '813', '349', '602', '712', '204', '528', '184', '462', '952', '316', '821', '869', '865', '526', '103', '390', '727', '681', '254']
['301', '165', '929', '54', '42', '341', '759', '36', '58', '755', '691', '657', '913', '819', '130', '946', '429', '90', '213', '659', '455', '322', '847', '897', '530', '35', '864', '578', '218', '206', '100', '880']
['243', '175', '590', '620', '160', '471', '587', '268', '516', '611', '134', '197', '133', '371', '653', '524', '139', '674', '142', '859', '172', '791', '47', '501', '592', '439', '449', '662', '765']
['937', '770', '474', '372', '823', '607', '24', '201', '426', '873', '120', '210', '928', '664', '696', '200', '814', '955', '409', '149', '31', '924', '699', '388', '219', '67', '716', '772', '874', '285', '780', '263']
['45', '838', '925', '478', '419', '801', '912', '905', '290', '402', '98', '205', '255', '843', '334', '315', '380', '448', '135', '164', '959', '171', '360', '879', '136', '30', '199', '646', '740', '860', '669', '416']
['881', '640', '397', '506', '112', '523', '931', '800', '735', '586', '193', '354', '185', '550', '559', '549', '954', '337', '475', '187', '551', '26', '21', '407', '179', '626', '229', '345', '481', '392', '69']
['447', '292', '574', '486', '127', '623', '224', '211', '157', '643', '91', '845', '493', '663', '886', '775', '479', '403', '60', '745', '106', '386', '508', '714', '365', '145', '856', '50', '513', '68', '22']
['650', '689', '781', '603', '891', '305', '686', '877', '427', '685', '867', '411', '43', '933', '645', '324', '922', '238', '788', '656', '166', '373', '738', '221', '400', '541', '264', '583', '707', '227', '698']
['424', '169', '46', '294', '191', '893', '557', '363', '936', '7', '279', '222', '736', '253', '96', '280', '491', '919', '773', '320', '57', '408', '851', '174', '453', '649', '542', '459', '723', '404', '434']
['275', '671', '683', '499', '751', '610', '726', '534', '37', '189', '260', '110', '546', '366', '358', '99', '498', '945', '835', '512', '695', '116', '494', '198', '63', '795', '763', '306', '170', '875']
['519', '697', '673', '560', '138', '842', '630', '830', '926', '562', '554', '105', '195', '652', '104', '820', '666', '753', '916', '278', '591', '293', '10', '741', '223', '744', '533', '566', '572', '484', '461']
['405', '682', '711', '248', '783', '729', '754', '750', '567', '537', '376', '401', '27', '777', '246', '83', '536', '832', '684', '803', '167', '94', '721', '884', '552', '604', '605', '385', '703', '615', '951', '107']
['258', '939', '570', '228', '330', '667', '262', '730', '829', '126', '188', '748', '121', '387', '423', '168', '678', '321', '158', '8', '569', '582', '101', '641', '776', '431', '857', '518', '476', '196', '374']
['212', '598', '762', '350', '858', '822', '369', '485', '833', '581', '41', '871', '717', '464', '131', '677', '317', '692', '701', '78', '118', '612', '267', '950', '495', '295', '344', '155']
['413', '606', '17', '849', '594', '370', '132', '910', '644', '256', '660', '577', '422', '29', '585', '74', '297', '353', '868', '383', '584', '311', '876', '82', '414', '675', '178', '742', '183', '440', '108']
['597', '634', '240', '438', '153', '863', '303', '502', '15', '161', '232', '11', '960', '237', '768', '351', '679', '361', '672', '722', '853', '6', '307', '137', '568', '625', '665', '274', '23', '540', '49', '454']
['71', '12', '796', '226', '747', '785', '575', '613', '731', '514', '668', '911', '908', '790', '208', '115', '608', '599', '441', '457', '382', '834', '2', '65', '289', '525', '368', '906', '725', '182', '391']
['111', '442', '393', '432', '61', '276', '852', '119', '144', '709', '661', '538', '97', '327', '710', '44', '693', '281', '846', '799', '251', '761', '443', '794', '839', '312', '923', '300', '76', '651', '732']
['173', '482', '16', '831', '215', '339', '631', '477', '355', '146', '927', '713', '920', '70', '694', '0', '398', '941', '589', '375', '269', '186', '789', '734', '117', '415', '938', '433', '825', '480', '128']
