['211', '495', '970', '285', '894', '246', '661', '15', '336', '96', '344', '47', '720', '488', '403', '244', '972', '930', '402', '858', '514', '95', '793', '910', '307', '492', '627', '262', '27', '584', '145', '83', '559', '63', '683', '741', '372', '587', '868', '927']
['590', '817', '761', '56', '990', '879', '665', '777', '329', '771', '955', '416', '388', '507', '764', '691', '830', '94', '243', '725', '847', '76', '414', '430', '203', '216', '779', '981', '628', '491', '242', '33', '582', '881', '633', '734', '281', '617']
['384', '959', '504', '816', '355', '625', '156', '680', '167', '103', '808', '106', '188', '872', '629', '688', '833', '177', '236', '455', '349', '723', '469', '797', '736', '39', '971', '48', '174', '659', '854', '667', '738', '719', '716', '194', '539', '165', '939']
['433', '715', '22', '523', '901', '217', '458', '718', '475', '795', '702', '940', '871', '73', '141', '766', '572', '134', '513', '199', '327', '119', '37', '598', '994', '40', '515', '656', '471', '768', '737', '16', '583', '29', '518', '51', '20']
['49', '437', '983', '261', '607', '944', '18', '543', '917', '900', '81', '564', '586', '549', '232', '222', '740', '434', '550', '53', '452', '55', '877', '850', '239', '957', '867', '745', '3', '267', '113', '448', '274', '878', '727', '302', '782', '769', '914']
['953', '589', '24', '461', '701', '135', '611', '561', '689', '41', '253', '544', '530', '616', '827', '928', '52', '899', '997', '255', '929', '754', '946', '305', '682', '884', '443', '941', '728', '763', '824', '996', '802', '856', '10', '887', '947', '516', '279', '632']
['248', '406', '348', '717', '284', '819', '98', '308', '23', '215', '861', '653', '465', '703', '866', '300', '413', '140', '931', '524', '799', '234', '534', '17', '198', '80', '400', '642', '75', '212', '860', '893', '343', '862', '34', '896', '157', '794', '195']
['731', '159', '268', '161', '963', '286', '969', '31', '933', '669', '848', '631', '759', '762', '86', '364', '744', '340', '594', '72']
['788', '386', '987', '692', '263', '954', '839', '509', '61', '599', '126', '304', '838', '735', '706', '314', '634', '546', '353', '166', '925', '14', '977', '163', '421', '902', '332', '260', '603', '863', '498', '760', '645', '538', '273', '291', '602', '496', '399', '116']
['905', '229', '128', '554', '758', '389', '289', '19', '207', '503', '697', '698', '993', '442', '21', '892', '334', '623', '104', '374', '151', '139', '313', '378', '660', '911', '829', '545', '801', '874', '405', '117', '107', '525', '110', '359', '835', '82', '264']
['845', '577', '909', '179', '290', '519', '87', '842', '125', '324', '767', '129', '497', '148', '259', '181', '422', '271', '381', '429', '9', '136', '88', '221', '805', '345', '164', '89', '196', '432', '956', '394', '62', '614', '936', '470', '133', '897', '247']
['102', '596', '558', '743', '903', '812', '825', '377', '428', '821', '846', '619', '904', '658', '74', '172', '670', '654']
['206', '810', '700', '160', '624', '370', '235', '772', '673', '120', '2', '490', '278', '630', '547', '675', '979', '948', '789', '317', '197', '575', '287', '193', '131', '647', '681', '724', '282', '995', '747', '730', '254', '391', '339', '223', '395', '883', '28']
['60', '714', '121', '6', '552', '190', '8', '531', '123', '292', '397', '999', '59', '158', '870', '822', '964', '934', '895', '576', '674', '536', '387', '176', '778', '786', '853', '467', '451', '610', '462', '411', '640', '401', '657', '249', '466', '396', '407', '832']
['605', '431', '711', '967', '97', '142', '960', '426', '785', '780', '91', '807', '369', '476', '150', '347', '707', '297', '770', '820', '468', '326', '694', '341', '798', '484', '855', '201', '621', '435', '528', '311', '77', '626', '275', '635', '796', '958', '765', '965']
['464', '800', '352', '565', '739', '337', '834', '664', '90']
['676', '84', '560', '612', '803', '306', '943', '791', '942', '875', '553', '330', '66', '187', '147', '288', '35', '806', '751', '45', '749', '951', '301', '438', '679', '655', '58', '978', '548', '245', '208', '272', '773', '945', '493', '101', '454', '189', '950']
['672', '447', '579', '78', '968', '170', '12', '991', '354', '486', '784', '293', '609', '671', '638', '30', '869', '849', '408', '615', '398', '649', '210', '441', '840', '646', '241', '595', '483', '508', '423', '191', '591', '859', '639', '532', '316', '44', '143', '323']
['50', '479', '127', '906', '505', '775', '585', '882', '823', '500', '986', '415', '918', '149', '1', '562', '385', '440', '502', '36', '460', '375', '517', '687', '182', '70', '392', '571', '644', '85', '205', '231', '202', '574', '937', '379', '226', '427', '757', '529']
['227', '600', '213', '622', '362', '511']
['303', '888', '64', '124', '984', '864', '146', '295', '184', '333', '487', '118', '776', '224', '152', '813', '111', '204', '250', '420', '409', '356', '178', '276', '921', '280', '485', '168', '68', '578', '566', '4', '980', '257', '200', '690', '380', '382', '256', '966']
['686', '601', '597', '322', '916', '567', '180', '792', '568', '269', '390', '857', '132', '446', '361', '122', '240', '713', '315', '225', '309', '11', '456', '541', '218', '99', '985', '412', '26', '478', '473', '704', '837', '266', '7', '885', '100', '974', '171', '373']
['722', '92', '424', '350', '366', '684', '108', '138', '648', '961', '13', '318', '173', '54', '67', '557', '636', '137', '365', '175', '695', '417', '962', '809', '270', '890', '237', '258', '998', '556', '220', '439', '506', '708', '450', '923', '555', '5', '43']
['828', '155', '650']
['444', '183', '889', '843', '880', '787', '342', '752', '913', '425', '748', '238', '726', '604', '618', '296', '641', '620', '721', '436', '976', '836', '693', '975', '294', '463', '563', '57', '924', '510', '404', '988', '338', '729', '919', '926', '637', '418', '643']
['989', '522', '826', '480', '540', '252', '732', '851', '613', '592', '351', '144', '710', '42', '154', '891', '831', '71', '277', '593', '283', '922', '233', '542', '46', '482', '251', '331', '973', '537', '844', '774', '573', '527', '886', '459', '652', '265', '453']
['410', '841', '606', '499', '358', '419', '328', '815', '520', '898', '852', '915', '907', '321', '580', '319', '494', '663', '312', '376', '298', '804', '299', '214', '608', '526', '533', '371', '709', '753', '712', '783', '109', '474', '755', '115', '696', '69', '25', '501']
['814', '920', '169', '781']
['666', '112', '668', '865', '93', '114', '32', '678', '662', '192', '153', '38', '335', '750', '383', '105', '733', '938', '393', '588', '368', '569', '65', '346', '818', '457', '876', '705', '811', '79', '310', '551', '228', '746', '445', '982', '130', '477', '521', '651']
['912', '699', '742', '992', '685', '535', '449', '230', '367', '790', '570', '935', '677', '209', '512', '185', '932', '0', '949', '363', '908', '756', '219', '489', '162', '320', '186', '481', '360', '581', '952', '472', '873', '357', '325']
