['651', '502', '297']
['665', '37', '652', '165', '4', '719', '933', '87', '960', '529']
['528', '291', '391', '566', '915', '206', '235']
['102', '78', '790', '823', '389', '831']
['682', '951', '600', '696']
['582', '701', '321', '905', '490', '826', '416', '469', '442']
['724', '62']
['175', '981', '409']
['583', '419']
['838', '142', '718', '218', '470', '296', '776', '866']
['585', '539', '313', '782', '320']
['857', '111', '220', '968', '820', '850', '120']
['306', '625', '871', '494', '468', '253', '448', '346', '225', '356']
['789']
['5', '179', '909', '67']
['344', '731']
['263', '901', '270']
['372', '164', '578', '342', '304']
['958', '593', '952', '852', '691']
['865', '385', '196', '612', '361', '45', '123']
['216', '832', '108', '110']
['675', '664', '937']
['58', '698', '812', '189', '350', '421', '338']
['703', '109', '285', '74', '941', '383', '710']
['29', '668']
['667', '748', '858', '630', '785', '76', '875']
['816', '898', '199', '36', '461']
['168', '410']
['685', '841']
['315', '716', '881', '432', '274', '248', '98', '715']
['92', '521']
['626', '684', '24', '444', '429', '756', '418']
['987', '893', '483']
['83', '7']
['328', '992', '197', '121', '330', '943', '590']
['495']
['921', '983', '203', '624']
['101', '8', '260', '84', '158', '729', '636', '57', '708']
['82', '970', '984', '613', '653', '228', '804']
['695', '331', '894', '853', '509', '557', '535', '705']
['949', '212', '30', '821', '681']
['484', '619']
['545', '362', '215', '366', '655', '788']
['348', '629', '644', '447']
['882', '819']
['955', '326', '742', '131']
['752', '863', '192', '530', '808', '162']
['90', '77', '798', '398', '541', '531', '352']
['835', '947', '25', '476', '159']
['124', '830', '329', '605']
['456', '700', '604', '759']
['336', '507', '317']
['878', '193']
['474', '673', '649']
['638', '118', '15', '305', '922', '967', '538', '745']
['533', '359', '654', '280']
['966', '795', '460', '81', '70', '309', '249', '581']
['345', '978']
['961', '750', '892']
['424', '479', '245', '150']
['223', '9', '205', '728', '869']
['769', '576', '738', '932']
['60', '378', '678', '815', '99']
['704', '999']
['53', '663']
['114', '42', '259', '408', '173']
['201', '19', '357', '414', '169', '617']
['547', '780', '106', '405', '669', '166', '273']
['914', '639', '64', '80', '740', '100']
['423', '648', '656', '997', '412']
['672']
['298', '377', '349', '544', '136', '154', '634']
['462', '976', '230', '741']
['964', '930', '975', '332', '717', '896', '753', '367']
['55', '457', '632', '244', '471', '466', '155']
['467', '572', '209', '542']
['300', '105', '236']
['139']
['371', '180', '276', '316', '49', '465', '802', '891']
['870', '129', '773', '365', '620', '390']
['923', '381', '575']
['207', '28', '174', '825']
['772', '686', '322', '561', '171', '32']
['631', '643', '360', '687', '520', '540', '327']
['413', '622']
['562', '181', '234', '890']
['775', '508', '690', '730']
['513']
['515', '879', '433', '757', '904', '536', '406', '13', '546']
['307', '813', '677', '917', '190']
['374', '859', '113', '431', '94', '873']
['817', '642', '615']
['586']
['85', '936', '200', '257', '737', '805', '22', '995', '340', '996']
['556', '944', '965', '589', '151', '34', '231']
['341', '86', '843', '633', '39']
['650', '104', '167']
['277', '299', '407']
['386', '303', '764', '183', '153', '872', '796']
['251', '112', '23', '919', '810', '792']
['659', '924', '574', '436']
['908', '959', '480', '505', '598', '746']
['284', '611', '948', '152', '609']
['861', '242', '275', '822', '900', '438', '560']
['555', '972']
['392', '918']
['657', '888', '402', '721', '920', '6']
['184', '202', '269', '178', '563', '579', '889', '21']
['400', '411', '828', '103', '911', '427']
['135', '584', '217', '743']
['177', '12', '925', '318']
['762', '522', '454', '517', '683', '777']
['580', '486', '487', '902', '689', '243', '806', '499', '127', '214', '18', '308']
['592', '989', '163', '979', '491', '839', '14']
['709', '11', '928', '453', '558', '185', '232', '79', '384']
['204', '343', '16']
['973', '526', '59', '370', '38', '128', '506', '554']
['760', '208', '314', '311', '364', '646', '404']
['907', '910', '267', '417', '122']
['512']
['227', '527', '262', '591']
['706', '485', '939', '662', '422', '63', '974']
['550', '161', '493', '781', '498', '195']
['552', '279', '143', '658', '452']
['355', '877']
['137', '387', '430', '247', '849', '887']
['794', '599', '726', '504']
['666', '803', '455', '603', '376', '692']
['733', '565', '148', '289', '602', '282']
['210', '241']
['751', '990', '40', '89', '833', '797']
['458', '428', '130', '868', '601', '20']
['302', '994', '811', '577', '403', '827']
['272', '847', '388', '761']
['980', '647', '440', '884', '800']
['475']
['464', '339', '283', '117', '478', '425']
['0', '93', '264']
['829', '95', '252', '198', '787']
['65', '645', '488', '534']
['281', '573', '141', '537', '368', '986', '860', '963', '635']
['595', '514', '256', '44', '880']
['588', '172', '186']
['942']
['26', '149']
['156', '221', '394', '786', '747']
['441', '768', '445', '194']
['661']
['187', '569', '912', '895', '213']
['570', '446', '211', '801', '375', '319', '674', '324']
['621', '353', '278', '906', '956', '551', '435', '75', '125']
['711', '855', '697']
['793', '176', '778', '379', '115', '637']
['607', '382', '333', '46', '934']
['35', '2', '774', '439', '229', '641']
['618', '496', '246', '722', '41']
['680', '977', '146', '837', '846', '312', '17', '758']
['420', '271', '766', '694', '254', '450']
['845', '66', '851', '481']
['854', '953', '27', '294', '337', '931', '862', '834']
['525', '503']
['116', '293', '957', '714', '610', '809', '482']
['426', '935', '594', '926', '399', '369', '867', '982']
['998', '627', '938', '779', '295']
['824', '50', '258', '145', '451']
['396', '754', '449']
['883', '969', '723']
['971', '415', '354', '732', '489']
['10', '147', '492', '54', '693', '43']
['351', '138', '720', '886', '347']
['56', '310', '840', '292', '988', '699', '814', '799']
['818', '395', '712', '473', '233']
['571', '335', '52', '363']
['739', '587', '140', '807', '519', '597', '736']
['51', '290']
['543', '88', '472', '791', '459']
['477', '380', '660']
['501', '224', '68', '226', '945']
['72', '524', '567', '71', '897', '755', '640', '132']
['954', '844', '96', '397', '518', '929', '237', '770', '532', '676', '516']
['133', '463', '553', '864', '119', '97']
['702', '437', '771', '671']
['222', '623', '608', '182', '301', '767', '916']
['903', '523', '48', '713', '616']
['261', '876', '991', '287']
['144', '670', '3', '238']
['783', '188', '47']
['940', '548', '913']
['31', '749', '559', '510', '265', '744', '735', '157', '899']
['628', '126', '160', '707', '434', '993', '443', '885', '334']
['985', '134', '255', '856', '170', '765', '962', '266', '596']
['511', '69', '500', '288']
['950', '763', '614', '564', '373']
['725']
['191', '219']
['401', '33', '836', '61']
['91', '848', '286', '946', '734', '549', '497']
['268', '250', '1', '784', '679', '874', '239', '927']
['107', '727', '606', '325', '73', '842', '323', '393', '358']
['688', '240', '568']
