['482', '170', '75', '13', '358', '380', '134', '212', '3', '398', '255', '446', '15', '437', '150', '49', '119', '9', '496', '153', '156', '525', '365', '493', '302', '408']
['441', '374', '59', '549', '383', '216', '47', '487', '163', '539', '325', '43', '40', '288', '555', '16', '98', '396', '379', '504', '484', '120']
['5', '85', '566', '34', '221', '340', '140', '155', '209', '299', '345', '110', '317', '530', '418', '130', '510', '558', '11', '336', '434', '454', '592', '394', '516']
['403', '268', '390', '227', '353', '323', '467', '249', '54', '247', '151', '202', '412', '244', '6', '395', '250', '201', '577', '198', '192', '70', '406', '270']
['305', '544', '52', '157', '81', '28', '312', '343', '144', '382', '282', '2', '253', '448', '547', '195', '56', '21', '25', '578']
['204', '91', '490', '464', '423', '324', '341', '124', '19', '576', '533', '459', '190', '519', '241', '369', '574', '94', '53', '298', '175', '329', '567', '51', '152']
['252', '593', '355', '197', '233', '135', '281', '338', '154', '66', '361', '537', '475', '331', '92', '245', '375', '515', '357', '542', '477', '17', '552', '203', '290', '432']
['62', '310', '73', '409', '587', '86', '128', '488', '89', '534', '548', '543', '391', '33', '67', '425', '297', '364', '523', '319', '129', '111', '295', '316', '138']
['218', '251', '450', '183', '102', '535', '167', '378', '321', '41', '404', '32', '313', '271', '452', '178', '573', '14', '314', '222', '159', '351']
['421', '68', '561', '304', '440', '263', '287', '184', '430', '483', '373', '480', '311', '38', '570', '366', '10', '540', '372', '162', '300', '416', '349', '565']
['486', '422', '447', '381', '521', '557', '494', '502', '387', '401', '309', '12', '559', '254', '262', '112', '400', '61', '560', '105', '463', '174', '179']
['194', '259', '512', '436', '428', '193', '348', '273', '495', '142', '261', '57', '479', '258', '243', '182', '563', '492', '497', '342', '598', '88', '327', '368', '478', '315', '165']
['196', '337', '419', '579', '438', '166', '393', '553', '238', '414', '588', '301', '96', '211', '413', '100', '415', '63', '286', '522', '334', '101']
['472', '1', '171', '145', '550', '207', '457', '231', '284', '95', '39', '191', '176', '131', '133', '562', '536', '206', '208', '173', '205', '568', '4', '377', '499']
['78', '473', '161', '164', '330', '367', '520', '267', '580', '42', '526', '293', '236', '160', '356', '460', '468', '283', '476', '462', '117', '352', '481', '386', '229', '215']
['292', '147', '571', '465', '279', '500', '514', '417', '591', '461', '538', '470', '346', '433', '449', '127', '200', '97', '121', '93', '214', '456', '485', '76', '528']
['122', '188', '359', '384', '426', '444', '213', '363', '320', '248', '177', '388', '575', '115', '333', '443', '455', '8', '168']
['503', '242', '507', '524', '585', '453', '518', '371', '294', '489', '532', '541', '99', '239', '106', '266', '103', '180', '149', '83', '589', '74', '225']
['172', '362', '285', '256', '306', '517', '569', '556', '148', '219', '581', '132', '572', '246', '529', '424', '506', '185', '65', '511', '186', '308', '564', '451']
['435', '296', '20', '45', '226', '399', '405', '385', '189', '77', '48', '471', '501', '318', '469', '257', '596', '143', '599', '594', '217', '389', '0', '545']
['513', '46', '72', '269', '37', '307', '210', '274', '474', '228', '116', '141', '505', '265', '69', '104', '280', '335', '347', '137', '272', '44', '118', '237', '411', '402', '427', '80']
['31', '82', '114', '260', '123', '30', '230', '445', '397', '392', '199', '360', '24', '344', '276', '109', '407', '339', '58', '554', '546', '126', '328']
['597', '491', '420', '303', '181', '187', '582', '146', '586', '509', '7', '60', '224', '23', '291', '79', '169', '107', '36', '158', '508', '113']
['223', '370', '289', '278', '429', '18', '235', '125', '322', '531', '240', '22', '64', '354', '27', '584', '136', '277', '71', '439', '220', '232', '55', '376']
['442', '264', '234', '498', '139', '410', '90', '350', '431', '527', '84', '595', '26', '35', '590', '326', '332', '29', '466', '87', '583', '275', '50', '108', '458', '551']
