['589', '943', '783', '447', '598', '359', '976', '114', '728', '474', '140', '838', '934', '76', '590', '482', '244', '13']
['630', '10', '141', '827', '700', '510', '671', '63']
['902', '223', '18', '478', '962', '61', '975', '8', '855', '326', '79', '189', '177', '781', '991', '293', '340', '456']
['919', '277', '582']
['68', '316', '149', '169', '349', '56', '699', '405', '362', '85', '724', '383', '790', '251', '627', '426', '553', '558']
['119', '545', '211', '774', '837']
['230', '353', '77', '922', '562', '886', '720', '974', '831', '480', '442', '533', '965', '966', '136', '151', '950', '916']
['787', '878', '621']
['173', '876', '588', '208', '145', '364', '739', '4', '958', '284', '676', '682', '303', '760', '506', '617', '517', '879']
['814', '597', '989', '552', '549']
['234', '402', '656', '455', '107', '939', '495', '331', '232', '927', '650', '747', '461', '542', '347', '317', '384', '937']
['444', '770', '29']
['846', '612', '92', '800', '603', '180', '373', '695', '915', '813', '263', '289', '524', '128', '408', '715', '35', '179']
['66', '296']
['397', '268', '657', '103', '270', '346', '938', '479', '565', '512', '631', '262', '897', '575', '327', '968', '273', '84']
['55', '793', '11']
['26', '620', '43', '640', '290', '196', '670', '411', '16', '65', '142', '653', '731', '895', '206', '376', '233', '59']
['338', '357', '806']
['135', '174', '830', '226', '658', '47', '437', '823', '258', '246', '908', '587', '677', '224', '802', '634', '385', '874']
['104', '96']
['106', '840', '521', '578', '309', '982', '518', '947', '413', '854', '7', '425', '642', '836', '988', '594', '412', '278']
['740', '900', '133']
['576', '875', '503', '271', '719', '894', '771', '166', '809', '469', '116', '150', '869', '23', '360', '764', '644', '97']
['525', '706']
['592', '882', '52', '926', '556', '858', '434', '312', '560', '769', '311', '120', '458', '264', '766', '567', '980', '529']
['502', '460']
['330', '944', '428', '546', '489', '328', '540', '33', '220', '608', '122', '459', '791', '883', '805', '361', '872', '866']
['738', '741']
['414', '44', '2', '250', '217', '216', '593', '204', '665', '952', '971', '511', '280', '672', '332', '778', '178', '637']
['550', '101']
['554', '583', '31', '314', '832', '190', '454', '710', '295', '963', '481', '185', '57', '423', '350', '493', '494', '559']
['580', '794']
['973', '581', '134', '129', '936', '279', '215', '176', '227', '113', '500', '186', '305', '725', '441', '568', '923', '369']
['730', '610', '389']
['998', '675', '921', '702', '735', '924', '888', '839', '561', '714', '325', '945', '514', '418', '801', '21', '905', '0']
['615', '629', '260']
['555', '705', '625', '254', '406', '614', '409', '310', '953', '90', '990', '468', '324', '164', '416', '484', '170', '701']
['903', '534', '762', '393']
['523', '572', '452', '48', '569', '257', '887', '131', '83', '400', '356', '146', '89', '513', '374', '602', '910', '148']
['285', '453']
['483', '306', '847', '810', '964', '898', '205', '954', '286', '744', '782', '187', '424', '219', '28', '911', '516', '5']
['199', '155']
['64', '371', '343', '828', '844', '913', '600', '58', '365', '917', '81', '713', '628', '942', '515', '935', '167', '959']
['995', '745']
['849', '336', '431', '432', '202', '563', '378', '153', '160', '421', '488', '611', '933', '110', '27', '24', '940', '302']
['690', '619']
['978', '743', '463', '914', '666', '266', '299', '195', '17', '727', '522', '396', '448', '222', '287', '993', '41', '755']
['138', '53', '655']
['931', '985', '163', '95', '647', '685', '979', '467', '320', '265', '768', '417', '334', '379', '834', '6', '564', '688']
['50', '613']
['38', '632', '816', '25', '987', '551', '46', '392', '127', '247', '674', '889', '130', '776', '508', '752', '863', '105']
['535', '62']
['797', '519', '439', '649', '856', '821', '440', '124', '36', '818', '733', '822', '748', '99', '394', '585', '664', '751']
['109', '661']
['212', '796', '269', '22', '531', '736', '370', '758', '464', '750', '235', '789', '817', '240', '845', '571', '641', '574']
['207', '951']
['249', '403', '485', '712', '191', '203', '765', '253', '126', '42', '925', '276', '256', '729', '407', '111', '961', '880']
['697', '788']
['307', '34', '390', '652', '3', '188', '857', '342', '721', '920', '322', '236', '981', '808', '473', '132', '94', '75']
['171', '348']
['87', '941', '209', '267', '678', '292', '54', '419', '829', '807', '852', '492', '680', '339', '577', '436', '471', '201']
['756', '181']
['49', '476', '255', '40', '607', '591', '462', '198', '154', '636', '172', '761', '51', '218', '1', '616', '896', '93']
['98']
['537', '867', '283', '851', '498', '536', '354', '850', '732', '30', '716', '899', '143', '780', '115', '956', '860', '71']
['932']
['82', '450', '261', '759', '643', '377', '501', '595', '711', '12', '548', '843', '401', '451', '491', '841', '144', '543']
['718']
['162', '960', '182', '645', '784', '366', '997', '948', '192', '570', '168', '100', '698', '329', '904', '679', '861', '214']
['72']
['599', '992', '566', '239', '345', '184', '200', '798', '668', '970', '683', '547', '221', '795', '799', '420', '231']
['646', '662', '928', '977', '410', '833', '238', '487', '967', '737', '259']
['39', '355', '835', '892', '449', '891', '696', '779', '726', '337', '67', '318', '986', '372', '175', '313', '504', '848']
['335']
['692', '763', '465', '606', '909', '86', '573', '826', '754', '994', '341', '651', '749', '842', '825', '984', '315', '352']
['722']
['430', '929', '639', '530', '873', '703', '742', '475', '74', '386', '815', '862', '541', '91', '972', '294']
['139', '626', '659', '708', '586', '734', '252', '152', '753', '69', '819', '859', '507', '773', '102', '344']
['803', '298', '557', '19', '300', '272', '367', '158', '949', '477', '297', '213', '660', '757', '121', '804', '885', '663']
['248']
['368', '955', '499', '20', '584', '70', '118', '304', '864', '333', '308', '520', '281', '707', '687', '137']
['638', '363', '505', '868', '881', '890', '112', '691', '193', '123', '117', '906', '622', '824']
['767', '579', '969', '225', '618', '14', '60', '157', '387', '429', '527', '526']
['443', '667', '229', '704', '228', '633', '596', '623', '996', '282', '422', '375', '446', '288', '865', '654', '786', '497']
['775']
['274', '777', '358', '194', '415', '918', '907', '871']
['457', '438', '319', '693', '466', '321', '73', '156', '275', '15']
['398', '435', '165', '351', '9', '717', '161', '853', '245', '669', '380', '78']
['681', '427', '544', '772', '125', '88', '820', '609', '983', '404', '291', '242']
['237', '183', '197', '689', '532', '323', '673', '399', '381']
['811', '395', '792', '901', '539', '490', '37', '80', '604', '388', '445']
['870', '470', '472', '45', '243', '32']
['648', '433', '957', '159', '709']
['496', '684', '746', '210', '601', '884', '694', '147', '486', '241', '723', '877']
['624', '108', '528', '382', '812']
['391', '893', '538', '509']
['999', '301', '605', '785']
['635', '946', '930', '912', '686']
