['41', '100', '545', '974', '494', '371', '976', '450', '742', '356', '726', '986', '286', '133', '88', '468', '181', '622', '943', '391', '7', '957', '844', '928', '644', '214', '743', '80', '377', '432', '971', '508', '553', '607', '719', '613', '149', '510', '803', '679', '438', '423', '673', '262', '50', '405', '947', '364', '612', '22', '615', '229', '392', '609', '492', '231', '276', '74', '731', '918', '16', '813', '142', '384', '717', '796', '404', '486', '151', '328', '256', '721', '810', '98', '272', '203', '421', '651', '856', '551', '563', '406', '927', '380', '720', '255', '668', '775', '397', '43', '687', '873', '342', '836', '990', '206', '534', '643', '403', '889', '14', '451', '575', '979', '179', '535', '53', '315', '299', '511', '570', '228', '85', '499', '596', '387', '287', '162', '538', '157', '482', '169', '526', '116', '905', '763', '68', '951', '523', '331', '424', '603', '270', '461', '241', '502', '335', '793', '298', '161', '257', '527', '224', '985', '258', '195', '714', '559', '908', '278', '854', '428', '478', '952', '481', '29', '512', '436', '402', '658', '63', '60', '363', '751', '961', '264', '296', '729', '816', '187', '906', '362', '994', '628', '176', '474', '962', '792', '987', '578', '129', '678', '652', '11', '945', '685', '271', '150', '776', '913', '795', '617', '427', '835', '64', '336', '484', '630', '734', '352', '637', '787', '579', '351', '849', '627', '365', '136', '663', '893', '814', '676', '736', '401', '761', '785', '632', '916', '788', '367', '705', '361', '277', '852', '470', '923', '491', '446', '833', '198', '504', '931', '926', '243', '471', '871', '497', '398', '704', '487', '516', '899', '900', '120', '556', '458', '797', '839', '131', '680', '165', '313', '111', '897', '87', '831', '302', '282', '738', '261', '216', '739', '294', '324', '395', '118', '853', '646', '317', '182', '222', '528', '686', '823', '886', '190', '259', '66', '132', '582', '266', '97', '65', '467', '330', '620', '15', '770', '93', '804', '860', '378', '103', '249', '227', '140', '33', '635', '938', '711', '554', '239', '818', '354', '36', '314', '109', '542', '654', '130', '199', '747', '675', '91', '857', '772', '992', '0', '390', '966', '75', '618', '805', '369', '781', '848', '693', '970', '3', '185', '95', '83', '321', '649', '418', '549', '756', '759', '355', '606', '543', '61', '762', '84', '758', '741', '798', '237', '24', '940', '490', '716', '503', '21', '213', '802', '712', '235', '337', '808', '323', '46', '144', '292', '766', '995', '821', '332', '577', '6', '827', '757', '146', '829', '349', '147', '911', '247', '605', '700', '573', '386', '713', '640', '843', '329', '694', '933', '647']
['973', '407', '800', '115', '253', '420', '891', '956', '168', '864', '318', '922', '935', '723', '55', '616', '863', '624', '410', '764', '954', '280', '567', '602', '381', '394', '639', '28', '621', '896', '125', '220', '977', '309', '245', '495', '820', '574', '571', '346', '305', '914', '408', '244', '480', '822', '137', '285', '541', '439', '744', '333', '62', '760', '51', '86', '281', '297', '453', '201', '385', '529', '665', '236', '670', '417', '936', '412', '765', '326', '477', '178', '779', '460', '322', '10', '898', '645', '611', '851', '724', '414', '674', '267', '310', '177', '683', '949', '128', '932', '753', '917', '290', '320', '894', '548', '69', '562', '166', '946', '250', '113', '119', '263', '572', '830', '682', '733', '608', '242', '475', '583', '801', '591', '626', '445', '112', '226', '656', '488', '557', '587', '999', '440', '393', '782', '725', '344', '71', '173', '564', '660', '301', '988', '778', '866', '661', '379', '706', '657', '614', '874', '191', '156', '655', '996', '585', '159', '861', '681', '223', '912', '359', '631', '509', '99', '642', '879', '284', '437', '443', '650', '283', '641', '909', '396', '200', '982', '998', '735', '319', '978', '880', '268', '745', '669', '786', '547', '722', '773', '19', '358', '869', '160', '634', '316', '883', '845', '221', '465', '789', '964']
['370', '540', '981', '589', '983', '300', '2', '52', '648', '102', '515', '193', '703', '870', '552', '671', '840', '18', '584', '993', '710', '372', '847', '807', '34', '919', '90', '17', '777', '383', '77', '518', '730', '755', '701', '154', '455', '26', '501', '942', '696', '732', '171', '941', '429', '915', '94', '1', '325', '841', '425', '472', '955', '901', '32', '937', '876', '208', '197', '143', '40', '593', '339', '902', '295', '868', '312', '958', '210', '599', '636', '600', '867', '78', '939', '444', '8', '82', '699', '269', '850', '353', '783', '862', '350', '463', '389', '303', '343', '768', '505', '163', '164', '38', '544', '291', '536', '374', '473', '610', '219', '192', '546', '308', '76']
['233', '13', '929', '442', '533', '304', '293', '855', '415', '47', '692', '828', '96', '959', '799', '667', '794', '892', '422', '183', '576', '749', '215', '54', '462', '175', '368', '780', '234', '629', '12', '275', '963', '20', '960', '188', '400', '948', '531', '872', '155', '334', '638', '513', '525', '70', '907', '104', '604', '194', '366', '972', '466', '167', '752']
['340', '592', '44', '594', '211', '419', '274', '205', '341', '148', '485', '991', '279', '698', '217', '924', '493', '944', '265', '718', '108', '707', '930', '476', '997', '218', '230', '240', '35', '153', '114']
['152', '980', '769', '246', '49', '708', '832', '904', '454', '659', '42', '141', '209', '57', '447']
['469', '817', '975', '859', '79', '158', '662', '73', '101', '791', '677', '965', '666']
['969', '532', '524', '122']
['825', '506', '811']
['170', '806', '431']
['399']
['31']
['435']
['967', '345', '376']
['581']
['878', '625']
['530']
['884']
['590']
['48']
['433']
['727']
['689']
['566']
['260']
['824']
['347']
['134']
['595']
['288']
['895']
['890']
['189']
['105']
['697']
['514']
['489']
['180']
['568', '826']
['597']
['740']
['702']
['212']
['569']
['767']
['434']
['771']
['89', '186']
['273']
['537']
['457']
['123']
['865']
['39', '875']
['691']
['67']
['107', '92']
['251']
['519']
['539']
['5']
['934']
['888']
['885']
['920']
['289', '202']
['715']
['248']
['790']
['138']
['45']
['449', '968']
['653']
['601']
['135']
['357']
['684']
['81', '456']
['375']
['225']
['500']
['522']
['774']
['72']
['23']
['580']
['953']
['846']
['809']
['348']
['586']
['483']
['448']
['479']
['842']
['106', '623']
['441']
['737']
['819', '452']
['117']
['9']
['748']
['598']
['560']
['416']
['565', '784']
['426']
['688', '709']
['664']
['139']
['338']
['382']
['56']
['430']
['672']
['984']
['126']
['887']
['837']
['413', '127']
['921']
['521']
['207']
['925', '517']
['950']
['754']
['558']
['838']
['690']
['989']
['520']
['550']
['110']
['858']
['25']
['409']
['695']
['232']
['30']
['746']
['58']
['834']
['121']
['327']
['184']
['196']
['145']
['174']
['254']
['812']
['464']
['124']
['877']
['411']
['459', '307']
['588', '882']
['311']
['172']
['903']
['27']
['910']
['619']
['728']
['373']
['238']
['252']
['306', '4']
['37', '507']
['59']
['498']
['815']
['555']
['750', '496']
['561']
['388', '881']
['360']
['633', '204']
