['115', '322', '222', '168', '438']
['161', '48', '330', '461', '431']
['215', '304', '8', '158', '450', '444']
['182', '288', '464', '306', '239', '483']
['468', '361', '160', '479']
['22', '487', '112', '63']
['491', '174', '492']
['280', '175', '242', '371']
['32', '413', '29', '179']
['43', '52', '439', '45']
['155', '333', '416', '284', '462', '74']
['118', '55', '144', '267']
['372', '378', '28', '411']
['273', '124', '147', '264', '331', '154']
['396', '476', '258', '405']
['156', '238', '134']
['18', '263', '295', '235', '399']
['251', '398', '137', '197']
['254', '193', '93', '353', '373', '109']
['379', '313', '341', '149', '4', '488']
['163', '129', '248', '332', '190']
['79', '113', '316', '88', '31', '69']
['225', '262', '236', '41', '150']
['342', '116', '433', '308', '56', '84']
['127', '176', '6', '477', '348', '100']
['329', '499', '120', '164']
['445', '408', '5', '20']
['196', '397', '428', '229', '290']
['200', '128', '207', '380', '65', '454']
['157', '64', '417', '352', '270', '423']
['49', '385', '412', '473', '9']
['99', '404']
['67', '367', '401', '344', '202']
['133', '234', '148', '185', '357', '83']
['213', '347', '442', '228', '495']
['146', '490', '327', '315']
['314', '53', '46', '257', '90']
['212', '435', '410', '123', '338', '224']
['7', '188', '489', '151', '441', '391']
['388', '89', '214', '317', '382']
['192', '498']
['169', '241']
['141', '246', '259', '37', '478']
['469', '252', '324']
['38', '86', '269', '189', '351', '475']
['312', '68', '292', '96']
['309', '448', '407', '221', '278', '359']
['117', '465', '297', '363', '424', '446']
['271', '350', '360', '283', '106']
['12', '61', '320', '467', '131']
['481', '91', '34', '35', '443', '437']
['195', '339', '394', '173', '356']
['311', '125', '237', '13', '132', '59']
['387', '206', '447', '104', '268', '66']
['201', '305', '381', '85']
['434', '233', '459', '253', '451', '17']
['181', '409', '95', '180', '293']
['402', '186', '217', '205']
['383', '466', '54', '296']
['419', '458', '374', '136', '336', '484']
['346', '42', '232', '39', '111']
['152', '15', '199', '50', '36', '51']
['209', '153', '365', '135']
['211', '114', '300', '337', '230']
['436', '178', '47', '30', '108', '272']
['470', '455', '426', '328', '204', '307']
['223', '210', '335', '369', '165']
['171', '226', '105', '187', '294', '449']
['72', '406', '291', '260', '94', '138']
['140', '429', '247', '203', '40', '97']
['0', '142', '496', '122', '87']
['70', '485', '299', '432', '255']
['256', '119', '393', '364', '321']
['121', '370', '281', '345', '1', '425']
['44', '418', '130', '194']
['110', '301', '275', '62', '480', '162']
['143', '220', '460', '276', '19', '482']
['24', '3', '58', '358', '287']
['172', '289', '71', '227']
['101', '244', '92', '81', '354']
['102', '107', '452', '366', '26', '145']
['60', '389', '277', '139', '486', '463']
['390', '318', '33', '325', '456']
['368', '167', '76', '298']
['231', '218', '16', '440', '493']
['414', '400', '78', '453', '25', '427']
['403', '377', '21', '73']
['326', '302', '384', '279', '430', '343']
['191', '274', '375', '177', '334']
['126', '184', '282', '422', '103']
['75', '57', '98', '420', '319']
['80', '265', '376', '77', '250', '395']
['216', '198', '355', '494']
['2', '285', '286', '240', '219', '14']
['266', '166', '392', '497', '249', '82']
['245', '457', '11', '159', '27', '208']
['303', '261', '474', '170', '310', '421']
['471', '472', '340', '415', '10']
['362', '349', '386']
['183', '243', '23', '323']
