['279', '498', '358', '537', '643', '886', '831', '275', '77', '934', '791', '164', '280', '677', '543', '707', '53', '72', '628', '912', '89', '298', '408', '56', '607', '111', '758', '654', '131', '228', '828', '390', '203', '188', '558', '389', '338', '584', '176', '398', '200', '784', '17', '808', '340', '617', '873', '908', '620', '420', '366', '702', '807', '737', '369', '24', '61', '581', '68', '925', '7', '269', '724', '556', '593', '16', '823', '148', '397', '757', '170', '662', '63', '572', '83', '956', '693', '694', '659', '723', '214', '451', '832', '944', '569', '898', '928', '822', '472', '548', '342', '696', '299', '587', '244', '325', '922', '476', '295', '670', '568', '666', '943', '39', '294', '727', '882', '209', '678', '189', '373', '290', '904', '433', '494', '208', '264', '785', '286', '60', '59', '775', '716', '861', '407', '914', '469', '885', '224', '473', '444', '840', '772', '35', '155', '518', '270', '307', '168', '357', '621', '740', '818', '175', '640', '246', '432', '493', '348', '836', '565', '263', '363', '156', '384', '248', '149', '933', '276', '11', '907', '809', '32', '337', '233', '644', '598', '67', '76', '448', '2', '97', '608', '217', '206', '588', '778', '734', '27', '909', '205', '710', '733', '324', '435', '948', '680', '197', '211', '884', '614', '679', '876', '310', '632', '31', '811', '530', '421', '417', '605', '213', '477', '492', '454', '753', '688', '523', '80', '520', '510', '327', '353', '843', '114', '665', '478', '301', '90', '690', '583', '130', '457', '50', '940', '649', '92', '201', '326', '416', '418', '616', '447', '623', '768', '377', '850', '612', '395', '40', '622', '379', '387', '496', '466', '308', '742', '629', '514']
['718']
['101', '319', '184', '126', '306', '371', '722', '646', '745', '173', '658', '821', '128', '95', '430', '13', '890', '792', '166', '458', '508', '378', '860', '726', '842', '667', '304', '159', '232', '652', '242', '863', '869', '21', '562', '151', '817', '115', '312', '84', '633', '578', '888', '178', '427', '715', '805', '542', '360', '79', '18', '71', '497', '689', '402', '714', '759', '449', '800', '615', '82', '172', '474', '577', '839', '19', '57', '182', '58', '534', '221', '70', '532', '30', '210', '254', '73', '314', '613', '927', '553', '858', '261', '602', '241', '906', '437', '6', '751', '163', '218', '4', '762', '121', '323', '720', '413', '272', '141', '829', '713', '69', '747', '893', '479', '42', '500', '627', '761', '728', '152', '525', '641', '529', '33', '216', '289', '903', '618', '566', '409', '54', '783', '100', '439', '913', '712', '705', '226', '695', '589', '935', '177', '511', '721', '491', '661', '284', '341', '62', '857', '305', '336', '490', '744', '300', '297', '334', '410', '875', '467', '892', '37', '316', '376', '41', '603', '103', '237', '561', '25', '112', '851', '849', '333', '481', '245', '196', '668', '563', '29', '916', '522', '65', '266', '647', '331', '347', '441', '274', '142', '354', '611', '108', '66', '329', '396', '655', '116', '881', '139', '552', '311', '594', '519', '637', '109', '917', '797', '527', '544', '657', '739', '343', '424', '700', '375', '606', '870', '595', '741', '502', '841', '93', '260', '239', '137', '372', '905', '105', '580', '883', '303', '281', '929', '847', '901', '165', '586', '824', '576', '887', '144', '450', '777', '528', '404', '918', '539', '127']
['49', '134', '559', '930', '910', '564', '845', '243', '190', '147', '181', '931', '252', '938', '499', '550', '198', '669', '815', '672', '436', '706', '352', '624', '953', '484', '626', '88', '483', '803', '55', '819', '74', '827', '648', '368', '786', '506', '256', '856', '673', '125', '638', '591', '423', '853', '85', '941', '258', '386', '117', '110', '309', '651', '609', '195', '443', '234', '46', '946', '464', '229', '503', '517', '9', '240', '133', '793', '463', '684', '212', '459', '169', '924', '460', '635', '804', '302', '317', '370', '516', '782', '671', '318', '238', '0', '645', '455', '385', '560', '265', '99', '96', '356', '704', '596', '118', '697', '136', '896', '776', '787', '154', '767', '485', '864', '812', '185', '268', '140', '838', '711', '14', '382', '796', '392', '676', '332', '350', '223', '891']
['425', '750', '770', '515', '505', '531', '942', '501', '937', '259', '482', '880', '731', '113', '790', '456', '902', '381', '405', '230', '225', '590', '215', '273', '475', '1', '180', '489', '692', '422', '183', '359', '551', '592', '426', '897', '634', '653', '3', '287', '91', '570', '636', '949', '414', '431', '330', '895', '247', '524', '579', '814', '107', '771', '848', '774', '844', '48', '52']
['124', '26', '288', '465', '487', '411', '756', '47', '521', '855', '86', '748', '283', '470', '810', '764', '38', '509', '346', '846', '536', '5', '625', '923', '703', '391', '313', '199']
['650', '403', '788', '664', '351', '429', '123', '442', '94', '257', '619', '15', '461', '708', '939', '674', '642', '868', '899', '541']
['282', '743', '801', '255', '936']
['698', '401']
['367', '51', '729']
['374']
['900']
['833']
['816']
['545']
['567']
['174']
['419']
['75']
['135']
['894']
['799']
['355']
['202']
['320']
['171']
['231']
['709']
['146']
['222']
['143']
['597']
['571']
['945']
['365']
['865']
['837']
['825']
['253']
['879']
['122']
['630']
['582']
['760']
['802']
['428']
['362']
['321']
['207']
['179']
['412']
['735']
['191']
['296']
['119']
['533']
['167']
['394']
['681']
['20']
['162']
['874']
['915']
['765']
['789']
['738']
['557']
['471']
['573']
['769']
['87']
['192']
['78']
['773']
['361']
['921']
['683']
['538']
['631']
['660']
['535']
['512']
['867']
['932']
['852']
['862']
['438']
['393']
['830']
['120']
['754']
['388']
['434']
['262']
['227']
['546']
['779']
['415']
['106']
['798']
['292']
['349']
['161']
['752']
['526']
['160']
['400']
['236']
['763']
['462']
['610']
['854']
['153']
['656']
['954']
['81']
['780']
['600']
['725']
['686']
['10']
['250']
['278']
['717']
['639']
['468']
['554']
['781']
['755']
['955']
['315']
['540']
['453']
['486']
['872']
['194']
['285']
['150']
['604']
['826']
['919']
['794']
['699']
['34']
['293']
['138']
['45']
['235']
['585']
['878']
['480']
['574']
['951']
['129']
['267']
['157']
['345']
['145']
['187']
['251']
['701']
['795']
['43']
['445']
['44']
['23']
['344']
['98']
['736']
['277']
['871']
['547']
['859']
['820']
['383']
['746']
['220']
['926']
['328']
['549']
['601']
['104']
['682']
['575']
['28']
['691']
['555']
['488']
['291']
['920']
['204']
['513']
['834']
['599']
['8']
['911']
['719']
['950']
['732']
['813']
['685']
['406']
['22']
['249']
['507']
['12']
['504']
['675']
['947']
['271']
['380']
['339']
['193']
['877']
['806']
['446']
['889']
['219']
['36']
['687']
['452']
['663']
['766']
['364']
['730']
['102']
['835']
['440']
['186']
['322']
['132']
['749']
['952']
['495']
['64']
['866']
['158']
['335']
['399']
