['290', '197', '450', '552', '682', '208', '330', '205', '616', '638']
['232']
['572', '503', '28', '379', '327', '591', '142', '202', '499', '507']
['462']
['560', '628', '1', '248', '70', '121', '672', '725', '827', '695']
['484']
['278', '38', '753', '141', '629', '670', '401', '310', '2', '626']
['30']
['495', '355', '575', '820', '554', '119', '63', '605', '415', '378']
['124']
['476', '544', '447', '169', '645', '74', '168', '143', '748', '791']
['173']
['127', '838', '191', '83', '252', '231', '26', '796', '163', '497']
['49']
['239', '709', '190', '86', '492', '243', '541', '608', '787', '225']
['721']
['95', '256', '184', '569', '824', '659', '177', '512', '519', '359']
['692']
['478', '112', '182', '140', '201', '624', '296', '317', '705', '665']
['558']
['722', '80', '750', '581', '658', '31', '456', '537', '434', '361']
['521']
['663', '661', '730', '646', '831', '754', '3', '743', '690', '486']
['489']
['514', '698', '785', '481', '301', '172', '294', '574', '496', '312']
['223']
['475', '719', '699', '654', '73', '464', '691', '346', '466', '813']
['367']
['396', '393', '245', '825', '7', '377', '779', '340', '277', '657']
['708']
['40', '524', '421', '491', '258', '199', '790', '522', '783', '67']
['482']
['781', '161', '403', '240', '180', '9', '14', '274', '650', '837']
['809']
['422', '436', '139', '567', '82', '733', '306', '619', '241', '238']
['704']
['156', '789', '414', '383', '841', '538', '806', '360', '656', '283']
['212']
['766', '775', '678', '550', '76', '337', '487', '102', '803', '166']
['527']
['711', '445', '226', '293', '266', '71', '667', '365', '220', '411']
['209']
['326', '542', '394', '773', '615', '505', '797', '747', '354', '103']
['410']
['254', '56', '643', '61', '500', '117', '556', '384', '8', '531']
['66']
['469', '18', '617', '614', '332', '448', '130', '485', '588', '287']
['358']
['288', '424', '723', '621', '693', '498', '138', '683', '553', '132']
['520']
['79', '770', '549', '351', '771', '279', '174', '192', '590', '584']
['664']
['100', '328', '640', '467', '720', '470', '413', '688', '5', '687']
['817']
['680', '676', '627', '702', '207', '570', '333', '213', '523', '798']
['244']
['673', '331', '286', '230', '110', '763', '586', '253', '703', '275']
['128']
['836', '736', '632', '778', '193', '814', '77', '540', '10', '388']
['146']
['68', '41', '272', '468', '104', '349', '685', '423', '810', '311']
['592']
['442', '799', '533', '233', '545', '0', '758', '170', '714', '830']
['85']
['812', '398', '91', '596', '839', '706', '769', '316', '454', '206']
['761']
['323', '304', '651', '594', '342', '543', '737', '101', '741', '443']
['195']
['712', '573', '105', '727', '648', '387', '315', '426', '707', '6']
['760']
['17', '227', '821', '674', '745', '726', '126', '167', '356', '402']
['793']
['717', '417', '48', '336', '222', '557', '438', '129', '623', '52']
['329']
['295', '457', '273', '72', '842', '44', '843', '159', '677', '271']
['224']
['229', '536', '479', '477', '780', '412', '47', '431', '516', '60']
['579']
['282', '611', '250', '622', '429', '21', '792', '642', '268', '804']
['794']
['444', '33', '196', '318', '181', '15', '133', '158', '630', '504']
['559']
['460', '215', '767', '334', '237', '517', '832', '261', '668', '214']
['353']
['366', '242', '389', '802', '134', '603', '818', '20', '671', '64']
['34']
['111', '247', '19', '811', '154', '144', '369', '236', '155', '734']
['164']
['118', '427', '835', '716', '372', '375', '338', '416', '55', '433']
['738']
['440', '710', '728', '555', '319', '62', '602', '508', '441', '551']
['399']
['641', '759', '620', '42', '606', '122', '593', '93', '490', '153']
['262']
['731', '515', '502', '59', '246', '764', '120', '585', '562', '381']
['844']
['4', '309', '16', '649', '299', '774', '371', '183', '151', '194']
['461']
['263', '539', '610', '259', '689', '511', '341', '653', '392', '430']
['75']
['637', '210', '178', '92', '718', '724', '87', '822', '713', '345']
['455']
['582', '390', '634', '777', '526', '563', '535', '147', '823', '43']
['518']
['162', '407', '29', '54', '305', '807', '368', '363', '339', '684']
['116']
['313', '96', '53', '530', '157', '494', '613', '428', '800', '762']
['756']
['362', '325', '370', '625', '235', '357', '808', '39', '501', '373']
['752']
['347', '57', '815', '729', '666', '597', '749', '437', '69', '187']
['701']
['451', '219', '211', '264', '251', '385', '474', '801', '114', '386']
['84']
['746', '452', '419', '65', '439', '735', '715', '292', '493', '697']
['270']
['97', '107', '589', '480', '175', '98', '580', '25', '125', '198']
['506', '46', '109', '408', '595', '321', '547', '179', '465', '458']
['647']
['217', '566', '89', '604', '829', '314', '152', '425', '149', '768']
['446']
['135', '669', '78', '510', '618', '395', '819', '380']
['32', '633', '644', '488', '635', '99', '136', '409', '826']
['420', '35', '186', '795']
['473', '700', '694', '828']
['23', '160', '435', '786', '36', '90', '681']
['51', '281', '11']
['284', '655', '525']
['601', '513', '471', '528', '234', '534']
['374', '639', '755']
['364']
['145']
['257']
['509']
['27']
['22']
['165']
['12']
['459']
['113']
['600']
['607']
['255']
['587']
['686']
['652']
['463']
['636']
['757']
['739']
['609']
['599']
['571']
['376']
['185']
['291']
['805']
['344']
['45']
['765']
['123']
['397']
['404']
['382']
['772']
['406']
['577']
['816']
['24']
['171']
['840']
['696']
['302']
['297']
['218']
['483']
['782']
['833']
['352']
['285']
['58']
['108']
['249']
['276']
['203']
['548']
['50']
['742']
['204']
['662']
['405']
['679']
['216']
['660']
['115']
['598']
['568']
['578']
['148']
['834']
['453']
['391']
['228']
['449']
['583']
['320']
['675']
['308']
['529']
['260']
['269']
['776']
['400']
['289']
['348']
['564']
['788']
['137']
['150']
['350']
['612']
['13']
['740']
['561']
['200']
['324']
['81']
['37']
['88']
['176']
['94']
['546']
['343']
['751']
['732']
['532']
['131']
['300']
['221']
['267']
['189']
['565']
['335']
['265']
['298']
['106']
['307']
['280']
['472']
['432']
['303']
['784']
['418']
['188']
['322']
['576']
['631']
['744']
