['165', '207']
['445']
['23', '242', '133', '132', '125', '409', '151', '480', '181', '331', '28', '220', '260', '298', '336', '100', '253', '341', '397']
['325', '324']
['305']
['385', '440', '38', '21', '140', '141', '128', '314', '150', '376', '226', '178', '0', '391', '452', '485', '351']
['396']
['288']
['25']
['276', '332', '300', '142', '56', '299', '488', '156', '161', '114', '29', '162', '135', '176', '195', '208', '289', '139', '354', '67', '493', '483', '498', '275', '10', '405', '428', '282', '350', '111', '249', '106', '211', '102', '478', '144', '467', '17', '205', '70', '265', '200', '357', '372', '237', '426', '414', '304', '303', '308', '475', '146', '462', '171', '61', '254', '482', '261', '362', '408', '311', '264', '137', '32', '101', '14', '47', '441', '412', '86', '417', '262', '43', '481', '437', '424', '74', '9', '301', '383', '471', '497', '16', '105', '495', '470', '250', '296', '403', '68', '108', '22', '290', '371', '194', '31', '138', '33', '4', '379', '333', '130', '183', '35', '15', '60', '458', '278', '356', '432', '155', '326', '148', '272', '329', '313', '295', '96', '13', '243', '202', '121', '307', '120', '340', '455', '443', '117', '479', '26', '393', '193', '285', '42', '355', '185', '327', '6', '230', '491', '448', '206', '7', '177', '435', '337', '232', '116', '59', '419', '69', '136', '252', '12', '219', '472', '50', '280', '246', '456', '199', '112', '418', '154', '11', '164', '490', '235', '302', '46', '469', '170', '145', '71', '349', '346', '188', '380', '238', '431', '427', '259', '234', '192', '315', '45', '496', '113', '51', '174', '212', '90', '89', '227', '48', '36', '388', '297', '430', '223', '172', '347', '459', '231', '241', '277', '489']
['179']
['118']
['92']
['294', '168']
['57', '184']
['369', '186']
['187', '87']
['416', '83', '406', '62', '464', '77', '453', '274', '85', '386', '293', '41', '129', '64', '484', '2', '271', '197', '476', '394', '465', '124', '103', '55', '442', '97', '359', '342', '80', '88', '402', '468', '131', '373', '404', '410', '492', '343', '378', '318', '363', '358', '157', '344', '436', '339', '499', '366', '382', '91', '54', '218', '1', '291', '309', '422', '292', '143', '24', '286', '203', '66', '52', '37', '166', '319', '98', '348', '149', '107', '447', '328', '159', '245', '75', '494', '247', '429', '215', '73', '104', '109', '160', '175', '461', '126', '360', '268', '8', '330', '158', '240', '433', '222', '398', '163', '487', '421', '221', '256', '270', '352', '18', '279', '338', '392', '377', '5', '95', '189', '53', '190', '446', '196', '255', '401', '3', '201', '370', '466', '284', '210', '454', '395', '167', '257', '486', '147', '317', '191', '384', '76', '266', '27', '457', '306', '152', '444', '439', '451', '49', '233', '204', '312', '20', '316', '390', '198', '169', '127', '322', '263']
['474', '236', '321', '387', '217', '407', '110', '229', '420', '365', '239', '40', '34', '228', '353', '248', '216', '389', '283', '413', '78', '267', '399', '180', '273', '244', '434', '334', '460', '450', '173', '30', '400', '19', '368', '477', '364', '287', '281', '182', '345', '72', '423', '65', '79', '310', '94', '463', '473', '82', '209', '123', '269', '375', '225', '81', '367', '335', '58', '115', '361', '374', '449', '93', '251', '415', '323', '99', '320', '224', '134', '258', '214', '381', '84', '122', '39', '63', '438', '213', '44', '153', '425', '411']
['119']
