['755', '175', '708', '177']
['566', '597', '506', '512', '120', '347']
['130', '18', '420', '475']
['180', '443', '225', '13', '764', '648', '531']
['355', '45', '461', '611']
['509', '734', '403']
['170', '379', '297']
['536', '458', '381', '698', '459']
['423', '515', '783', '62']
['343', '112', '310', '392', '356', '760']
['301', '71', '172', '587']
['657', '283', '471', '570']
['386', '229', '551', '0']
['727', '772', '444', '745']
['421', '160', '201']
['716', '404', '245', '453', '442']
['34', '448', '786', '562', '50']
['37']
['619', '617', '208', '125']
['163', '571', '368', '374']
['105', '85', '108', '25']
['655', '796', '690', '9', '743', '287']
['561', '726', '401', '683', '291']
['460', '317', '219', '322']
['574', '532', '753', '293']
['456', '217', '795', '389']
['524', '659', '709', '101']
['658', '697', '789', '138', '399']
['60', '100', '59', '335']
['560', '176', '29', '499']
['336', '354', '133', '272']
['196', '511', '376', '316', '200']
['162', '155', '476', '22']
['781', '500', '231', '337']
['202', '151', '65']
['773', '383', '797', '407']
['547', '606', '186', '2']
['424', '761', '165', '169']
['159', '526', '277', '678']
['258', '313', '595', '685']
['218', '113', '622', '654', '605', '502']
['693', '153', '747', '630']
['642', '38', '427', '699']
['370', '290', '792', '288']
['43', '232', '110', '603', '578']
['117']
['746', '489', '601', '154', '742', '393']
['798', '548', '545', '198']
['688', '28', '128']
['577', '583', '179', '612', '572']
['94', '696', '145', '451', '533', '216']
['608', '366']
['589', '784', '487', '300']
['705', '302', '98', '253']
['468', '61', '123', '267']
['672', '261', '104', '187']
['248', '546', '346', '534']
['497', '770', '279', '234', '748']
['540', '7', '191', '604']
['81', '768', '732', '109']
['14', '296', '323', '779']
['350', '364', '472', '199', '33', '398', '679']
['599', '206', '262', '496']
['516', '126', '555']
['371', '711', '704', '351']
['405', '712', '674', '46']
['640', '629', '8', '503']
['319', '521', '557', '193', '535', '663']
['794', '735', '276', '758']
['307', '24', '247']
['638', '788', '741', '242']
['274', '465', '417', '485']
['251', '550', '222']
['667']
['135', '729', '721', '542', '586']
['41', '212', '397', '757', '501']
['380', '394', '529', '431', '408']
['75', '250', '47', '87', '717']
['600', '593', '132', '769']
['614', '72', '419']
['134', '264', '306', '799']
['308', '731', '567', '428', '422', '144']
['579', '143', '334', '554']
['68', '771', '508', '88']
['632', '494', '462', '53']
['620', '352', '479', '106']
['751', '413', '681', '467']
['195', '677', '268']
['669', '362', '363', '430']
['299', '189', '122', '737']
['662', '513', '436', '624', '213', '260']
['295', '680', '11']
['720', '183', '793', '111', '646']
['765', '239', '345', '759', '633']
['596', '556', '77', '312']
['463']
['326', '645', '602', '518']
['92', '433', '51', '395', '776']
['377', '137', '733', '342']
['221']
['493', '701']
['767', '73', '652']
['544', '492', '621', '156']
['584', '215', '402']
['282', '204', '289', '305']
['474']
['90']
['382', '396', '495', '190']
['89', '32', '723', '157', '469', '181', '349']
['255', '418', '725', '365']
['285', '5', '631', '607']
['447', '409', '332', '635']
['331', '749', '455']
['304', '610', '149', '103', '664', '522', '689']
['384', '692', '298', '634']
['724']
['520', '249', '478']
['592', '498', '449', '549']
['576', '185', '4', '146']
['311', '714', '510', '636']
['136', '15', '344', '568']
['446', '142', '477', '205']
['722', '787', '700', '581']
['641']
['740', '223', '713', '257']
['320', '21', '324', '573']
['140']
['182']
['57', '19', '17', '266']
['694', '325', '348']
['425', '450', '359', '671', '321']
['559', '466', '107', '246', '618']
['114', '228', '670']
['598', '766', '538', '615']
['647']
['83', '119', '184']
['750']
['763', '243', '706', '227', '121']
['756', '141', '358', '644']
['27', '682', '558', '625']
['707', '129', '588', '375']
['486', '236', '127', '552']
['194', '49', '412', '281', '539', '530']
['590', '39', '414', '525']
['209', '361', '651', '715', '623']
['691', '173', '84']
['44', '79', '42', '778']
['514', '719', '158', '676']
['339', '426', '314', '491']
['473', '527', '537', '626']
['752', '207', '440']
['673', '435', '507', '224', '668']
['718', '292', '661', '543']
['235', '519', '171']
['411', '237', '148', '233', '439']
['54', '754', '259', '684']
['64', '256', '23', '637']
['56', '675', '665', '387']
['139', '523', '627']
['390', '263', '280']
['58', '373']
['437', '613', '780', '26']
['483', '736', '656', '174']
['703', '470', '378']
['569', '482', '481', '161']
['210', '580', '102', '762']
['220', '131', '695', '782']
['445', '78', '211', '730']
['69', '303', '628', '660']
['369', '528', '167', '91', '504', '226']
['20', '252', '391', '429']
['309', '36', '124', '93']
['40', '214', '441', '649']
['744', '66', '10', '357', '454', '286', '400']
['775', '6', '230', '284', '340', '327', '687']
['116', '96', '74', '150']
['329', '48', '438']
['406', '490', '410', '710', '739']
['360', '639', '330', '12', '341']
['270', '328', '517', '147', '464']
['238', '452', '166', '168']
['278', '265', '541']
['415', '484', '55', '790']
['318', '609', '702']
['372', '434', '564']
['115', '82', '203', '197']
['294', '666', '686', '70', '338']
['269', '432', '416']
['488', '16', '353', '188']
['505', '273', '616', '563']
['480', '152', '643', '52', '30', '271']
['594', '367', '738', '650']
['178', '1', '31', '275', '582', '553']
['164', '80', '241', '3']
['388', '76', '591']
['728', '785', '653', '240', '35', '99']
['86', '118', '565', '97']
['244', '585', '67', '192']
['63', '95', '315', '774']
['777', '333', '791', '457', '254', '575', '385']
