['375', '505', '645', '215', '264', '405', '720', '445', '153', '194', '502', '800', '362', '816', '871', '19', '469', '882', '621', '641', '395', '333', '689', '679', '83', '792', '534', '837', '220', '14', '272', '971']
['297', '380', '980', '507', '224', '81', '384', '306', '556', '615', '510', '376', '147', '545', '934', '201', '594', '789', '734', '932', '486', '908', '112', '671', '114', '162', '27', '396', '206', '146', '912', '526']
['916', '779', '978', '442', '551', '95', '888', '827', '966', '845', '972', '713', '983', '657', '629', '187', '696', '82', '407', '283', '249', '67', '848', '286', '637', '255', '499', '936', '997', '973', '40', '52']
['956', '835', '496', '870', '343', '392', '750', '693', '495', '598', '345', '160', '867', '560', '819', '461', '775', '403', '389', '494', '709', '370', '96', '498', '584', '449', '242', '901', '195', '863', '212', '288']
['726', '259', '970', '387', '951', '444', '28', '963', '739', '937', '192', '567', '155', '101', '529', '571', '350', '764', '293', '221', '528', '943', '417', '756', '386', '892', '824', '939', '989', '261', '234', '110']
['203', '565', '587', '335', '542', '862', '456', '500', '404', '121', '791', '909', '753', '933', '6', '136', '549', '829', '338', '945', '292', '688', '782', '73', '171', '450', '988', '412', '838', '776', '247', '924']
['703', '102', '197', '124', '257', '104', '574', '332', '42', '687', '77', '454', '418', '413', '21', '139', '229', '910', '44', '878', '815', '327', '607', '388', '94', '7', '91', '698', '670', '458', '985', '50']
['805', '628', '128', '503', '441', '724', '262', '107', '209', '90', '213', '239', '866', '26', '817', '601', '476', '719', '29', '8', '780', '984', '979', '233', '928', '823', '258', '519', '905', '87', '446', '711']
['889', '472', '421', '523', '108', '322', '63', '440', '668', '10', '553', '268', '580', '931', '176', '809', '285', '149', '589', '159', '5', '949', '557', '188', '962', '647', '437', '426', '78', '839', '480', '36']
['796', '611', '666', '129', '174', '250', '635', '676', '521', '240', '183', '875', '252', '921', '24', '59', '282', '424', '248', '178', '965', '230', '953', '992', '896', '309', '559', '353', '151', '872', '470', '822']
['463', '707', '356', '840', '787', '736', '113', '856', '126', '391', '515', '25', '70', '106', '120', '273', '180', '267', '93', '717', '414', '568', '465', '573', '411', '340', '198', '644', '902', '436', '769', '714']
['994', '492', '305', '122', '501', '919', '41', '251', '947', '226', '650', '85', '291', '4', '490', '897', '434', '614', '773', '428', '752', '318', '772', '208', '804', '636', '913', '834', '596', '803', '39', '976']
['991', '54', '737', '99', '72', '17', '48', '202', '334', '525', '899', '941', '651', '855', '416', '832', '828', '372', '755', '634', '765', '604', '402', '156', '166', '422', '925', '537', '831', '431', '699', '793']
['360', '399', '236', '80', '366', '316', '801', '690', '727', '716', '38', '296', '860', '520', '946', '260', '850', '191', '608', '821', '841', '464', '969', '725', '196', '612', '751', '906', '205', '891', '385', '967']
['182', '75', '430', '522', '881', '143', '475', '365', '718', '858', '732', '68', '18', '524', '783', '861', '45', '368', '227', '482', '123', '46', '466', '134', '918', '228', '777', '453', '231', '564', '378', '579']
['745', '363', '536', '586', '274', '435', '276', '150', '65', '895', '116', '763', '358', '175', '438', '172', '401', '367', '622', '617', '767', '900', '602', '170', '216', '930', '506', '154', '86', '942', '455', '599']
['74', '148', '577', '996', '948', '890', '235', '618', '509', '0', '448', '610', '189', '532', '109', '347', '585', '319', '929', '760', '697', '680', '452', '61', '538', '419', '97']
['738', '806', '406', '842', '774', '473', '987', '349', '572', '433', '741', '706', '854', '374', '613', '784', '51', '168', '484', '876', '232', '394', '364', '731', '879', '302', '485', '926', '616', '79', '710', '439']
['165', '673', '790', '225', '708', '289', '898', '555', '757', '459', '794', '748', '744', '853', '161', '56', '550', '169', '814', '246', '483', '843', '593', '977', '37', '788', '877', '152', '9', '743', '662', '865']
['669', '348', '92', '833', '200', '852', '633', '352', '342', '478', '961', '974', '186', '371', '535', '141', '705', '98', '623', '477', '638', '400', '649', '667', '69', '351', '427', '957', '173', '701', '904', '243']
['656', '893', '558', '145', '531', '22', '1', '177', '125', '624', '795', '986', '336', '512', '964', '681', '554', '31', '382', '253', '958', '310', '266', '873', '55']
['511', '237', '730', '923', '300', '62', '508', '308', '321', '785', '2', '797', '218', '540', '377', '307', '625', '807', '826', '907', '64', '167', '802', '60', '606', '457', '527', '207', '620', '944', '142', '3']
['938', '88', '133', '140', '959', '954', '544', '722', '423', '117', '493', '530', '857', '847', '663', '313', '33', '915', '982', '884', '684', '497', '995', '331', '30', '825', '846', '270', '547', '294', '911', '397']
['762', '359', '467', '808', '609', '859', '830', '543', '754', '770', '632', '410', '355', '379', '144', '115', '990', '583', '810', '605', '781', '576', '103', '468', '35', '917', '304', '265', '712', '561', '927', '398']
['137', '518', '733', '654', '868', '323', '723', '277', '16', '199', '742', '58', '548', '998', '284', '471', '317', '275', '185', '163', '369', '950', '295', '569', '655', '71', '533', '729', '443', '675', '245', '761']
['84', '665', '238', '429', '993', '57', '849', '981', '677', '354', '886', '686', '894', '111', '346', '131', '798', '664', '361', '254', '211', '281', '130', '34', '955', '474', '487', '660', '271', '479', '214', '672']
['280', '700', '836', '408', '588', '639', '298', '935', '420', '920', '337', '15', '648', '603', '329', '631', '12', '685', '581', '704', '818', '694', '381', '516', '883', '462', '968', '299', '695', '820', '652', '940']
['489', '164', '491', '864', '812', '324', '357', '653', '223', '740', '759', '786', '582', '204', '880', '887', '575', '190', '683', '210', '425', '158', '43', '735', '393', '488', '325', '314', '591', '287', '409', '659']
['53', '320', '721', '138', '32', '728', '595', '552', '999', '326', '447', '330', '914', '768', '600', '66', '661', '432', '869', '135', '105', '263', '747', '619', '642', '844', '562', '692']
['975', '799', '244', '715', '630', '546', '127', '47', '383', '658', '813', '778', '219', '181', '290', '563', '874', '481', '903', '193', '217', '269', '301', '132', '504', '674', '960', '646', '344', '517', '415', '570']
['851', '702', '691', '89', '766', '771', '11', '339', '539', '312', '315', '256', '13', '241', '592', '328', '626', '746', '373', '566', '590', '682', '885', '118', '514', '597', '513', '390', '640', '100', '749', '303']
['758', '20', '23', '184', '578', '278', '311', '76', '222', '157', '49', '922', '119', '341', '627', '643', '451', '179', '279', '541', '811', '460', '952', '678']
