['898', '729', '355', '799', '562', '421', '455', '142', '842', '30', '679', '401', '839', '238', '742', '827', '59', '348', '764', '892', '36', '610', '392', '751', '592', '718', '28', '649', '301', '87', '530', '697', '55', '980', '245', '225', '714', '896', '851', '528']
['700', '915', '627', '754', '694', '817', '122', '263', '6', '410', '422', '388', '563', '364', '62', '321', '402', '979', '989', '966', '968', '180', '987', '50', '162', '925', '992', '427', '194', '940', '853', '476', '472', '78', '453', '21', '699', '1', '582', '381']
['219', '574', '515', '123', '460', '861', '712', '403', '831', '935', '81', '29', '962', '965', '58', '846', '683', '906', '540', '178', '481', '971', '596', '18', '366', '778', '294', '570', '3', '640', '371', '61', '559', '83', '601', '181', '681', '845', '783', '139']
['661', '746', '196', '516', '705', '595', '97', '830', '921', '257', '146', '360', '645', '955', '56', '66', '26', '185', '233', '747', '725', '755', '890', '909', '721', '967', '941', '856', '863', '708', '353', '156', '766', '571', '130', '638', '602', '387', '347', '519']
['544', '797', '795', '952', '738', '405', '739', '514', '49', '408', '900', '119', '226', '153', '850', '145', '217', '858', '903', '307', '844', '847', '23', '676', '552', '253', '581', '579', '258', '618', '911', '749', '790', '272', '179', '339', '543', '499', '209', '873']
['500', '231', '42', '819', '931', '77', '619', '432', '445', '409', '728', '984', '972', '897', '112', '674', '282', '98', '182', '166', '743', '48', '124', '923', '505', '11', '438', '870', '176', '553', '684', '963', '768', '293', '662', '513', '868', '773', '374', '527']
['341', '836', '496', '213', '509', '197', '776', '352', '949', '876', '512', '38', '210', '252', '443', '64', '259', '482', '404', '379', '535', '812', '893', '901', '934', '498', '621', '16', '806', '19', '34', '670', '148', '343', '885', '342', '691', '315', '466', '518']
['607', '183', '526', '929', '554', '787', '168', '594', '932', '320', '534', '454', '669', '686', '933', '31', '311', '222', '287', '390', '761', '158', '220', '413', '524', '211', '491', '943', '302', '53', '367', '875', '760', '880', '132', '420', '600', '306', '247', '611']
['46', '105', '723', '841', '69', '39', '72', '298', '216', '633', '589', '550', '623', '368', '936', '533', '170', '232', '520', '843', '477', '546', '970', '190', '221', '478', '757', '273', '948', '938', '782', '329', '35', '171', '327', '809', '246', '807', '523', '297']
['450', '625', '100', '201', '96', '235', '375', '157', '737', '918', '750', '386', '351', '692', '486', '663', '560', '224', '975', '193', '597', '838', '133', '849', '489', '256', '228', '463', '813', '646', '964', '485', '689', '823', '264', '304', '333', '393', '794', '784']
['835', '309', '924', '285', '805', '930', '732', '291', '620', '503', '717', '506', '163', '961', '177', '260', '206', '90', '397', '292', '277', '295', '953', '810', '359', '654', '382', '910', '572', '44', '4', '395', '991', '564', '483', '756', '312', '433', '664', '656']
['350', '290', '641', '70', '37', '786', '908', '887', '280', '603', '449', '752', '617', '857', '284', '647', '318', '114', '377', '378', '904', '556', '456', '85', '426', '118', '172', '716', '451', '448', '566', '629', '547', '227', '685', '834']
['804', '313', '173', '586', '99', '871', '715', '251', '660', '407', '598', '269', '833', '416', '243', '474', '704', '43', '110', '672', '902', '696', '682', '248', '744', '659', '278', '575', '537', '733', '798', '93', '569', '117', '990', '126', '230', '144', '820']
['821', '549', '668', '785', '688', '442', '671', '362', '25', '268', '417', '497', '325', '914', '363', '973', '713', '780', '207', '981', '894', '711', '189', '874', '13', '555', '141', '709', '319', '658', '568', '521', '974']
['423', '801', '24', '337', '912', '169', '626', '396', '994', '745', '208', '323', '673', '792', '444', '652', '203', '522']
['54', '976', '471', '735', '240', '465', '951', '51', '815', '79', '969', '637', '67', '770', '155', '218', '695', '939', '45', '789', '730', '590', '73', '576', '429', '17', '12', '200', '461', '129', '494', '635', '828', '459', '154', '234', '457', '276', '308', '883']
['808', '266', '777', '108', '434', '642', '763', '344', '541', '706', '677', '926', '977', '428', '793', '796', '788', '578', '357', '95', '886', '195', '365', '726', '724', '613', '317', '275', '648', '719', '239', '599', '636', '131', '316', '334', '281', '791', '803', '577']
['988']
['920', '322', '889', '215', '690', '557', '467', '653', '84', '982', '299', '326', '369', '241', '109', '265', '296', '202', '986', '20', '80', '412', '121', '922', '872', '400', '52', '415', '437', '888', '331', '840', '864', '120', '187', '464', '956', '882', '338', '869']
['881']
['283', '495', '236', '458', '63', '152', '855', '223', '774', '468', '848', '349', '531', '879', '916', '40', '545', '267', '502', '314', '324', '279', '852', '175', '675', '800', '441', '75', '542', '759', '877', '192']
['340', '41', '65', '604', '411', '138', '328', '373', '167', '150', '767', '116', '957', '946', '608', '585', '859', '616', '822', '517', '779', '826', '862', '665', '479', '330', '927', '781']
['565', '829', '639', '440', '91', '958', '606', '748', '734', '824', '769', '310', '507', '0', '399', '536', '250', '102', '510', '335', '993', '384', '446', '655', '229', '551', '271', '303', '160', '361', '270', '174', '88', '758', '136', '634', '447', '358', '244', '548']
['985', '561', '884', '950', '380', '928', '383', '242', '254', '14', '188', '667', '149', '947', '159', '435', '354', '47', '657', '237', '960', '631', '727', '356', '959', '372', '504', '186', '651', '501', '151', '867', '865', '101', '262', '701', '753', '736']
['614', '470', '462', '891', '204', '762', '94', '644', '643', '391', '68', '775', '995', '249', '698', '538', '431', '588', '89', '286', '587', '107', '398', '532', '143', '92', '878', '811', '529', '632', '430', '289', '771', '722']
['346', '860', '469', '394', '741', '418', '2', '71', '198', '128', '86', '184', '106', '707', '452', '27', '854', '539', '624', '899', '895', '332']
['825', '584', '10', '32', '818', '837', '484', '205', '255', '487', '15', '9', '573', '630', '111', '439', '558', '765', '137', '406', '490', '57', '488', '814', '816', '580', '740', '419', '680', '475', '945', '389', '525', '414', '425', '140', '135', '300']
['436', '473', '937', '650', '147', '480', '687', '274', '8', '802', '731', '702', '125', '615', '913', '866', '199', '212', '82', '593', '492', '919', '103', '376', '944', '214', '104', '74', '612', '370', '954', '567', '508', '703', '720']
['5', '772', '60', '693', '907', '336', '305', '22', '678', '583', '288', '605', '983', '609', '832', '666', '33', '191', '113', '127', '134', '511', '591', '164', '165', '115', '917', '161', '76', '622', '261', '905', '628', '385', '493', '710', '345', '978', '942', '424']
['7']
