['594', '319', '164', '304', '146', '694', '638', '196', '127', '488', '350', '252', '186', '208', '229', '200', '553', '124', '64', '448', '413', '300', '453', '301', '281', '486']
['392', '500', '344', '688', '328', '113', '537', '673', '462', '125', '573', '625', '449', '278', '581', '400', '268', '561', '159', '112', '353', '519', '272', '418', '326', '273', '168']
['185', '640', '502', '308', '117', '28', '26', '292', '255', '672', '570', '343', '516', '167', '226', '74', '96', '339', '466', '320', '483', '597', '590', '39', '434', '49']
['459', '574', '72', '656', '77', '523', '685', '610', '684', '91', '17', '498', '5', '331', '145', '529', '423', '367', '21', '618']
['105', '265', '356', '158', '157', '130', '417', '696', '621', '87', '57', '256', '147', '63', '525', '650', '337', '140', '70', '358', '59', '489', '149', '214', '219', '394', '437']
['141', '4', '254', '503', '25', '259', '274', '307', '452', '71', '384', '104', '184', '33', '390', '654', '134', '401', '649', '166', '327', '338', '416', '415', '535', '501']
['620', '619', '564', '9', '411', '298', '412', '40', '524', '538', '695', '359', '623', '446', '391', '592', '223', '652', '477', '548', '132']
['32', '137', '697', '692', '604', '66', '515', '100', '426', '577', '296', '67', '432', '586', '506', '15', '76', '530', '431', '533', '107', '207', '566', '174', '294', '689']
['60', '163', '58', '53', '366', '95', '593', '596', '191', '456', '99', '653', '249', '364', '68', '43', '299', '0', '98', '250', '197', '94', '232', '381', '251', '602']
['682', '588', '260', '160', '233', '403', '50', '310', '624', '237', '683', '85', '572', '143', '522', '122', '609', '389', '436', '601', '110', '547', '242', '275', '536']
['203', '305', '616', '552', '14', '323', '317', '129', '97', '374', '30', '433', '450', '119', '644', '88', '213', '332', '407', '544', '658', '377', '12', '591', '460', '48', '546']
['603', '380', '505', '406', '549', '543', '282', '378', '311', '38', '487', '287', '345', '454', '478', '20', '679', '589', '291', '636', '101', '234', '376', '622']
['371', '180', '474', '379', '142', '316', '27', '357', '375', '52', '13', '217', '382', '660', '626', '131', '467', '429', '79']
['36', '691', '289', '545', '243', '171', '665', '605', '154', '420', '293', '2', '630', '495', '471', '455', '643', '365', '354', '156', '306', '325', '405', '82', '563', '56', '540', '314']
['521', '441', '86', '686', '44', '236', '248', '698', '108', '218', '451', '664', '671', '637', '666', '631', '629', '194', '608', '465']
['558', '111', '634', '587', '470', '373', '41', '349', '559', '528', '648', '661', '313', '550', '599', '639', '361', '263', '346', '484', '227', '262', '267', '693', '276']
['155', '425', '150', '421', '172', '370', '651', '34', '362', '69', '205', '657', '567', '341', '611', '90', '355', '518', '151', '531', '632', '238', '699', '330', '676', '675']
['195', '427', '253', '11', '61', '600', '47', '198', '239', '210', '204', '554', '414', '399', '508', '534', '37', '175', '258', '571', '641']
['89', '492', '189', '102', '225', '121', '670', '116', '224', '396', '612', '93', '271', '557', '440', '635', '190', '23', '473', '245', '188', '499', '334', '235', '302', '447']
['493', '582', '568', '397', '585', '181', '329', '212', '438', '485', '369', '35', '290', '169']
['444', '115', '78', '410', '6', '479', '690', '178', '135', '45', '123', '206', '322', '368', '81', '257', '216', '92', '211', '335', '372']
['266', '128', '428', '532', '351', '402', '468', '55', '584', '153', '576', '575', '386', '83', '246', '388', '469', '443', '404', '475', '580', '120', '222', '75', '277']
['315', '318', '24', '161', '10', '261', '170', '46', '569', '628', '645', '491', '512', '215', '288', '7', '514', '439', '118', '527', '54', '324', '476', '669', '395', '162', '114']
['264', '383', '284', '182', '269', '461', '419', '62', '144', '496', '342', '352', '348', '494', '244', '18', '687', '615', '393', '430', '504']
['680', '22', '193', '424', '183', '480', '177', '209', '312', '286', '541', '457', '73', '270', '539', '148', '220', '481', '526', '231', '627', '551', '202', '387', '247', '285', '228', '295']
['663', '340', '221', '333', '398', '201', '136', '613', '555', '507', '517', '633', '109', '230', '520', '173', '347', '463', '297', '565', '435', '562']
['303', '617', '598', '16', '472', '642', '240', '65', '103', '31', '490', '241', '408', '152', '179', '497', '29']
['422', '509', '106', '667', '442', '176', '192', '321', '138', '513', '560', '445', '668', '646', '51', '309', '595', '165', '677', '579', '678', '655', '511']
['19', '482', '363', '607', '139', '662', '647', '681', '336', '42', '578', '126', '409', '8', '187', '279', '133', '199', '80']
['458', '464', '556', '1', '84', '606', '283', '510', '3', '542', '280', '583', '614', '659', '360', '674', '385']
