['474']
['479']
['209', '360', '350', '469', '395', '393', '220', '394', '181', '488', '277', '467', '179', '462', '359', '37', '318', '446', '460', '468', '444', '486', '142']
['339', '365', '310', '239', '478', '435', '414', '151', '337', '61', '172', '434', '22', '438', '416', '381', '161', '215', '433', '73', '200']
['368', '85']
['274', '34', '373', '306', '307', '281', '336', '375', '374', '282', '156', '127', '284']
['262']
['140']
['168', '251', '75', '18', '121', '401', '472', '115', '155', '228', '400', '312', '90', '77', '230', '314', '76', '313', '370']
['358']
['67', '453', '308', '333', '92', '41', '82', '349', '102', '264', '79', '423', '164', '71', '392', '9', '188', '252', '201', '58', '300', '186', '301', '94', '432', '319', '162', '42', '166', '72', '225', '302', '187', '341', '185', '340', '49', '40', '309', '218', '21']
['10']
['39']
['449']
['159', '153', '344', '89', '144', '80', '237', '88', '419', '383', '236', '149', '448', '81', '221', '192', '191', '436', '87', '7', '193', '238', '484', '83', '371', '5', '6', '338', '364']
['258', '257']
['325', '327', '480', '326', '0', '63', '335', '100', '470', '386', '175', '163', '241', '377', '158', '378', '379', '471', '249']
['97']
['425']
['113', '112', '20', '114', '293']
['70']
['384']
['291', '290', '139', '134', '372', '52', '23', '452', '456', '182', '391', '261', '322', '3', '48', '177', '247', '2', '270', '91', '418', '32', '222', '454', '44', '207', '353', '235', '1', '31', '24', '324', '489', '30', '289', '183', '440']
['28']
['447']
['243']
['417']
['317', '101', '463', '354', '329', '118', '47', '17', '265', '260', '46', '141', '148', '323', '431', '345', '133', '223', '464', '477', '321', '146', '160', '126', '145', '95', '124', '266', '316', '315', '224', '26', '442', '402', '226', '352', '429', '248']
['427', '459', '292', '109', '396', '398', '357', '120', '355', '268', '86', '415', '311', '421', '33', '107', '356', '399', '196', '217', '475', '390', '108', '428', '347', '136', '84', '35', '195', '397', '385', '320', '369', '267', '143', '197']
['476', '135']
['117']
['59']
['430']
['455', '485']
['380', '96', '8', '388', '165', '389', '461', '62', '167', '387', '481']
['457', '443', '104', '106', '132', '466', '285', '219', '283', '272', '43', '439', '346', '150', '422', '271', '482', '16', '441', '14', '273', '332', '451', '465', '279', '211', '105', '458', '450', '198']
['420']
['210', '410']
['259']
['194']
['426', '487', '343', '152', '331', '154', '60', '231', '240', '330', '68', '169', '424', '483', '199', '351', '404', '173', '403', '190', '171', '342', '125', '69']
['174', '382', '334', '298', '287', '286', '176', '11', '445', '376', '294', '412', '128', '362', '299', '295', '296', '38', '216', '288', '366', '297', '278', '367', '280', '246', '45', '29', '19', '4', '411']
['363']
['131', '65', '213', '13', '99', '111', '64', '473', '256', '255', '25', '74', '212', '184', '328', '348', '361', '103', '263', '98', '15', '269', '409', '304', '305', '116', '275', '303', '122', '66', '214', '123', '157']
['413']
['50', '51', '189', '55', '56', '137', '12', '244', '93', '227', '57', '170', '138', '242', '110', '204', '203', '147', '234', '119', '54', '253', '276', '250', '206', '27', '233', '205', '245', '254', '229', '180', '130', '53', '202']
['232', '405', '407', '129', '178', '437', '408', '406']
['78']
['208']
['36']
