['211', '99', '142', '179', '322', '131', '90', '41', '231', '311', '185', '151', '112', '26', '0', '158', '249', '215', '181', '153', '234', '4', '27', '59', '118', '346', '88', '301', '190', '45', '220', '300', '143', '307', '279', '157', '159', '348', '6', '257', '50', '319']
['195', '206', '129', '347', '265', '5', '335', '25', '62', '1', '65', '12', '91', '222', '66', '253', '258', '210']
['350', '330']
['238', '343', '336']
['356', '310', '209']
['327', '290', '270', '3', '92', '271', '286', '362', '332', '83', '345', '325', '240', '186', '98', '254', '261', '292', '260', '217', '248', '283', '61', '228', '77', '239', '55', '285', '272', '314', '264', '316', '313', '282']
['106', '358']
['39', '225', '85', '144']
['360', '196', '114', '246', '135', '147', '95', '352', '278', '163', '169', '76', '218', '212', '331', '152', '68', '51', '235', '166', '160', '241', '247']
['30']
['227', '315', '168', '52']
['80', '123', '126', '281', '252', '329', '216', '16', '23', '69', '297', '56', '337', '326', '237', '339', '74', '113', '140', '191', '233', '130', '349', '20', '155', '207']
['148', '276', '251', '132', '21', '201']
['22', '317', '128']
['180', '109', '125', '122', '223', '359', '108', '40', '84', '244', '324', '255', '197', '226', '104', '145', '107', '127', '275', '256', '333', '171', '117', '287', '33', '121', '173', '302', '24', '320', '263', '17', '172', '280', '67', '78', '137', '250']
['70', '245', '351', '63', '321', '136', '306', '28', '284', '14', '94', '189', '54', '29', '133', '334', '299', '344', '361', '357', '110', '46', '31', '194', '119', '103', '2', '93', '213', '162', '161', '86', '89', '81', '309']
['262', '102', '219', '355', '35', '42', '47', '288', '203', '146', '304', '174', '154', '269', '266', '298', '293', '200', '204', '214', '79', '97', '291', '296', '138', '34', '10', '164', '167', '242', '134', '205', '294', '341', '8', '116', '224', '18', '38', '184', '342', '277', '338', '259', '221']
['230', '199', '141', '7', '150', '156', '149', '9', '53', '178']
['176', '312', '170', '177', '82', '105', '353', '175', '182', '64', '318', '202', '198', '274', '192', '229']
['208', '295', '111', '115', '37', '32', '36', '308', '11', '71', '188', '139', '165', '183', '273', '187', '363', '354', '15', '323', '96', '289', '87', '72', '340']
['49', '60', '305', '243']
['124', '193', '19', '232', '75', '101', '268', '328', '236', '57', '58', '100', '120', '48', '303', '43', '267', '73']
['13']
['44']
