['54', '20', '43', '78', '86', '90', '144', '162', '199', '200']
['100', '117']
['268', '16', '30', '120', '133', '138', '175', '28']
['259', '32', '66', '75', '180', '184', '190', '237', '244', '247']
['63']
['56', '55', '131', '185', '223', '224', '229', '163']
['106', '101', '128', '150', '161', '191', '248']
['115', '12', '26', '44', '65', '67', '79', '113', '208', '230']
['68']
['71', '29', '57']
['258', '1', '127', '135', '139', '194', '23']
['221', '112', '192', '46']
['87', '81', '98', '197', '241']
['181', '40', '59', '103', '165', '217', '239', '179']
['53', '5', '19', '134', '156', '166', '206', '218', '238']
['99', '61', '64', '129', '212', '263']
['15', '0', '13', '88', '141', '149', '155', '213', '231', '262']
['186', '31', '232']
['111', '6', '45', '96', '220']
['169', '107']
['171', '9', '21', '52', '264']
['222', '4', '95', '153', '250']
['182', '69', '116', '160']
['187', '146', '269']
['27', '8', '168', '235']
['240', '33', '62', '94', '158', '216', '249']
['253', '3', '60', '125', '137', '207', '260']
['130', '77', '110']
['92', '14', '22', '49', '97', '195', '255']
['201', '76', '114', '204']
['102', '36', '91', '105', '214']
['18', '124', '177', '257']
['73', '35', '72', '196', '209']
['245', '50', '119']
['172', '211']
['142', '58']
['41']
['25', '121']
['219', '2', '38', '152', '256']
['233', '159', '242']
['140', '145', '176']
['109', '126', '183', '225', '227']
['123', '202']
['151', '48', '143']
['10']
['122', '147', '170']
['154', '189', '261']
['108', '136']
['188']
['17']
['203']
['210', '234']
['83', '148', '265']
['198', '89', '226']
['37', '74']
['174']
['24']
['266', '34']
['215']
['252', '251']
['157', '42']
['228', '254']
['93', '193']
['7']
['51']
['82']
['70', '267']
['104']
['80']
['118', '39', '236']
['132', '173']
['167']
['47']
['205']
['246']
['164']
['178']
['11']
['243']
['84']
['85']
