['ah', 'km', 'js', 'fu', 'fr', 'at', 'jd', 'cf', 'gr', 'g']
['cv', 'cl', 'ho', 'dv', 'ag', 'y', 'bb', 'am', 'hx', 'jx']
['cm', 'ix', 'fh', 'cn', 't', 'hl', 'by', 'ao', 'hs', 'bx']
['c', 'fl', 'ct', 'cc', 'dp', 'jt', 'ba', 'fo', 'ga', 'jz']
['hy', 'bv', 's', 'cq', 'fw', 'bn', 'jp', 'db', 'b', 'jl']
['dl', 'i', 'ev', 'o', 'a', 'hq', 'bh', 'zz', 'gh', 'fz']
['ez', 'ce', 'jo', 'fk', 'ij', 'u', 'au', 'jh', 'dd', 'ej']
['hf', 'io', 'ed', 'fs', 'gm', 'jq', 'fg', 'bz', 'hd', 'ht']
['ig', 'dj', 'jw', 'bd', 'gc', 'im', 'fb', 'cz', 'eg', 'dq']
['ci', 'aq', 'aj', 'de', 'hj', 'aw', 'bu', 'di', 'ey', 'in']
['eq', 'ft', 'dt', 'it', 'ha', 'gx', 'jj', 'hg', 'ki', 'kd']
['gv', 'ke', 'ib', 'ew', 'du', 'ch', 'fm', 'ex', 'he', 'gn']
['kk', 'em', 'hw', 'bf', 'bk', 'is', 'dz', 'dw', 'ca', 'av']
['n', 'bq', 'go', 'kh', 'ee', 'k', 'jf', 'ai', 'il', 'ei']
['iz', 'iy', 'ip', 'z', 'ep', 'gg', 'cp', 'ii', 'ap', 'fn']
['hn', 'dh', 'hv', 'ja', 'ae', 'ay', 'h', 'fp', 'dc', 'bi']
['r', 'gl', 'hh', 'jk', 'gd', 'hp', 'gz', 'fa', 'az', 'jg']
['dg', 'af', 'q', 'en', 'eb', 'jy', 'jb', 'ic', 'es', 'bm']
['ak', 'ec', 'gy', 'ih', 'cd', 'dx', 'fj', 'gw', 'p', 'bl']
['eu', 'be', 'dr', 'dy', 'm', 'bw', 'bg', 'bc', 'kf', 'bj']
['cr', 'ad', 'cb', 'da', 'ff', 'iw', 'er', 'co', 'br', 'gk']
['eh', 'jv', 'f', 'kn', 'gf', 'cy', 'cw', 'ef', 'ck', 'hi']
['cu', 'e', 'kb', 'do', 'ir', 'kc', 'fv', 'df', 'gq', 'jn']
['iv', 'iq', 'dk', 'ju', 'd', 'je', 'hb', 'bs', 'gb', 'bp']
['al', 'gp', 'ac', 'ik', 'et', 'if', 'hk', 'fx', 'ax', 'hr']
['l', 'jc', 'aa', 'hm', 'gu', 'dm', 'ek', 'hz', 'cj', 'fe']
['fi', 'jr', 'gs', 'fc', 'cg', 'x', 'dn', 'ie', 'as', 'bo']
['j', 'bt', 'ge', 'ia', 'kj', 'gi', 'cs', 'ds', 'el', 'w']
['v', 'ar', 'gj', 'fq', 'ji', 'fd', 'kl', 'eo', 'an', 'gt']
['fy', 'iu', 'kg', 'ea', 'ka', 'hu', 'jm', 'cx', 'hc', 'ab']
