['Aeriel', 'Anastassia', 'Antoinette', 'Catherine', 'Ashlie', 'Auroora', 'Beverie', 'Beatrice', 'Camella', 'Christan']
['Cathrine', 'Brittaney', 'Celestyn', 'Allix', 'Alys', 'Bryna', 'Blancha', 'Cacilia', 'Caroljean', 'Charmion']
['Bert', 'Charity', 'Bunny', 'Carolyn', 'Bethany', 'Bonnee', 'Arlie', 'Alayne', 'Catie', 'Alyda']
['Adelice', 'Agnola', 'Benita', 'Carole', 'Ambur', 'Alicea', 'Bridgette', 'Alejandra', 'Augusta', 'Ara']
['Anni', 'Chanda', 'Berna', 'Alverta', 'Berty', 'Brigid', 'Analiese', 'Carmine', 'Andi', 'Celie']
['Aurore', 'Blanche', 'Annadiane', 'Bernadine', 'Bunni', 'Binni', 'Abra', 'Bamby', 'Billie']
['Brandi', 'Asia', 'Arlina', 'Brandie', 'Anabelle', 'Calli', 'Caryn', 'Aili', 'Anatola', 'Adorne']
['Penny', 'Amanda', 'Alexandrina', 'Ali', 'Babbette', 'Audy', 'Cammi', 'Catlee', 'Babbie']
['Billi', 'Cherrita', 'Alanah', 'Ardeen', 'Anastasia', 'Aveline', 'Cody', 'Carlynn', 'Brandise', 'Chelsy']
['Alie', 'Andriana', 'Carrissa', 'Bellanca', 'Adelheid', 'Andree', 'Annabel', 'Callida']
['Anjela', 'Chiarra', 'Alysa', 'Calla', 'Aubrette', 'Cherilyn', 'Christal', 'Arlene', 'Blythe']
['Bobbye', 'Annora', 'Alvira', 'Bobby', 'April', 'Ardene', 'Carlye', 'Ailene', 'Carena', 'Bobinette']
['Bertine', 'Catharine', 'Charlot', 'Charleen', 'Angie', 'Alikee', 'Christyna', 'Carri', 'Cele', 'Brigida']
['Angil', 'Caro', 'Carlee', 'Agace', 'Astrix', 'Carolina', 'Annamaria', 'Anet', 'Cherise', 'Cammy']
['Candis', 'Babara', 'Agatha', 'Bren', 'Camel', 'Bettine', 'Caralie', 'Bessy', 'Barbabra', 'Cassondra']
['Ardra', 'Barbra', 'Allissa', 'Chelsey', 'Babette', 'Casie', 'Ardella', 'Athene', 'Brandea', 'Catriona']
['Carina', 'Aaren', 'Amargo', 'Betti', 'Charyl', 'Bernete', 'Alissa', 'Bill', 'Bernardine', 'Annabelle']
['Aile', 'Alexi', 'Babita', 'Aliza', 'Alexia', 'Carlyn', 'Betteann', 'Bride', 'Arliene', 'Bess']
['Bliss', 'Avis', 'Cal', 'Ashlen', 'Angel', 'Aurelea', 'Barbaraanne', 'Amabel', 'Ada']
['Charin', 'Amy', 'Cariotta', 'Anabal', 'Candra', 'Christel', 'Catlaina', 'Athena', 'Celestine', 'Angela']
['Bobbee', 'Cami', 'Alix', 'Andrea', 'Bibbie', 'Ashli', 'Christabella', 'Brandy', 'Cassy', 'Cheslie']
['Anthiathia', 'Calida', 'Casandra', 'Bobette', 'Cherye', 'Allegra', 'Anallese', 'Austina', 'Brier']
['Carmel', 'Betty', 'Abby', 'Carmelita', 'Aubine', 'Anne', 'Caron', 'Annelise', 'Cesya']
['Billy', 'Berta', 'Belita', 'Caren', 'Bernardina', 'Anica', 'Alisun', 'Belva', 'Angelina', 'Blinnie']
['Addi', 'Caril', 'Benetta', 'Almeda', 'Aimil', 'Alice', 'Ariela', 'Barbey']
['Adoree', 'Babs', 'Christye', 'Berri', 'David', 'Chiquia', 'Caryl', 'Berni', 'Annabela', 'Bobbie']
