['98', '206', '10', '136', '201', '203', '205', '207', '208', '211', '212', '214', '215', '216', '217', '219', '221', '223', '225', '226', '227', '228', '230', '231', '232', '233', '234', '235', '236', '238', '240', '242', '243', '245', '247', '248', '249']
['87', '83', '50', '51', '52', '53', '54', '55', '57', '59', '60', '62', '63', '65', '66', '68', '71', '72', '73', '75', '76', '77', '79', '80', '82', '192', '84', '90', '91', '94', '96', '97']
['130', '111', '19', '100', '101', '103', '104', '106', '109', '128', '129', '132', '137', '138', '139', '140', '144', '149', '114', '115', '116', '118', '119', '120', '121', '124', '126', '127']
['134', '163', '151', '152', '155', '156', '157', '158', '159', '161', '162', '165', '166', '167', '168', '170', '171', '173', '175', '177', '179', '180', '181', '186', '187', '190', '191', '193', '196', '198', '199']
['2', '25', '0', '1', '3', '6', '11', '12', '13', '16', '17', '18', '20', '21', '23', '26', '32', '33', '34', '35', '36', '39', '40', '42', '43', '44', '45', '48']
['86']
['22']
['142']
['37']
['14']
['218']
['184']
['107']
['172']
['74']
['174']
['7']
['176']
['204']
['102']
['202']
['67']
['78']
['58']
['197']
['99']
['27']
['147']
['105']
['194']
['15']
['117']
['200']
['123']
['209']
['246']
['164']
['61']
['133']
['213']
['241']
['189']
['143']
['237']
['89']
['141']
['135']
['8']
['195']
['250']
['85']
['125']
['154']
['185']
['5']
['183']
['153']
['81']
['220']
['31']
['150']
['113']
['112']
['70']
['145']
['122']
['178']
['88']
['24']
['110']
['239']
['47']
['108']
['30']
['95']
['210']
['64']
['28']
['131']
['29']
['229']
['4']
['222']
['69']
['182']
['49']
['148']
['93']
['146']
['160']
['169']
['38']
['46']
['9']
['56']
['41']
['188']
['224']
['244']
['92']
