['27', '171', '125', '211', '188', '398', '293', '106', '83', '350', '375', '200', '79', '94', '181', '165', '299', '90', '112']
['75', '236', '217', '257', '367', '147', '271', '295', '11', '141', '381', '93', '44', '130', '1', '4', '55', '136', '2', '134', '391', '115']
['103', '213', '359', '310', '399', '9', '187', '363', '120', '203', '320', '57', '124', '158', '351', '385', '170', '77', '92', '49', '32']
['151', '302', '394', '65', '150', '142', '376', '322', '290', '371', '268', '8', '327', '331', '273']
['323', '270', '338', '180', '396', '81', '107', '164', '251', '210', '272', '366', '85', '173', '241', '30', '61', '222', '73', '31', '250', '303', '252', '304']
['33', '289', '378', '337', '87', '205', '190', '37', '253', '191', '172', '254', '78', '356', '267', '260', '317', '21', '178', '47']
['118', '231', '215', '167', '233', '324', '20', '237', '71', '157', '374', '149', '153', '67', '143', '58', '15', '121', '7', '377']
['335', '262', '280', '183', '277', '255', '201', '69', '196', '259', '51', '88', '38', '328', '68', '339', '336', '45', '194', '13', '10', '177', '382']
['384', '348', '386', '169', '163', '266', '204', '109', '195', '390', '232', '53', '344', '5', '95', '315', '321', '185', '319', '28', '135']
['102', '60', '288', '145', '22', '392', '301', '175', '29', '245', '64', '379', '397', '361', '54', '12', '189', '70', '192', '224', '25', '313', '297', '248']
['345', '325', '209', '119', '139', '111', '39', '128', '3', '214', '62', '80', '154', '358', '72', '353', '261', '305', '140', '148', '52', '307']
['129', '380', '372', '216', '286', '357', '193', '110', '156', '146', '333', '59', '46', '329', '182', '19']
['263', '243', '365', '63', '240', '368', '137', '26', '246', '334', '347', '126', '352', '247', '41', '48']
['298', '311', '133', '100', '76', '131', '312', '184', '341', '230', '330', '66', '354', '269', '373', '395', '198', '208', '388']
['369', '152', '287', '155', '0', '364', '342', '227', '176', '36', '122', '294', '168']
['218', '212', '296', '86', '159', '123', '43', '387', '285', '179', '162', '82', '278', '206', '6', '349', '89', '101', '84', '239', '202', '275', '256']
['116', '279', '308', '258', '223', '160', '166', '34', '360', '40', '105', '238', '300', '207', '393']
['400', '42', '355', '228', '234', '332', '17', '186', '98', '326', '174', '340', '291', '309', '281', '127', '316', '229', '318', '199', '99', '91']
['282', '96', '24', '389', '221', '343', '370', '56', '35', '104', '132', '244', '197', '50', '14', '23', '249', '306', '242', '18', '274', '113', '383']
['117', '220', '292', '16', '284', '144', '97', '235', '264', '362', '276', '138', '283', '314', '108', '74', '226', '161', '346', '225', '114', '219', '265']
