['ASO', 'IEK', 'FWB', 'LJA', 'MIN', 'RUP', 'MOH', 'CYA', 'AMV', 'SFB', 'UEN', 'WWT', 'XPW', 'QZB', 'ZBF', 'FPT', 'JXZ', 'ZBU', 'RJS', 'YOA', 'XWK', 'TDJ', 'VMJ', 'FJL', 'QMI']
['FOW', 'PVS', 'UHU', 'DMH', 'LUT', 'EKJ', 'UOM', 'YAR', 'SDH', 'ALI', 'GWT', 'AYJ', 'XNY', 'XFW', 'SCX', 'DJA', 'UKO', 'QTR', 'RSJ', 'LXJ', 'MZP', 'XVQ', 'LOQ', 'BBZ', 'MCI']
['QCJ', 'POJ', 'PVQ', 'GBL', 'SNM', 'KVY', 'NUG', 'KNZ', 'FDS', 'VAC', 'CFP', 'CJB', 'ACJ', 'HBC', 'IYD', 'CHA', 'MUO', 'QLH', 'CIH', 'MVS', 'TLC', 'IFO', 'XIY', 'WGY', 'GYM']
['ODG', 'LTC', 'HTW', 'IKW', 'KEQ', 'SNW', 'MJR', 'BLK', 'ZFK', 'MLN', 'GGA', 'AYK', 'BIN', 'TQB', 'CAO', 'CZB', 'TFQ', 'YPX', 'QVI', 'YKF', 'KMD', 'HYW', 'VWX', 'NJD', 'GUR']
['ZCY', 'DZR', 'QTJ', 'JWQ', 'DNE', 'VMW', 'ITN', 'NLI', 'EPR', 'JXM', 'XQI', 'OON', 'ULP', 'EBB', 'MMS', 'GFL', 'YYU', 'POC', 'PCL', 'OVZ', 'WTX', 'ACP', 'TVZ', 'BCI', 'QAM']
['CUZ', 'WZL', 'EEA', 'FQC', 'FWA', 'RYT', 'QQN', 'NNG', 'SCK', 'QYA', 'LWH', 'WIF', 'PAX', 'VZX', 'JKL', 'XVF', 'FOD', 'HZF', 'IDO', 'ZFU', 'YSP', 'IUE', 'CNU', 'FTE', 'GUN']
['HMT', 'DTS', 'YYC', 'PON', 'YHX', 'PMO', 'BCW', 'ARM', 'HNC', 'IIY', 'YYG', 'EUK', 'UIO', 'TBT', 'MED', 'LZE', 'MJV', 'XEN', 'IPY', 'MSE', 'AJB', 'JHO', 'CXP', 'ARV', 'INO']
['CGQ', 'ZGL', 'HXZ', 'SQS', 'ZJU', 'BRY', 'YEN', 'IPV', 'EOF', 'BTJ', 'HGF', 'UZU', 'MAC', 'LWA', 'FSW', 'GGM', 'FTL', 'KLM', 'RBJ', 'JZA', 'FXI', 'XKQ', 'RUR', 'HQB', 'FKU']
['FCU', 'RNU', 'KZQ', 'LZI', 'WLU', 'SFK', 'NLS', 'LBW', 'HJA', 'YVQ', 'WCB', 'MBZ', 'GPH', 'BJR', 'PYK', 'PME', 'EWG', 'FHI', 'NQL', 'TWL', 'VCY', 'NOP', 'NFI', 'YDT', 'ALL']
['SDF', 'GUT', 'SRP', 'AQN', 'MYN', 'KXZ', 'VQR', 'SRB', 'OHR', 'DMN', 'DTU', 'GGP', 'UNW', 'MUL', 'SYQ', 'TMD', 'ALG', 'HUN', 'WJS', 'OXU', 'CEY', 'KUO', 'UKF', 'AHE', 'RIX']
['PTX', 'EBA', 'KLV', 'SGT', 'WWL', 'DWU', 'YKQ', 'QBJ', 'TUK', 'ABC', 'CRF', 'WKY', 'HPH', 'NXU', 'JGS', 'YKR', 'LZP', 'KLZ', 'THJ', 'VRD', 'DFW', 'DYU', 'TMR', 'OLD', 'GSB']
['GUQ', 'OCI', 'JDC', 'ZIT', 'FPR', 'SFD', 'FEV', 'PIL', 'NHA', 'ELO', 'WED', 'JOQ', 'JZY', 'NGH', 'JZV', 'PAU', 'LMU', 'QRE', 'FXX', 'YER', 'QTQ', 'DAW', 'OEN', 'JII', 'SFJ']
['XHQ', 'DCZ', 'FMU', 'QEP', 'NXI', 'JVR', 'RYE', 'IAM', 'IKN', 'ZCF', 'YLS', 'QDB', 'JME', 'CCY', 'RKH', 'IQJ', 'BZI', 'IYH', 'IUY', 'EDD', 'WYK', 'MVB', 'SUT', 'EBY', 'DHT']
['VXB', 'UTL', 'AWX', 'ECG', 'DTW', 'ZPA', 'KVD', 'VYF', 'BFH', 'GMF', 'QIK', 'VTH', 'TFT', 'KLS', 'FTI', 'PGO', 'SAQ', 'PJW', 'ZNQ', 'EQX', 'NDI', 'SNS', 'TFN', 'YDL', 'LHD']
['PAS', 'JMT', 'TGW', 'JMO', 'HXF', 'YWW', 'XOE', 'FXH', 'GLR', 'DMP', 'TQM', 'XRV', 'GXJ', 'XDE', 'AUL', 'GEF', 'NSI', 'UCH', 'JTZ', 'XJW', 'MWQ', 'UMO', 'PKK', 'IDJ', 'AGI']
['DOT', 'PDU', 'NPS', 'CDW', 'UGW', 'MLH', 'FCJ', 'RZW', 'VWR', 'TBN', 'JUQ', 'WJI', 'ZKY', 'SGO', 'WER', 'QIB', 'ROL', 'SMM', 'TKB', 'IIT', 'YSD', 'GPL', 'LGP', 'YKH', 'VFV']
['NGI', 'KJN', 'TVY', 'UDD', 'CFJ', 'GUE', 'IKB', 'WUI', 'ZFO', 'FWN', 'UFK', 'RSG', 'DRX', 'EAA', 'DAT', 'QFE', 'WSD', 'VFM', 'HHK', 'CDZ', 'QLI', 'YTR', 'QNG', 'HIG', 'ESU']
['JSL', 'EDP', 'SUQ', 'CGD', 'TGH', 'MNB', 'YUG', 'AIM', 'UZY', 'ZQN', 'TSS', 'HGD', 'MSC', 'OZT', 'RNM', 'AZD', 'XCX', 'KMP', 'QJK', 'RDG', 'OII', 'EZU', 'MIE', 'HCD', 'RYA']
['POR', 'RKO', 'NWB', 'PBP', 'IPK', 'RIA', 'SQR', 'WDF', 'SCZ', 'ELJ', 'OFJ', 'WCD', 'NDJ', 'KNO', 'XEO', 'CHR', 'UHE', 'NTW', 'SUP', 'NDB', 'KSW', 'WMY', 'FUR', 'YNR', 'ONX']
['HPV', 'FJH', 'LHQ', 'YTQ', 'WHJ', 'KAJ', 'SCS', 'YYJ', 'PGE', 'BDX', 'RXD', 'PZA', 'MUV', 'IFU', 'YSM', 'BEQ', 'ZRO', 'BHL', 'DXK', 'JJB', 'KDV', 'IPG', 'APD', 'XXQ', 'LLX']
