['70', '71', '72', '73', '74', '75', '76', '323', '359', '432', '340']
['295', '1', '294', '480', '476', '438', '159', '398']
['277', '273', '327', '454', '192', '345']
['219', '217', '122', '119', '449', '87', '93']
['99', '98', '419', '358', '477', '86']
['142', '140', '120', '89', '289', '265']
['57', '56', '20', '474', '478', '17']
['455', '456', '457', '458', '459', '460', '461', '166', '157', '154', '384', '232']
['489', '483', '417', '309', '107', '437']
['493', '3', '490', '185', '496', '103', '117']
['220', '421', '163', '38', '225']
['168', '169', '170', '171', '172', '173', '174', '406', '407', '408', '409', '410', '411', '412', '386', '150', '390']
['149', '147', '481', '79', '373', '167']
['329', '330', '331', '332', '333', '334', '335', '135', '133', '40', '304', '61']
['249', '245', '118', '112', '125', '263', '366']
['41', '35', '299', '188', '129', '450']
['262', '259', '110', '116', '374', '121']
['223', '193', '100', '278', '213']
['313', '5', '308', '127', '126', '442', '422', '36']
['431', '427', '423', '58', '307', '95']
['183', '182', '433', '288', '6', '158']
['66', '63', '194', '268', '137', '160']
['81', '77', '487', '471', '37', '111']
['310', '488', '279', '325', '143']
['240', '238', '242', '321', '51', '156']
['297', '447', '230', '466', '379']
['175', '176', '177', '178', '179', '180', '181', '436', '434', '383', '218', '264']
['203', '208', '209', '204', '205', '206', '207', '43', '32', '19', '44']
['39', '52', '190', '470', '229']
['453', '448', '60', '241', '428', '271']
['90', '84', '254', '252', '341', '336', '311', '274']
['365', '364', '80', '130', '45', '368']
['445', '441', '18', '29', '246', '426']
['280', '281', '282', '283', '284', '285', '286', '494', '139', '113', '101']
['50', '49', '369', '94', '234', '338']
['305', '301', '46', '85', '144', '267']
['291', '287', '131', '414', '464', '318']
['53', '239', '69', '236', '226']
['324', '322', '347', '367', '303', '59']
['405', '399', '393', '392', '115', '138', '380']
['415', '413', '486', '397', '342', '290']
['472', '469', '235', '231', '48', '363', '152']
['319', '315', '141', '128', '296', '148']
['473', '300', '400', '360', '78']
['320', '222', '155', '136', '467']
['65', '306', '344', '233', '132']
['269', '266', '446', '214', '346', '317']
['402', '361', '357', '396', '102', '261']
['4', '0', '465', '164', '114', '244']
['429', '97', '255', '314', '216']
['96', '91', '372', '371', '416', '430', '124']
['82', '211', '30', '68', '394']
['418', '55', '16', '195', '479']
['187', '260', '404', '326', '123']
['15', '14', '382', '378', '258', '452', '83']
['492', '54', '482', '221', '276']
['228', '224', '349', '134', '485', '328']
['275', '31', '484', '251', '375']
['298', '381', '337', '362', '302']
['109', '105', '256', '227', '440', '491']
['191', '189', '145', '292', '257', '376']
['47', '42', '370', '395', '248', '104']
['33', '28', '34', '389', '92', '108']
['215', '210', '272', '162', '237', '439']
['348', '343', '146', '153', '67', '403']
['165', '161', '293', '475', '377', '2']
['243', '247', '350', '352', '353', '354', '355', '356', '351', '253', '443']
['186', '391', '385', '270', '316']
['468', '462', '495', '151', '212']
['196', '197', '198', '199', '200', '201', '202', '401', '21', '22', '23', '24', '25', '26', '27', '435']
['312', '424', '444', '339']
['425', '420', '387', '451', '388']
['184', '7', '8', '9', '10', '11', '12', '13', '64', '463']
['250', '62', '106', '88']
