['446', '108', '272', '137', '396', '107', '499', '488', '248', '219', '339', '31', '329', '131']
['253', '490', '242', '346', '160', '120', '450', '397', '45', '347', '142']
['265', '226']
['351', '191', '276', '312', '194', '164', '448', '87', '489', '47', '496', '486', '310']
['27', '30', '40', '54', '451', '229', '406', '201', '330', '103']
['319', '246', '36', '117', '275', '73', '303', '79', '357', '271', '427']
['389']
['383', '410', '262', '390', '106', '404', '198', '78', '113', '188', '453']
['491', '169', '144', '438', '363', '331', '175', '467', '259', '334', '11', '82', '210', '44', '257']
['58', '284', '462', '123', '212', '361', '399', '196', '237', '482', '139', '189', '13', '213', '244', '423', '254', '402']
['18', '183', '434', '414', '92', '336', '239', '207', '33', '398']
['51', '185', '172', '374', '412', '1']
['122', '133', '277', '384', '14', '314', '181', '380', '29', '38', '354', '10', '422', '76', '215', '186', '393']
['431', '480']
['245', '369', '340', '362', '217', '432', '243', '324', '386']
['430', '436', '168']
['155', '83', '98', '37', '197', '127', '439', '236', '299', '251', '200', '359', '459', '444', '182', '90', '368', '395', '394', '7']
['118', '4', '458', '231']
['56', '382', '234', '129', '367', '166', '413', '487', '388', '75', '378', '102', '28', '288']
['498', '170', '42', '151', '233', '250', '202', '232', '373', '327', '475', '280', '494', '366', '141', '391', '358', '205', '180']
['206', '418', '179', '285', '178', '352', '57', '211', '296', '88', '300', '445', '485']
['333']
['23', '238', '381', '81', '316', '295', '377', '74', '60', '419', '344', '268', '471', '150', '345']
['63', '227', '5', '162', '53', '293', '298', '39', '165', '105', '455']
['72', '80', '421', '476', '66', '400', '204', '161', '416', '478', '269', '302', '409', '9', '442', '401', '484', '313']
['41', '130', '149', '294', '208', '119', '101', '440', '392', '477', '94', '95', '46', '100', '154', '278']
['252', '304', '325', '240', '132', '214', '297', '309', '35', '68', '273', '263', '407', '472', '89', '260']
['134', '71', '84', '479', '348', '411', '52', '96']
['452', '126', '69', '433', '454', '318', '281', '50', '415', '270', '195', '104', '209', '62']
['308', '86', '403', '349', '441', '16', '230', '158', '425', '110', '61', '311', '464', '497']
['306', '492', '19', '353', '463', '495', '449', '468', '323', '235', '350', '147', '241', '112', '428']
['0', '6', '417', '8', '266', '279', '408', '25', '135', '364', '228', '321', '466']
['261', '124', '267', '70', '375', '21', '256', '65', '221', '376', '342', '43', '176']
['387']
['435']
['429']
['157']
['159', '470', '177', '116', '12', '473', '218', '335', '264', '111', '143', '372', '291', '152']
['15', '216', '247', '317', '153', '447', '125', '424', '59', '286', '145', '156', '461']
['114']
['343']
['203', '258', '405', '77', '360', '274', '457', '338', '190', '355', '305', '148', '307']
['481', '292', '289', '93', '460', '222', '474', '456', '171', '115', '315', '337', '85', '469', '187', '365']
['370']
['255', '223']
['91', '225', '3', '140', '24', '420', '301', '138', '443', '163', '341', '146']
['493', '48']
['2', '287', '55', '192', '128', '184', '328', '173', '290', '32', '174', '483', '193', '356', '371', '97', '220', '26', '109']
['326', '199', '320', '99', '385', '437', '121', '465', '332', '22', '283', '136', '64', '34', '20', '17']
['167', '322', '282', '49', '426', '379', '67', '224', '249']
