['137', '89', '10', '54', '55', '131', '118', '179', '301', '125', '176', '244', '170', '101', '144']
['74', '127', '2', '119', '123', '256', '193', '195', '229', '203', '210', '180', '281', '197', '290', '42']
['135', '249', '22', '24', '27', '44', '92', '96', '121', '177', '223', '217', '225', '237', '250', '40']
['307', '38', '9', '25', '198', '296', '298', '75', '272', '53', '277', '151', '126', '95', '136']
['269', '65', '49', '58', '130', '291', '158', '271', '112', '305', '149', '280', '155', '222']
['165', '15', '37', '108', '113', '154', '260', '264', '169', '242', '243', '236', '187']
['166', '234', '5', '14', '82', '238', '117', '171', '227', '299', '304', '152', '246', '286']
['253', '230', '52', '57', '258', '32', '228', '275', '259', '265', '235', '270', '309', '310', '215']
['77', '241', '23', '29', '47', '51', '71', '85', '86', '93', '191', '257', '312', '284']
['167', '226', '8', '26', '33', '61', '148', '163', '172', '288', '262', '231', '295', '303']
['156', '162', '0', '17', '73', '84', '129', '133', '161', '200', '99', '218']
['251', '212', '3', '16', '30', '59', '76', '110', '175', '178', '188', '189', '245', '283']
['252', '294', '4', '12', '267', '35', '72', '80', '124', '141', '157', '196', '213', '273', '87']
['34', '194', '60', '83', '88', '103', '134', '142', '184', '261', '232', '208', '300']
['70', '98', '7', '21', '62', '64', '106', '105', '311', '146', '233', '111', '201', '219', '282']
['97', '31', '128', '164', '202', '173', '48', '209', '274', '279', '216', '122', '63', '266']
['205', '302', '56', '94', '100', '107', '115', '116', '150', '153', '183', '186', '211', '224']
['13', '207', '39', '45', '66', '78', '81', '79', '160', '182', '199', '204', '248', '287']
['28', '143', '20', '50', '68', '114', '140', '289', '206', '214', '247', '276']
['132', '120', '41', '67', '69', '102', '104', '293', '174', '145', '181', '313', '192', '18', '239']
['6', '221', '43', '91', '138', '139', '168', '220', '109', '285', '240', '278', '254']
['90', '1', '19', '263', '297', '11', '268', '46', '147', '308', '185', '36', '190', '159', '255']
['306', '292']
