['9895', '9896', '9894', '9956', '9957', '44']
['9938', '9999', '9939', '62', '36', '35', '9964']
['9990', '10', '9989', '9913']
['131', '130', '132', '9755', '9754']
['9902', '9903', '9901', '9850']
['9966', '34', '9965', '9856', '9857']
['9944', '9945', '56', '9']
['100', '99', '101', '129']
['215', '214', '216', '9916', '9917', '84']
['9812', '9813', '9811', '67', '66']
['25', '1', '9975', '26', '174']
['9926', '9927', '74', '9836', '9835']
['152', '151', '153', '9786']
['105', '104', '106', '9805', '9806', '9804']
['9929', '71', '9928', '9890', '9889']
['9750', '9958', '250', '9751', '202', '203']
['9802', '9803', '9801', '9760', '9759']
['144', '143', '145', '221']
['244', '243', '245', '9822']
['90', '89', '91', '9870', '9869']
['212', '211', '213', '9909']
['93', '92', '94', '9888', '9887']
['9880', '9881', '9879', '205', '204']
['9854', '9855', '9853', '22', '21']
['122', '121', '123', '30', '9970']
['138', '137', '139', '9982']
['9779', '9780', '9778', '9800']
['9808', '9809', '9807', '9810']
['235', '234', '236', '2']
['192', '191', '193', '9776', '9777']
['9974', '9973', '166']
['7', '9993', '8', '9995']
['9897', '9898', '9937', '63']
['9911', '9912', '9910', '31', '9969', '32']
['4', '3', '9996', '142']
['103', '102', '95']
['64', '9936', '65', '9752', '9753']
['127', '126', '128', '9930', '70']
['9861', '9862', '9860', '9831']
['230', '229', '231', '120', '119']
['136', '135', '9791', '9790']
['140', '141', '83']
['9915', '9914', '9865']
['28', '27', '9972', '43']
['61', '60', '9947']
['239', '238', '240', '9874']
['9992', '9991', '118']
['9793', '9794', '9792', '148']
['226', '225', '227', '217']
['9768', '9769', '9767']
['9921', '79', '9920']
['9845', '9846', '9844']
['207', '206', '208']
['241', '242']
['232', '233']
['219', '218', '220']
['9820', '9821', '9819']
['116', '115', '117']
['54', '9946', '55']
['9817', '9818', '9816']
['124', '125']
['9833', '9834', '9832']
['9863', '9864']
['9925', '75', '9924']
['73', '72']
['41', '9959', '42']
['9907', '9908', '9906']
['9796', '9797', '9795']
['176', '175', '177']
['9824', '9825', '9823']
['9772', '9773', '9771']
['19', '9981', '20']
['9770']
['170', '169', '171']
['9840', '9841', '9839']
['81', '80', '9919']
['185', '184', '186']
['155', '154', '156']
['85', '86']
['210', '209']
['9762', '9763', '9761']
['9757', '9758', '9756']
['46', '9954', '47']
['97', '96', '98']
['9885', '9886', '9884']
['110', '109', '111']
['9935', '9934']
['9955', '45']
['158', '157', '159']
['9852', '9851']
['188', '187', '189']
['150', '149']
['17', '9983', '18']
['9798', '9799']
['52', '9948', '53']
['9892', '9893', '9891']
['178', '179']
['237']
['37', '9963', '38']
['200', '199', '201']
['9987', '9988', '13']
['160', '161']
['9922', '9923', '78']
['77', '76']
['9872', '9873', '9871']
['9859', '9858']
['9932', '9933', '68']
['9867', '9868', '9866']
['146', '147']
['9971', '29']
['9829', '9830', '9828']
['24', '23', '9976']
['12', '11']
['164', '163', '165']
['9764', '9765']
['9952', '9953', '48']
['180', '181']
['183', '182']
['9882', '9883']
['194', '195']
['9784', '9785', '9783']
['9984', '16']
['9997', '9998']
['133', '134']
['113', '112', '114']
['248', '247', '249']
['9986', '14', '9985']
['168', '167']
['9815', '9814']
['162']
['6', '5', '9994']
['9942', '9943', '58']
['172', '173']
['246']
['9838', '9837']
['9827', '9826']
['9967', '9968', '33']
['9788', '9789', '9787']
['198', '197']
['57']
['108', '107']
['9961', '9962', '39']
['190']
['196']
['9960', '40']
['9951', '49', '9950']
['9900', '9899']
['9941', '59', '9940']
['9918', '82']
['223', '222', '224']
['9977', '9978']
['228']
['87', '88']
['9774', '9775']
['50', '51']
['9876', '9877', '9875']
['69', '9931']
['9980', '9979']
['9905', '9904']
['15']
['9781', '9782']
['9878']
['9842', '9843']
['9848', '9849', '9847']
['9949']
['9766']
