['313', '391', '10', '98', '225', '152', '77', '82', '332', '272', '130', '113', '83', '375', '259', '389', '222', '8', '100', '60', '109', '119', '234', '315']
['87', '252', '370', '382', '20', '362', '186', '324', '361', '65', '255', '308', '202', '290', '165', '114', '217', '66', '160', '90', '236', '57', '99', '373']
['174', '325', '393', '108', '305', '231', '262', '367', '281', '166', '138', '276', '35', '107', '338', '126', '241', '250', '91', '228', '67', '278', '295', '88']
['253', '177', '328', '187', '41', '385', '79', '229', '258', '352', '46', '251', '44', '330']
['58', '388', '30', '348', '16', '297', '198', '9', '346', '223', '331', '260', '29', '43', '94', '27', '191', '196', '380', '360', '42', '387', '135', '111']
['394', '219', '2', '277', '311', '154', '81', '216', '40', '132', '15', '354', '80', '6', '178', '1', '156', '371', '96', '61', '19', '292', '294', '238']
['34', '36', '235', '171', '336', '133', '137', '148', '232', '343', '237', '142', '129', '14', '230', '289', '210', '7', '226', '384', '206', '269', '93', '350']
['118', '374', '76', '140', '369', '124', '146', '4', '282', '303', '162']
['286', '144', '263', '339', '150', '240', '75', '123', '213', '323', '243', '199', '172', '161', '396', '63', '183', '377', '32', '112', '310', '147', '72', '23']
['97', '270', '158', '306', '381', '220', '0', '127', '227', '301', '104', '316', '211', '398', '358', '342', '279', '365', '71', '233', '164', '201', '175', '101']
['53', '383', '341', '285', '378', '335', '26', '84', '128', '167', '78', '155', '298', '221', '163', '271', '179', '249', '349', '139', '327', '149', '254', '293']
['92', '197', '268']
['309', '261', '247', '257', '190', '73', '355', '33', '318', '329', '246', '12', '89', '68', '55', '70', '189', '17', '62', '170', '38', '168', '115', '287']
['363', '395', '121', '64', '356', '18', '359', '340', '239', '376', '204', '59', '153', '136', '288', '103', '379', '151', '245', '102', '273', '122', '125', '390']
['205', '364', '300', '131', '117', '45', '351', '74', '169', '256', '319', '48', '143', '312', '116', '106', '181', '215', '321', '52', '274', '51', '134', '333']
['353', '95', '280', '22']
['69', '184', '192', '24', '49', '105', '185', '28', '218', '85', '195', '110', '244', '203', '299', '326', '209', '283', '302', '304', '296', '180', '194', '266']
['357', '214', '399', '322', '284', '5', '176', '173', '337', '368', '159', '56', '54', '224', '265', '345', '208', '141']
['31', '13', '193', '37', '11', '275', '242', '267', '157', '39', '314', '200', '366', '291', '248', '86', '21', '3', '392', '307', '347', '25', '145', '212']
['397', '317', '386', '264', '372', '320', '334', '47', '120', '188', '50', '344', '207', '182']
