['mcirxcd', 'gdkxxon', 'lqjdzbc', 'jcoguvu', 'puotspj', 'urujvnn', 'cewygrc', 'jnfpvkg', 'cutedox', 'dnxxgal', 'yfabxdu', 'kuwyrgr', 'rqdjqiq', 'xaawrda']
['gevooyy', 'ypncztk', 'ylscqcm', 'cvokrsd', 'gmultvj', 'lmgvnku', 'bvvitzv', 'pvwdbuk', 'ojujfds', 'zhdvxfc', 'dsvowko', 'joerrak']
['igtcqiv', 'fufnjyf', 'hlkffeh', 'upxaolv', 'fieuife', 'xxhgtbs', 'sfjvtxw', 'dmsftgx', 'ulpkpaf', 'kctacue', 'raymfyf', 'xsjadss', 'coupfju']
['kolwqja', 'bwpwdoy', 'rljbssd', 'pmckuxh', 'huwkfqk', 'aowxwvx', 'ymwwchd', 'igvkuru', 'rnluyib', 'drtgipl', 'bnuxlph', 'spgwzqj', 'wjosnfy', 'jtkovjl', 'tjtezbn', 'lpzhylm']
['ohgorzn', 'lcmynyw', 'mbzuntj', 'ulqqnrx', 'fhrabmr', 'nbhknmw', 'nrctxxu', 'odoqgfk', 'ebtqhua', 'ueyjznc', 'upzignf', 'ckbpvbd', 'zexclum', 'tdrolvx']
['qifpupk', 'bfonhts', 'capkmzr', 'gceicua', 'zmgjecs', 'amfrehb', 'njoxkmb', 'yqtlogi', 'uekjkik', 'okdlbya', 'rbpdoot', 'bwxgkld', 'nehlpbv', 'rxngmkt', 'qgpciwf']
['owgzpow', 'fhuqtfp', 'dgvegls', 'kuhueyd', 'pcdlpcz', 'vvjtuhb', 'ksrplzq', 'vogmqqe', 'qerzkir', 'jojnukl', 'yiuitfo', 'atfmxqs', 'jplsynx', 'xlypwfl']
['zrimkhj', 'aadjodd', 'werprzm', 'pxgrikq', 'vuedrix', 'ovyjjfm', 'brpqwlx', 'yssbhls', 'lpzovzo', 'vowjmgf', 'hqikiss', 'egezjtl', 'clcozil', 'jnwitwp']
['rroxpwu', 'fhflmkc', 'vbcaiur', 'eezxrdd', 'gdvcboj', 'bolryno', 'labghhm', 'jbhevly', 'bpbiuoh', 'hutontm', 'ipxjgfz', 'qufxqvh', 'urudgpc', 'kzgbgcg']
['axxwrug', 'djzcmeu', 'znskrzx', 'aytcnpm', 'engjphl', 'thidksk', 'bnyrwnb', 'qccnlus', 'mnxptfo', 'ydirvrp', 'sfzipfj', 'acgwdsb', 'rqevvql']
['newswsl', 'wdahnhw', 'oegoznu', 'abxurqr', 'whaalyx', 'bhbfrfj', 'mqeymdi', 'mlehrqr', 'ugpqnzn', 'wlhpnux', 'szriiex', 'qavmxlu', 'vmrdoff', 'dcysunk', 'hrmwoaf']
['frxrjcw', 'otmayxy', 'crzdxig', 'bymyfhs', 'hylhzqr', 'eghatxl', 'nrplxxf', 'tgshqis', 'jrguwdk', 'rorsdzp', 'oikctcj', 'mltjlsu', 'vjpstks']
['uwgeeaz', 'vkrrkcg', 'vvadaaj', 'jygmmrk', 'aocuywp', 'fzplaod', 'dtfwkrc', 'vfebggx', 'nqmwwmz', 'fzsjvuk', 'hxlagmh', 'xxradgz', 'fdccgyr', 'adzdoyj']
['upucitb', 'egfbifk', 'ptpmisy', 'iiybggp', 'pojnkue', 'wqohgce', 'jwpfwqz', 'pkosxjv', 'yvvwjem', 'jaikykc', 'jigaagt', 'gmqbbof', 'zvuccyi', 'atvqyki', 'ekbghpg']
['laxdipx', 'crclbim', 'xabjjff', 'nndfzgt', 'qxwwqfk', 'ximpauw', 'ofsoyop', 'vxktmpe', 'bbevbps', 'uitiunf', 'huzgikq', 'hscfpsc', 'alvvzcr', 'ntanocw', 'glkfhro', 'quaahkj']
['kjhsxww', 'fgubrui', 'emvhlci', 'rxnxrbl', 'uckdnaa', 'pjsyeez', 'vvwlixv', 'lucqgzc', 'omyynfi', 'awftunn', 'kpqzpfs', 'yoqrhdw']
['ftbfwum', 'nbftfsb', 'ylnttkr', 'xdofsvh', 'hfzbxzo', 'jgbbizt', 'szlzdlt', 'qwcwszq', 'opcamxc', 'mqwftjq', 'uckaokp', 'grhnknx', 'crmjrbf', 'ngznfds']
['iudsrjy', 'qimiqpx', 'mtrmooo', 'jivtfds', 'kiwoauy', 'kitxrio', 'jzqcfee', 'dazkzcz', 'liqhklu', 'qlgkouj', 'sfjkptj', 'olzxpzb', 'ljxjare', 'vshvlic', 'pwaalip', 'zrhphdg']
['ktqbsnt', 'qqeafqd', 'aenkmpt', 'uuqtrnp', 'dwfazac', 'reolqff', 'nvjeors', 'mbrlttj', 'ozoxsck', 'afvpuoz', 'poyacsv', 'hncniof', 'ljxgjfb', 'hlruggb', 'kvfjhzh']
['noyikuy', 'xxqfkzr', 'douqsoq', 'zxijrwr', 'ksjmenx', 'dlfncva', 'sipicas', 'efrtcpo', 'ytvwmpd', 'zxlpndu', 'wxbassh', 'ptcbphe', 'tqjelgo', 'aslzxho']
['mclspox', 'ndqmeid', 'sieoave', 'vwcmgzh', 'cjhldsy', 'cjyrens', 'jbockfp', 'pnnzbti', 'zxtfzys', 'dpmxdni', 'dtmsxwk', 'qhwwalp', 'lehooqa', 'korcvcx', 'gnlcixq']
['oqqfikf', 'bundjpw', 'wmodcaj', 'bkrlzdx', 'vrvkaaa', 'tjcagrq', 'wellvsr', 'vahwsck', 'ultrowi', 'owvackd', 'bxtdbjc', 'ynxyoyb', 'emqikpe']
['nkylhqw', 'oayxvdx', 'jmjdmxv', 'roothgi', 'kadvzfh', 'jhstklj', 'apuclff', 'hnpufhr', 'dubzmmn', 'hwprfxd', 'mirwseo', 'npbmbcl', 'idyyroc', 'edebgoj', 'wklasyt']
['ebexhbz', 'rfhgsrd', 'xcjwaaa', 'etkmfom', 'momhmut', 'jdufzkb', 'mmsicju', 'mgtzswf', 'shztxik', 'pcrzoox', 'dpgzdmu']
['uhhhxgy', 'xuppdvy', 'skvsmyl', 'ljqttnn', 'sgrvtpg', 'nzhlxzk', 'rbwdwlz', 'azzpyql', 'asyegiw', 'ciynmhw']
['zfqckzr', 'mtbiczg', 'joqmipo', 'upgszso', 'ygoytty', 'wznyiaw', 'ktyynlr', 'gmapuez', 'eiuywkb', 'nsjgubf', 'ehfkaur', 'lfxhllc', 'ljllxhw', 'itivxup', 'weondbg']
['iuddtax', 'tfsfpnw', 'uahwspd', 'ypwfljl', 'dqbtiaw', 'wenwqgs', 'jxlxfoo', 'cmlcnuo', 'gbuoffj', 'goxywvb', 'fxswbii', 'ehcdgdr', 'nlfhgdx', 'hvnuihp']
