['76', '136', '106', '226', '287', '16', '256', '196', '166', '46']
['215', '185', '245', '275', '5', '155', '95', '52', '65', '143', '35']
['165', '144', '81', '141']
['63', '297', '212']
['149', '295', '265', '258', '48', '115', '168', '78', '128', '138', '228', '205', '145', '108', '25', '18', '288']
['98', '68', '8', '218', '158', '188', '248', '278', '38']
['150', '270', '90', '210', '240', '180', '0', '120', '30']
['281', '159', '219', '131', '279', '39', '101', '191', '41', '9', '249', '129', '11', '161', '251', '71']
['122', '272', '182', '2', '62', '32', '242', '92', '152']
['206', '116', '146', '56', '26', '266', '296', '236', '176', '54']
['69', '99', '189', '250']
['247', '217', '10', '280', '187', '190', '60', '277', '130', '160', '220', '67', '100', '40', '7', '70', '37']
['75', '239', '285', '269', '59', '119', '299', '89', '209', '135', '225', '29', '195', '105', '255', '179', '15', '88']
['177', '104', '117', '57', '224', '221', '27', '237', '207', '87', '147']
['134', '204', '254', '84', '14', '164', '194', '174', '74', '114', '24', '234', '264', '294', '44']
['1', '121', '31', '157', '91', '97', '151', '211', '127', '181', '271']
['227', '197', '107', '137', '293', '113', '17', '203', '257', '77', '233', '47', '167', '173', '263', '23', '53']
['42']
['139', '169', '20', '140', '199', '260', '19', '50', '170', '79', '259', '80', '289', '290', '49', '229', '110']
['82', '172', '142', '262', '45', '202', '292', '232', '112', '22']
['268', '298', '208', '148', '28', '118', '58', '178', '238']
['200', '230', '198', '286']
['102', '162', '12', '192', '282', '72', '222', '132', '252']
['273', '133', '33', '243', '213', '124', '153', '284', '93', '3', '183', '123', '283']
['154', '4', '34', '274', '64', '214', '244', '125', '184', '94']
['86', '267']
['291', '171', '201', '21', '231', '83', '261', '51', '111']
['13', '216', '223', '36', '156', '66', '126', '253', '43', '73', '246', '103', '276', '193', '6', '109', '163']
['96', '186']
['241', '235', '85', '175', '61', '55']
