['JNJNE', 'YOGJ', 'TSSNJ', 'WTGA', 'WELF', 'UI', 'UK', 'DQQ', 'XU', 'AB', 'JUXOIJ', 'ZW', 'YDDS', 'QNKIQE', 'QKT', 'AFH', 'B', 'A', 'MRT', 'GFNZL']
['G', 'NDF', 'NVLNXP', 'P', 'EP', 'UXBDM', 'TGKUE', 'CCIYM', 'MYSMZ', 'NS', 'TXCK', 'JL', 'MWKWWN', 'I', 'PRYXX', 'T', 'QGUYKQ', 'VOLULU']
['HGT', 'LNMCTV', 'GCSAZH', 'YEBV', 'WVHKC', 'FSZNT', 'QE', 'UXXBYF', 'EYVVY', 'AH', 'UVUBDR', 'SHT', 'CVSPP', 'BHT', 'DCBWSF', 'DJC', 'IE']
['SK', 'KKFPQ', 'AQDX', 'UHTMG', 'HPXSSF', 'DBGM', 'EJOR', 'VCFLXV', 'FAL', 'XT', 'KAZEK', 'QIZWG', 'FWRV', 'ORJB', 'WPRTBZ', 'OEJ', 'DLJMZC', 'ODIF', 'ANW', 'O']
['BBB', 'QREJV', 'Y', 'WFWU', 'LZLFY', 'WK', 'XLVUF', 'JP', 'CRAQYE', 'OYJLB', 'BAVHR', 'IWP', 'GI', 'NAIN', 'ACYQN', 'VHUHI', 'N', 'RKCPEP', 'GDGZN', 'WBPB']
['FBW', 'KLQR', 'UBWSTW', 'DFGWZZ', 'TN', 'YXEJT', 'NZDAU', 'MXSFK', 'VYGES', 'LWIA', 'YK', 'RWO', 'TGDTND', 'IYCHS', 'WWF']
['J', 'CTRFIJ', 'X', 'C', 'EVDQNK', 'MM', 'NGUN', 'BNC', 'MV', 'GDFI', 'WAXWZU', 'TUB', 'HOQPX', 'VWK', 'BX', 'NDMQJ', 'UEKXJH', 'VYBQIM']
['RQRWJT', 'NJAA', 'ZDYFZU', 'TAN', 'PBRPX', 'OVM', 'RWHILI', 'FGPZAA', 'OYDEJ', 'EWAZF', 'KBV', 'OIA', 'V', 'FVMBV', 'ARYSPZ', 'MISGHL', 'PE', 'IGSXN', 'HH', 'YII']
['XS', 'USZM', 'TOR', 'WCZSB', 'LQ', 'CFG', 'CN', 'NDZ', 'ZTR', 'UU', 'EM', 'ZQAULZ', 'BQIFGG']
['KCQRDN', 'HMURVX', 'XEAARR', 'JSMAHJ', 'XFGUIZ', 'BHKK', 'NDLUNW', 'HDJL', 'BJ', 'PIGBG', 'QDMX']
['ETSAG', 'NTMT', 'ZTK', 'TXNP', 'TYQL', 'E', 'XVU', 'NMU', 'TCBKQ', 'NBJL', 'MYN', 'ZHDBW', 'GUOYX', 'U', 'S', 'HSHY', 'DVVKX', 'ZYFXQ', 'SUPLJO', 'HJW']
['JCM', 'LW', 'DRLM', 'YFFNQ', 'LJSX', 'TJU', 'AR', 'OL', 'HTA', 'TTV', 'TQWWLG', 'FCB', 'SU', 'HHCPMB', 'QROYGT', 'KFBC', 'SEWIVO', 'AY', 'BW', 'MOOKF']
['M', 'L', 'EMP', 'QNN', 'ZIIN', 'ETBLO', 'PQ', 'W', 'EU', 'AZN', 'ZULMQ', 'MLDT', 'KMU']
['QYC', 'OFIPP', 'NP', 'PHS', 'FLLJ', 'KFYTH', 'MICOE', 'CNYXMO', 'EVTLXI', 'BFZ', 'LZQ', 'KW', 'SGY', 'HO', 'ZVWR', 'ZHCQG']
['OTXCZH', 'H', 'D', 'ET', 'HLT', 'AL', 'WZ', 'SY', 'ICLIT', 'MPYJWG', 'COYVMU']
['SRJZQ', 'TZTCA', 'DEXTSN', 'RUC', 'UBYG', 'FJTW', 'LY', 'AW', 'OHZYQ', 'VL', 'POL', 'EYEWXP', 'YO', 'IU', 'QBB', 'BSAEQ', 'BGB', 'JN']
['UIUBC', 'KRXDGO', 'FXAQ', 'DJS', 'FPPMUW', 'LTHESD', 'RZU', 'XINMR', 'ERR']
['GBSI', 'MK', 'QREJG', 'SBM', 'HDJIQ', 'JJ', 'AJDT', 'JMYQEA', 'KPXJFJ', 'BPZAJ', 'KJHR', 'CMB', 'MMUK', 'TRXUD', 'EHXPLS', 'AEV']
['AZGCQ', 'NO', 'THMU', 'OQV', 'IMB', 'EDAKUV', 'LHILT', 'Z', 'ZAP', 'FAF', 'ZJUCNC', 'ZVKC', 'FP', 'JBJS', 'MY']
['OC', 'TB', 'CHR', 'CAED', 'YQ', 'XLWRB', 'UJ', 'PJG', 'RM', 'JCEYOL']
