['Margaret', 'Juan', 'Eunice', 'Megan', 'David']
['Olive', 'Rachel']
['Mae', 'Bernie', 'Sally', 'Philip']
['Jessica', 'Darrin', 'Octavia', 'Jim', 'Joyce']
['Russel', 'Victoria', 'Cheri', 'Jessie']
['Lexie', 'Laura', 'Lucia', 'Ronald']
['Robin', 'Cleo', 'Kimberly', 'Samuel', 'Justin']
['Janice', 'Bonita', 'Mavis', 'Kenny', 'Clifford', 'Emily']
['Mitchell', 'Newton', 'Joshua', 'Thomas', 'Sheryl']
['Gordon', 'Doretha', 'George', 'Eva']
['Randy']
['Dolores', 'Arturo', 'Minnie', 'Martin']
['Iris', 'Maria', 'Chris', 'Curtis']
['Merle', 'Gary', 'Rick', 'Brett', 'Helen']
['Victor', 'Harriett', 'Adrian']
['Leola', 'Johnny', 'Isaac', 'Josie', 'Tommy']
['Warren']
['Shelly', 'Brian', 'Kelvin', 'Ella']
['Evelyn', 'Marybeth']
['Molly', 'Marta']
['Ashley', 'Wanda', 'Barbra', 'Ralph']
['Joseph', 'Betty', 'Colleen', 'Patrice', 'Terry']
['Cedric', 'Alex', 'Jane', 'Tammy', 'Lucy']
['Aron', 'Vera', 'Tomas', 'Sheila', 'Sara', 'Hector']
['Richard', 'Stephanie', 'Blanche', 'Edward', 'Brooks']
['Lena', 'Fletcher', 'Craig', 'Diane']
['Hazel', 'Keith', 'Ethel', 'Harry', 'Frances']
['Shante', 'Oscar']
['Cameron', 'Dottie', 'Virginia', 'Roberto']
['Mireya', 'Ray']
['Annie', 'Roberta', 'Delia']
['Marge', 'Vance', 'Tracy', 'Stanley', 'Vickie']
['Lowell', 'Grace']
['Allen', 'Ted', 'Bruce', 'Zachary', 'Melvin']
['Horace', 'Maxine', 'Alan']
['Brenda']
['Chester', 'Beverly', 'Aileen', 'Rod']
['Dena', 'Eric']
['Kathryn', 'Heather', 'Billie', 'Jewel']
['Tabatha', 'Jodi', 'Katrina', 'Martha', 'Wilbur']
['Gene', 'Felipe', 'Carrie', 'Lester']
['Andre', 'Gladys', 'Steven', 'Raymond', 'Colin', 'Teresa']
['Catherine', 'Bernard', 'Robert', 'Quentin', 'Lucille', 'Michael', 'Bessie']
['Heidi', 'Johnathan']
['Mamie', 'Rhonda', 'Brandon', 'Joe', 'Pamela', 'Desiree']
['Angel', 'Matilda', 'Daphne', 'Esther', 'Edwin']
['Daniel', 'Fred', 'Wilfredo']
['Randall', 'Jennifer', 'Damian', 'Thelma']
['Miriam', 'Karen', 'Wade', 'Gregory', 'Justine']
['Kurt', 'Charles', 'Anthony', 'Mark']
['Darryl', 'Jean', 'Alvin', 'Dwayne']
['Louise']
['Jason', 'Jacqueline', 'Sharon', 'Christian']
['Kristen', 'Frank']
['Cesar']
['Alberta', 'Stephen', 'Tim', 'Nellie', 'Tanya']
['Emilee', 'Marjorie', 'Loretta']
['Elvera', 'Roy', 'Casandra', 'Ruth', 'Mario', 'Jewell']
['Kenneth', 'Isabelle', 'Lorena', 'Walter', 'Larry', 'Dewayne']
['Cathleen', 'Alonzo', 'Vanessa', 'Eduardo', 'Phillip', 'Leigh']
['Doris', 'Antonietta', 'Jeffery', 'Marion', 'James']
['Carlton', 'Louis']
['Maybell', 'Marcus', 'Corinne', 'Ericka']
['Fay', 'Frida', 'Timothy', 'Sandra', 'Dan']
['Esta', 'Deborah', 'Gilbert', 'Derrick']
['Argentina', 'Albert']
['Rocio', 'Latonya', 'Lori', 'Roger']
['Lidia', 'Judith', 'Trenton', 'Samantha', 'Janet']
['Clara', 'Norma', 'Mari', 'Austin', 'Laurie', 'Lakesha']
['Erma', 'Ada', 'Deandre', 'Lorenzo', 'Evan', 'Clyde']
['Salvatore', 'Paula', 'Linda']
['Todd', 'Amanda', 'Regina', 'Sarah', 'Gerard']
['Irene', 'Carlos']
['Luis', 'Abdul', 'Stacy']
['Ladonna', 'Levi', 'Joan']
['Cindy', 'Chelsea']
['Renee', 'Jeffrey', 'Pat', 'Bobby', 'Houston']
['Andrea', 'Shaun', 'Maureen', 'Lisa']
['Harold', 'Cyndy', 'Josephine', 'Ernest']
['Leo', 'Patrick', 'Myra']
['Lillie', 'Carla', 'Theresa']
['Jonathan', 'Sulema', 'Dawn', 'Cheryl', 'Claudia']
['Rueben', 'Barry', 'Lottie', 'Joel']
['Ricardo', 'Bernadette', 'Kelli', 'Julie', 'Antoinette']
['Tom', 'Hillary', 'Earl']
['Lydia', 'Monica']
['Benjamin', 'Debra', 'Mary', 'Michelle']
['Phyllis', 'Katherine', 'Ivan', 'Emerson', 'Guadalupe', 'Manuel']
['Lacey', 'Melissa', 'Paul', 'Weldon', 'Carl', 'Devon']
['Joy', 'Sheldon', 'Carole']
['Steve', 'William', 'Scotty']
['Jeff', 'Vicky', 'Charlotte']
['Nicholas', 'Debbie', 'Lorene', 'Hugo']
['Rena', 'Krista', 'Sam']
['Rafael', 'Patricia', 'Jayne', 'Harriet', 'Reggie']
['Jami', 'Shane', 'Donald', 'Julius']
['Noma', 'Shawn', 'Gerald']
['Rebecca', 'Tommie']
['Shirley', 'Matthew']
['Ruthie', 'Melanie', 'Carroll', 'Gale']
['Milton', 'Geraldine']
['Tonya', 'Anne']
['Jeremy', 'John', 'Shawna', 'Anita', 'Nathaniel']
['Henry', 'Tiara', 'Susan', 'Arline']
['Bernice', 'Mildred', 'Vicente']
['Jammie', 'Marie']
['Arthur', 'Barbara', 'Jasmine', 'Mona', 'Lizzie', 'Kelly', 'Kim']
['Marla', 'Lauren', 'Kyle', 'Pearl', 'Brittany']
['Beatrice', 'Douglas', 'Johnnie', 'Jeanette', 'Mei']
['Cara', 'Christiana']
['Antonio', 'Byron', 'Pauline', 'Gloria']
['Crystal', 'Nancy']
['Kathryne', 'Adam', 'Gail', 'Porfirio', 'Carmen']
['Toni', 'Alice', 'Peggy', 'Raquel', 'Hilton', 'Elizabeth']
['Christopher', 'Dennis', 'Cynthia', 'Matt']
['Esperanza', 'Carolyn']
['Lela']
['Peter', 'Melony', 'Claire', 'Patsy']
['Jonathon', 'Dorothy', 'Donna', 'Beatriz', 'Erica']
['Rory', 'Hildegard', 'Christine', 'Jerry', 'Carol']
['Danielle', 'Anna', 'Erik', 'Lawrence', 'Kristine']
['Kay']
['Katie', 'Fredrick', 'Virgie', 'Carina']
['Maryann', 'Jerome', 'Julia', 'Kristina', 'Kathleen']
