['369', '2', '340', '282', '13', '220', '41', '301', '21', '36', '149', '323', '37', '181', '256', '162']
['240', '178', '169', '239', '293', '155', '171', '329', '214', '195', '55', '160', '26', '343', '63', '371']
['316', '140', '110', '218', '332', '98', '273', '126', '238', '116', '73', '284', '175', '144', '283', '307']
['129']
['336', '312', '338', '346', '345', '197', '99', '286', '150', '289', '339', '209', '70', '360', '366', '246']
['174', '90', '248', '370', '215', '315', '124', '123', '16', '87', '374', '281', '115', '51', '82', '138']
['167', '269', '222', '85', '305', '14', '200', '119', '66', '229', '206', '120', '147', '56', '276', '49']
['318']
['191', '364', '205', '258', '59', '164', '133', '184', '288', '252', '8', '4', '241', '64', '179', '297']
['23', '321', '152', '244', '326', '271', '114', '230', '159', '274', '242', '317', '227', '277', '148', '137']
['125', '88', '319', '267', '251', '9', '275', '249', '290', '6', '250', '358', '257', '19', '203', '60']
['355']
['94', '106', '295', '84', '76', '186', '142', '173', '81', '7', '72', '170', '185', '320', '158', '344']
['232', '5', '112', '80', '189', '105', '67', '42', '17', '57', '328', '58', '69', '177', '134', '43']
['103', '62', '172', '38', '20', '208', '310', '333', '111', '373', '47', '96', '245', '299', '117', '270']
['83']
['367', '193', '296', '15', '207', '22', '31', '128', '219', '154', '198', '74', '291', '217', '176', '361']
['285', '33', '141', '136', '263', '102', '331', '221', '145', '226', '235', '357']
['335', '351', '365', '264', '182', '314', '211', '272', '1', '25', '311', '237', '265', '350', '78', '325']
['39', '313', '280', '165', '308', '30', '34', '127', '151', '199']
['233', '10', '104', '95', '234', '153', '45', '300', '163', '54', '223', '201', '304', '32', '161', '213']
['324', '146', '362', '202', '225', '132', '243', '261', '97', '254']
['259', '113', '40', '108', '101', '50', '135', '166', '236', '255', '77', '28', '266', '79', '118', '3']
['253', '139', '61', '130', '24', '356', '91', '342']
['93', '287', '375', '354', '168', '194', '89', '210', '303', '352', '107', '131', '183', '46', '44', '348']
['372', '12', '188']
['109', '92', '337', '100', '327', '278', '262', '48', '353', '71', '65', '309', '349', '306', '196', '247']
['359', '292']
['341', '35', '330', '27', '190', '180', '11', '122', '302', '29', '363', '260', '18', '334', '143', '279']
['204', '368', '192', '228']
['347', '231', '216', '86', '52', '68', '121', '75', '294', '322', '156', '157', '187', '298', '212', '224']
['268', '53']
