['417', '51', '228', '252', '266', '330', '106', '263', '497', '150', '159', '244', '101', '376', '405', '345', '199', '233', '307', '490', '98', '174', '295', '215', '59', '398', '155', '312', '255', '86']
['251', '151', '388', '435', '428', '110', '25', '82', '117', '349', '243', '128', '23', '364', '254', '223', '495', '87', '289', '208', '221', '156', '66', '419', '139', '320', '112', '1', '309', '137']
['30', '12', '239', '60', '499', '261', '178', '369', '310', '298', '455', '355', '183', '393', '142', '47', '227', '477']
['21', '264', '40', '297', '230', '463', '202', '294', '395', '474', '241', '50', '73', '122', '188', '56', '424', '260', '274', '67', '114', '219', '131', '454', '304', '478', '3', '212', '250', '225']
['431', '29', '41', '121', '195', '242', '352', '397', '193', '498', '127', '472', '402', '229', '97', '200', '196', '39', '185', '16', '179', '365', '77', '90', '444', '480', '28']
['381', '218', '306', '64', '217', '360', '324', '385', '52', '383', '492', '319', '451', '31', '450', '205', '479', '370', '247', '206', '172', '210', '192', '287', '409', '291']
['20', '164', '348', '48', '93', '453', '425', '282', '290', '331', '91', '382', '466', '176', '481', '214', '372', '32', '237']
['277', '34', '259', '401', '422', '299', '390', '2', '43', '11', '69', '357', '314', '494', '4', '6', '135', '10', '154', '140', '45', '88', '286', '470', '272', '485', '329', '166', '333']
['0', '180', '84', '371', '169', '53', '75', '89', '108', '115', '350', '379', '240', '173', '373', '99', '387', '161', '313', '168', '216', '458', '62', '340', '489', '102', '54', '253', '279', '421']
['13', '58', '337', '305', '46', '80', '416', '442', '283', '136', '404', '146', '482', '119', '403', '222', '249', '448', '113', '335', '273', '83']
['158', '493', '302', '184', '182', '356', '95', '132', '256', '70', '238', '160', '396', '276', '71', '321']
['443', '189', '459', '462', '38', '426', '342', '496', '236', '265', '441', '138', '491', '57', '167', '35', '143', '204', '359', '285', '394', '258', '386', '213', '22', '377', '423', '207']
['399', '224', '262', '292', '368', '483', '339', '471', '408', '322', '317', '341', '344', '278', '452', '354', '439', '473', '440', '26', '36', '194', '24', '79', '153', '323']
['488', '118', '152', '197', '375', '220', '275', '123', '414', '347', '420', '8', '5', '328', '446', '325', '42', '300', '171', '177', '201', '105', '81']
['353', '107', '427', '456', '211', '14', '162', '234', '411', '308', '94', '145', '61', '449', '288', '27', '104', '406', '430', '374', '301', '76', '303', '209', '326', '469', '111']
['103', '284', '433', '96', '65', '271', '332', '484', '129', '358', '392', '464', '467', '415', '126', '226', '445', '437', '187', '144', '235', '17', '198', '231', '125', '336']
['363', '384', '268', '78', '100', '475', '296', '461', '447', '116', '133', '351', '460', '346', '429', '436', '170', '203', '269', '270', '410', '19', '147', '246', '15', '334']
['267', '120', '190', '412', '413', '476', '281', '327', '457', '175', '55', '63', '487', '248', '311', '378', '163', '380', '165', '44', '486', '9', '68', '407', '343']
['366', '338', '389', '367', '148', '18', '33', '74', '92', '124', '318', '157', '418', '468', '232', '109', '465', '49', '362', '134']
['280', '37', '149', '361', '191', '181', '432', '391', '434', '438', '316', '315', '400', '186', '7', '293', '130', '72', '257', '141', '85', '245']
