['213', '199', '212', '214', '243', '229', '242', '244', '30', '29', '26', '25']
['268', '257', '267', '269', '179', '166', '178', '180', '305', '304', '76', '68', '92']
['109', '100', '108', '110', '11', '5', '10', '23', '24', '12', '208', '207', '209', '105']
['278', '262', '277', '13', '6', '27', '28', '14', '128', '125', '127', '134', '124', '93']
['156', '155', '158', '159', '157', '288', '298', '299', '273', '274', '295', '294']
['221', '218', '220', '226', '227', '222', '307', '292', '306', '308', '97', '94', '239']
['48', '39', '47', '49', '84', '72', '83', '85', '112', '113']
['237', '236', '238', '60', '45', '59', '61', '73', '67', '86', '74']
['259', '253', '258', '271', '272', '260', '177', '165', '69', '77']
['282', '280', '286', '287', '283', '52', '41', '53', '88', '87']
['194', '189', '193', '203', '204', '195', '38', '34', '46', '142', '132', '141']
['63', '62', '65', '66', '64', '263', '255', '264', '275', '261', '276']
['149', '136', '148', '150', '190', '187', '196', '191', '270']
['115', '103', '114', '116', '79', '70', '78', '192', '188', '200']
['81', '71', '80', '82', '1', '0', '3', '4', '2', '54', '42']
['290', '284', '289', '302', '303', '291', '120', '119', '121', '216', '215']
['15', '7', '16', '293', '309', '245']
['147', '135', '146', '231', '223', '230', '246', '247', '21', '22']
['101', '96', '111', '102', '139', '131', '140', '186']
['99', '95', '98', '106', '107', '241', '228', '240', '44', '37', '58']
['123', '122', '183', '168', '182', '184', '219']
['252', '249', '251', '266', '256', '265', '210', '197', '211']
['281', '279', '285', '117', '104', '118', '17', '18']
['205', '206', '31', '32', '33', '233', '232']
['144', '133', '143', '145', '35', '36', '254']
['50', '40', '51', '300', '301', '202', '201']
['225', '224', '234', '235', '56', '43', '55', '57', '198']
['175', '164', '174', '176', '9', '8', '19', '20', '169', '161', '185']
['248', '217', '250', '170', '162', '171', '167', '160', '181']
['90', '75', '89', '91', '172', '163', '173', '154']
['152', '137', '151', '153', '130', '126', '129', '138', '297', '296']
