['237', '27', '84', '193', '178', '89', '372', '344', '244', '489']
['134', '329', '293', '128', '416', '271']
['487', '456', '436', '170', '385', '254', '373']
['56', '397', '337', '226', '246', '401', '411']
['381', '40', '216', '347', '360', '1', '272', '199']
['2', '166', '240', '320', '80', '68', '442', '30', '383']
['130', '463', '256', '171', '175', '13', '334', '433', '403']
['376', '370', '465', '87', '93', '342', '100', '110', '140']
['245', '17', '97', '98', '92', '12', '338', '50', '358']
['181', '61', '493', '198', '301', '132', '117', '278']
['312', '310', '424', '58', '368', '215', '418', '315']
['306', '281', '351', '361', '453', '325', '477', '253']
['78', '289', '448', '233', '150', '362', '445', '148', '106']
['41', '47', '364', '449', '400', '369', '298', '96']
['447', '365', '212', '62', '102', '305', '3', '343']
['208', '336', '340', '467', '152', '446', '230', '251', '352', '432']
['399', '187', '267', '290', '33', '440', '499']
['472', '451', '356', '243', '460', '52', '437', '409', '219']
['228', '210', '309', '95', '492', '323', '225']
['220', '156', '109', '116', '91', '484', '421', '85']
['43', '227', '406', '478', '107', '127', '450', '335', '479']
['481', '11', '488', '494', '482', '24']
['457', '439', '393', '454', '415', '346', '422', '379', '266']
['120', '162', '474', '71', '280', '330', '384', '105', '313']
['119', '402', '186', '395', '53', '22', '262', '160']
['45', '42', '146', '7', '279', '375', '231']
['103', '139', '434', '485', '420', '363', '317', '38', '86', '275']
['431', '76', '248', '296', '133', '126', '249', '77', '223']
['288', '224', '264', '286', '258', '34', '332']
['207', '75', '386', '357', '168', '284', '274', '319', '174']
['468', '283', '177', '444', '394', '236', '387', '15', '458']
['333', '180', '389', '165', '257', '211', '99', '82']
['8', '10', '250', '291', '265', '295']
['200', '327', '413', '55', '60', '204', '292', '498', '213', '206']
['64', '255', '496', '101', '483', '417', '197', '408']
['26', '307', '192', '396', '57', '261']
['247', '461', '429', '471', '141', '39', '201', '217', '73']
['164', '377', '44', '111', '480', '388', '374', '115']
['74', '32', '443', '129', '145', '441', '297', '316']
['123', '59', '131', '425', '72', '83', '6', '16']
['20', '314', '378', '49', '490', '179', '232', '185', '260']
['144', '355', '241', '151', '161', '392', '195']
['29', '136', '159', '36', '147', '191']
['51', '23', '153', '108', '263', '21']
['173', '300', '222', '469', '270', '235', '303', '326', '138']
['412', '188', '282', '353', '113', '54', '104']
['163', '322', '149', '37', '359', '500', '183', '495']
['112', '167', '455', '142', '214', '491', '339', '273']
['176', '259', '466', '67', '341', '46', '405', '66', '423']
['221', '462', '19', '124', '391', '304', '31']
['371', '14', '497', '184', '459', '189', '348']
['435', '299', '349', '205', '390', '125', '137']
['452', '380', '350', '302', '277', '203', '382', '202']
['190', '404', '410', '367', '9', '70', '155', '238']
['366', '63', '88', '414', '486', '398', '419', '18', '407']
['209', '196', '438', '287', '28', '25', '269', '157', '158']
['194', '69', '234', '328', '121', '81', '239', '229', '48']
['4', '114', '285', '308', '79', '122', '268', '252']
['65', '331', '354', '294', '182', '464', '118', '172']
['169', '428', '135', '35', '154', '5']
['324', '470', '218', '321', '476', '430', '94', '427', '426']
['345', '311', '473', '318', '90', '242', '143', '276', '475']
