['Danni', 'Thia', 'Andie', 'Opal', 'Nancie', 'Sandie', 'Diahann', 'Catha', 'Jessamyn', 'Anabal', 'Reggi', 'Ronnica', 'Emelda', 'Mirna', 'Idalina']
['Doris', 'Janice', 'Terese', 'Rosamond', 'Shirl', 'Tiffy', 'Brook', 'Demetria', 'Carri', 'Avivah', 'Morena', 'Myrtle', 'Adiana', 'Cathryn', 'Kara']
['Winifred', 'Vanni', 'Nissie', 'Lulu', 'Natalya', 'Nelie', 'Selinda', 'Orsa', 'Lira', 'Cristen', 'Krissy', 'Tallie', 'Gale', 'Lorain', 'Veradis']
['Melloney', 'Hedwiga', 'Millisent', 'Cheslie', 'Jen', 'Bernice', 'Fania', 'Marabel', 'Caryn', 'Eulalie', 'Ranice', 'Ramonda', 'Tani', 'Oliy', 'Corinne']
['Aviva', 'Carla', 'Missy', 'Tiphanie', 'Lisette', 'Leda', 'Della', 'Lesly', 'Valli', 'Austina', 'Nedda', 'Annice', 'Sileas', 'Kellsie', 'Cherilynn']
['Alia', 'Ulrike', 'Tamara', 'Kaitlynn', 'Cristionna', 'Nicki', 'Jolie', 'Conchita', 'Noreen', 'Brittan', 'Frankie', 'Rosene', 'Stephannie', 'Lorena', 'Meggi']
['Kiele', 'Agnes', 'Julie', 'Arlee', 'Netty', 'Shoshana', 'Neile', 'Hortense', 'Oralee', 'Joelly', 'Teddi', 'Fredericka', 'Maxie', 'Antonietta', 'Moyna']
['Zenia', 'Anastassia', 'Ingunna', 'Charmine', 'Yovonnda', 'Flory', 'Casi', 'Marcie', 'Stefa', 'Lorie', 'Brunhilda', 'Agneta', 'Maddalena', 'Ansley', 'Camala']
['Eolanda', 'Agatha', 'Gae', 'Rosana', 'Rhodia', 'Adriane', 'Jaynell', 'Britteny', 'Dotti', 'Quintana', 'Gianina', 'Lotte', 'Mella', 'Sofie', 'Noell']
['Andromache', 'Kala', 'Roslyn', 'Cindie', 'Claudie', 'Carroll', 'Cristabel', 'Rhody', 'Lani', 'Monique', 'Gerry', 'Mufinella', 'Jemie', 'Stormi', 'Yolanda']
['Korney', 'Shanie', 'Dee', 'Serena', 'Vonni', 'Dominica', 'Allie', 'Johanna', 'Bekki', 'Ruperta', 'Tamra', 'Melinde', 'Randie', 'Anette', 'Kellie']
['Cassondra', 'Brigitte', 'Fernande', 'Jorrie', 'Marijo', 'Erminia', 'Chelsy', 'Drusy', 'Sonni', 'Dena', 'Beatrice', 'Bonita', 'Estele', 'Sile', 'Paulina']
['Birgitta', 'Brear', 'Bridgette', 'Babara', 'Alyson', 'Anabel', 'Diane', 'Georgiana', 'Risa', 'Kittie', 'Tarra', 'Marcella', 'Vinni', 'Estella', 'Martina']
['Rita', 'Silva', 'Desiri', 'Belle', 'Nicoli', 'Lynnet', 'Sula', 'Faythe', 'Stesha', 'Rowena', 'Gabbie', 'Georgeanne', 'Kathleen', 'Harriet', 'Katti']
['Bertie', 'Sherrie', 'Jesse', 'Kania', 'Anabelle', 'Agnese', 'Addi', 'Inga', 'Colline', 'Marlena', 'Erica', 'Delly', 'Fran', 'Paige', 'Latisha']
['Josepha', 'Mei', 'Dorine', 'Tiffany', 'Kaitlin', 'Gaby', 'Eran', 'Allene', 'Sada', 'Dyane', 'Sadye', 'Doroteya', 'Tanitansy', 'Alexandrina', 'Mariellen']
['Fawnia', 'Clarissa', 'Livy', 'Daphene', 'Mechelle', 'Peg', 'Britney', 'Marris', 'Marisa', 'Eve', 'Marlie', 'Kathy', 'Elvera', 'Matilde', 'Kathryn']
['Xylina', 'Jacqui', 'Angelica', 'Tim', 'Collete', 'Patty', 'Amalee', 'Vicky', 'Lyda', 'Gavra', 'Joanna', 'Pammy', 'Lydie', 'Zulema', 'Clemence']
['Starlin', 'Yetta', 'Roxane', 'Helyn', 'Debora', 'Cassandra', 'Edith', 'Karie', 'Sheila', 'Rivkah', 'Idelle', 'Clemmie', 'Madelena', 'Malva', 'Haley']
['Yoshi', 'Nanon', 'Willi', 'Briny', 'Corly', 'Gwennie', 'Leanora', 'Mair', 'Athena', 'Laverne', 'Dita', 'Charita', 'Else', 'Euphemia', 'Row']
