['279', '86', '160', '216', '257', '328', '341', '359', '362', '364', '457', '407', '459', '126', '162', '177']
['99', '215', '296']
['120', '0', '32', '54', '64', '70', '71', '74', '85', '93', '98', '106', '110', '130', '147', '148', '166', '187']
['139', '235', '348']
['255', '23', '261', '288', '421', '329', '370', '393', '310', '256', '278', '428', '107', '269', '323', '344', '405', '151']
['467', '333']
['142', '72', '118', '164', '170', '183', '252', '259', '265', '132', '433', '464', '73', '155', '308', '403', '430']
['14', '365']
['111', '1', '31', '67', '2', '12', '17', '21', '22', '26', '33', '35', '36', '40', '43', '50', '53', '56']
['268', '412']
['180', '4', '104', '387', '406', '242', '392', '336', '471', '351', '87', '123', '10', '16', '27', '38', '63', '78']
['66', '448', '495']
['347', '60', '61', '249', '301', '437', '83', '92', '422', '199', '65', '197', '200', '226', '245', '395', '404']
['238', '210', '342']
['7', '8', '11', '13', '20', '34', '39', '57', '59', '95', '96', '121', '128', '131', '141', '146']
['55', '462', '138']
['416', '284', '498', '193', '321', '372', '379', '427', '3', '276', '346', '376', '25', '109', '115', '188', '176', '189']
['367', '228', '46']
['169', '81', '154', '45', '133', '149', '178', '195', '203', '220', '221', '223', '224', '229', '236', '243', '277', '282']
['477', '330', '447']
['380', '222', '442', '461', '18', '232', '275', '418', '231', '290', '150', '179', '440', '207', '374', '389', '473', '340']
['159', '184', '309']
['327', '194', '335', '408', '137', '250', '9', '186', '42', '47', '68', '79', '91', '101', '209', '211', '241', '77']
['475']
['343', '174', '191', '143', '28', '51', '103', '153', '181', '233', '246', '299', '339', '361', '375', '391', '400']
['469', '398']
['456', '192', '273', '156', '352', '80', '158', '208', '483', '125', '414', '251', '311', '89', '127', '168', '182']
['240']
['75', '94', '201', '217', '218', '237', '262', '270', '307', '313', '332', '349', '354', '355', '358', '382', '426', '478']
['378']
['474', '69', '274', '293', '360', '432', '5', '373', '411', '62', '84', '318', '263', '305', '486', '488']
['239']
['383', '58', '419', '353', '124', '368', '492', '320', '397', '292', '102', '444', '48', '114', '145', '264']
['402']
['167', '37', '487', '413', '219', '334', '350', '331', '479', '88', '435', '439', '388', '429', '300']
['445', '49', '338', '345', '100', '140', '152', '163', '214', '283', '295', '304', '306', '315', '371', '390', '472']
['165', '449']
['204', '113', '280', '289', '470', '484', '175', '465', '171', '24', '443', '455', '230', '409', '451', '44']
['119']
['253', '244', '325', '446', '490', '19', '185', '410', '463', '117']
['319', '157', '136', '450', '198', '377', '485', '489', '225', '431', '190', '173', '97', '302', '326', '438']
['453']
['458', '337', '6', '356']
['105', '476', '460', '381', '385', '248', '496', '122']
['291', '272', '363', '436', '491', '369', '76', '401', '312', '135', '161', '286', '454']
['281', '112', '384', '227', '357', '285', '206', '90', '247', '415', '144', '260', '394', '396']
['297', '196', '294', '324', '82', '452', '468']
['480', '266', '30', '202', '108', '172', '205', '271', '317', '425', '441', '481']
['322', '254']
['417', '303']
['499', '15', '212', '298', '366', '399', '424']
['423', '234', '466', '497', '287', '52']
['314', '482', '134']
['129', '267', '29']
['258', '493']
['41', '420', '434']
['494', '213', '116']
['386', '316']
