['39', '231', '43', '264', '362', '228', '458', '369', '330', '294', '357', '495', '313', '478', '428', '170', '86']
['217', '45', '185', '227', '351', '347', '59', '256', '461', '457', '329', '297', '354', '379', '156', '20', '153']
['178', '340', '488', '293', '270', '361', '417', '25', '233', '314', '454', '221', '398', '120', '188', '413', '442']
['350', '286', '197', '135', '476', '211', '412', '466', '48', '446', '90', '44', '420', '55', '250', '435', '17']
['464', '236', '35', '255', '462', '114', '312', '128', '292', '152', '204', '441', '171', '223', '494', '110']
['159', '70', '96', '107', '137', '194', '311', '182', '281', '28', '105', '119', '222', '19', '475', '36', '290']
['493', '89', '323', '429', '467', '341', '54', '474', '261', '367', '274', '10', '98', '288', '113', '126', '63']
['366', '52', '58', '77', '26', '229', '397', '179', '195', '372', '3', '29', '498', '191', '237', '84', '37']
['214', '115', '167', '124', '73', '162', '451', '298', '371', '95', '445', '383', '163', '60', '24', '248', '402']
['145', '453', '71', '121', '123', '450', '434', '193', '285', '108', '456', '279']
['189', '15', '31', '79', '328', '321', '291', '396', '232', '296', '359', '4', '460', '117', '22', '177', '392']
['212', '32', '141', '374', '405', '325', '49', '102', '407', '469', '234', '224', '471', '284', '278', '40', '259']
['173', '140', '265', '306', '138', '158', '133', '318', '104', '430', '200', '310', '6', '443', '11', '287', '1']
['247', '334', '147', '198', '206', '433', '65', '219', '174', '431', '92', '386', '2', '112', '154']
['106', '444', '368', '80', '382', '302', '53', '82', '88', '131', '242', '74', '239', '209', '365', '16']
['423', '100', '335', '416', '136', '301', '164', '355', '226', '165', '83', '271', '266', '436', '85', '349']
['276', '275', '489', '358', '309', '169', '277', '320', '51', '38', '305', '267', '68', '401', '127', '61', '477']
['482', '50', '132', '13', '87', '190', '317', '262', '122', '465', '23', '41', '56', '101', '0', '333']
['388', '160', '142', '463', '201', '254', '72', '130', '210', '215', '243', '245', '251', '483', '327', '380', '364']
['66', '161', '252', '67', '472', '9', '168', '470', '143', '289', '422', '363', '360', '473', '81', '439', '149']
['257', '125', '184', '377', '187', '176', '146', '395', '241', '348', '183', '166', '69', '220', '480', '496', '337']
['375', '62', '150', '485', '408', '235', '381', '440', '199', '46', '207', '353', '344', '331', '343', '389']
['8', '148', '155', '345', '415', '394', '315', '272', '208', '273', '308', '205']
['406', '7', '253', '157', '403', '246', '175', '116', '111', '295', '78', '192']
['409', '432', '487', '118', '421', '486', '370', '139', '490', '332', '307', '459', '12', '97']
['387', '18', '352', '230', '34', '258', '282', '316', '484', '399', '240', '93', '324']
['249', '99', '449', '30', '280', '103', '263', '134', '455', '181', '300', '172', '326', '339', '76', '411', '425']
['346', '336', '42', '437', '213', '75', '378', '410', '14', '180', '33', '491', '299', '283']
['144', '447', '5', '260', '244', '376', '414', '497', '342', '390', '238']
['385', '27', '64', '94', '203', '216', '218', '225', '303', '304', '468', '400', '418', '424', '419', '438', '479']
['426', '452', '427', '202', '151', '109', '338', '186', '269', '57', '319', '404', '384', '129']
['196', '91', '356', '391', '481', '47', '21', '393', '499', '268', '373', '492', '448', '322']
