['393', '351', '2', '11', '12', '13', '15', '16', '24', '25', '31', '33', '38', '43', '46', '50', '56', '57', '59', '60', '61', '66', '71', '72', '73', '74', '80', '81', '83', '85', '87', '88', '92', '94', '97', '100', '104', '106', '109', '111']
['160', '340', '113', '187', '225', '226', '240', '300', '320', '339', '380', '395', '470', '499', '473', '448', '385', '491', '460', '472', '463', '464', '466', '388', '453', '475', '369', '368', '485', '358', '458', '429', '412', '381', '493', '433', '424', '457', '425', '479']
['354', '322', '0', '3', '6', '14', '20', '21', '35', '36', '40', '41', '44', '45', '49', '51', '52', '53', '62', '65', '67', '70', '86', '89', '90', '93', '105', '107', '112', '117', '126', '128', '133', '135', '137', '138', '145', '146', '151', '155']
['447', '401', '230', '242', '267', '297', '334', '359', '366', '374', '480', '431', '443', '478', '403', '481', '445', '450', '489', '423', '483', '405']
['39', '462', '9', '19', '26', '27', '32', '42', '47', '48', '69', '77', '78', '79', '95', '96', '98', '99', '103', '110', '116', '118', '120', '123', '130', '136', '142', '149', '152', '163', '166', '167', '168', '173', '176', '178', '180', '182', '188', '191']
['379', '422', '200', '210', '341', '347', '353', '370', '399', '461', '465', '459', '486', '434', '487']
['408', '455', '1', '4', '10', '17', '18', '22', '23', '34', '37', '54', '55', '58', '63', '68', '76', '82', '84', '119', '124', '132', '134', '139', '141', '143', '148', '150', '153', '154', '156', '157', '158', '161', '162', '165', '169', '170', '174', '175']
['398', '446', '204', '282', '378', '439', '498', '484']
['468', '183', '5', '7', '28', '64', '75', '91', '102', '114', '121', '125', '144', '164', '172', '177', '181', '392', '495', '207', '248', '477', '241', '287', '476', '260', '364', '270', '417', '238', '332', '298', '247', '389', '363', '262', '327', '350', '194', '328']
['296', '231', '490']
['444', '386', '8', '115', '127', '129', '147', '171', '189', '195', '196', '205', '214', '215', '216', '217', '218', '219', '227', '229', '234', '237', '244', '245', '246', '250', '258', '259', '263', '264', '272', '274', '276', '277', '278', '279', '281', '288', '290', '291']
['184', '384', '435']
['122', '337', '101', '185', '192', '193', '198', '201', '208', '213', '222', '224', '232', '235', '252', '253', '256', '261', '265', '266', '269', '271', '284', '285', '292', '299', '301', '302', '304', '307', '310', '311', '315', '319', '323', '324', '325', '329', '330', '331']
['376', '352', '190']
['209', '343', '108', '179', '197', '199', '206', '223', '233', '236', '243', '251', '273', '275', '280', '283', '289', '293', '303', '305', '306', '308', '309', '312', '314', '316', '317', '318', '321', '326', '333', '335', '338', '492', '436', '390', '360', '467', '346', '469']
['140', '482']
['336', '356', '29', '186', '211', '220', '228', '239', '249', '255', '257', '286', '313', '344', '355', '406', '494', '413', '402', '362', '440', '441', '474', '397', '377', '497', '396', '451', '420', '373', '414', '496', '488', '419', '437', '449', '367', '456', '454', '432']
['159', '415']
['30', '471', '131', '202', '203', '212', '221', '254', '294', '295', '342', '345', '348', '349', '357', '361', '365', '371', '372', '375', '382', '383', '387', '391', '394', '400', '404', '407', '409', '410', '411', '416', '418', '421', '426', '427', '428', '430', '438', '442']
['268', '452']
