['471', '118', '0', '1', '5', '23', '39', '46', '51', '59', '62', '65', '67', '70', '86', '88', '89', '90', '91', '92', '93', '94', '95', '96', '98', '99', '100', '101', '102', '103', '104', '105', '106', '107', '108', '109', '110', '111', '112', '113', '115', '116', '117', '119', '120', '121', '122', '124', '126', '127', '128', '130', '131', '132', '133', '134', '135', '136', '137', '138', '139', '140', '141', '142', '143', '144', '145', '147', '148', '149', '150', '151', '152', '154', '155', '158', '159', '160', '161', '162', '163', '166', '167', '168', '169', '171', '172', '173', '175', '176', '177', '179', '180', '181', '182', '183', '184', '185', '187', '188', '189', '190', '191', '193', '194', '195', '197', '198', '199', '200', '201', '203', '205', '206', '207', '209', '211', '213', '215', '216', '218', '221', '223', '225', '226', '227', '228', '229', '231', '233', '234', '236', '237', '238', '239', '240', '241', '123', '125', '146', '153', '157', '164', '165', '170', '174', '178', '186', '192', '196', '202', '208', '212', '214', '217']
['389']
['428', '12', '7', '8', '10', '13', '14', '15', '16', '17', '18', '19', '21', '22', '24', '26', '27', '28', '29', '30', '31', '32', '33', '34', '35', '36', '38', '41', '42', '43', '44', '45', '47', '48', '49', '50', '52', '20', '25', '37', '55', '58', '66', '75', '84', '220', '244', '276', '285', '290', '294', '295', '300', '326', '335', '348', '362', '364', '374', '377', '381', '388', '391', '393', '411', '418', '430', '470', '479', '488', '490']
['40', '435', '74', '257', '260', '270', '286', '299', '312', '317', '339', '359', '365', '375', '399', '415', '426', '429', '431', '432', '433', '434', '436', '437', '438', '439', '440', '441', '442', '448', '476', '478', '481', '483', '484', '486', '487', '492']
['320', '2', '4', '77', '81', '85', '255', '273', '279', '311', '327', '343', '356', '370', '371', '380', '394', '395', '409', '424', '461', '462', '468', '473', '498']
['11', '383', '6', '71', '78', '246', '256', '261', '262', '277', '280', '307', '313', '314', '315', '316', '318', '319', '321', '322', '325', '328', '329', '330', '331', '332', '333', '334', '336', '337', '338', '340', '342', '344', '345', '347', '349', '350', '351', '352', '354', '355', '357', '358', '360', '361', '363', '366', '367', '368', '369', '372', '373', '378', '379', '382', '385', '386', '387', '390', '397', '398', '400', '402', '403', '404', '405', '406', '408', '410', '412', '413', '414', '416', '420', '421', '422', '423', '425', '427', '384', '401', '407', '417', '458', '495']
['469', '80', '61', '76', '79', '82', '83', '232', '247', '271', '284', '341', '443', '485', '499']
['219', '275', '56', '57', '63', '68', '210', '235', '253', '264', '265', '266', '267', '268', '269', '272', '274', '278', '281', '282', '283', '287', '288', '289', '291', '292', '293', '296', '298', '301', '297', '306', '446', '447', '450', '453', '463', '480']
['465', '248', '3', '87', '242', '245', '249', '258', '259', '251', '252', '254', '304', '308', '396', '451', '454', '460', '475', '489', '496', '497']
['97', '493', '64', '204', '250', '310', '455', '474', '477', '482', '491', '494']
['9', '60', '53', '54', '69', '72', '73', '324']
['419', '224', '222', '230', '464']
['114', '346', '323', '376', '449']
['467', '302', '303', '309']
['156', '457', '305', '456']
['353', '472', '444', '445']
['392', '466']
['243', '452']
['459', '263']
['129']
