['58', '271', '220', '215', '331', '286', '278', '352', '128', '222', '7', '191', '163', '292', '203', '371', '112', '14', '338', '44']
['388', '152', '317', '277', '224', '381', '194', '346', '267', '228', '81', '125', '36', '46', '39', '68', '356', '118', '69']
['259', '276', '33', '50', '236', '56', '324', '322', '291', '113', '2', '174', '309', '17', '135', '28', '19', '97', '10', '181', '25']
['117', '369', '154', '53', '235', '78', '124', '281', '157', '201', '257', '98', '367', '362', '327', '177', '161', '287', '45', '348', '377', '308']
['130', '200', '223', '336', '374', '246', '170', '192', '76', '12', '9', '380', '298', '22', '313', '342', '185', '84', '296', '230']
['5', '225', '365', '30', '37', '145', '214', '195', '89', '104', '189', '41', '34', '335', '391', '202', '79', '134', '55', '304', '87', '197', '162', '66', '323', '140', '390']
['110', '300', '176', '319', '114', '116', '137', '385', '389', '318', '109', '253', '47', '285', '249', '244', '122']
['196', '93', '366', '239', '247', '209', '329', '266', '233', '129', '312', '77', '1', '353', '62', '359', '258', '241', '88', '184', '283']
['60', '269', '343', '263', '13', '394', '260', '126', '370', '347', '316', '91', '373', '155', '299', '160', '74', '354', '272', '132']
['386', '64', '96', '121', '349', '254', '305', '340', '218', '275', '398', '141', '261', '40', '320', '52', '164', '43', '26', '147', '190']
['83', '395', '301', '169', '333', '149', '330', '107', '368', '63', '187', '290', '279', '173', '217', '273', '321', '11', '268', '67']
['29', '245', '350', '175', '213', '71', '138', '31', '207', '188', '293', '183', '361', '242', '375', '167', '38', '238', '229']
['288', '392', '211', '153', '199', '70', '344', '105', '219', '148', '186', '339', '35', '27', '133', '158', '18', '393', '376']
['265', '379', '284', '159', '264', '51', '351', '3', '180', '274', '100', '337', '332', '334', '178', '378', '150']
['234', '345', '59', '16', '139', '136', '65', '262', '85', '360', '243', '226', '108', '302', '166', '182', '399', '42', '146', '363', '103']
['151', '255', '295', '221', '252', '326', '6', '123', '237', '328', '232', '270', '156', '384', '54', '75', '306', '282', '73']
['310', '49', '101', '303', '106', '15', '131', '382', '86', '248', '90', '24', '119', '171', '95', '179', '127', '144']
['143', '227', '8', '57', '32', '4', '94', '397', '250', '142', '48', '341', '168', '307', '387', '311', '102', '297', '208', '99', '205']
['314', '315', '364', '358', '289', '204', '72', '251', '212', '21', '198', '372', '92', '115', '20', '396', '256', '111', '383']
['231', '400', '120', '206', '240', '325', '280', '193', '23', '172', '80', '210', '357', '355', '61', '82', '216', '165', '294']
