['Leann', 'Marla', 'Lyman', 'Pedro', 'Queen', 'Becky', 'Shaun', 'Claud', 'Dante', 'Jason', 'Mason', 'Tyron']
['Sadie', 'Sandy', 'Greta', 'Jamel', 'Flora', 'Dusty', 'Casey', 'Rhoda', 'Elvia', 'Daron', 'Bryan']
['Roxie', 'Quinn', 'Erick', 'Kelly', 'Davis', 'Janis', 'Aaron', 'Merle']
['Zelma', 'Donny', 'Pansy', 'Tessa', 'Hyman']
['Elias', 'David', 'Lanny', 'Clint', 'Ebony', 'Corey', 'Jonah', 'Monty', 'Kevin', 'Adele', 'Joann', 'Louis', 'Mikel', 'Steve', 'Ronny', 'Carly', 'Mable', 'Tasha', 'Annie', 'Timmy', 'Arlen', 'Karen', 'Tommy', 'Erica', 'Bobbi', 'James', 'Dwain', 'Ruben', 'Barry', 'Moses', 'Alice', 'Patti', 'Clark']
['Kayla', 'Sonny', 'Deann', 'Edwin', 'Doris', 'Brent', 'Ahmad', 'Sybil', 'Janet']
['Marci', 'Buddy', 'Joyce']
['Leroy', 'Ernie', 'Brady', 'Staci', 'Brock', 'Cyrus', 'Teddy', 'Jacob', 'Myron', 'Roger', 'Trent', 'Lucio', 'Robyn', 'Chris', 'Amber', 'Britt']
['Percy', 'Tonia', 'Danny', 'Julio', 'Sofia', 'Twila', 'Alton', 'Chong', 'Nadia', 'Fritz', 'Rusty', 'Brant', 'Marcy', 'Maude', 'Maria', 'Emery', 'Elvin', 'Garry', 'Elena']
['Donna', 'Randi', 'Bryce', 'Amado', 'Roman', 'Pearl', 'Wendy', 'Nelda', 'Perry', 'Katie', 'Audra']
['Leona', 'Robin', 'Daisy', 'Mario', 'Betsy', 'Carla', 'Grant', 'Linda', 'Candy', 'Jared', 'Homer', 'Kathy', 'Naomi', 'Jamar', 'Cindy', 'Issac', 'Moshe', 'Clara', 'Verna', 'Eddie', 'Lydia', 'Willy', 'Vilma']
['Wendi', 'Bryon', 'Benny', 'Brian', 'Craig', 'Mitzi', 'Terri', 'Shane', 'Orval', 'Melba', 'Leila', 'Della', 'Odell', 'Dixie', 'Elmer', 'Tonya', 'Ariel']
['Holly', 'Ervin', 'Felix', 'Ilene', 'Essie', 'Josie']
['Jaime', 'Rufus', 'Randy', 'Sheri', 'Freda', 'Renee', 'Paige', 'Kirby', 'Bette', 'Avery']
['Tammi', 'Aline', 'Berta', 'Dario', 'Allan', 'Billy', 'Wilma', 'Marty', 'Bruno', 'Basil']
['Lauri', 'Terry', 'Alvin', 'Sammy', 'Malik', 'Adela', 'Effie', 'Fidel', 'Wally', 'Chang', 'Tracy', 'Major', 'Karin', 'Peter', 'Rhett', 'Elsie', 'Margo', 'Gayle', 'Maura', 'Cliff', 'Sonja', 'Chase']
['Vicky', 'Tanya', 'Sally', 'Viola', 'Jayne', 'Helga', 'Mitch', 'Lorna', 'Julia', 'Ellen', 'April', 'Hilda', 'Micah', 'Wyatt', 'Wanda', 'Laura', 'Ollie', 'Clyde', 'Misty', 'Darin']
['Devin', 'Lacey', 'Irvin']
['Olive', 'Lorie', 'Mamie', 'Debra', 'Hazel', 'Nikki', 'Emily', 'Nancy', 'Erika', 'Mandy', 'Cesar']
['Josef']
