['110', '37', '50', '93', '223', '192']
['146', '51', '59', '63', '111', '211']
['29', '135', '172', '162', '32', '231']
['236', '225', '107', '164', '178', '207']
['86', '25', '36', '44', '171', '55']
['11']
['125', '23', '52', '54', '72', '77']
['84', '160', '167', '199', '203', '229']
['169', '13', '33', '71', '74']
['247', '87', '118', '179', '156', '215']
['70', '14', '113', '65', '2']
['222', '134', '249', '242']
['3', '149', '237', '94', '239', '232']
['198', '0', '6', '57', '18', '190']
['185', '128', '49', '73', '98', '100']
['85', '235', '184', '214']
['181', '1', '22', '145', '248', '26']
['174', '150', '218', '240', '204', '148']
['210', '8', '27', '47', '62', '83']
['200', '4', '152', '158', '175', '221']
['189', '7', '28', '31', '58', '97']
['182']
['173', '24', '69', '82', '133', '139']
['205', '116', '117']
['143', '19', '64', '78', '90', '102']
['243', '9', '16', '176', '40', '166']
['155', '41', '92', '99', '112', '129']
['216', '126', '241', '61']
['131', '17', '30', '48', '67', '79']
['106', '195', '170', '115', '219']
['96', '42', '45', '91', '132', '234']
['10', '213', '140', '165', '188', '224']
['103', '38', '53', '60', '238', '230']
['127', '244', '157']
['20', '21', '34', '212', '177', '114']
['12', '186', '187', '191']
['161', '95', '151', '153', '209', '196']
['228', '220']
['124', '76', '104', '108', '141', '168']
['246', '136']
['147', '109', '119', '120', '122', '138']
['194', '183']
['227', '39', '142', '144', '154']
['159', '35', '66', '46']
['197', '15', '88', '89', '123', '130']
['208', '201']
['250', '5', '43', '56', '68', '101']
['206', '137', '80']
['180', '75', '217', '163', '226', '105']
['81', '121', '193', '202', '245', '233']
