['97', '283', '0', '5', '7', '8', '9', '10', '12', '13', '15', '17', '18', '19', '20', '21', '27', '28', '29', '32', '34', '36', '37', '38', '39', '43', '44', '45', '46', '47', '50', '53', '55', '56']
['189']
['136', '118', '1', '2', '3', '4', '6', '16', '22', '24', '25', '26', '30', '48', '49', '57', '58', '61', '62', '67', '68', '69', '71', '72', '75', '80', '82', '85', '86', '88', '89', '90', '91', '94']
['380']
['14', '302', '23', '31', '33', '35', '40', '41', '59', '63', '65', '66', '76', '77', '79', '81', '84', '96', '99', '100', '102', '103', '104', '105', '107', '108', '109', '115', '116', '120', '125', '126', '130', '131']
['349']
['186', '170', '54', '60', '83', '87', '93', '98', '101', '106', '111', '117', '121', '123', '127', '129', '132', '137', '138', '139', '141', '142', '144', '146', '147', '148', '149', '151', '154', '156', '157', '158', '159', '162']
['73']
['261', '206', '95', '110', '112', '119', '122', '135', '145', '152', '160', '165', '168', '169', '172', '173', '175', '176', '177', '178', '179', '180', '181', '184', '185', '187', '188', '192', '193', '195', '196', '197', '199', '201']
['348']
['235', '386', '92', '124', '134', '140', '150', '155', '161', '163', '164', '166', '171', '174', '191', '198', '200', '202', '205', '212', '214', '216', '219', '220', '221', '222', '223', '224', '226', '228', '229', '231', '233', '234']
['194']
['11', '277', '64', '153', '190', '203', '204', '209', '210', '211', '213', '230', '238', '240', '241', '243', '244', '246', '247', '248', '249', '250', '251', '255', '257', '258', '259', '260', '263', '264', '266', '267', '269', '271']
['225']
['254', '315', '114', '167', '207', '215', '218', '232', '236', '237', '239', '242', '256', '262', '265', '270', '273', '275', '276', '279', '280', '282', '284', '286', '288', '289', '290', '291', '292', '296', '297', '298', '299', '301']
['396']
['70', '347', '133', '143', '182', '183', '227', '253', '268', '272', '278', '281', '285', '293', '300', '303', '304', '306', '307', '308', '309', '311', '313', '316', '318', '319', '324', '325', '326', '329', '331', '334', '336', '337']
['330']
['379', '321', '208', '245', '274', '287', '314', '320', '373', '374', '341', '361', '365', '370', '339', '388', '363', '344', '381', '376', '343', '323', '397', '340', '383', '382', '335', '338', '368', '389', '378', '328', '355', '384']
['294']
['51', '358', '217', '295', '305', '312', '332', '342', '345', '346', '350', '352', '356', '357', '393', '387', '385', '367', '395', '362', '360', '364', '375']
['78', '317', '392', '359', '333', '351', '377', '366', '391', '390', '322']
['327', '371', '354', '394']
['372', '369', '353']
['113', '310']
['128']
['74']
['252']
['52']
['42']
