['384', '363', '374', '379', '381', '372', '369', '370', '371', '366', '364', '377', '383', '375', '378', '385', '135', '203', '368', '193', '361', '367', '380']
['71', '77', '74', '68', '67', '78', '275', '66', '70']
['153', '346', '365', '426', '341', '359']
['60', '313', '89', '28', '36', '55', '320', '58', '84', '38', '312', '315', '87']
['294', '240', '237', '224', '230', '231', '236', '235', '290', '232', '234', '291', '228', '298', '226', '225', '239', '238', '242', '283']
['477', '468', '492', '488', '466', '493', '470', '491', '233', '479', '137', '471', '490', '484', '482', '494']
['454', '438', '91', '452', '446', '451', '442', '460', '453', '80', '93', '462', '458', '445', '455', '449']
['330', '333', '323', '324', '332', '340', '328', '327', '329', '338', '334', '325', '336', '321', '337']
['44', '50', '49', '40', '114', '20', '113', '86', '120', '16', '45', '88', '46', '122', '94', '124']
['171', '142', '144', '147', '149', '150', '172', '164', '162', '159', '163', '161', '170', '152', '160', '169', '168', '156', '157', '166', '148', '165', '51']
['404', '399', '388', '410', '394', '406', '408', '402', '183', '395', '400', '387', '392', '407', '389', '397', '405', '390', '409', '398', '393', '386', '391']
['19', '373', '65', '72', '75', '69', '376', '79', '15']
['306', '22', '307', '310', '309', '317', '303', '10', '302', '305', '316', '14', '13', '314', '318', '311', '319', '103', '12', '308']
['106', '99', '107', '101', '192', '200', '98', '108', '109', '97', '105', '96', '104', '95', '102', '199']
['207', '43', '212', '211', '76', '362', '418', '208', '256', '222', '335', '254', '129', '331', '217', '248']
['440', '467', '485', '476', '279', '474']
['434', '128', '134', '419', '430', '133', '424', '132', '420', '436', '435', '417', '416', '415', '411', '126', '42', '127', '423', '432', '136', '125', '138', '433', '130', '422', '412', '437', '425']
['282', '285', '143', '297', '289', '7', '145', '287', '296', '6', '8', '281', '286', '300', '295', '151', '414', '11', '155', '288', '292']
['299', '100', '293', '339', '284', '73', '209', '1', '121', '322', '2', '158', '0', '269', '326', '3']
['48', '487', '112', '475', '486', '495', '139', '480', '478', '118', '111', '473', '489', '167', '483', '131', '117', '123', '481', '116', '119', '110', '469', '115', '39']
['54', '413', '218', '216', '223', '251', '244', '252', '26', '24', '221', '21', '255', '261', '250', '243', '220', '210', '249', '260', '214', '213', '64', '259', '53']
['262', '280', '278', '271', '265', '267', '176', '179', '266', '175', '263', '274', '174', '272', '180', '264', '187', '186', '270', '185', '184', '273', '181', '277']
['245', '247', '188', '229', '173', '246', '472', '431', '428', '182', '253', '429', '4', '257', '178', '258', '189']
['441', '465', '464', '448', '456', '463', '154', '444', '276', '443', '450', '461', '439', '447']
['194', '204', '197', '201', '191', '190', '241', '195', '205', '196', '202', '206', '198']
['421', '85', '427', '342', '353', '146', '360']
['403', '140', '459', '268', '457', '227', '52', '177', '41', '347', '215', '401', '219', '25', '396']
['351', '352', '343', '82', '350', '355', '358', '61', '349', '356', '357', '56', '59', '62', '344', '57', '354', '345', '63', '90', '348', '141']
['34', '81', '35', '23', '5', '301', '83', '304', '33', '29', '37', '32', '18', '30', '382', '47', '27', '17', '92', '31', '9']
