['Kerri', 'Laura', 'Pauline', 'Roy', 'Patricia', 'Martha', 'Tim', 'Myron', 'Charles', 'Mary', 'Tara', 'Roberto', 'Pat', 'Nola', 'Angela', 'Kirk', 'Jose', 'Paul', 'Fernando', 'Michael', 'Gerald', 'Cathy', 'Mike', 'Steven', 'Anna', 'Marilyn', 'Mae', 'Bessie', 'Robyn', 'Eleanor', 'Jo', 'Dennis', 'Shannon', 'Lorraine', 'Leticia', 'Virginia', 'Susan', 'James', 'Albert', 'Cory', 'Lynne', 'Ronda', 'Margaret', 'Crystal', 'Tamika', 'Robert', 'Alvin', 'Barbara', 'Olivia', 'Jessica', 'Glen', 'Vella', 'Lisha', 'Belinda', 'Harold', 'Mireya', 'Everett', 'Jeffrey', 'Antonio', 'Kristine', 'Joann', 'Frank', 'Glenna', 'Victor', 'Brian', 'Carmen', 'Berta', 'Ollie', 'Bertha', 'Clyde', 'Derrick', 'Margarito', 'Moses', 'Heather', 'Deanna', 'Sharon', 'Juanita', 'Adele', 'Freda', 'Annette', 'Leona', 'Constance', 'Lessie', 'Scot', 'Jesus', 'Stacy', 'Geraldine', 'Kevin', 'Judy', 'Lydia', 'Elsie', 'Paula', 'Bradley', 'Roosevelt', 'Amy', 'Wesley', 'Polly', 'Pablo', 'Emery', 'Derek', 'Larry', 'Blair', 'Raymond', 'Patrick', 'Dana', 'Phillip', 'Betty', 'Tommy', 'Leigh', 'Jane', 'Lloyd', 'Peggy', 'Deborah', 'Don', 'Kellie', 'Kathryn', 'Carole', 'Wallace', 'Priscilla', 'Andres', 'Alice', 'Maureen', 'Ernestine', 'Ivonne']
['Matt']
['Emily', 'George', 'Ryan', 'Juan', 'Thomas', 'Joseph', 'Mark', 'Ray', 'Mario', 'Rosie', 'Kaitlyn', 'Kylie', 'Katherine', 'William', 'Miguel', 'Stanley', 'Catherine', 'Bobby', 'Karen', 'Edward', 'Booker', 'Pete', 'Ruth', 'Stephanie', 'Brandon', 'Helen', 'Kathleen', 'Laurie', 'Christopher', 'Carol', 'Elizabeth', 'Linda', 'Raul', 'Ralph', 'Ursula', 'Hedwig', 'Sylvester', 'Gladys', 'Jason', 'Inez', 'Audrey', 'Diana', 'Daniel', 'Jodi', 'Jimmy', 'Jayme', 'Doris', 'Carlos', 'Josephine', 'Cassandra', 'Ana', 'Eugenia', 'Myriam', 'Lonnie', 'Rosalyn', 'Ellis', 'Winnifred', 'Clarence', 'Imogene', 'Andrea', 'Rebecca', 'Frederick', 'Gertrude', 'Ellen', 'Clayton', 'Lahoma', 'Cecile', 'Jacque', 'Wilson', 'Cassie', 'Gerardo', 'Louis', 'Keri', 'Nina', 'Calvin', 'Glennie', 'Stacie', 'Bethany', 'Jeremy', 'Ashley', 'Timothy', 'Garrett', 'Randolph', 'Willis', 'Monica', 'Matthew', 'Laurence', 'Grant', 'Marquerite', 'Kimberly', 'Sofia', 'Sherri', 'Ward', 'Cecilia', 'Norma', 'Lawrence', 'Leanne', 'Clarissa']
['Latisha', 'Kenneth', 'Douglas', 'Karren', 'Troy', 'Norman', 'Marlene', 'Beverly', 'Connie', 'Ruby', 'Eric', 'Selina', 'Jennifer', 'Sylvia', 'Reginald', 'April', 'Rosa', 'Justin', 'Darlene', 'Guy', 'Beth', 'Pamela', 'Anthony', 'Herbert', 'Stephen', 'Willie', 'Jacob', 'Joshua', 'Jean', 'Domingo', 'Fred', 'Ouida', 'Rosalee', 'Esther', 'Tanya', 'Michelle', 'Amos', 'Natalie', 'Suzie', 'Carmelita', 'Jeanine', 'Reggie', 'Jeffery', 'Gilda', 'Bernard', 'Alfred', 'Ricky', 'Caridad', 'Beulah', 'Lucille', 'Chris', 'Kerrie', 'Viola', 'Eugene', 'Kristin', 'Danny']
['Roberta', 'Susanna', 'Nicole', 'Jesse', 'Ann', 'Alicia', 'Gregory', 'Edwin', 'Lane', 'Loraine', 'Judith', 'Corey', 'Teresa', 'Donald', 'Samuel', 'Marian', 'Philip', 'Francisco', 'Gwen', 'Wendy', 'Raeann', 'Theodore', 'Lana', 'Lilian', 'Margert', 'Rhonda', 'Miles', 'Lewis', 'Kim']
['Mildred', 'Danielle', 'Pamella', 'Alison', 'Bonnie', 'Morgan', 'Robin', 'Dorothea', 'Andre', 'Marcelino', 'Dorothy', 'Alex', 'Alexander', 'Marco', 'Burl', 'Janene', 'Lulu', 'Lori', 'Stephany', 'Maryann', 'Will']
['Andrew', 'Sally', 'Mack', 'Wanda', 'Sarita', 'Veronica', 'Raphael', 'Dean']
['Melissa', 'Mable', 'Nancy']
['Reuben', 'Ernest']
['Carl', 'Rick', 'Joanne']
['Lena']
['Jeff']
['Maria']
['Annalee']
['Lucy']
['Richard']
['Thelma']
['Walter']
['Cornelius']
['Molly']
['Gail']
['Marie']
['Darrell']
['Rafael']
['Travis']
['Irene']
['Ingeborg']
['Brenda']
['Donna']
['Jorge']
['Tony']
['Sheryl']
['Marcella']
['Elia']
['Debra']
['Adam']
['Reinaldo']
['Lyle']
['Dale']
['Selma']
['Martin']
['Dawn']
['Terry']
['Jonathan']
['Cheryl']
['Ronald']
['Dawna']
['Cesar']
['Hugh']
['Lucie']
['Arturo']
['Joni']
['Wilma']
['Kelly']
['Lillian']
['Gary']
['Irving']
['Quintin']
['Toni']
['Gordon']
['Marion']
['Michele']
['Peter']
['Sam']
['Steve']
['Fredrick']
['Nelson']
['Morris']
['Kisha']
['Phyllis']
['Mabel']
['Evelyn']
['Joe']
['Tuan']
['Marlin']
['Janet']
['Bruce']
['Seth']
['Theresa']
['John']
['Rachel']
['Tracy']
['Warren']
['Rolf']
['Harvey']
['Wayne']
['Craig']
['Ida']
['Emmie']
['Melanie']
['Shirley']
['Curtis']
['Christine']
['Erik']
['Christina']
['Del']
['Angelica']
['Fredda']
['Charlotte']
['Krysten']
['Georgette']
['Eura']
['Eva']
['Cindy']
['Therese']
['Gloria']
['David']
['Christian']
['Marjorie']
['Roger']
['Winifred']
