['47', '2', '8', '10', '392', '104', '205', '110', '217', '188', '191', '59', '178', '135']
['116', '14', '108', '122', '293', '356', '363', '68']
['79', '60', '157', '348', '357']
['314', '77', '119', '180', '231', '271', '378', '365']
['53', '15', '320', '132', '78', '275', '254', '310', '161']
['262', '25', '74', '98', '196', '201', '222', '235', '358', '362', '336', '354', '385', '168']
['143', '66', '85', '103', '387', '367', '305', '147', '246', '242', '335']
['282', '33', '57', '173', '285', '291', '351']
['290', '90', '92', '127', '160', '172', '287', '349', '381']
['388', '12', '35', '121', '164', '233', '243', '255', '338']
['213', '9', '21', '124', '258', '286']
['364', '183', '273', '304']
['50', '56', '62', '138', '194', '228']
['239', '23', '34', '94', '187']
['341', '93', '159', '179', '226', '373', '347']
['395', '7', '63', '73', '95', '113', '134', '137', '210', '232', '244', '326', '360']
['24', '163', '238', '259', '376']
['207', '82', '317', '339', '355']
['118', '49', '58', '97', '280', '227', '200', '212', '184', '154', '206', '257']
['193', '141', '220', '241']
['117', '41', '84', '219', '295', '155']
['192', '5', '39', '174', '256', '225', '294', '247', '240', '249', '366', '382']
['390', '29', '146', '325', '379']
['331', '32', '169', '353', '375']
['48', '27', '133', '166', '75', '139', '237', '129', '195']
['345', '38', '321']
['283', '105', '298', '311', '383']
['153', '158', '209', '333']
['112', '16', '45', '229', '136', '370', '369']
['130', '31', '42', '111', '221', '264', '313']
['89', '87', '389', '204', '301', '151', '165', '181', '197', '340', '359']
['263', '123', '346', '398']
['109', '20', '102', '260', '274']
['328', '214', '399', '380']
['170', '150', '215']
['99', '162', '190', '101', '265', '344']
['371', '107']
['4']
['40', '26', '236', '176', '318']
['67', '43', '185', '323']
['251', '142']
['250', '106', '384', '332', '302', '334']
['234', '17', '44', '140', '343']
['248', '72', '269', '299', '329']
['230', '148', '211', '330']
['377', '88', '171', '278', '372']
['46', '18', '307', '270', '223']
['3', '65', '315']
['268', '91']
['145', '81', '288']
['167', '224']
['279', '352']
['189', '202']
['319', '308']
['80']
['11', '277']
['177', '30', '156']
['100', '55', '253']
['37', '284']
['327', '54', '316', '394']
['69', '52', '309']
['131', '70']
['324', '36', '393']
['96', '28']
['337', '0', '261']
['203', '126', '272', '266']
['76', '19', '281', '397']
['312']
['386']
['218']
['144', '208']
['300']
['186', '391']
['216', '61']
['114']
['83', '182']
['120', '276']
['71', '252']
['149', '396', '322']
['128']
['361']
['199']
['125']
['350']
['13', '303']
['342', '368']
['296']
['198', '306']
['1', '51']
['175']
['289', '245']
['297']
['152']
['267']
['374', '6']
['86']
['115']
['22']
['64']
['292']
