['325', '1', '2', '4', '5', '6', '11', '18', '24', '25', '26', '27', '38', '40', '42', '44', '46', '49', '50', '60', '63', '66', '69', '76', '78', '80', '81', '85', '86', '88', '90', '91', '94', '101']
['365', '284', '291', '296', '319', '324', '338', '346', '350', '357', '360', '362', '363', '366', '369', '374', '384', '379', '12', '402', '405', '411', '414', '423', '432', '433', '436', '445', '447', '448', '450', '451', '457', '458']
['3', '0', '7', '8', '9', '10', '13', '14', '15', '16', '17', '19', '20', '21', '22', '28', '53', '61', '65', '67', '72', '73', '75', '82', '89', '92', '97', '109', '110', '111', '113', '118', '119']
['483', '392', '395', '435']
['185', '29', '35', '56', '57', '59', '62', '64', '71', '74', '79', '98', '106', '107', '224', '129', '133', '139', '140', '142', '143', '151', '152', '157', '161', '162', '164', '166', '167', '175', '176', '177', '178', '179']
['171', '41', '150', '215', '252', '275', '323', '336', '385', '394', '396', '381', '417', '429', '439', '440', '441', '254', '449', '452', '455', '456', '459', '461', '472', '476', '489', '490', '492', '493', '494', '499']
['146', '31', '39', '48', '51', '52', '54', '58', '93', '105', '112', '120', '122', '123', '128', '130', '131', '132', '134', '135', '136', '137', '138', '141', '144', '145', '147', '148', '149', '125', '126', '127', '155', '165', '172']
['404', '202', '117', '322', '329', '339', '465', '389', '399', '382', '400', '401', '403', '407', '410', '373', '415', '416', '418', '419', '420', '421', '422', '424', '427', '430', '446', '453', '454', '464', '470', '475', '478', '479', '480']
['249', '32', '434', '55', '83', '87', '100', '108', '115', '121', '154', '163', '173', '174', '180', '182', '188', '191', '204', '206', '209', '211', '225', '226', '227', '228', '229', '230', '231', '232', '233', '234', '235']
['388']
['263', '114', '68', '45', '158', '169', '170', '192', '193', '195', '198', '200', '203', '219', '221', '238', '256', '257', '258', '259', '260', '261', '262', '264', '265', '266', '267', '268', '269', '270', '271', '272', '273', '274']
['251', '222', '286', '288', '386', '444', '469', '477', '481', '484', '485', '486', '487', '491', '495', '496', '497', '34']
['196', '36', '37', '99', '103', '104', '116', '168', '181', '183', '184', '186', '187', '190', '194', '197', '199', '207', '210', '212', '216', '217', '223', '239', '240', '246', '248', '255', '281', '283', '285', '287', '294']
['428', '124', '334', '397', '380', '425', '426', '431', '47', '437', '438', '460', '466', '467', '498', '23', '243']
['303', '30', '33', '77', '84', '213', '214', '220', '250', '276', '277', '282', '293', '297', '298', '299', '300', '301', '302', '304', '305', '306', '307', '308', '309', '310', '311', '312', '313', '314', '315', '316', '317']
['331', '393', '376', '463', '468', '471', '482', '205', '236', '189']
['474', '70', '95', '153', '159', '160', '208', '244', '247', '442', '278', '279', '292', '320', '321', '327', '330', '332', '335', '337', '343', '345', '348', '349', '351', '354', '355', '356', '358', '361', '364', '368', '370', '371', '372']
['462', '473', '488', '443']
['245', '43', '96', '201', '237', '241', '242', '253', '280', '318', '326', '328', '333', '340', '341', '342', '344', '347', '352', '353', '359', '367', '412', '387', '390', '391', '398', '375', '377', '378', '406', '408', '409', '413']
['289', '102', '290', '383', '218', '295', '156']
