['88', '238', '358', '198', '182', '258', '68', '178', '313', '257', '21', '147', '274', '346', '334', '18']
['212', '261', '399', '9', '169', '234', '464', '420', '413', '307']
['331', '122', '179', '488', '291', '140', '444', '165', '113', '341', '71']
['133', '439', '134', '159', '30', '46', '359', '132', '66', '167']
['432', '142', '301', '273', '39', '446', '163', '323', '85', '299', '242']
['293', '141', '364', '450', '149', '497', '112', '74', '471', '200', '106']
['292', '123', '150', '335', '188', '139', '79', '254', '343', '479', '454']
['115', '207', '90', '428', '314', '34', '495', '427', '265', '408', '69', '128']
['195', '317', '91', '73', '92', '470', '199', '271', '7', '337', '70', '400']
['196', '325', '65', '228', '417', '120', '216', '403', '251', '114']
['288', '378', '98', '484', '448', '41', '148', '349', '217', '155']
['240', '82', '407', '332', '438', '315', '233', '344']
['286', '203', '219', '327', '392', '306', '185', '225', '94']
['44', '105', '302', '387', '58', '305', '352', '284', '205', '252']
['434', '61', '86', '264', '381', '320', '429', '437', '29', '13']
['482', '161', '59', '76', '460', '17', '231', '262', '31']
['80', '287', '385', '186', '430', '272', '366', '232', '424', '215']
['270', '278', '351', '204', '458', '360', '93', '49', '279', '35', '333']
['244', '175', '99', '386', '55', '395', '282', '247', '181', '310', '121', '319']
['362', '201', '220', '164', '227', '60', '143', '146', '290', '180', '363', '130', '449', '136']
['477', '193', '375', '297', '12', '87', '443', '26', '328', '95', '249', '350', '373', '118']
['116', '156', '405', '83', '384', '158', '256', '411', '311', '487', '353']
['56', '32', '206', '370', '416', '380', '498', '308', '459', '224', '45', '6', '326']
['480', '253', '441', '422', '412', '109', '377', '36', '425', '208', '461']
['162', '10', '197', '478', '100', '367', '214', '57', '230', '2']
['485', '119', '329', '389', '235', '369', '467', '64', '423', '492', '173']
['345', '374', '481', '101', '383', '168', '421', '72', '107']
['269', '453', '276', '483', '368', '20', '391', '202', '452']
['172', '402', '277', '67', '160', '357', '229', '283']
['463', '50', '298', '324', '174', '372', '63', '153', '137']
['259', '135', '213', '476', '96', '472', '436', '382', '81', '226']
['354', '496', '435', '489', '440', '491', '419', '475', '127']
['418', '131', '246', '285', '222', '361', '223', '11']
['22', '176', '37', '390', '187', '260', '4', '211', '42', '268']
['192', '493', '14', '426', '447', '237', '456', '145', '410']
['398', '48', '445', '342', '474', '16', '388', '267']
['263', '170', '218', '78', '318', '189', '468', '19', '154']
['177', '209', '451', '338', '322', '52', '303', '379', '414', '296', '25']
['404', '347', '304', '312', '103', '406', '89', '110']
['84', '194', '455', '104', '129', '289', '0', '183', '275', '473']
['396', '75', '166', '124', '255', '355', '171', '266', '47', '23']
['336', '499', '77', '409', '356', '371', '5', '126', '243']
['486', '144', '97', '108', '415', '466', '442', '401', '102', '490']
['157', '393', '8', '316', '376', '62', '117', '457']
['40', '397', '184', '24', '125', '365', '433', '236']
['300', '51', '280', '321', '394', '53', '245', '241']
['33', '15', '465', '340', '221', '462', '281']
['294', '248', '138', '494', '111', '431', '43', '54', '191']
['3', '38', '151', '152', '239', '210', '295', '250', '339']
['348', '469', '1', '27', '28', '309', '190', '330']
