['326', '350', '9', '16', '32', '38', '39', '54', '55', '120', '155', '209', '320', '333', '349', '351']
['434', '93', '23', '90', '91', '92', '158', '95', '204', '257', '305', '399', '452', '94']
['457', '15', '14', '476', '18', '48', '75', '107', '127', '148', '197', '304', '329', '365', '367', '398']
['185', '84', '83', '495', '138', '151', '267', '85']
['186', '164', '5', '10', '28', '45', '77', '97', '163', '247', '352', '355', '425', '165']
['284', '126', '35', '125', '272', '168', '206', '265', '290', '370', '391', '414', '486']
['371', '122', '17', '40', '121', '336', '179', '222', '233', '303', '327', '487', '492', '123']
['102', '101', '19', '100', '152', '358', '418']
['302', '234', '2', '27', '33', '133', '142', '147', '196', '348', '254', '291', '325', '344', '361', '364', '449', '468', '235']
['475', '372', '60', '178', '213', '220', '232', '236', '439', '373']
['53', '395', '140', '262', '288', '323', '396']
['216', '436', '116', '139', '212', '251', '299', '334', '347', '356', '407', '435', '447', '478', '437']
['450', '416', '56', '103', '145', '161', '167', '183', '226', '256', '280', '342', '415', '498', '417']
['86', '491', '37', '68', '174', '318', '359', '403', '413', '490']
['406', '154', '4', '8', '106', '153', '297', '177', '260', '261', '296', '324', '369']
['409', '270', '191', '223', '269', '363', '298', '424', '459', '271']
['473', '392', '6', '221', '245', '377', '472', '393']
['201', '287', '47', '117', '211', '360', '466', '484']
['82', '200', '24', '29', '98', '113', '129', '192', '199', '214', '382', '427']
['408', '489', '21', '30', '111', '119', '208', '230', '266', '306', '433', '477', '488', '494']
['124', '432', '0', '88', '146', '170', '241', '243', '250', '338', '431', '443']
['7', '440', '44', '61', '73', '128', '169', '218', '328', '368', '379', '402', '496', '441']
['485', '383', '13', '49', '132', '181', '264', '310', '345', '362', '401', '411', '442', '384']
['309', '215', '108', '187', '188', '193', '340', '426', '456']
['474', '493', '3', '41', '189', '244', '263', '294', '295', '316', '374', '387', '451', '467']
['279', '390', '25', '159', '278', '375', '389']
['42', '282', '157', '281', '380', '465', '470', '499']
['26', '135', '1', '62', '71', '104', '134', '331', '136']
['217', '464', '275', '277', '430', '454', '463']
['268', '109', '43', '319', '115', '118', '166', '190', '194', '289', '292', '497', '110']
['394', '462', '141', '149', '172', '205', '339', '397', '412', '419', '461', '469']
['130', '312', '12', '46', '81', '131', '311', '321', '385', '445', '313']
['227', '405', '162', '173', '238', '346', '404']
['87', '458', '202', '307', '471', '482']
['337', '11', '448', '34', '175', '203', '300', '460']
['259', '410', '36', '66', '72', '114', '285', '438']
['453', '70', '69', '422']
['160', '105', '50', '63', '273', '353']
['357', '31', '176', '51', '67', '112', '144', '150', '228', '252', '253', '276', '315', '354', '378']
['286', '180', '65', '171', '195', '229', '317', '330', '421', '444']
['376', '210', '74', '99', '156', '314', '428', '483']
['429', '479', '20', '231', '237', '249', '308', '420', '455', '480']
['283', '381', '207', '258', '274', '293']
['332', '446', '78']
['400', '341', '59', '219', '248', '481']
['423', '52', '76', '79', '198', '240', '242', '301', '343']
['386', '89', '58', '388', '184', '224', '322']
['366', '22', '64', '239']
['137', '335', '57', '143', '255']
['182', '96', '80', '225', '246']
