['113', '110', '112', '114', '136', '135', '460', '274', '273', '275', '488']
['137', '461', '462', '463', '464', '465', '466', '467', '468', '469', '254']
['82', '80', '81', '83', '67', '66', '68', '345']
['84', '85', '30', '32', '33', '34', '35', '36', '37', '38', '39']
['264', '260', '263', '265', '312', '313', '161', '169', '19']
['442', '440', '441', '443', '298', '297', '299', '353', '352', '354', '149']
['292', '290', '291', '293', '375', '361', '432', '430', '431', '433', '196']
['246', '240', '245', '247', '236', '237', '365', '366', '232']
['373', '370', '372', '374', '249', '241', '248', '314', '315', '7', '6']
['279', '270', '271', '278', '484', '483', '58', '59']
['320', '321', '322', '323', '324', '325', '326', '327', '328', '329', '426']
['343', '340', '342', '344', '49', '41', '181']
['120', '128', '129', '121', '122', '123', '124', '125', '126', '127', '401']
['217', '210', '216', '218', '28', '29', '482', '481']
['347', '346', '348', '163', '160', '162', '164', '64', '65', '392', '393']
['183', '180', '182', '184', '425', '411', '420', '424', '437', '436', '337']
['132', '130', '131', '133', '479', '471', '478', '2']
['71', '70', '72', '79', '402', '403', '251', '252', '394']
['103', '100', '102', '104', '427', '428', '173', '172', '174', '165', '281']
['283', '280', '282', '284', '494', '493', '43', '42', '44', '399', '398']
['9', '0', '1', '8', '23', '20', '22', '24', '186', '185', '489']
['90', '96', '97', '98', '99', '91', '92', '93', '94', '95', '438']
['239', '230', '231', '238', '256', '255']
['333', '330', '332', '334', '208', '207', '209', '383', '388', '387']
['62', '60', '61', '63', '47', '40', '46', '48', '317', '316', '202']
['229', '220', '221', '228', '26', '25', '27', '405', '391', '404']
['339', '331', '338', '87', '86', '88', '335', '336', '305']
['219', '211', '14', '10', '13', '15', '421', '435', '429', '422', '253']
['147', '140', '146', '148', '244', '243', '285', '286']
['377', '376', '378', '75', '17', '16', '18', '242']
['407', '400', '406', '170', '138', '139', '222', '439']
['385', '371', '380', '384', '386', '89', '303', '302', '304', '203']
['444', '445', '295', '294', '296', '108', '12', '11']
['213', '212', '214', '457', '458', '446', '447', '492']
['381', '395', '389', '382', '459', '451', '69', '434']
['205', '191', '200', '204', '206', '258', '250', '257', '259', '272', '141']
['176', '408', '175', '177', '198', '190', '197', '199', '192']
['455', '450', '454', '456', '319', '310', '311', '318', '356', '355', '357']
['234', '233', '235', '50', '51', '52', '53', '54', '55', '56', '57']
['262', '261', '307', '306']
['119', '111', '118', '101', '115', '109', '449', '448']
['363', '360', '362', '364', '368', '367', '369', '31', '45']
['4', '3', '5', '499', '491', '498', '143', '142']
['188', '187', '189', '157', '156', '158', '134']
['288', '287', '195', '194', '193', '289', '227', '226']
['154', '150', '153', '155', '167', '166', '168', '453', '452']
['379', '410', '416', '417', '418', '419', '412', '413', '414', '415', '21']
['476', '470', '475', '477', '106', '105', '107']
['266', '267', '73', '268', '269']
['486', '480', '485', '487', '179', '171', '178', '423']
['309', '300', '301', '308', '349', '341', '473', '472', '474']
['359', '350', '351', '358', '117', '116', '276', '277']
['496', '490', '495', '497', '159', '151', '215', '201', '74']
['224', '223', '225', '145', '144', '152']
['77', '76', '78', '396', '390', '397', '409']
