['443', '29', '264', '79', '257', '258', '441', '107', '177', '363', '345', '385', '479', '419', '331', '71', '27', '286', '60', '260', '232', '307', '323', '155', '195', '85']
['38', '484', '228', '277', '367', '386', '460', '231', '244', '391', '452', '200', '101', '407', '266', '397', '121', '499', '466', '432', '425', '350', '427', '426', '209', '497']
['301', '139', '23', '94', '105', '370', '164', '178', '144', '384', '438', '36', '214', '435', '359', '337', '122', '186', '125', '467', '73', '76', '83', '86', '183', '188']
['339', '222', '20', '78', '182', '392', '44', '48', '280', '476', '190', '194', '32', '65', '253', '365', '325', '336', '389', '376', '377', '210']
['364', '405', '103', '117', '166', '485', '205', '15', '57', '154', '315', '428', '496', '486', '198', '416', '379', '203', '137', '133', '134', '340', '267', '477', '25', '52']
['431', '181', '478', '330', '289', '408', '199', '37', '6', '46', '126', '248', '223', '393', '108', '115', '256', '357', '187', '369', '303', '189', '156', '63', '112', '355']
['348', '360', '10', '110', '434', '448', '19', '42', '145', '343', '396', '436', '471', '459', '347', '31', '249', '254', '109', '159', '150', '372', '268', '259', '439', '404']
['335', '417', '39', '47', '247', '326', '246', '180', '395', '98', '16', '51', '96', '175', '312', '292', '132', '221', '482', '446', '470', '43', '333', '84', '64']
['157', '437', '237', '261', '300', '9', '53', '406', '422', '235', '138', '310', '421', '72', '12', '473', '274', '411', '224', '163', '495', '290', '82', '352', '197', '338']
['349', '45', '5', '41', '146', '356', '451', '140', '265', '185', '353', '491', '381', '120', '151', '464', '240', '399', '173', '489', '490', '272', '104', '217', '148', '174']
['70', '35', '1', '403', '69', '204', '382', '171', '215', '361', '128', '371', '444', '380', '95', '201', '401', '80', '236', '354', '74', '457', '423', '179', '302', '463']
['276', '17', '3', '282', '167', '176', '294', '402', '116', '219', '462', '251', '147', '123', '33', '68', '88', '492', '388', '239', '346', '481', '447', '375', '284', '320']
['332', '295', '158', '374', '412', '342', '305', '314', '40', '58', '220', '424', '184', '34', '153', '250', '263', '293', '454', '440', '233', '131', '169', '262', '472', '309']
['450', '11', '278', '50', '494', '383', '461', '55', '207', '445', '317', '245', '113', '279', '149']
['287', '415', '119', '56', '22', '252', '409', '390', '334', '400', '90', '2', '87', '483', '273', '324', '480', '394', '321', '141', '410', '66', '351']
['100', '28', '7', '18', '127', '130', '218', '124', '313', '142', '129', '152', '433', '92', '378', '106', '212', '327', '243', '230', '67', '226', '99', '62', '102', '285']
['298', '458', '0', '97', '162', '242', '420', '442', '449', '465', '373', '24', '81', '430', '281', '288', '59', '366', '453', '160', '398', '306', '170', '456', '291']
['196', '269', '229', '234', '362', '13', '21', '54', '216', '255', '297', '344', '429', '275', '30', '193', '206', '225', '493', '341', '283', '475', '89', '213', '143', '168']
['455', '211', '49', '61', '75', '135', '136', '165', '191', '208', '319', '368', '227', '328', '77', '114', '161', '172', '271', '304', '311', '316', '322', '358', '414', '296']
['487', '469', '4', '329', '413', '8', '14', '26', '93', '111', '118', '192', '202', '238', '270', '299', '318', '387', '474', '418', '468', '91', '308', '488', '241', '498']
