['214', '496', '213', '350', '94', '295', '141']
['129', '464', '4', '47', '165', '328', '485']
['290', '325', '401', '113', '253', '6', '410']
['436']
['264', '431', '219', '312', '324', '326', '348']
['426', '31', '69', '380', '156', '249', '239']
['446', '149', '117', '46', '39', '442', '407']
['123']
['147', '170', '198', '344', '274', '371', '255']
['232', '428', '415', '291', '85', '412', '98']
['61', '270', '194', '207', '470', '19', '388']
['392']
['323', '236', '361', '178', '433', '352', '57']
['259', '157', '248', '318', '310', '356', '237']
['364', '131', '223', '374', '144', '379', '109']
['36']
['494', '222', '497', '120', '271', '437', '277']
['390', '313', '172', '74', '60', '297', '133']
['184', '185', '199', '334', '25', '308', '86']
['303']
['77', '284', '316', '429', '477', '128', '368']
['134', '383', '137', '135', '55', '78', '66']
['175', '311', '385', '278', '261', '285', '420']
['110']
['269', '150', '258', '37', '43', '76', '427']
['229', '247', '438', '121', '72', '180', '365']
['115', '336', '33', '2', '367', '38', '394']
['369']
['191', '406', '478', '155', '27', '206', '300']
['87', '49', '3', '345', '203', '162', '91']
['167', '289', '467', '92', '279', '315', '13']
['45']
['376', '18', '245', '196', '54', '208', '399']
['234', '257', '370', '171', '0', '205', '319']
['459', '11', '52', '104', '359', '241', '30']
['40']
['238', '439', '9', '263', '81', '193', '490']
['256', '130', '250', '476', '101', '302', '227']
['448', '404', '474', '382', '16', '99', '230']
['14']
['164', '320', '462', '332', '212', '82', '70']
['309', '378', '435', '301', '8', '215', '342']
['276', '160', '306', '466', '187', '381', '288']
['389']
['495', '176', '393', '424', '221', '41', '321']
['35', '455', '327', '469', '34', '384']
['341', '353', '210', '182', '386', '1', '360']
['146', '481', '480', '64', '375', '486', '266']
['190', '434', '105', '453', '492', '233', '68']
['286']
['142', '181', '218', '225', '443', '346', '26']
['197', '89', '192', '24', '243', '154', '387']
['177', '482', '108', '235', '100', '79', '488']
['183', '102', '402', '273']
['351', '418', '282', '403', '499', '12', '103']
['246', '32', '287', '372']
['409', '159', '479', '211', '265', '97', '23']
['280', '483', '80', '174']
['228', '416', '473', '468', '296', '73', '414']
['139', '168', '411', '330', '58', '195']
['432', '59', '358', '456', '268', '21', '423']
['136', '335', '63']
['441', '112', '292', '457', '107', '400', '447']
['493', '124']
['51', '487', '329', '173', '363', '22', '106']
['452']
['281', '398', '244', '396', '299', '186', '93']
['166']
['472', '216', '449', '445', '377', '305', '397']
['454']
['294', '88', '343', '461', '56', '148', '119']
['395']
['152', '200', '169', '362', '408', '153', '217']
['338']
['460', '226', '267', '125', '475', '71', '189']
['202']
['140', '17', '425', '430', '242', '450', '231']
['444']
['491', '354', '151', '458', '7', '340', '283']
['440']
['138', '451', '422', '114', '161', '127', '20']
['349']
['272', '53', '498', '62', '95', '251', '44']
['262']
['489', '317', '201', '116', '419', '132', '331']
['143']
['67', '5', '298', '463', '188', '10', '111']
['209']
['417', '413', '355', '471', '28', '373', '75']
['240']
['42', '339', '48', '15', '126', '118', '347']
['29']
['224', '391', '145', '50', '84', '333', '322']
['90']
['314', '83', '484', '421', '366', '260', '204']
['158']
['65', '163', '465', '293', '254', '275', '96']
['179']
['122', '304', '220', '405', '337', '357', '252']
['307']
