['40', '4', '0', '11', '15', '17', '19', '20', '21']
['237', '259', '90', '127', '140', '246', '253', '258', '273']
['128', '216', '6', '8', '28', '36', '37', '39', '43']
['204']
['18', '197', '10', '16', '30', '41', '46', '47', '54']
['249', '282', '314', '218', '233', '272', '50', '293']
['211', '42', '5', '44', '48', '55', '57', '60', '66']
['73', '13', '25', '26', '77', '100', '157', '305']
['106', '177', '70', '75', '89', '92', '95', '97', '99']
['240', '267', '72', '74', '221', '68']
['234', '324', '76', '84', '88', '115', '119', '120', '122']
['283', '98']
['22', '38', '78', '93', '102', '124', '130', '131', '136']
['167', '142']
['275', '242', '104', '121', '132', '138', '147', '159', '161']
['299']
['181', '244', '143', '146', '171', '175', '182', '183', '184']
['149']
['248', '260', '58', '123', '137', '141', '152', '153', '172']
['111']
['114', '155', '148', '164', '192', '193', '195', '207', '210']
['24']
['110', '306', '188', '200', '213', '214', '215', '222', '231']
['168']
['269', '82', '208', '209', '220', '228', '232', '238', '239']
['69']
['151', '316', '163', '170', '191', '227', '243', '251', '252']
['286']
['105', '134', '262', '264', '277', '278', '284', '298', '322']
['125']
['14', '7', '236', '271', '279', '287', '288', '291', '300']
['2']
['3', '302', '178', '268', '294', '304', '308', '320', '323']
['81']
['86', '45', '303', '313', '319', '321', '327', '23', '27']
['312']
['223', '196', '311', '318', '326', '1', '29', '52', '59']
['56']
['129', '310', '31', '32', '34', '51', '67', '94', '108']
['270']
['307', '117', '261', '53', '63', '113', '116', '9', '12']
['173']
['185', '156', '144', '145', '174', '179', '187', '189', '198']
['265']
['160', '166', '103', '112', '126', '150', '162', '186', '190']
['165']
['49', '169', '154', '229', '230', '235', '241', '245', '254']
['276']
['280', '285', '85', '180', '203', '212', '217', '224', '255']
['206']
['281', '101', '118', '158', '219', '263', '289', '292', '297']
['109']
['250', '87', '201', '202', '256', '274', '290', '295', '301']
['83']
['91', '194', '296', '315', '33', '64', '79', '80', '139']
['176']
['266', '225', '257', '309', '325', '35', '61', '62', '65']
['226']
['107', '199', '317', '71', '96', '133', '135', '205', '247']
