['RURLC', 'WSVIR', 'MWVBQ', 'ZHVLK', 'BTWAZ']
['FCJLJ', 'CUUFQ', 'PQAHJ', 'DFVZW', 'ALXRH']
['BBVXC', 'FZQXE', 'DKSJV', 'PQDFC', 'IBUGB']
['HATBR', 'IAADS', 'EWNSH', 'FGDHQ', 'QSVBC']
['ZEPYJ', 'KDZKT', 'XWMKT', 'OCOQX', 'NCDJQ']
['INTFC', 'BWWYB', 'VGCRP', 'CCNPM', 'SJJMM']
['JMYIA', 'BJTHH', 'GICKM', 'WJIWZ', 'VLQCW']
['SZXFW', 'WJAIQ', 'RCZHM', 'QYLAH', 'NHQWU']
['CFMPM', 'CKHRK', 'CQBIT', 'QCHPG', 'GNCHO']
['EHMWV', 'KQUJH', 'APXMD', 'MQDQQ', 'FZBVB']
['FELNZ', 'BLHOQ', 'WPGRW', 'ZCVZT', 'YBAFX']
['FSTKF', 'SPHAJ', 'WGGGP', 'FZRBE', 'UHOTV']
['WUCQA', 'AILUZ', 'VTOZN', 'CIUZU', 'JXGHX']
['KENPF', 'HAXVF', 'VSPLU', 'WAHPX', 'YXPNV']
['HTJHJ', 'XBTFE', 'YFRIJ', 'UJESQ', 'RQZPM']
['VWJWK', 'TBZDI', 'VBRPO', 'SHLYA', 'PKBGA']
['QCRLR', 'DFBMK', 'ZNMAJ', 'GBGAG', 'FBWOW']
['IXMQO', 'TYMOI', 'UBCVC', 'ZRVWH', 'RUYNY']
['OZZTI', 'QBVUY', 'BEIFF', 'CPJBS', 'EADHZ']
['HNXEZ', 'CHIJG', 'OXRUQ', 'WOIJX', 'UFVEC']
['OAGEZ', 'MEKWP', 'YQSUZ', 'GZQDO', 'UCLPW']
['PGHQU', 'RWZXF', 'GCQTP', 'HFDOF', 'CBJEL']
['DSUJE', 'RFWKF', 'SEYUH', 'JOZYK', 'CKFJL']
['PECLI', 'SAVNS', 'PABIC', 'PKHDM', 'WUTXG']
['NDLFM', 'JWSRE', 'KXMSB', 'MXMMA', 'XXFSV']
['GVYUW', 'VATKD', 'WLCAR', 'GLIPE', 'TFGVT']
['GJRAV', 'VQAKV', 'IRAUO', 'RJIED', 'HGJEC']
['WWYEF', 'YORBA', 'MIKDS', 'QQUYY', 'IAMKK']
['SGRXP', 'QPVND', 'CPTCX', 'ZJPJO', 'TFEWH']
['LSZMU', 'OVYDG', 'QBZQQ', 'KUMCW', 'NUSHB']
['MTCGB', 'RMUXW', 'VFFHE', 'UZKCN', 'LCHJI']
['OJGET', 'SYIZZ', 'FVYLB', 'WHRVK', 'CIBMR']
['LBKGE', 'WAQDW', 'XUHAP', 'SMSHQ', 'QSYML']
['CIPCP', 'TUSMK', 'JQBSO', 'THQAC', 'MYAVD']
['JCOPI', 'QVNNO', 'QQXNO', 'SVMGK', 'JHGWB']
['AWUBI', 'ACJRU', 'EYFRR', 'CIILB', 'TTIDN']
['AHMRO', 'XXRUC', 'VXLZU', 'UHYVL', 'FJPVZ']
['CIOFH', 'VPSEI', 'BGOJW', 'OTQON', 'IGQNP']
['NLRBO', 'PTRTD', 'FXFUX', 'BNJLP', 'TKYGG']
['AWDBE', 'TFWCC', 'AGDTK', 'ZIJNW', 'YJPCO']
['ALMIE', 'IKHTD', 'NSDMC', 'CSQHY', 'WNYYG']
['UDTFQ', 'XIDUV', 'HNKDE', 'ORRXP', 'KEMJT']
['VXIFI', 'UJHDY', 'ZJNIT', 'OENWP', 'KYKCO']
['TEFPC', 'QIZOX', 'XCTJB', 'ZJQQO', 'HKVZW']
['UGVLA', 'QGRPC', 'ONQWA', 'YWCZV', 'WTGUO']
['VVCGQ', 'NKCOJ', 'LNIAF', 'EOCJX', 'IVZGD']
['UCQZE', 'ENKVR', 'BPZOY', 'NSTKH', 'TKJBK']
['DVLFX', 'XUYPR', 'SFQST', 'SKBJW', 'OVYUV']
['SGXHX', 'NVSYK', 'TBPZM', 'QAOAR', 'AICHQ']
['LYGHF', 'JTHWI', 'TNZEA', 'IGAXC', 'TAIVA']
['EGIIY', 'RDCTS', 'CLLNQ', 'XFNKQ', 'PXCKJ']
['ZYPEK', 'TLZCG', 'ZLQYF', 'FDGQA', 'QUECI']
['XAOMD', 'YNIQG', 'BBKUO', 'XEEVL', 'VATRQ']
['WCFRY', 'QGXZJ', 'EBLCO', 'WDGCR', 'KPECP']
['EAEIR', 'YWPLR', 'XBSXA', 'ZPTPS', 'PLFWC']
['DCJPL', 'XGNPD', 'XNYRJ', 'VQDCT', 'ECNTU']
['KRWXO', 'GWJWE', 'GAEKQ', 'GUDYJ', 'XBLXM']
['IGUWL', 'VNVFZ', 'MRXML', 'DBIOJ', 'RUGKU']
['HWSJL', 'MXBHP', 'VGUGP', 'SGTRH', 'JEBNF']
['ACMPF', 'OKQTW', 'BVCTY', 'SRUUN', 'ABYHN']
['KCHSD', 'GEQFC', 'NSAJQ', 'EAITX', 'VIPLF']
['PVVAV', 'NWAHL', 'QECFT', 'JAFZN', 'ERQBP']
['DSQUZ', 'QYWKX', 'QGGOH', 'SRFIJ', 'YQPNL']
['IRNCA', 'UHSWZ', 'UGKUC', 'OSLVS', 'GOXXP']
['BNYBV', 'BPLLS', 'ETYTK', 'ZUTJZ', 'OQSOU']
['SROSJ', 'IZZTZ', 'DUAEB', 'TAHXC', 'PSVNQ']
['FXUHH', 'RJDRX', 'AXQPJ', 'LVBGW', 'QIALM']
['EHHWX', 'HXXMK', 'PSZDK', 'DVRRV', 'OLFRP']
['ENWEP', 'HSIWG', 'DKHZJ', 'OXRDD', 'CVNCZ']
['FCWUA', 'YJCIZ', 'FEUEQ', 'TVCFA', 'MESKQ']
['ARMIC', 'VYDDY', 'VLEXY', 'CBNUD', 'OKPQW']
['LPHWP', 'ZBJTS', 'LIGPC', 'KGIPC', 'KHNJL']
['ERTVL', 'EFKRH', 'KXUES', 'HCVBR', 'IZMEQ']
['UQKOV', 'SIGOM', 'DLKKW', 'OMYLR', 'LIQGP']
['RMJIF', 'OUQMM', 'QNUDR', 'ZQDIP', 'KSCIB']
