['Elmira', 'Hatch', 'Tine', 'Padget', 'Lacy', 'Anuska', 'Latimer', 'Woodhead', 'Grimona', 'Risteau', 'Zelma', 'Ardehs', 'Rhonda', 'Shanly', 'Lombardi', 'Yerxa', 'Kerianne', 'McCoy', 'Everick', 'Zobe', 'Tavy', 'Gillian', 'Joed', 'Yim', 'Dietrich', 'Antonetta', 'Vesta', 'Hittel', 'Flieger', 'Mauchi', 'Shelbi', 'Moonier', 'Pinto', 'Celestyn', 'Elihu']
['Agosto', 'Rodolphe', 'Darsie', 'Henrique', 'Nestor', 'Turrell', 'Holey', 'Jestude', 'Maude', 'Jeniece', 'Debera', 'Ludovico', 'Chaddie', 'Costin', 'Barsky', 'Wunder', 'Eldwen', 'Clovah', 'Willis', 'Epstein', 'Uzzia', 'Fast', 'Shepp', 'Harland', 'Groos', 'Catherin']
['Janaya', 'Winer', 'Burkhart', 'Smukler', 'Cicely', 'Bui', 'Chae', 'Beebe', 'Tiphane', 'Berneta', 'Ber', 'Deni', 'Akeyla', 'Elberta', 'Beaver', 'Letta', 'Tillford', 'Jason', 'Winebaum', 'Lenhart', 'Ratcliffe', 'Davidde', 'Doroteya', 'Matthew', 'Griswold', 'Gerianne', 'Ottinger', 'Uta', 'Hotze', 'McKinney', 'Nicolis', 'Danna', 'Stearns', 'Hook', 'Schreck']
['Adaurd', 'Tonya', 'Velda', 'Klapp', 'Marijo', 'Hanway', 'Tristam', 'Malo', 'Oakes', 'Lentha', 'Dott', 'Kile', 'Meras', 'Kimon', 'Rombert', 'Dare', 'Lamb', 'Quitt', 'Till', 'Alvinia', 'Jimmy', 'Karon', 'Lynett', 'Uchida', 'Cheria', 'Darrow', 'Montagna', 'Morville', 'Fitz', 'Erlewine', 'Ubana', 'Shelby', 'Druce', 'Holms', 'Mackenzie']
['Marijn', 'Cardwell', 'Tennes', 'Eleni', 'Jori', 'Sumer', 'Monahan', 'Girardo', 'Formenti', 'Buxton', 'Coh', 'Merth', 'Antonino', 'Gombosi', 'Carrillo', 'Robbin', 'Jenkel', 'Acacia', 'Katzir', 'Chancellor', 'Chemush', 'Fruin', 'Earlene', 'Ebneter', 'Genie', 'Melda', 'Aviv', 'Lawler', 'Donn', 'Won', 'Clea', 'Starinsky', 'Brazee', 'Fabrice', 'Merola']
['Lamson', 'Adriane', 'Barnett', 'Melburn', 'Dulcea']
['Lauree', 'Nannette', 'Kaufmann', 'Mokas', 'Balling', 'Ashford', 'Avril', 'Cavallaro', 'Knute', 'Eudocia', 'Vaish', 'Maribel', 'Tay', 'Barby', 'Eilis', 'Zandt', 'Javler', 'Stephenson', 'Lynnelle', 'Sheeran', 'Nanette', 'Jillana', 'Scherman', 'Matthaeus', 'Worlock', 'Halimeda', 'Summons', 'Odin', 'Arianna', 'Lou', 'Masterson', 'Wight', 'Balliett', 'Cutty', 'Nessy']
['Bluhm', 'Busey', 'Bran', 'Perloff', 'Hett', 'Lotus', 'Emelita', 'Lon', 'Kassi', 'Ruyle', 'Adolphus', 'Ardys', 'Jorgenson', 'Kerwon', 'Pontius', 'Danita', 'Freddy', 'Haldane', 'Crean', 'Wendye']
['Fadiman', 'Astto', 'Firman', 'Kinzer', 'Hamlin', 'Tarkany', 'Serafine', 'Hannover', 'Roanna', 'Yarvis', 'Franek', 'Vonni', 'Emelia', 'Basso', 'Pippo', 'Holofernes', 'Wistrup', 'Hillegass', 'Mikol', 'Colly', 'Dimitry', 'Cristiona', 'Proudfoot', 'Halstead', 'Cataldo', 'Lindell', 'Shannah', 'Placido', 'Ragland', 'Reste', 'Verras', 'Alf', 'Virginia', 'Utica', 'Ultun']
['Questa', 'Ches', 'Micheal', 'Ursi', 'Felise', 'Eno', 'Pappas', 'McIntosh', 'Livingston', 'Carter', 'Binette', 'Janerich', 'Neveda', 'Edrick', 'Jehiel', 'Lenes', 'Karie', 'Meingolda', 'Derril', 'Paulita', 'Behlau', 'Swanhilda']
['Raynor', 'Girovard', 'Prebo', 'Thorman', 'Dela', 'Sigsmond', 'Danuloff', 'Saville', 'Tessy', 'Ammadis', 'Woo', 'Emmer', 'Maye', 'Galligan', 'Griffin', 'Bounds', 'Rani', 'Delinda', 'Sosanna', 'Bruns', 'Milore', 'Arel', 'Tuttle', 'Clere', 'Larson', 'Leanna', 'Fairfax', 'Gwenette', 'Neille', 'Norean', 'Mitchiner', 'Volkan', 'Shea', 'Harriet', 'Hako']
['Minier', 'Harmony', 'Faunia', 'Myrvyn', 'Rocray', 'Blondell', 'Vikky', 'Ng', 'Atkins', 'Lyle', 'Crompton', 'Lorilyn', 'Leiser', 'Margeaux', 'Raul', 'Utas']
['Nafis', 'Prince', 'Delila', 'Sandeep', 'Selma', 'Flemming', 'Augustina', 'Berner', 'Marina', 'Cherry', 'Dedric', 'Cloots', 'Watson', 'Gunn', 'Nance', 'Renick', 'Bernj', 'Billy', 'Cristoforo', 'Rik', 'Fredkin', 'Glenn', 'Yasu', 'Saylor', 'Desi', 'Ruhnke', 'Felicie', 'Carlick', 'Hermon', 'Foulk', 'Feinstein', 'Grochow', 'Rue', 'Lux', 'Lunetta']
['Osrick', 'Dett', 'Klute', 'Dumas', 'Fausta', 'Love', 'Fokos', 'McCullough', 'McClimans', 'Bhayani']
['Gloriana', 'Vevay', 'Caines', 'Cerracchio', 'Salomi', 'Hakim', 'Buckler', 'Evangeline', 'Charin', 'Schnabel', 'Ferro', 'Favian', 'Brittnee', 'Noyes', 'Jobyna', 'Bello', 'Converse', 'Larry', 'Mushro', 'Farro', 'Australia', 'Balcer', 'Janenna', 'Moyers', 'Weirick', 'Holton', 'Japeth', 'Hudis', 'Pryce', 'Higgs', 'Saudra', 'Newton', 'Towne', 'Ted', 'Wing']
['Groh', 'Rooke', 'Dowlen', 'Willetta', 'Mathur', 'Auroora', 'Demetria', 'Ainslee']
['Sinnard', 'Baldridge', 'Ginzburg', 'Hankins', 'Karlise', 'Cyd', 'Birck', 'Jenness', 'Krystalle', 'Hardej', 'Toh', 'Les', 'Grath', 'Nisse', 'Puklich', 'Coumas', 'Ashling', 'Hawger', 'Sievert', 'Polish', 'Biggs', 'Candyce', 'Damon', 'Ciapas', 'Dearman', 'Fillender', 'Minda', 'Flo', 'Sandstrom', 'Kronick', 'Enid', 'Derinna', 'Midian', 'Fifine', 'Ferullo']
['Hillel', 'Gowrie', 'Elburr', 'Safire', 'Danais']
['Fidelio', 'Hong', 'Bevon', 'Dotson', 'Corkhill', 'Jessalin', 'Melisa', 'Hadleigh', 'Marilou', 'Ashman', 'Leod', 'Udell', 'Benilda', 'Mansoor', 'Manaker', 'Ursola', 'Dole', 'Sachi', 'Oscar', 'Kudva', 'Cal', 'Neva', 'Blasius', 'Florentia', 'Plantagenet', 'Saxen', 'Tutankhamen', 'Clymer', 'Ebba', 'Ace', 'Koetke', 'Kylah', 'Durante', 'Kanya', 'Gibun']
['Nath', 'Nari', 'Hayyim']
