['540', '906', '932', '99', '796', '611', '263', '888', '779', '895', '33', '954', '296', '824', '703', '501', '957', '857', '493', '659', '956', '798', '197', '599', '710', '559', '566', '131', '249', '191', '660', '536', '376', '439', '709']
['614', '459', '712', '766', '990', '72', '680', '225', '928', '184', '852', '334', '138', '489', '140', '827', '512', '648', '450', '491', '478', '438', '158', '94', '748', '529', '902', '775', '810', '123', '604', '510', '834', '494', '81']
['773', '389', '704', '226', '574', '690', '849', '735', '864', '22', '664', '27', '756', '886', '361', '921', '948', '835', '323', '18', '210', '996', '482', '995', '622', '911', '365', '360', '848', '844', '40', '86', '636', '787', '84']
['161', '949']
['673', '867', '180', '850', '88', '967', '873', '635', '236', '96', '973', '550', '380', '730', '469', '866', '64', '774', '786', '151', '39', '153', '73', '915', '375', '324', '298', '456', '567', '741', '128', '894', '984', '802', '515']
['743', '655', '711', '968', '898', '758', '927', '447', '264', '43', '203', '295', '569', '113', '426', '581', '169', '519', '526', '909', '935', '310', '920', '56', '896', '394', '155', '4', '666', '412', '988', '958', '715', '85', '433']
['279', '283', '713', '351', '831', '395', '516', '291', '598', '688', '994', '145', '760', '44', '527', '917', '589', '618', '473', '658', '58', '24', '16', '101', '577', '720', '132', '168', '632', '462', '982', '326', '371', '212', '640']
['400']
['9', '838', '583', '130', '117', '551', '761', '417', '68', '744', '613', '694', '185', '46', '52', '149', '74', '530', '329', '784', '160', '237', '672', '171', '7', '219', '28', '900', '139', '48', '182', '234', '383', '286', '445']
['246', '209', '193', '978', '32', '860', '594', '546', '299', '178', '847', '471', '229', '66', '152', '255', '63', '553', '645', '560', '106', '955', '977', '620', '937', '311', '728', '83', '861', '261', '944', '535', '634', '378', '899']
['769', '199', '315', '154', '348', '358', '390', '691', '617', '446', '916', '487', '639', '811', '858', '463', '903', '629', '233', '437', '398', '135', '54', '943', '702', '674', '965', '265', '359', '799', '804', '689', '705', '259', '430']
['768']
['938', '633', '387', '991', '700', '146', '187', '115', '120', '42', '436', '998', '868', '92', '244', '345', '414', '762', '590', '192', '568', '125', '642', '931', '670', '731', '980', '790', '369', '339', '586', '256', '429', '813', '778']
['284', '275', '126', '555', '930', '41', '174', '803', '257', '885', '892', '37', '971', '936', '479', '606', '621', '972', '525', '5', '929', '290', '206', '364', '698', '699', '405', '740', '427', '587', '148', '524', '208', '112', '195']
['750', '287', '490', '110', '221', '820', '382', '49', '805', '565', '396', '211', '238', '891', '309', '675', '216', '475', '116', '997', '105', '483', '976', '877', '230', '428', '872', '733', '846', '643', '615', '331', '488', '656', '418']
['736']
['840', '409', '539', '751', '26', '986', '723', '97', '431', '366', '668', '214', '912', '649', '495', '717', '822', '239', '421', '605', '904', '91', '701', '496', '554', '205', '841', '2', '506', '448', '434', '521', '945', '707', '14']
['492', '300', '102', '499', '362', '638', '759', '444', '363', '297', '961', '381', '308', '602', '812', '76', '266', '402', '514', '825', '250', '441', '318', '333', '623', '460', '497', '67', '681', '884', '667', '70', '573', '600', '610']
['143', '543', '513', '30', '538', '869', '651', '962', '582', '137', '175', '612', '871', '281', '901', '61', '401', '653', '753', '631', '926', '201', '718', '821', '53', '232', '780', '408', '379', '316', '397', '819', '791', '578', '755']
['285']
['71', '307', '367', '162', '340', '51', '183', '55', '213', '13', '413', '194', '347', '939', '947', '17', '486', '346', '484', '127', '159', '377', '696', '545', '807', '541', '399', '69', '163', '601', '863', '808', '124', '93', '90']
['271', '217', '440', '925', '874', '327', '776', '745', '580', '150', '989', '669', '595', '45', '242', '176', '725', '960', '563', '781', '739', '794', '247', '343', '325', '562', '3', '940', '933', '692', '795', '196', '999', '240', '829']
['320', '352', '172', '685', '814', '862', '274', '593', '502', '164', '133', '80', '269', '104', '10', '749', '763', '384', '552', '507', '410', '646', '207', '282', '47', '222', '422', '828', '865', '374', '628', '35', '969', '435', '498']
['987']
['461', '677', '29', '474', '806', '608', '332', '87', '189', '893', '742', '224', '719', '993', '273', '770', '215', '609', '109', '537', '856', '419', '531', '572', '19', '336', '317', '425', '950', '591', '349', '454', '970', '641', '89']
['267', '458', '511', '34', '353', '650', '678', '508', '289', '500', '156', '809', '407', '979', '845', '142', '370', '517', '544', '260', '532', '392', '879', '876', '946', '321', '676', '77', '177', '963', '801', '881', '534', '432', '258']
['854', '253', '231', '661', '737', '252', '107', '746', '905', '188', '682', '851', '75', '836', '341', '262', '173', '839', '503', '472', '570', '783', '62', '386', '542', '816', '186', '23', '724', '561', '457', '548', '726', '588', '923']
['293']
['764', '882', '372', '423', '220', '738', '21', '78', '306', '842', '558', '975', '313', '467', '575', '859', '908', '15', '556', '245', '564', '404', '59', '114', '466', '167', '547', '424', '357', '200', '883', '533', '627', '549', '119']
['913', '268', '797', '880', '853', '36', '722', '179', '687', '118', '922', '136', '782', '732', '11', '557', '141', '218', '442', '227']
['254', '788', '697', '355', '328', '897', '662', '734', '626', '528', '721', '951', '624', '406', '818', '57', '630', '823', '204', '754', '416', '1', '98', '966', '8', '918', '391', '571', '235', '335', '190', '985', '592', '706', '887']
['6', '983', '453', '924', '817', '468', '941', '464', '288', '65', '833']
['616', '122', '95', '654', '338', '686', '337', '481', '388', '301', '121', '82', '522', '889', '20', '637', '771', '870', '747', '792', '684', '855', '607', '248', '878', '455', '449', '520', '981', '452', '403', '837', '223', '170', '914']
['772', '727', '910', '974', '305', '147', '314', '890']
['959', '477', '272', '443', '785', '100', '683', '826', '108', '585', '679', '354', '992', '815', '714', '952', '415', '523', '103', '752', '270', '596', '12', '663', '652', '385', '465', '368', '280', '579', '251', '202', '485', '693', '79']
['344', '505', '789']
['243', '619', '953', '603', '144', '111', '875', '302', '765', '830', '303', '420', '576', '411', '597', '294', '625', '843', '350', '181', '793', '777', '38', '919', '964', '729', '50', '356', '665', '312', '31', '134', '277', '304', '584']
['330', '504', '657']
['0', '165', '509', '373', '757', '716', '644', '198', '319', '276', '241', '480', '129', '476', '708', '518', '292', '278', '166', '832', '671', '647', '25', '322', '393', '228', '157', '451', '907', '934', '767', '695', '942', '470', '800']
['342', '60']
