['471', '535', '832', '138', '482', '533', '187', '204', '403', '65', '46', '461', '448', '475', '66', '992', '988', '458', '607', '990', '313', '424', '642', '711', '500', '632', '33', '701', '309', '541', '355', '38', '872', '158', '122', '37', '443', '60', '550', '378']
['537', '735', '785', '911', '811', '10', '419', '125', '949', '399', '589', '891', '107', '165', '579', '92', '91', '865', '210', '727', '864', '316', '636', '690', '28', '788', '863', '276', '551', '322', '817', '906', '617', '224', '439', '650', '805', '591', '398', '530']
['134', '696', '12', '675', '813', '358', '663', '298', '854', '335', '243', '401', '201', '496', '967', '486', '950', '277', '610', '679', '255', '21', '665', '191', '54', '278', '531', '726', '418', '762', '164', '939', '428', '705', '625', '19', '95', '845', '489', '529']
['940', '655', '388', '266', '179', '573', '96', '868', '704', '779', '870', '964', '279', '510', '609', '849', '922', '293', '178', '585', '303', '512', '538', '534', '76', '555', '829', '732', '124', '474', '673', '887', '252', '907', '698', '567', '304', '778', '662']
['936', '740', '460', '132', '268', '72', '791', '527', '877', '859', '661', '987', '283', '896', '543', '916', '127', '973', '588', '545', '860', '509', '517', '963', '161', '978', '651', '596', '654', '960', '356', '280', '678', '633', '737', '989', '956', '392', '351', '176']
['765', '262', '123', '602', '97', '741', '707', '975', '716', '377', '248', '183', '369', '879', '147', '302', '628', '105', '913', '130', '536', '718', '340', '798', '83', '565', '73', '99', '393', '556', '146', '924', '558', '480', '438', '902', '214', '957', '996', '136']
['575', '584', '724', '842', '274', '901', '429', '307', '914', '206', '226', '519', '35', '947', '336', '866', '659', '372', '547', '332', '483', '267', '384', '702', '288', '441', '508', '379', '218', '830', '17', '260', '532', '993', '597', '944', '974', '317', '364', '857']
['236', '25', '888', '119', '133', '700', '889', '490', '400', '292', '962', '184', '200', '354', '156', '87', '794', '515', '488', '128', '706', '16', '757', '934', '36', '770', '148', '587', '951', '476', '977', '182', '823', '2', '539']
['646', '883', '265', '930', '787', '111', '763', '98', '746', '61', '684', '912', '426', '942', '850', '139', '885', '658', '528', '86', '828', '874', '39', '50', '449', '48', '688', '677', '371', '344', '574', '456', '435', '686', '245', '77', '856', '611', '135', '614']
['305', '744', '263', '20', '220', '149', '572', '225', '314', '657', '175', '141', '826', '79', '185', '363', '328', '747', '152', '353', '71', '170', '784', '504', '946', '803', '937', '485', '217', '601', '447', '189', '264', '904', '549', '121', '692', '522', '334', '257']
['624', '273', '41', '311', '172', '923', '390', '594', '921', '714', '824', '943', '450', '454', '910', '694', '523', '129', '577', '120', '899', '114', '181', '926', '195', '775', '408', '834', '24', '232', '67', '271', '230', '469', '487', '412', '722', '43', '466', '270']
['212', '754', '57', '627', '478', '600', '773', '254', '411', '115', '464', '894', '518', '493', '446', '853', '101', '886', '816', '881', '955', '188', '933', '768', '749', '873', '731', '909']
['606', '223', '649', '507', '750', '976', '320', '177', '167', '521', '337', '234', '69', '822', '251', '345', '880', '374', '867', '526', '219', '809', '546', '898', '272', '837', '838', '348', '595', '920', '465', '848', '743', '810', '3', '169', '242', '503', '53', '81']
['513', '833', '802', '387', '235', '720', '455', '329', '759', '453', '31', '767', '4', '869', '958', '562', '835', '58', '563', '186']
['410', '693', '756', '998', '980', '327', '797', '434', '772', '349', '413', '571', '40', '893', '506', '664', '339', '982', '616', '310', '498', '442', '380', '290', '323', '229', '376', '194', '644', '592', '467', '473', '777', '985', '560', '215', '52', '884', '502', '142']
['566', '903', '941', '44', '966', '297', '736', '875', '116', '9', '406', '615', '761', '669', '416', '477', '231', '844', '710', '618', '808', '22', '953']
['112', '703', '88', '719', '341', '347', '631', '0', '781', '417', '983', '908', '680', '999', '831', '841', '583', '352', '652', '436', '721', '203', '56', '578', '965', '818', '796', '300', '415', '847', '878', '357', '89', '102', '593', '470', '619', '193', '291', '23']
['748', '366', '484', '315', '667', '871', '247', '321', '836', '425', '931', '557', '564', '932', '227', '630', '394', '739', '75', '325']
['792', '190', '846', '638', '569', '840', '432', '961', '622', '32', '159', '672', '764', '338', '289', '715', '771', '548', '929', '799', '209', '559', '753', '173', '162', '697', '59', '333', '221', '168', '100', '897', '312', '656', '819', '861', '674', '751', '635', '554']
['790', '981', '437', '423', '760', '207', '492', '301', '806', '233', '637', '997', '542', '106']
['5', '27', '205', '472', '481', '599', '568', '180', '586', '174', '18', '26', '82', '648', '63', '807', '645', '576', '241', '213', '986', '895', '7', '882', '876', '386', '984', '786', '269', '42', '582', '685', '774', '427', '695', '14', '250', '216', '919', '952']
['342', '404', '804', '199', '820', '905', '261', '843', '552', '197', '444', '409', '570', '758', '634']
['994', '144', '157', '94', '945', '699', '612', '858', '479', '623', '361', '938', '709', '742', '738', '925', '382', '367', '368', '103', '244', '682', '780', '647', '445', '108', '29', '440', '330', '284', '140', '299', '814', '275', '249', '113', '900', '463', '228', '391']
['55', '516', '553', '397', '192', '287', '84', '110', '459', '783', '708', '689', '793', '171', '687', '815']
['74', '373', '621', '457', '598', '604', '240', '890', '514', '281', '683', '62', '153', '433', '712', '151', '70', '117', '608', '839', '855', '491', '239', '343', '431', '350', '421', '166', '620', '405', '852', '723', '499', '286', '8', '755', '131', '851', '256', '782']
['525', '145', '725', '246', '979', '641', '730', '45', '501', '143', '789', '660']
['1', '362', '670', '511', '643', '954', '163', '324', '370', '118', '540', '396', '668', '495', '745', '365', '640', '752', '109', '676', '11', '935', '827', '766', '238', '360', '968', '422', '319', '734', '208', '80', '402', '202', '326', '972', '346', '452', '395', '294']
['927', '259', '49', '306', '821', '282', '211', '15', '137', '505', '90']
['918', '524', '160', '728', '47', '769', '959', '825', '948', '681', '917', '385', '253', '430', '717', '154', '639', '892', '150', '605', '928', '51', '375', '222', '420', '389', '580', '991', '6', '318', '995', '971', '126', '561', '462', '626', '800', '258', '733', '776']
['729', '308', '671', '862', '629', '93', '653']
['407', '296', '603', '520', '381', '237', '196', '795', '691', '451', '198', '666', '812', '713', '30', '383', '915', '590', '970', '78', '155', '104', '581', '613', '494', '34', '497', '468', '801', '359', '331', '85', '68', '295', '969', '13', '544', '414', '64', '285']
