['836', '498', '840', '266', '128', '461', '181', '96', '356', '885', '523', '124', '248', '862', '364', '32', '463', '516', '711', '571', '256', '361', '113', '348', '329', '52']
['798', '540', '171', '227', '99', '211', '176', '566', '228', '560', '80', '671', '282', '850', '253', '238', '599', '562', '392', '54', '250', '640', '704', '258', '387', '345', '693']
['43', '609', '331', '879', '145', '271', '719', '500', '456', '355', '645', '377', '808', '506', '791', '583', '819', '0', '514', '360', '449', '332', '921', '536', '413', '274', '843', '694', '362']
['372', '65', '651', '342', '790', '496', '42', '277', '388', '878', '676', '608', '568', '589', '284', '167', '481', '85', '317', '774', '720', '132', '841', '579', '415', '522', '874', '913', '486', '143', '363', '225']
['871', '193', '242', '178', '908', '520', '438', '326', '183', '509', '851', '303', '472', '232', '796', '201', '902', '820', '687', '122', '508', '275', '596', '6', '773', '675', '157', '357', '743']
['458', '601', '138', '273', '799', '612', '847', '479', '691', '899', '455', '573', '666', '141', '813', '597', '343', '324', '177', '45', '507', '86', '149', '610', '194', '237', '323', '732', '125', '375', '717', '548', '216', '421', '909', '418', '90', '797']
['483', '195', '435', '399', '219', '163', '852', '475', '682', '910', '240', '182', '660', '389', '869', '44', '655', '155', '683', '92', '626', '380', '321', '402', '5', '667', '490']
['105', '104', '3', '19', '875', '474', '497', '823', '803', '824', '118', '294', '561', '301', '570', '586', '543', '800', '863', '123', '839', '95', '748', '7', '638', '659', '647', '656', '662', '369', '817']
['907', '873', '190', '572', '736', '858', '226', '296', '94', '81', '15', '766', '724', '385', '322', '205', '624', '491', '423', '837', '526', '335', '855', '467', '630', '129', '473', '192', '302', '915']
['788', '505', '723', '578', '200', '905', '4', '927', '553', '403', '419', '245', '917', '330', '929', '414', '470', '412', '156', '794', '585', '846', '224', '233', '920', '600', '882', '832', '517', '477', '749']
['546', '260', '148', '161', '789', '405', '754', '289', '31', '365', '2', '552', '584', '615', '448', '677', '244', '603', '708', '857', '386', '400', '919', '344', '84', '646', '136', '339', '702', '806', '575', '316', '91']
['269', '478', '542', '314', '756', '168', '744', '340', '267', '189', '50', '207', '417', '359', '783', '209', '198', '652', '453', '447', '716', '524', '137', '802', '834', '27', '370', '420', '9', '41', '378', '153']
['663', '391', '565', '60', '916', '254', '684', '63', '821', '66', '695', '895', '410', '110', '336', '142', '831', '859', '422', '293', '288', '140', '740', '280', '577', '595', '686']
['559', '347', '406', '337', '354', '867', '450', '139', '593', '770', '381', '8', '299', '746', '924', '669', '771', '297', '68', '535', '262', '144', '620', '188', '434', '668', '495', '221']
['204', '528', '764', '900', '70', '390', '849', '229', '795', '79', '633', '923', '713', '346', '588', '714', '184', '641', '886', '614', '327', '469', '569', '538', '119', '634', '165', '703', '611', '306', '208', '73', '464', '117', '621']
['28', '835', '71', '887', '623', '191', '103', '40', '625', '93', '334', '758', '116', '160', '353', '532', '283', '220', '121', '408', '889', '826', '416', '838', '786', '196', '853', '715', '210', '199']
['35', '379', '617', '700', '606', '101', '460', '650', '437', '429', '639', '710', '270', '678', '926', '166', '11', '234', '576', '452', '169', '74', '382', '411', '759', '787', '549', '404', '111', '203', '69']
['742', '698', '792', '159', '696', '313', '844', '264', '1', '241', '287', '107', '333', '265', '555', '436', '243', '737', '827', '870', '594', '712', '252', '580', '351', '286', '112', '730', '130', '36', '185']
['587', '407', '534', '539', '16', '120', '865', '896', '530', '922', '818', '778', '87', '848', '134', '439', '158', '466', '62', '257', '34', '445', '772', '705', '21', '349', '830', '338', '690', '24', '876', '276', '763', '320']
['914', '126', '519', '688', '891', '898', '291', '409', '911', '268', '249', '292', '487', '213', '752', '574', '592', '670', '55', '890', '22', '804', '680', '371', '444', '721']
['427', '494', '88', '23', '56', '602', '492', '67', '822', '814', '877', '541', '215', '738', '883', '64', '295', '82', '443', '279', '722', '319', '762']
['785', '653', '880', '59', '664', '315', '97', '170', '102', '480', '374', '49', '557', '558', '108', '180', '554', '881', '810', '146', '815', '636', '510', '114', '897']
['812', '793', '236', '619', '30', '341', '89', '768', '833', '673', '115', '446', '100', '38', '482', '310', '51', '489', '590', '728', '753', '135', '425', '133', '430', '358', '217', '154']
['734', '627', '493', '46', '17', '725', '739', '433', '150', '757', '373', '706', '856', '53', '222', '395', '393', '206', '604', '643', '533', '367', '235', '428', '179', '661', '644', '106', '499']
['751', '701', '760', '699', '767', '779', '888', '903', '147', '563', '454', '649', '747', '311', '616', '829', '750', '57', '131', '726', '441', '901', '186', '48', '769', '674', '741']
['426', '251', '212', '598', '72', '912', '906', '98', '545', '465', '281', '152', '484', '83', '255', '527', '894', '807', '825', '401', '58', '513', '581', '376', '384', '78', '325']
['246', '709', '582', '531', '312', '503', '451', '544', '26', '864', '537', '729', '394', '502', '197', '780', '657', '76', '854', '733', '457', '223', '679', '309']
['777', '352', '476', '551', '33', '431', '613', '109', '383', '681', '432', '805', '591', '308', '707', '25', '529', '468', '521', '61', '20', '654', '618', '485', '47']
['247', '471', '607', '366', '459', '230', '755', '504', '127', '397', '665', '29', '214', '731', '866', '515', '77', '727', '151', '272', '828', '872', '672', '697', '904']
['285', '801', '893', '635', '305', '631', '556', '398', '842', '10', '765', '501', '440', '892', '218', '175', '13', '776', '564', '307', '396', '304']
['290', '300', '605', '629', '648', '547', '174', '261', '685', '512', '37', '868', '164', '488', '816', '745', '658', '18', '328', '162', '637', '782', '368', '761', '775']
['811', '12', '462', '259', '781', '424', '550', '567', '442', '718', '845', '172', '860', '39', '173', '809', '628', '884', '511', '278', '263', '642', '622', '689', '202', '861', '928', '239', '318', '918', '518', '187', '784', '231', '350', '75', '735', '692', '632', '525', '14', '925', '298']
