['250', '672', '602', '739', '146', '401', '17', '352', '213', '704', '197', '755', '176', '375', '617', '349', '202', '170', '409', '232', '79', '374', '599', '445', '570', '157', '238', '99', '429', '827', '56', '68', '106', '697', '631']
['475', '733', '181', '810', '520', '752', '16', '304', '362', '289', '118', '175', '812', '757', '756', '737', '191', '259', '509', '681', '27', '256', '51', '841', '556', '1', '747', '410', '730', '661', '746', '806', '552', '611', '74']
['598', '278', '122', '263', '709', '215', '662', '635', '474', '753', '670', '151', '729', '315', '640', '105', '619', '258', '14', '615', '257', '319', '332', '431', '503', '63', '853', '290', '531', '165', '292', '437', '127', '542', '302']
['852', '371', '221', '138', '817', '29', '357', '433', '847', '240', '346', '255', '393', '107', '443', '507', '132', '796', '521', '38', '342', '447', '444', '363', '85', '441', '813', '94', '614', '425', '543', '653', '820', '178', '790']
['40', '320', '821', '300', '89', '367', '173', '385', '538', '728', '452', '713', '824', '381', '644', '741', '720', '388', '270', '651', '482', '402', '353', '69', '80', '360', '541', '665', '461', '563', '511', '253', '535', '299', '657']
['117', '193', '188', '30', '153', '376', '217', '438', '577', '34', '848', '134', '432', '522', '324', '464', '61', '794', '64', '470', '306', '60', '252', '850', '46', '605', '26', '364', '229', '811', '838', '553', '348', '91', '121']
['428', '312', '325', '802', '377', '220', '28', '460', '186', '650', '636', '489', '779', '673', '674', '588', '291', '297', '358', '177', '648', '67', '517', '310', '612', '109', '190', '849', '740', '675', '738', '792', '714', '734', '719']
['182', '147', '234', '560', '597', '168', '6', '286', '708', '782', '696', '235', '700', '136', '227', '108', '623', '316', '748', '416', '726', '537', '198', '154', '88', '274', '525', '822', '55', '338', '422', '5', '162', '150', '750']
['760', '195', '583', '237', '93', '279', '189', '808', '625', '123', '671', '90', '103', '288', '626', '585', '773', '846', '496', '761', '627', '711', '341', '660', '241', '837', '326', '336', '242', '706', '855', '231', '187', '682', '742']
['712', '351', '203', '412', '179', '666', '155', '41', '498', '514', '500', '544', '47', '771', '207', '159', '308', '53', '359', '131', '39', '555', '192', '398', '669', '394', '777', '442', '111', '593', '677', '721']
['148', '579', '280', '246', '307', '125', '630', '48', '248', '568', '610', '65', '486', '642', '530', '477', '505', '536', '718', '608', '369', '20', '499', '549', '261', '768', '145', '301', '22', '15', '344', '519', '831', '459', '399']
['272', '497', '130', '224', '82', '784', '495', '603', '77', '483', '142', '251', '832', '840', '804', '637', '333', '295', '561', '172', '479', '208', '724', '366', '725', '687', '112', '508', '715', '527', '104', '532', '789', '386', '472']
['206', '451', '13', '126', '545', '417', '378', '133', '95', '100', '803', '701', '480', '587', '450', '823', '212', '836', '144', '200', '668', '7', '705', '141', '345', '717', '819', '703', '574', '124', '313', '143', '230', '476', '298']
['309', '184', '641', '160', '529', '485', '323', '731', '58', '54', '833', '594', '676', '350', '783', '512', '695', '488', '185', '800', '339', '370', '478', '249', '171', '23', '75', '658', '575', '84', '581', '764', '276', '762', '692']
['506', '798', '343', '690', '745', '407', '365', '510', '547', '524', '435', '462', '590', '458', '578', '465', '667', '621', '31', '576', '273', '225', '591', '691', '12', '264', '135', '421', '18', '137', '467', '769', '763', '566']
['540', '601', '11', '754', '455', '49', '427', '854', '548', '439', '551', '582', '678', '405', '490', '722', '826', '327', '758', '330', '842', '816', '70', '44', '680', '776', '139', '596', '487', '638', '735', '569', '180', '799', '86']
['59', '92', '45', '609', '283', '368', '829', '321', '96', '32', '663', '317', '494', '76', '565', '0', '329', '571', '372', '311', '2', '785', '392', '97', '607', '284', '102', '8', '766', '693', '335', '83', '408', '727', '698']
['400', '303', '424', '557', '694', '818', '50', '562', '73', '679', '403', '281', '226', '239', '347', '305', '128', '434', '265', '37', '387', '216', '649', '770', '580', '791', '835', '293', '647', '774', '809', '282', '559']
['244', '166', '468', '380', '797', '845', '373', '233', '685', '120', '436', '419', '793', '156', '236', '484', '604', '795', '19', '4', '466', '683', '493', '686', '550', '35', '573', '554', '528', '418', '196', '210', '201', '778']
['772', '469', '699', '71', '10', '689', '115', '395', '194', '567', '518', '504', '33', '744', '595', '66', '707', '382', '781', '502', '440', '389', '247', '592', '664', '775', '723', '296', '62', '337', '448', '119']
['652', '285', '446', '113', '834', '269', '688', '268', '101', '129', '463', '218', '814', '659', '632', '414', '492', '396', '383', '456', '223', '533', '515', '266', '420', '36', '205', '167', '243', '710', '116', '72', '314', '600']
['606', '174', '534', '788', '260', '57', '654', '629', '318', '379', '844', '516', '43', '21', '513', '546', '449', '616', '81', '613', '384', '199', '110', '628', '765', '334', '275', '716', '262', '523', '828', '586', '736', '9', '767']
['391', '454', '152', '787', '851', '526', '411', '415', '749', '87', '222', '164', '406', '328', '254', '331', '643', '287', '52', '564', '78', '430', '634', '149', '340', '732', '404', '355', '426', '807', '830']
['633', '584', '759', '204', '158', '356', '815', '271', '294', '702', '639', '780', '751', '140', '183', '390', '645', '453', '825', '481', '457', '413', '589', '646', '801', '839', '163', '572', '620', '539', '98', '322', '471']
['361', '656', '219', '843', '214', '114', '277', '655', '491', '624', '42', '618', '501', '169', '354', '267', '3', '786', '24', '161', '558', '423', '228', '209', '397', '743', '245', '211', '622', '805', '25', '473', '684']
