['116', '130', '16', '585', '592', '522', '864', '788', '903', '458', '135', '827', '895', '113', '995', '580', '740', '225', '590', '375', '929', '785', '498', '645', '184', '426', '282', '109', '153', '830', '93', '302', '242', '821', '766', '768', '220', '838', '197', '652', '607', '726', '663', '128', '141', '515', '423', '434', '835', '114', '250', '236', '212', '910', '569', '611', '454', '855', '84', '372', '649', '733', '214', '158']
['213', '181', '804', '417', '179', '769']
['779', '630', '317', '672', '716', '123', '617', '803', '140', '541', '494', '577', '227', '925', '272', '406', '651', '437', '180', '88', '877', '354', '330', '90', '570', '292', '422', '715', '495', '235', '753', '563', '669', '745', '413', '500', '169', '31', '529', '493', '502', '618', '484', '438', '409', '446', '479', '187', '798', '576', '724', '59', '736', '404', '489', '917', '894', '602', '778', '828', '428', '875', '226', '188']
['393', '362', '956', '722', '812', '276', '173']
['192', '118', '142', '773', '378', '889', '706', '137', '463', '840', '78', '326', '873', '967', '876', '196', '660', '230', '341', '507', '520', '297', '962', '156', '157', '953', '946', '718', '523', '930', '786', '674', '968', '244', '890', '304', '739', '568', '780', '35', '888', '857', '759', '273', '741', '874', '547', '120', '923', '794', '345', '776', '806', '410', '980', '661', '91', '732', '747', '961', '723', '675', '985', '241']
['941', '969', '972', '866']
['331', '48', '884', '676', '337', '247', '286', '450', '999', '714', '564', '615', '738', '296', '448', '386', '301', '195', '159', '653', '87', '465', '717', '545', '627', '657', '536', '845', '860', '667', '97', '219', '353', '834', '445', '537', '323', '57', '945', '784', '854', '540', '283', '947', '648', '20', '310', '572', '871', '360', '5', '886', '348', '449', '709', '328', '556', '814', '508', '752', '52', '207', '511', '914']
['977', '608', '155']
['813', '143', '721', '594', '639', '501', '3', '974', '730', '471', '117', '596', '599', '374', '419', '42', '215', '100', '787', '519', '356', '491', '371', '621', '53', '481', '725', '510', '60', '205', '33', '133', '424', '831', '73', '689', '774', '110', '270', '55', '729', '848', '796', '108', '573', '160', '762', '146', '300', '924', '600', '121', '271', '685', '164', '581', '927', '81', '103', '430', '673', '658', '809', '712']
['476', '532', '336']
['513', '944', '7', '605', '625', '521', '539', '67', '604', '278', '319', '546', '129', '190', '763', '695', '447', '713', '373', '704', '357', '783', '126', '981', '254', '878', '795', '401', '970', '905', '453', '318', '462', '191', '892', '940', '699', '697', '530', '396', '432', '554', '990', '21', '68', '771', '303', '764', '829', '654', '186', '222', '414', '870', '275', '10', '790', '412', '468', '316', '102', '344', '687', '407']
['744']
['69', '470', '670', '844', '333', '306', '289', '693', '176', '485', '349', '548', '983', '415', '691', '2', '398', '268', '327', '8', '632', '403', '22', '614', '499', '551', '61', '138', '710', '76', '416', '802', '735', '51', '686', '575', '115', '603', '342', '322', '237', '749', '455', '751', '482', '528', '105', '201', '307', '918', '380', '833', '259', '119', '659', '145', '376', '1', '200', '616', '574', '298', '249', '636']
['239']
['32', '562', '339', '887', '125', '461', '908', '525', '902', '681', '79', '391', '288', '309', '988', '772', '503', '637', '198', '332', '850', '989', '982', '166', '347', '824', '34', '932', '45', '880', '9', '851', '64', '915', '144', '856', '719', '817', '14', '163', '460', '293', '240', '727', '543', '916', '943', '897', '208', '305', '40', '161', '243', '862', '922', '938', '367', '936', '801', '335', '680', '444', '352', '707']
['677']
['872', '185', '427', '37', '797', '883', '486', '921', '629', '593', '425', '74', '678', '361', '559', '754', '662', '782', '30', '429', '997', '505', '452', '761', '656', '720', '635', '203', '421', '926', '542', '107', '443', '644', '80', '964', '308', '609', '466', '690', '245', '789', '549', '583', '935', '252', '550', '963', '792', '178', '370', '514', '269', '204', '266', '952', '587', '823', '50', '228', '684', '174', '984', '807']
['0']
['397', '859', '29', '256', '705', '131', '65', '843', '177', '904', '284', '504', '122', '127', '643', '95', '742', '671', '358', '811', '650', '820', '748', '18', '799', '668', '62', '692', '6', '793', '172', '750', '588', '369', '36', '700', '24', '760', '900', '387', '597', '384', '15', '623', '472', '891', '881', '949', '620', '182', '431', '171', '896', '701', '44', '98', '619', '951', '841', '132', '861', '43', '979', '136']
['216']
['815', '826', '863', '516', '777', '746', '280', '973', '557', '996', '912', '355', '381', '531', '913', '149', '206', '389', '366', '295', '382', '229', '682', '435', '882', '939', '819', '189', '248', '11', '578', '560', '665', '274', '343', '464', '524', '959', '565', '987', '363', '822', '696', '223', '66', '765', '865', '312', '46', '928', '314', '975', '165', '28', '694', '683', '483', '781', '320', '390', '400', '606', '885', '836']
['26']
['628', '622', '94', '906', '960', '70', '321', '106', '170', '816', '612', '85', '907', '394', '329', '311', '631', '810', '325', '101', '702', '420', '566', '571', '440', '655', '251', '527', '934', '589', '679', '490', '867', '595', '898', '496', '12', '202', '457', '154', '518', '47', '477', '287', '13', '260', '39', '253', '475', '436', '986', '350', '92', '647', '290', '911', '832', '209', '411', '488', '808', '641', '613', '991']
['379']
['418', '950', '313', '626', '193', '211', '346', '837', '285', '75', '71', '879', '526', '234', '359', '591', '405', '385', '469', '937', '711', '56', '731', '38', '919', '703', '567', '728', '555', '315', '598', '112', '162', '698', '770', '512', '473', '383', '265', '395', '868', '842', '402', '535', '992', '957', '151', '86', '194', '433', '459', '584', '544', '756', '456', '111', '294', '147', '4', '262', '467', '931', '534', '441']
['998']
['561', '17', '399', '134', '340', '23', '954', '971', '246', '708', '538', '167', '54', '19', '257', '392', '869', '83', '846', '955', '264', '497', '281', '757', '853', '258', '634', '25', '99', '755', '800', '899', '920', '517', '277', '175', '646', '688', '89', '579', '791', '148', '666', '442', '533', '624', '377', '552', '96', '758', '63', '586']
['492', '299', '775', '104', '993', '958', '238', '439', '509', '767', '610', '291', '231', '978', '221', '737', '217', '267', '901', '734', '338', '839', '638', '364', '224', '58', '805', '152', '664', '965', '218', '558', '263', '233', '601', '858', '255']
['139', '72', '168', '487', '27', '849', '451', '553', '474', '77', '82', '582', '933', '351', '847', '948', '324', '124', '210', '825', '633', '388', '893', '506', '852', '41']
['743', '976', '49', '942', '183', '642', '279', '150', '334', '478', '368', '818']
['232', '909', '994', '199', '966', '408', '261', '365', '480', '640']
