['487', '604', '689', '253', '15', '553', '376', '928', '668', '830', '498', '621', '748', '94', '367', '747', '574', '359', '743', '101', '632', '978', '413', '977']
['242', '143', '54', '654', '382', '250', '544', '407', '202', '688', '529', '721', '5', '57', '912', '405', '273', '178', '974', '181', '234', '860', '235', '980', '552', '75', '262', '648', '270', '472', '916', '703', '265', '391', '679', '946', '170', '431', '954', '635', '911', '197', '328', '720', '554', '657', '620', '968', '334', '955']
['461', '771', '931', '536', '926', '60', '762', '350', '920', '312', '492', '531', '162', '13', '527', '956', '507', '285', '48', '453', '254', '106', '824', '198', '32', '959', '567', '34', '817', '200', '93', '727', '872', '870']
['608', '736', '144', '695', '346', '516', '186', '402', '356', '506', '160', '649', '422', '344', '625', '304', '238', '118', '260', '540', '513', '388', '831', '329', '923', '939', '438', '306', '876', '466', '231', '628', '214', '229', '209', '819', '647', '9']
['652', '775', '822', '885', '602', '677', '537', '366', '729', '806', '600', '147', '473', '524', '444', '634', '791', '301', '569', '71', '505', '219', '215', '168', '615', '674', '3', '267', '134', '324', '670', '776', '957', '479', '317', '510', '203', '42', '25', '176', '548', '877', '53', '65']
['896', '414', '943', '927', '568', '807', '766', '557', '962', '419', '661', '641', '906', '971', '871', '460', '935', '630', '59', '465', '349', '541', '805', '434', '781', '428', '786', '656', '631', '533', '111', '809', '853', '934', '530', '840', '292', '592', '46', '323', '940', '723', '87', '644']
['991', '107', '183', '813', '33', '449', '784', '532', '89', '412', '804', '78', '694', '43', '251', '739', '547', '539', '932', '999', '375', '753', '83', '897', '365', '789', '760', '642', '173', '879', '658', '522', '884', '484', '227', '268', '121', '408', '230', '837', '595', '14', '201', '35']
['293', '158', '161', '738', '988', '941', '765', '482', '990', '585', '387', '581', '256', '788', '358', '255', '216', '618', '601', '852', '309', '851', '213', '820', '910', '0', '576', '549']
['717', '321', '343', '179', '772', '987', '264', '598', '154', '113', '826', '867', '330', '23', '259', '17', '204', '316', '263', '333', '810', '421', '966', '560']
['562', '340', '578', '952', '454', '488', '700', '423', '112', '468', '311', '718', '283', '741', '950', '37', '994', '206', '651', '95', '754', '558', '313']
['286', '965', '241', '672', '282', '543', '69', '379', '769', '303', '710', '429', '773', '624', '474', '437', '240', '719', '778', '397', '156', '780', '878', '545', '141']
['192', '702', '858', '433', '362', '155', '551', '189', '832', '680', '874', '272', '951', '704', '972', '315', '44', '514', '566', '945', '868', '185', '914', '319', '521']
['384', '233', '457', '812', '142', '681', '973', '123', '127', '764', '525', '779', '63', '221', '318', '961', '129', '22', '835']
['40', '439', '67', '938', '308', '85', '131', '27', '305', '252', '983', '801', '103', '220', '572', '886', '6', '139', '21', '128', '458', '687', '947', '953', '538', '836', '218', '903']
['96', '546', '195', '68', '924', '933', '70', '693', '563', '177']
['432', '698', '441', '243', '459', '126', '271', '24', '785', '280', '565', '19', '223', '847', '381', '597', '352', '91', '577', '20', '82', '905']
['603', '520', '485', '258', '843', '898', '845', '838', '842', '575', '706', '996', '92', '52', '451', '908', '187', '122', '802', '892', '232', '970', '841', '797', '115', '296', '550', '377', '8', '985', '857', '443', '500']
['998', '823', '395', '909', '609', '463', '511', '586', '125', '481', '594', '480', '80', '210', '637', '174', '450', '337', '893', '640', '518', '622', '685', '401', '712', '138', '104', '758', '180', '28', '135', '901', '12', '678', '684', '686', '571', '732', '795']
['74', '355', '827', '997', '828', '368', '226', '697', '752', '821', '345', '768', '182', '728', '740', '803', '881', '455', '62', '854', '51', '975', '351', '383', '476', '247', '56', '770', '873', '899', '774']
['599', '99', '477', '157', '937', '49', '587', '593', '150', '288', '708', '617', '396', '699', '236', '610', '790', '360', '756', '363', '839', '512', '633', '605', '325', '989', '348']
['669', '590', '164', '420', '279', '638', '354', '385', '816', '526', '556', '464', '211', '691', '922', '373', '744', '671', '623', '489', '165']
['399', '614', '409', '224', '796', '278', '963', '846', '392', '722', '222', '746', '452', '508', '757', '570', '645', '374', '327', '136', '808', '184', '61', '582', '930', '275', '390', '829', '394', '690', '193', '411']
['117', '171', '850', '639', '284', '517', '588', '495', '589', '915', '208', '294', '205', '730', '424', '499', '159', '650', '417', '194']
['430', '124', '332', '79', '523', '619', '726', '357', '880', '190', '509', '925', '364', '266', '149', '929', '475', '665', '855', '45', '249', '295', '751', '596', '244']
['918', '88', '787', '666', '659']
['613', '18', '378', '29', '607', '861', '907', '389', '761', '811', '653', '542', '248', '782', '73', '297', '347', '682', '783', '716', '969', '1', '490', '335', '591', '110', '400']
['815', '58', '302', '456', '386', '919', '281', '26', '310', '191', '72', '755', '398', '667', '55', '584', '494', '606']
['497', '418', '119', '731', '869', '274', '132', '140', '269', '314', '86', '555', '834', '889', '636', '307', '415', '10', '331', '992', '503', '528', '629']
['245', '496', '864', '660', '336', '502', '471', '564', '626', '483', '692', '361', '705', '888', '66', '902', '936', '290', '410', '109', '709', '287', '960', '64', '664', '891', '486', '370', '257']
['338', '713', '767', '207', '212', '777', '114', '979', '737', '2', '341', '152', '47', '277', '742', '102', '38', '612', '984', '148', '188', '949', '403', '967', '31', '995']
['447', '643', '982', '339', '97', '353', '519', '534', '322', '167', '948', '890', '493', '7', '404', '426', '942', '299', '100', '866', '579', '501', '701', '39', '98', '153', '380', '883', '616', '225', '882']
['750', '862', '863', '655', '146', '442', '440', '217', '707', '462', '163', '944', '120', '406', '875', '825', '711', '4', '683', '372', '291', '261', '763', '573', '108', '276']
['371', '469', '320', '36', '986', '470', '583', '504', '427', '800', '793', '50']
['535', '725', '673', '759', '116', '958', '445', '580', '491', '887', '662', '342', '611', '663', '865']
['913', '175', '90', '818', '993']
['289', '676', '921', '515', '904', '733', '228', '814', '76', '41', '561', '151', '749', '714', '425', '976', '448', '133', '900']
['237', '130', '172', '849', '848', '715', '745']
['735', '137', '724', '369', '416', '166']
['792', '559', '11', '734', '798', '446', '246', '436', '30', '675', '16', '298', '84', '326', '81', '199', '981', '696']
['794', '435', '895', '646', '894', '964', '145', '799', '478', '627', '196', '105', '77', '300', '467', '917', '239', '169', '856', '393', '844', '833', '859']
