['462', '300', '127', '201']
['571', '217', '43', '792']
['622', '918', '165', '583', '54']
['19', '938', '606', '967']
['635', '753', '594', '473', '325']
['945', '850', '815', '120']
['403', '290', '825', '206']
['309', '589', '443', '132', '785']
['34', '469', '822', '326', '212', '257', '284']
['437', '595', '817', '706']
['564', '694', '99', '324']
['575', '552', '858', '813']
['266', '590', '258', '286', '298', '741']
['877', '957', '509', '268']
['521', '85', '851', '783']
['632', '135', '251', '69', '261']
['650', '685', '138', '381', '383']
['596', '320', '965', '146', '655']
['377', '995', '543', '666']
['278', '313', '432', '698']
['574', '648', '491']
['340', '1', '460', '181']
['547', '611', '392', '428']
['162', '317', '647', '182']
['821', '334', '814', '690']
['420', '830', '854', '931']
['140', '246', '755', '291', '908']
['139', '840', '487', '916']
['96', '406', '977', '670', '196']
['890', '750', '402']
['77', '616', '600', '141']
['947', '90', '386', '41']
['573', '5', '906', '86', '911']
['358', '3', '14', '107', '701']
['112', '966', '84', '226']
['362', '58', '582', '219', '448']
['857', '930', '378']
['922', '148', '151']
['363', '200', '388', '679']
['81', '101']
['375', '786', '513']
['397', '431', '987']
['599', '835', '398', '263']
['610', '229', '310']
['242', '354', '751', '433']
['170', '735', '413']
['537', '50', '570']
['517', '301', '820']
['554', '408', '218']
['941', '811']
['71', '587', '289', '660']
['276', '145', '718']
['231', '565', '292', '555']
['149', '597', '400']
['871', '656', '337']
['441', '429', '519', '114']
['12', '726', '353']
['133', '617', '100', '771']
['528', '773', '106']
['544', '111']
['35', '793', '481']
['36', '892', '20']
['464', '285', '295']
['446', '956', '593']
['852', '22', '963']
['563', '791', '861']
['194', '703', '598']
['799', '515']
['645', '316']
['524', '21', '838', '30']
['770', '983', '812']
['808', '345', '243', '355']
['15', '97', '314', '843']
['800', '341', '197']
['450', '633', '379']
['46', '193']
['505', '925', '80', '128']
['900', '955', '234']
['365', '445', '591', '902']
['150', '549', '691']
['456', '105', '968', '373']
['396', '59', '567']
['915', '535', '366']
['404', '9', '91', '958']
['154', '737']
['465', '52', '665']
['705', '11']
['557', '184', '482']
['49', '993', '330']
['0', '527', '934', '44']
['409', '752', '88', '652']
['407', '158', '986']
['950', '485', '13']
['368', '625', '37']
['602', '608', '841']
['627', '885', '364']
['774', '873', '971']
['588', '964']
['518', '166', '764']
['561', '342', '68', '174']
['329', '471', '458']
['912', '367']
['924', '872', '185', '64']
['839', '470', '75']
['919', '468', '333']
['531', '102', '483']
['108', '584']
['42', '733', '605', '788']
['472', '736', '508', '592']
['881', '339', '167']
['795', '729', '805', '939']
['880', '31', '710', '211']
['831', '886', '833', '680']
['478', '896', '496']
['952', '205']
['724', '393', '87']
['784', '646', '609', '153']
['327', '713', '498']
['624', '779', '576', '546']
['946', '253', '640', '343']
['626', '311', '260']
['121', '307']
['862', '689', '671', '252']
['67', '731']
['651', '875', '569']
['10', '878']
['984', '512', '734', '618']
['674', '477', '8']
['134', '577', '418']
['928', '40', '438']
['532', '806']
['425', '506']
['187', '267', '628']
['642', '213', '926']
['352', '265', '451']
['161', '359', '933']
['504', '356']
['490', '560', '942']
['104', '562', '126']
['827', '638', '970', '657']
['699', '348', '95']
['447', '809', '440']
['360', '898', '283']
['272', '155', '434']
['262', '45', '758']
['214', '424']
['215', '123', '780']
['723', '463', '859', '962']
['168', '601', '704']
['716', '688', '427', '798']
['702', '658', '870', '336']
['479', '630', '709', '639']
['76', '834', '2', '223']
['208', '188']
['545', '985', '904']
['411', '951', '349']
['899', '480', '742']
['489', '887']
['686', '778', '522', '296']
['264', '523']
['16', '372', '936']
['719', '801', '361']
['961', '461', '244']
['250', '221', '230', '401']
['921', '4', '318']
['110', '530', '853']
['66', '978', '414', '389']
['274', '976']
['777', '173', '959']
['137', '837', '500']
['186', '661']
['860', '391', '113', '453']
['738', '275']
['273', '894', '245']
['566', '6']
['803', '920']
['603', '629', '136', '708']
['763', '369', '83', '209']
['395', '277', '455']
['370', '662']
['399', '790', '914', '439']
['526', '65', '604']
['384', '888', '180', '982']
['119', '542']
['70', '848']
['637', '419', '222', '157']
['991', '240']
['323', '79', '192', '130']
['585', '754']
['270', '745', '312']
['553', '746', '997']
['436', '669', '93']
['672', '540']
['948', '249', '103']
['125', '422']
['503', '195']
['989', '548', '663']
['579', '953', '923']
['294', '142', '728']
['497', '534']
['692', '884', '879']
['152', '807', '761']
['449', '634']
['940', '673', '677', '943']
['832', '988']
['891', '525', '305']
['116', '117']
['972', '739', '430']
['845', '507', '980']
['357', '620', '62']
['175', '371', '905']
['981', '160', '33']
['643', '56']
['189', '303', '220', '717']
['216', '722']
['484', '520', '51', '707']
['631', '823', '426']
['502', '55']
['556', '876', '122']
['536', '781']
['994', '385', '199']
['47', '910', '889', '183']
['667', '765', '917']
['865', '306', '92']
['172', '499', '796']
['236', '748', '929', '39']
['60', '486']
['844', '178']
['164', '607']
['874', '514', '203']
['147', '804']
['390', '816', '897']
['883', '94', '909']
['454', '743', '818']
['855', '568']
['756', '789', '27']
['960', '903', '109']
['459', '868']
['829', '759']
['25', '893']
['259', '810']
['782', '238', '836']
['492', '715', '308']
['73', '927']
['118', '321']
['757', '394', '842']
['863', '488', '747']
['819', '949', '467']
['653', '697', '944']
['177', '581', '304']
['794', '913', '416']
['38', '228']
['282', '281', '712']
['204', '895', '760']
['159', '163', '901']
['225', '332', '235']
['775', '350', '444', '351']
['24', '302']
['974', '580', '124']
['347', '907', '417']
['725', '143', '797']
['293', '687', '762']
['727', '380', '346']
['516', '239', '32']
['510', '131']
['529', '678', '700', '344']
['501', '714', '415']
['405', '233']
['664', '156', '224']
['287', '711']
['541', '882', '572']
['802', '654']
['237', '641', '787']
['171', '63', '623']
['935', '78', '937']
['683', '578']
['826', '74', '331']
['271', '210']
['198', '53']
['824', '767']
['682', '435']
['299', '621']
['202', '932', '979']
['48', '954', '973']
['749', '533', '649']
['990', '457', '421', '828']
['681', '693']
['335', '864']
['28', '720']
['676', '279', '869']
['539', '558']
['72', '328']
['675', '280', '846']
['7', '644']
['61', '115']
['538', '969', '550']
['475', '374', '256']
['29', '387', '695']
['412', '847', '89']
['659', '866']
['315', '586']
['410', '207']
['248', '338']
['615', '57']
['442', '996']
['227', '254']
['474', '856']
['376', '319']
['721', '232']
['772', '867']
['179', '382', '26']
['614', '169']
['247', '423']
['98', '744']
['769', '768', '613']
['740', '992', '559']
['766', '466', '241']
['732', '849']
['255', '619', '190']
['975', '288']
['684', '82']
['322', '551']
['452', '23']
['494', '17']
['144', '636']
['612', '18', '297']
['176', '730']
['668', '776']
['495', '511']
['129', '696']
['493', '269']
['191', '476']
