['316', '394', '458', '166', '370', '194', '428', '238', '357', '137', '499', '249', '254', '3', '281', '60', '583', '203', '134', '517', '489', '141', '139', '261', '207', '490', '497', '148', '82', '512', '308', '92', '163', '441', '206', '459', '219', '506', '100', '450', '317', '525', '495', '568', '243', '432', '118', '384', '402', '328', '345', '404', '510', '260', '53', '115', '325', '114', '40', '99', '310', '208', '196', '197', '503', '468', '286']
['395', '35', '369', '558', '113', '401', '205', '45', '377', '457', '120', '259', '230', '28', '195', '13', '520', '367', '496', '147', '477', '303', '376', '248', '397', '106', '578', '95', '388', '548', '423', '25', '48', '187', '232', '37', '539', '112', '366', '435', '186', '19', '234', '351', '227', '262', '160', '273', '39', '287', '101', '500', '31', '306', '356', '258', '390', '179', '469', '571', '365', '54', '352', '375', '598', '449', '136', '124', '129', '74']
['16', '91', '381', '125', '191', '212', '415', '146', '277', '412', '492', '406', '563', '565', '540', '200', '530', '111', '502', '171', '398', '270', '9', '228', '493', '257', '330', '553', '421', '17', '587', '380', '223', '26', '168', '569', '405', '1', '245', '431', '103', '59', '472', '289', '152', '8', '233', '461', '362', '76', '442', '518', '211', '465', '399', '305', '291', '487', '386', '514', '538', '454', '46', '265', '547']
['217', '244', '98', '94', '545', '564', '462', '165', '138', '75', '447', '51', '292', '522', '288', '240', '236', '373', '130', '574', '443', '358', '335', '123', '393', '85', '64', '411', '280', '560', '410', '321', '348', '527', '63', '140', '132', '483', '391', '12', '521', '311', '528', '595', '104', '507', '173', '214', '505', '177', '439', '371', '504', '222', '96', '491', '531', '159', '157', '253', '304', '229', '446', '408', '30', '433', '385', '38']
['342', '301', '353', '198', '290', '90', '44', '440', '155', '334', '359', '190', '271', '543', '144', '597', '221', '93', '387', '242', '250', '80', '596', '298', '315', '180', '333', '36', '21', '274', '202', '309', '599', '67', '199', '32', '422', '341', '251', '580', '61', '434', '117', '278', '536', '480', '4', '268', '331', '2', '29', '438', '466', '444', '161', '561', '554', '145', '379', '20', '396', '11', '62', '529', '429', '189', '452', '77', '471', '426', '551']
['264', '460', '109', '22', '336', '127', '172', '572', '467', '84', '299', '382', '284', '559', '81', '169', '15', '65', '178', '175', '143', '526', '523', '68', '479', '589', '556', '267', '501', '417', '73', '285', '23', '485', '368', '407', '86', '218', '576', '364', '102', '57', '329', '424', '463', '83', '78', '87', '246', '326', '107', '184', '562', '263', '52', '231', '156', '41', '225', '297', '332', '392', '327', '511', '546']
['72']
['590']
['486']
['566']
['192']
['414']
['266']
['66']
['121']
['183']
['484']
['204']
['322']
['47']
['475']
['473']
['378']
['5']
['347']
['149']
['476']
['128']
['524']
['515']
['69']
['427']
['453']
['70']
['18']
['320']
['42']
['541']
['372']
['210']
['170']
['338']
['79']
['584']
['14']
['158']
['436']
['142']
['346']
['213']
['516']
['585']
['594']
['49']
['425']
['413']
['302']
['340']
['509']
['419']
['542']
['318']
['314']
['108']
['533']
['470']
['182']
['557']
['282']
['220']
['575']
['416']
['481']
['162']
['552']
['283']
['592']
['235']
['126']
['464']
['323']
['50']
['403']
['544']
['588']
['33']
['181']
['567']
['488']
['445']
['255']
['176']
['56']
['519']
['534']
['294']
['216']
['105']
['339']
['355']
['188']
['241']
['215']
['201']
['535']
['344']
['27']
['272']
['478']
['508']
['269']
['451']
['593']
['456']
['337']
['88']
['237']
['151']
['0']
['343']
['532']
['226']
['167']
['313']
['482']
['224']
['89']
['570']
['307']
['116']
['97']
['185']
['6']
['409']
['193']
['71']
['361']
['247']
['154']
['293']
['319']
['555']
['150']
['354']
['239']
['591']
['131']
['513']
['279']
['537']
['400']
['34']
['550']
['7']
['582']
['55']
['581']
['498']
['300']
['474']
['420']
['430']
['418']
['276']
['256']
['389']
['494']
['437']
['549']
['209']
['573']
['58']
['122']
['586']
['295']
['133']
['577']
['374']
['275']
['135']
['383']
['579']
['153']
['312']
['448']
['324']
['10']
['110']
['119']
['24']
['349']
['455']
['360']
['296']
['43']
['174']
['363']
['252']
['350']
['164']
