['338', '925', '634', '260', '322', '4', '431', '150', '151', '94', '794', '278', '44', '320', '80', '535', '856', '206', '110', '182', '291', '216', '922', '132', '717', '324', '725', '155', '312', '592', '79', '82', '556', '964', '851', '744', '692', '821', '205', '641']
['165', '973', '120', '348', '819', '820', '521', '733', '539', '447', '95', '508', '937', '772', '921', '589', '536', '443', '769', '32', '157', '234', '30', '779', '198', '977', '52', '826', '839', '482', '543', '971', '337', '688', '464', '661', '244', '28', '112', '6']
['739', '136', '798', '286', '299', '383', '788', '196', '258', '137', '355', '718', '716', '953', '153', '865', '770', '432', '466', '388', '69', '351', '288', '931', '860', '629', '143', '2', '195', '16', '638', '699', '708', '467', '164', '991', '48', '701', '500', '268']
['969', '125']
['499', '703', '54', '843', '188', '693', '152', '845', '882', '628', '893', '584', '903', '958', '670', '526', '172', '295', '65', '887', '571', '910', '89', '126', '979', '596', '199', '470', '767', '301', '975', '811', '25', '908', '762', '26', '266', '81', '889', '658']
['549', '813', '898', '502', '479', '226', '156', '460', '305', '24', '366', '358', '75', '413', '551', '287', '1', '576', '516', '831', '544', '204', '87', '506', '446', '533', '349', '609', '722', '171', '834', '61', '866', '215', '996', '510', '974', '939']
['632', '84', '876', '926', '370', '846', '605', '10', '414', '384', '382', '201', '723', '511', '682', '365', '332', '626', '976', '207', '128', '114', '734', '146', '747', '751', '776', '553', '190', '203', '418', '316', '620', '614', '472', '160', '580', '175', '233', '326']
['854', '732', '842', '815', '673', '905', '960', '90', '999', '841', '647', '778', '894', '858', '231', '853', '391', '174', '341', '273', '545', '7', '972', '158', '578', '963', '411', '879', '581', '217', '245', '14', '523', '757', '604', '785', '200', '827', '513']
['829', '515', '34', '965', '789', '707', '424', '140', '73', '161', '46', '379', '72', '737', '169', '246', '985', '494', '857', '289', '459', '403', '986', '329', '183', '712', '547', '597', '816', '938', '223', '837', '694', '587', '942', '62', '106', '433', '918', '423']
['117', '17', '67', '786', '38', '45', '141', '791', '235', '527', '541', '144', '531', '598', '463', '755', '454', '649', '599', '552', '540', '51', '881', '880', '91', '20', '669', '250']
['3', '317', '672', '822', '166', '989', '608', '296', '285', '281', '745', '957', '727', '994', '660', '781', '780', '357', '644', '247', '394', '387', '706', '700', '680', '715', '566', '469', '532', '982', '593', '844', '612', '22', '123', '339', '23', '849', '637', '237']
['218', '801', '272', '817', '928', '303', '663', '159', '978', '170', '878', '115', '98', '18', '916', '559', '336', '219', '917', '302', '401', '192', '0', '304', '997']
['920', '362', '209', '915', '292', '635', '53', '254', '352', '224', '890', '118', '560', '901', '228', '913', '256', '956', '568', '648', '461', '983', '875', '833', '909', '412', '359', '802', '636', '307', '899', '441', '818', '356', '621', '194', '662', '792', '478', '904']
['684', '886', '369', '15', '868', '489', '347', '546', '490', '828', '836', '148', '293', '891', '512', '241', '176', '321', '314', '823', '58', '8', '651', '652']
['130', '642', '761', '855', '945', '248', '396', '397', '709', '483', '832', '86', '873', '88', '579', '764', '327', '695', '430', '803', '491', '290', '554', '783', '665', '381', '932', '562', '869', '507', '29', '214', '765', '222', '417', '238', '331', '935', '486', '264']
['458', '741', '445', '713', '678', '795', '537', '294', '311', '71']
['41', '213', '565', '375', '784', '323', '607', '451', '962', '509', '9', '318', '93', '721', '37', '427', '679', '550', '297', '569', '389', '656', '377', '498', '135', '448', '77', '542', '133', '342', '105', '64', '364', '514', '100', '240', '309', '19', '760', '793']
['227', '406', '729', '676', '601', '959', '825', '988', '177', '602']
['453', '444', '59', '300', '691', '773', '390', '434', '617', '548', '438', '33', '360', '884', '698', '645', '60', '534', '640', '650', '409', '616', '380', '768', '600', '758', '830', '961', '167', '298', '677', '261', '109', '104', '83', '425', '847', '740', '354', '407']
['68', '63', '505', '395', '555', '696', '328', '955', '440', '465', '750', '995', '138', '102', '134', '736', '386', '583', '504', '924', '563', '934', '276']
['346', '655', '756', '683', '50', '225', '468', '835', '271', '85', '936', '664', '790', '147', '923', '517', '861', '385', '129', '180', '487', '96', '993', '275', '838', '399', '392', '124', '615', '422', '211', '606', '867', '657', '967', '455', '12', '435', '907', '968']
['538', '474', '49', '92', '690', '518', '456', '428', '306', '667']
['74', '111', '777', '594', '185', '36', '481', '267', '714', '163', '900', '943', '574', '457', '249', '493', '368', '492', '279', '191', '705', '181', '168', '659', '480', '57', '475', '753', '731', '653', '43', '946', '408', '35', '595', '265', '530', '567', '374', '796']
['525', '13', '367', '47', '809', '212']
['564', '864', '221', '927', '429', '97', '775', '759', '687', '229', '313', '66', '746', '189', '398', '253', '933', '911', '76', '724', '193', '344', '449', '5', '588', '485', '863', '101', '697', '590', '570', '179', '113', '782', '625', '720', '610', '577', '184', '728']
['416', '350', '242', '814', '476', '646', '613', '315', '522']
['735', '340', '585', '236', '806', '771', '173', '874', '704', '529', '611', '378', '888', '277', '308', '702', '361', '415', '896', '800', '108', '334', '558', '55', '107', '840', '633', '675', '738', '797', '686', '730', '477', '197', '439', '519', '897', '902', '952', '685']
['743', '393', '127', '919', '929', '255']
['572', '998', '852', '78', '145', '251', '186', '496', '984', '149', '210', '804', '586', '639', '116', '162', '859', '121', '719', '31', '618', '420', '142', '343', '230', '257', '624', '372', '824', '345', '561', '335', '325', '154', '805', '930', '27', '310', '748', '11']
['850', '426', '139', '726', '870']
['263', '520', '70', '419', '877', '980', '503', '966', '270', '883', '582', '711', '232', '807', '495', '848', '947', '363', '528', '42', '283', '774', '40', '940', '591', '376', '122', '239', '643', '872', '220', '252', '442', '990', '623', '631', '573', '654', '749', '812']
['622', '373', '405']
['970', '178', '763', '914', '353', '754', '333', '371', '462', '471', '681', '202', '808', '766', '497', '949', '787', '710', '951', '941', '689', '895', '892', '501', '906', '282', '319', '103', '742', '484', '99', '187', '473', '404', '39', '557', '410', '452', '871', '274']
['992', '243']
['862', '437', '284', '944', '421', '981', '671', '262', '259', '269', '630', '627', '402', '603', '119', '912', '400', '488', '810', '799', '950', '668', '450', '885', '524', '575', '954', '56', '436', '948', '752', '330', '987', '21', '666', '208', '619', '280', '131', '674']
