['413', '761', '926', '766', '77', '306', '930', '280', '371', '722', '72', '755', '89', '408', '607', '699', '111', '515', '374', '845', '87', '390', '292', '338', '584', '95', '752', '398', '784', '808', '340', '617', '735', '620', '931', '698', '420', '921', '702', '737', '610', '166', '750', '61', '419', '862', '925', '146', '726', '842', '278', '664', '550', '304', '148', '798', '198', '757', '135', '669', '242', '572', '815', '585', '482', '956', '693', '738', '533', '436', '880', '723', '352', '451', '10', '832', '944', '928', '604', '822', '954', '429', '681', '465', '504', '207', '484', '342', '626', '696', '833', '299', '922', '483', '115', '670', '803', '666', '39', '294', '727', '678', '255', '373', '487', '290', '633', '433', '574', '785', '178', '286', '955', '59', '805', '775', '360', '407', '71', '497', '381', '689', '368', '915', '547', '249', '759', '473', '449', '444', '174', '866', '194', '405', '800', '615', '663', '307', '157', '512', '175', '493', '348', '836', '682', '124', '263', '156', '442', '820', '683', '149', '826', '856', '58', '673', '32', '70', '233', '598', '691', '67', '210', '76', '97', '125', '638', '206', '27', '73', '324', '948', '680', '273', '211', '830', '927', '119', '423', '858', '855', '475', '602', '310', '632', '421', '573', '417', '605', '85', '751', '619', '163', '253', '753', '400', '601', '762', '520', '510', '81', '660', '720', '950', '806', '478', '301', '748', '412', '829', '110', '651', '440', '940', '106', '479', '736', '42', '692', '500', '616', '718', '377', '612', '40', '379', '308', '742', '629', '216', '187', '235', '183', '566', '409', '54', '100', '913', '359', '551', '705', '226', '695', '279', '45', '779', '592', '461', '9', '284']
['41']
['900', '583', '358', '498', '535', '275', '934', '791', '707', '56', '505', '564', '828', '821', '795', '188', '322', '389', '132', '13', '890', '807', '942', '874', '458', '508', '501', '823', '159', '445', '662', '652', '869', '26', '932', '878', '898', '351', '472', '244', '295', '943', '456', '209', '84', '675', '291', '936', '861', '714', '123', '28', '230', '35', '506', '82', '155', '518', '225', '172', '34', '168', '364', '44', '495', '740', '590', '818', '432', '565', '363', '248', '538', '19', '57', '276', '215', '534', '532', '555', '217', '588', '778', '521', '710', '733', '613', '591', '834', '679', '876', '477', '162', '192', '843', '114', '272', '837', '141', '23', '90', '690', '180', '713', '69', '649', '489', '852', '609', '201', '222', '768', '195', '395', '267', '622', '158', '387', '525', '529', '403', '719', '283', '903', '618', '439', '464', '193', '177', '721', '491', '661', '341', '709', '62', '857', '335', '133', '300', '297', '897', '674', '410', '810', '316', '376', '764', '763', '460', '599', '160', '380', '825', '333', '339', '245', '388', '804', '563', '302', '919', '317', '540', '916', '653', '3', '522', '65', '370', '647', '347', '516', '274', '354', '582', '287', '554', '108', '642', '685', '99', '251', '636', '536', '396', '349', '655', '704', '480', '116', '204', '393', '5', '118', '428', '625', '797', '136', '488', '414', '544', '657', '431', '739', '355', '703', '871', '375', '606', '394', '767', '471', '870', '434', '143', '812', '93', '239', '446', '140', '137', '171', '854', '597', '14', '848', '382', '580', '686', '541', '760', '219', '947', '281', '847', '586', '48', '365', '223', '450', '777', '528', '404', '918', '52']
['326', '260', '886', '831', '126', '773', '543', '53', '745', '754', '367', '799', '128', '792', '438', '366', '369', '581', '7', '860', '361', '724', '16', '259', '63', '863', '694', '659', '731', '78', '88', '587', '568', '98', '51', '904', '578', '264', '60', '542', '18', '402', '411', '383', '840', '772', '104', '813', '448', '254', '909', '314', '732', '884', '889', '530', '523', '80', '546', '323', '130', '687', '457', '262', '589', '426', '717', '336', '462', '744', '138', '467', '212', '603', '103', '25', '851', '481', '509', '236', '331', '0', '846', '611', '570', '949', '637', '109', '697', '154', '330', '700', '780', '485', '595', '502', '899', '319', '101', '567', '107', '711', '730', '796', '905', '332', '824', '576', '887', '144', '951']
['247', '929', '288', '758', '131', '243', '794', '401', '22', '593', '282', '672', '569', '953', '476', '55', '74', '715', '469', '474', '839', '246', '11', '337', '94', '644', '47', '734', '435', '31', '257', '492', '747', '879', '470', '305', '939', '684', '315', '892', '112', '196', '639', '266', '782', '645', '385', '328', '452', '552', '527', '895', '868', '741', '313', '841', '268', '579', '814', '771', '545', '105', '303', '350', '844', '321']
['50', '838', '164', '658', '83', '134', '906', '121', '15', '514', '229', '8', '49', '463', '459', '37', '345', '38', '191', '725', '746', '185', '650']
['865', '864', '184', '296', '64', '227', '231', '562', '513', '789', '334', '250', '634', '776', '524', '557', '165', '891']
['271', '357', '788', '801', '441', '774', '127']
['688', '654', '173', '468']
['640', '676', '882']
['911']
['600']
['33']
['391']
['499']
['453']
['894']
['1']
['908']
['701']
['437']
['526']
['494']
['946']
['205']
['218']
['312']
['559']
['203']
['208']
['285']
['924']
['896']
['422']
['867']
['145']
['885']
['907']
['91']
['181']
['197']
['318']
['756']
['728']
['621']
['327']
['151']
['224']
['17']
['386']
['872']
['228']
['190']
['179']
['729']
['167']
['877']
['486']
['646']
['770']
['901']
['277']
['816']
['811']
['102']
['289']
['933']
['643']
['677']
['325']
['553']
['46']
['220']
['270']
['923']
['43']
['12']
['558']
['635']
['945']
['902']
['344']
['353']
['418']
['129']
['577']
['252']
['397']
['24']
['539']
['293']
['170']
['66']
['443']
['30']
['883']
['96']
['873']
['117']
['706']
['92']
['202']
['809']
['596']
['624']
['150']
['29']
['517']
['671']
['627']
['269']
['240']
['346']
['161']
['819']
['309']
['769']
['2']
['455']
['36']
['490']
['213']
['343']
['614']
['466']
['147']
['938']
['399']
['781']
['329']
['113']
['454']
['561']
['372']
['628']
['571']
['4']
['668']
['888']
['910']
['427']
['511']
['200']
['68']
['743']
['749']
['189']
['952']
['835']
['86']
['75']
['392']
['793']
['232']
['20']
['311']
['503']
['199']
['186']
['630']
['430']
['787']
['356']
['608']
['875']
['548']
['298']
['594']
['378']
['549']
['623']
['849']
['153']
['914']
['406']
['893']
['320']
['920']
['817']
['507']
['786']
['859']
['667']
['214']
['790']
['258']
['656']
['21']
['265']
['152']
['560']
['447']
['182']
['416']
['120']
['496']
['937']
['802']
['237']
['917']
['362']
['139']
['234']
['221']
['176']
['941']
['256']
['716']
['425']
['665']
['641']
['531']
['122']
['6']
['827']
['935']
['238']
['424']
['169']
['519']
['384']
['881']
['537']
['765']
['708']
['648']
['241']
['631']
['853']
['912']
['850']
['556']
['575']
['415']
['261']
['712']
['142']
['79']
['783']
