['162', '738', '262', '670', '70', '169', '481', '672', '142', '260']
['106']
['559', '396', '1', '447', '191', '379', '638', '827', '202', '645']
['151']
['478', '18', '141', '785', '327', '591', '554', '751', '140', '824']
['756']
['129', '71', '730', '208', '205', '401', '63', '184', '507', '796']
['316']
['596', '541', '575', '599', '2', '626', '231', '94', '257', '303']
['724']
['91', '252', '552', '248', '695', '600', '301', '617', '249', '168']
['548']
['388', '532', '245', '182', '24', '378', '659', '509', '240', '172']
['791']
['154', '765', '121', '352', '32', '725', '376', '568', '605', '415']
['387']
['733', '354', '330', '641', '86', '414', '654', '201', '434', '258']
['368']
['433', '64', '228', '636', '177', '491', '79', '84', '243', '361']
['662']
['515', '131', '840', '825', '73', '705', '3', '614', '377', '462']
['616']
['22', '545', '364', '28', '665', '176', '608', '708', '346', '678']
['157']
['530', '821', '310', '492', '163', '224', '519', '276', '294', '564']
['14']
['534', '112', '322', '624', '296', '31', '266', '256', '723', '538']
['88']
['464', '375', '45', '561', '139', '658', '787', '189', '212', '199']
['321']
['580', '36', '816', '529', '690', '581', '537', '225', '612', '746']
['743']
['143', '9', '7', '582', '486', '841', '453', '38', '337', '298']
['450']
['634', '622', '340', '180', '627', '667', '652', '220', '238', '503']
['598']
['39', '270', '574', '82', '834', '335', '783', '572', '797', '771']
['300']
['820', '115', '451', '549', '61', '350', '67', '291', '621', '166']
['418']
['699', '750', '353', '466', '282', '76', '241', '394', '565', '505']
['805']
['535', '356', '274', '279', '393', '446', '556', '719', '283', '8']
['754']
['728', '98', '173', '500', '150', '514', '498', '702', '97', '763']
['320']
['135', '402', '747', '102', '772', '588', '30', '531', '720', '272']
['46']
['776', '570', '803', '130', '404', '590', '193', '461', '196', '631']
['55']
['813', '11', '422', '485', '778', '584', '533', '722', '207', '586']
['33']
['744', '200', '455', '470', '348', '105', '830', '811', '737', '648']
['48']
['6', '413', '675', '731', '286', '110', '273', '687', '721', '476']
['518']
['400', '118', '324', '103', '100', '757', '540', '742', '41', '594']
['646']
['247', '501', '448', '643', '794', '165', '693', '468', '263', '132']
['683']
['528', '839', '384', '814', '789', '717', '726', '126', '181', '203']
['116']
['761', '639', '758', '727', '295', '336', '741', '766', '29', '80']
['439']
['732', '430', '77', '553', '233', '275', '714', '692', '560', '311']
['806']
['753', '386', '230', '254', '712', '17', '412', '159', '271', '517']
['440']
['663', '417', '170', '222', '438', '623', '52', '767', '15', '459']
['497']
['95', '343', '104', '213', '523', '680', '188', '620', '389', '802']
['4']
['473', '429', '174', '479', '10', '685', '543', '133', '334', '752']
['499']
['611', '804', '769', '555', '424', '206', '843', '780', '642', '315']
['679']
['293', '671', '469', '674', '44', '710', '42', '606', '268', '122']
['688']
['40', '281', '81', '167', '158', '527', '331', '261', '211', '782']
['628']
['445', '398', '332', '706', '454', '579', '573', '593', '144', '777']
['585']
['127', '526', '192', '677', '237', '16', '308', '832', '372', '235']
['299']
['666', '65', '810', '432', '51', '431', '709', '711', '171', '367']
['21']
['602', '246', '223', '155', '416', '265', '610', '242', '551', '786']
['601']
['292', '186', '703', '366', '426', '707', '358', '370', '716', '482']
['661']
['287', '475', '333', '460', '504', '178', '344', '53', '309', '209']
['123']
['383', '419', '443', '58', '818', '734', '587', '524', '59', '93']
['175']
['152', '815', '630', '285', '164', '305', '502', '698', '490', '563']
['410']
['739', '409', '239', '229', '390', '774', '147', '736', '210', '817']
['89']
['689', '215', '799', '435', '357', '128', '583', '339', '194', '637']
['190']
['146', '107', '603', '62', '50', '264', '85', '12', '676', '684']
['68']
['101', '808', '218', '673', '153', '441', '718', '251', '613', '341']
['195']
['833', '664', '338', '807', '511', '284', '385', '655', '488', '374']
['798']
['96', '510', '347', '43', '87', '78', '822', '148', '221', '513']
['349']
['463', '484', '371', '397', '589', '307', '604', '304', '216', '69']
['650']
['0', '493', '60', '57', '759', '345', '302', '644', '326', '392']
['456']
['114', '465', '427', '483', '494', '653', '290', '740', '801', '156']
['836']
['83', '288', '108', '729', '800', '546', '457', '536', '696', '660']
['355']
['562', '633', '75', '618', '124', '442', '278', '391', '219', '37']
['289']
['214', '506', '835', '329', '474', '749', '437', '428', '408', '595']
['775']
['149', '198', '444', '508', '363', '197', '373', '35', '819', '399']
['788']
['571', '694', '713', '793', '66', '525', '700', '99']
['609', '113', '521', '395', '217', '547', '452', '539', '407']
['615', '715', '187', '145', '669', '681']
['421', '380', '23']
['34', '179', '362', '458', '760']
['844', '109', '234']
['842', '829', '314', '770', '25']
['318', '597', '382']
['542', '558', '325']
['72', '735']
['19', '420']
['656']
['117']
['26']
['359']
['522']
['5']
['267']
['236']
['764']
['436']
['567']
['328']
['381']
['365']
['828']
['569']
['47']
['297']
['619']
['592']
['13']
['520']
['550']
['557']
['812']
['487']
['838']
['762']
['640']
['755']
['657']
['204']
['748']
['831']
['745']
['471']
['781']
['578']
['495']
['792']
['784']
['651']
['773']
['269']
['516']
['136']
['323']
['244']
['405']
['54']
['125']
['512']
['625']
['90']
['120']
['360']
['226']
['306']
['277']
['369']
['823']
['779']
['20']
['480']
['312']
['768']
['342']
['809']
['56']
['161']
['119']
['232']
['649']
['496']
['351']
['49']
['160']
['467']
['111']
['682']
['319']
['92']
['423']
['403']
['425']
['27']
['795']
['701']
['472']
['576']
['489']
['668']
['255']
['74']
['185']
['227']
['697']
['137']
['477']
['632']
['837']
['250']
['691']
['704']
['566']
['629']
['280']
['449']
['411']
['607']
['313']
['259']
['635']
['577']
['134']
['183']
['406']
['826']
['647']
['317']
['790']
['544']
['138']
['253']
['686']
