['210', '160', '144', '293', '378', '125', '497', '429', '460', '474', '380', '69', '200', '78', '345', '336', '183', '341', '57', '376', '465', '223', '410', '260', '312', '494', '55', '179', '447', '148', '417', '80', '439', '365', '473', '354', '358', '158', '411', '333', '156', '408', '423']
['482', '347', '217', '101', '349', '457', '47', '68', '487', '495', '155', '338', '142', '307', '409', '361', '373', '450', '1', '352', '374', '442', '456', '237', '84', '231', '289', '118', '399', '476', '121', '119', '234', '23', '360']
['328', '481', '168', '348', '428', '364', '130', '407', '401', '236', '229', '274', '16', '443', '309', '438', '19', '30', '218', '60', '175', '304', '102', '91', '395', '184', '63', '153', '332', '7']
['3', '477', '221', '89', '13', '314', '367', '317', '228', '103', '362', '35', '368', '287', '136', '330', '479', '46', '191', '258', '93', '252', '422', '434', '181', '483', '189', '116', '9', '277', '226', '235', '302', '187', '33']
['21', '470', '211', '290', '143', '76', '430', '298', '369', '65', '412', '104', '71', '198', '263', '11', '66', '95', '292', '70', '370', '105', '62', '485', '301', '391']
['384', '61', '172', '195', '180', '285', '202', '313', '329', '42', '215', '216', '275', '267', '335', '52', '24', '131', '87', '170', '108', '90', '178', '56', '219', '264', '50', '113', '394', '496', '82', '129', '20', '81']
['425', '100', '397', '127', '372', '177', '213', '122', '15', '269', '164', '98', '137', '478', '392', '176', '41', '117', '241', '141', '197', '266', '486', '386', '94', '182', '159', '311', '445', '299', '446', '491', '343', '123', '388', '493', '49']
['467', '166', '464', '150', '207', '128', '185', '192', '424', '5', '308', '337', '432', '366', '259', '230', '132', '268', '297', '389', '498', '171', '29', '6']
['36', '404', '146', '420', '64', '111', '265', '387', '359', '286', '316', '152', '441', '466', '353', '135', '480', '462', '427', '306', '261', '85', '86', '444', '222', '162']
['238', '22', '484', '205', '377', '342', '96', '303', '53', '44', '233', '110', '242', '406', '250', '246', '271', '193', '257', '149']
['154', '212', '201', '295', '416', '169', '355', '32', '248', '396', '173', '381', '115', '58', '357', '196', '138', '10', '294', '199', '67', '194']
['340', '375', '469', '272', '147', '400', '106', '326', '350', '97', '27', '72', '310', '240', '455', '34', '109', '461', '203', '161']
['112', '300', '4', '322', '37', '254', '325', '321', '88', '249', '253', '499', '99', '174', '463', '209', '232', '124', '454', '435']
['225', '379', '327', '45', '490', '48', '244', '296', '405', '280', '165', '318', '79', '227', '17', '413', '382', '334', '489', '402', '14', '134']
['419', '281', '220', '331', '421', '488', '323', '363', '114', '247', '270', '278', '12', '145', '107']
['288', '83', '224', '324', '319', '39', '458', '186', '126', '437', '279', '282', '18', '0', '472', '26']
['385', '25', '163', '283', '418', '431', '471', '284', '433', '492', '453', '133', '167', '31', '139', '208', '351', '356', '243', '305', '436', '414']
['459', '468', '255', '426', '43', '315', '291', '475', '393', '54', '339', '214', '140', '40', '251', '448']
['398', '188', '390', '440', '38', '239', '206', '320', '403', '73', '120']
['77', '204', '452', '276', '51', '262', '415', '245', '451', '383', '8', '74', '59', '2', '151', '344', '371', '273', '157', '449', '256', '92', '190', '346', '28', '75']
