['242', '308', '567', '428', '65']
['286', '493', '641', '457', '791']
['118', '115', '373', '82']
['433', '458', '644', '698', '536', '459', '259']
['642', '31', '553', '197', '275']
['624', '557', '521', '103', '610']
['256', '32', '349', '157', '502']
['217', '708', '755', '175', '177']
['715', '420', '18', '130', '475']
['106', '714', '311', '636']
['662', '424', '169', '165', '761', '160']
['6', '38', '427']
['696', '213', '37', '436', '513']
['161', '443', '531']
['412', '205', '477', '446']
['34', '376', '316', '200', '196']
['795', '325', '694']
['573', '704', '351', '711', '371']
['623', '442', '245', '453']
['255', '756', '358']
['520', '488', '188', '16']
['523', '123', '267', '61', '468']
['712', '126', '516', '555']
['699', '216', '533', '381']
['111', '332', '635', '409', '447']
['28', '597', '167', '528', '347']
['248', '441', '649', '214', '40']
['654', '726', '401', '561', '683']
['233', '744', '400', '399']
['537', '285', '607', '5', '631']
['510', '571', '368', '163']
['562', '403', '734', '212']
['415', '39', '176', '525', '414']
['753', '66', '10', '357']
['247', '689', '664', '149', '522']
['729', '333', '777', '575']
['162', '48']
['496', '677', '195', '304']
['337', '612', '577', '583']
['289', '313', '685', '258']
['701', '449', '592', '498', '549']
['572', '788', '741']
['509', '159', '277', '526']
['640', '416', '448', '432']
['348', '344', '568', '15', '136']
['560', '179', '171', '235']
['178', '310', '760', '511', '343']
['582', '517', '230', '274', '485']
['600', '540', '604', '7', '191']
['20', '748', '91', '279', '234']
['724', '43', '154']
['462', '367', '738', '650']
['595', '739', '410', '406']
['620', '293', '574', '532']
['8', '346', '546', '534', '109']
['57', '494', '632', '53']
['142', '570', '58', '657', '471']
['789', '749', '474', '455', '331']
['375', '105', '25', '85', '108']
['501', '272', '336', '133']
['742', '653', '99', '785']
['519', '544', '492', '156', '183']
['152', '615', '538', '766']
['328', '278', '465', '541', '265']
['302', '21', '324', '320']
['735', '307', '151', '24']
['590', '613', '780', '437', '26']
['254', '429', '252', '391']
['45', '772', '745', '444', '727']
['707', '680', '295', '11', '651']
['507', '579', '334']
['594', '181', '723', '89', '469']
['203', '305']
['204', '350', '398', '679', '364']
['327', '667', '731', '144']
['269', '83', '119', '330', '670']
['638', '56', '665', '675', '387']
['345', '606', '186', '547']
['393', '663', '193', '319']
['783', '131', '220']
['489', '692', '384', '298', '634']
['88', '684', '54', '754']
['512', '236', '127', '486', '552']
['628', '542', '135']
['138', '764', '423', '225', '13']
['417', '397', '757']
['377', '243', '706', '121']
['374', '140', '490', '710']
['148', '431', '529', '380']
['535', '110', '603', '578', '232', '718']
['771', '784', '487', '589', '300']
['309', '72', '614', '419']
['584', '790', '55', '484']
['740', '581', '390', '263', '280', '787']
['669', '29']
['464', '297', '379', '619', '170']
['408', '104', '672', '194', '187']
['774', '767']
['709', '49', '281', '539']
['339', '355', '611']
['659', '682', '625', '27', '558']
['621', '630', '747', '693', '153']
['116', '352', '479']
['629', '430', '363', '362']
['354', '722', '586', '700']
['353', '762', '580', '210']
['93', '797', '383', '407', '773']
['705', '23', '637']
['218', '312', '556', '596']
['107', '674']
['482', '318', '702', '609']
['622', '323', '779', '14', '296']
['782', '36', '124']
['112', '291', '478', '249']
['46', '608', '52', '559']
['750', '335', '59', '60']
['50', '450', '425', '671', '359']
['338', '87', '717', '250', '75']
['122', '776', '51', '92', '395']
['499', '550', '222', '251', '283']
['68', '125', '208', '617', '182']
['284', '480', '30', '271']
['530', '506', '120', '566']
['758', '483', '736', '174', '656']
['554', '639', '360', '12', '341']
['102', '716', '470', '378', '703']
['422', '655', '796', '287']
['404', '515', '62']
['505', '207', '440', '752']
['460', '189', '737', '299']
['282', '228', '114']
['438', '3', '164', '241', '80']
['129', '84', '98', '173', '691', '90', '402']
['681', '646', '697']
['770', '276', '794']
['454', '576', '146', '185', '4']
['728', '413', '467', '751']
['411', '799', '306', '134', '264']
['451', '172', '587', '301']
['385', '386', '551', '0', '229']
['695', '548', '798', '198']
['97', '365', '725', '418']
['652', '155', '476', '22']
['9', '322', '317', '219']
['545', '389', '456']
['270', '618', '246', '466']
['405', '215']
['73', '687', '647']
['101', '192', '244', '585']
['481', '452', '166', '168']
['524', '565']
['117', '434', '564']
['472', '201', '421']
['64', '599', '206', '262']
['763', '730', '211', '78']
['184', '369', '226', '504']
['372', '732', '81']
['721', '396', '190', '382', '495']
['461', '661', '543', '292']
['678', '569']
['266', '778', '79', '42', '44']
['238', '342', '733', '137']
['86', '666', '294', '70', '686']
['743', '591', '76', '388']
['497', '668', '673', '224']
['2', '356', '392']
['240', '676', '514', '158', '719']
['643', '688', '128']
['288', '370', '792']
['648', '563', '273', '616']
['598', '74', '96', '150']
['329', '593', '132', '769']
['394', '518', '602', '326', '645']
['759', '33', '199']
['690', '63', '315', '95']
['67', '633', '239', '765']
['1', '237', '439']
['366', '601', '746', '321']
['227', '253']
['445', '147']
['41', '500', '231']
['100', '17', '19']
['720', '257', '713', '223']
['268', '658']
['180', '261', '35']
['221', '588']
['473', '69', '660']
['793', '260']
['141', '626', '527']
['290', '340', '775']
['768', '508']
['463', '139', '627']
['781', '94', '145']
['143', '209', '361']
['202', '491', '314', '426']
['71', '605']
['77', '503']
['303', '786']
['435', '47']
['113']
