['921', '707', '89', '571', '487', '889', '660', '460', '975', '436', '54', '521', '864', '871', '11', '188', '927', '99', '466', '100', '406', '158', '161', '584', '287', '592', '947', '65', '20', '589', '762', '703', '160', '912', '313', '717']
['725', '586', '355', '423', '371', '55', '730', '580', '534', '640', '985', '597', '348', '557', '38', '312', '165', '416', '438', '932', '201', '906', '472', '733', '742', '375', '377', '830', '277', '738', '88', '112', '346', '585', '509', '639']
['966', '749', '283', '199', '34', '905', '641', '195', '427', '704', '970', '815', '604', '83', '26', '709', '920', '471', '468', '923', '271', '595', '652', '77', '117', '602', '286', '974', '737', '713', '930', '73', '303', '23', '360', '454']
['407']
['967', '518', '928', '382', '92', '36', '951', '211', '536', '358', '241', '720', '300', '470', '74', '93', '462', '568', '837', '560', '900', '529', '218', '184', '119', '835', '137', '677', '850', '139', '773', '85', '662', '2', '49', '943']
['989', '802', '714', '40', '260', '787', '696', '632', '80', '756', '629', '645', '740', '328', '743', '796', '157', '719', '258', '551', '805', '836', '917', '359', '318', '946', '420', '181', '522', '716', '605', '385', '368', '712', '399', '887']
['524', '412', '435', '901', '379', '980', '31', '467', '859', '234', '763', '98', '452', '630', '726', '151', '565', '559', '51', '964', '721', '295', '804', '786', '675', '66', '282', '132', '893', '822', '615', '267', '653', '269', '922', '949']
['593']
['84', '345', '18', '126', '25', '168', '600', '95', '323', '667', '535', '528', '308', '681', '408', '954', '249', '936', '474', '107', '839', '747', '812', '610', '163', '531', '636', '94', '698', '222', '503', '159', '57', '129', '574', '90']
['383', '118', '104', '829', '87', '133', '274', '963', '965', '349', '514', '939', '478', '229', '741', '506', '648', '841', '473', '898', '555', '469', '393', '298', '47', '722', '142', '310', '183', '899', '302', '890', '983', '895', '999', '380']
['334', '405', '734', '253', '541', '146', '644', '14', '783', '449', '779', '994', '769', '806', '401', '53', '543', '116', '197', '44', '403', '288', '808', '505', '13', '818', '558', '619', '875', '292', '446', '827', '828', '279', '304', '877']
['72']
['220', '144', '262', '486', '621', '325', '497', '705', '914', '525', '672', '925', '564', '708', '897', '634', '616', '272', '803', '248', '938', '230', '977', '250', '281', '618', '221', '28', '64', '257', '475', '373', '369', '284', '727', '961']
['167', '853', '191', '903', '622', '296', '958', '331', '19', '480', '885', '894', '322', '780', '674', '224', '63', '450', '620', '124', '37', '676', '265', '814', '244', '874', '957', '493', '952', '76', '9', '445', '944', '166', '402', '599']
['341', '603', '862', '245', '972', '657', '458', '915', '824', '798', '628', '702', '343', '213', '297', '441', '320', '285', '261', '225', '550', '414', '517', '315', '679', '347', '510', '275', '888', '200', '577', '686', '659', '152', '777', '724']
['214']
['395', '546', '397', '12', '782', '617', '413', '276', '767', '784', '790', '563', '834', '706', '171', '131', '33', '825', '792', '761', '867', '155', '465', '715', '301', '140', '711', '43', '251', '476', '973', '332', '496', '86', '109', '212']
['101', '697', '813', '746', '852', '190', '807', '293', '689', '418', '280', '69', '940', '156', '429', '744', '22', '731', '374', '5', '998', '361', '419', '210', '687', '527', '591', '453']
['843', '507', '865', '236', '820', '848', '953', '911', '759', '59', '664', '35', '625', '651', '364', '728', '861', '910', '75', '42', '879', '826', '583', '351', '247', '984', '317', '668', '624', '489', '538', '757', '60', '523', '732', '847']
['353', '228', '79', '735', '3', '424', '336', '81', '255', '235', '683', '896', '254', '187', '688', '892', '4', '649', '501', '997', '596', '391', '106', '876', '273', '919', '311', '394', '962']
['931', '590', '955', '182', '614', '873', '437', '516', '993', '533', '173', '415', '670', '772', '573', '567', '692', '483', '365', '788', '926', '982', '113', '456', '78', '745', '389', '10', '240', '306', '179', '729', '537', '455', '362', '381']
['70', '701', '71', '810', '24', '290', '370', '1', '62', '390', '845', '217', '642', '203', '549', '666', '41', '547', '52', '776', '883', '669', '243']
['264', '125', '520', '185', '354', '135', '694', '45', '594', '193', '569', '760', '969', '215', '991', '800', '457', '562', '307', '671', '821', '502', '785', '15', '309', '613', '504', '58', '909', '172', '627', '239', '6', '96', '581', '515']
['858', '400', '209', '196', '344', '421', '387', '232', '82', '110', '266', '111', '431', '956', '123', '337', '979']
['986', '16', '819', '226', '643', '333', '941', '880', '459', '314', '477', '598', '801', '601', '673', '39', '606', '758', '138', '685', '678', '816', '870', '811', '339', '335', '508', '608', '102', '623', '169', '838', '935', '103', '736', '576']
['579', '108', '663', '968', '67', '384']
['770', '981', '554', '148', '149', '607', '904', '971', '417', '793', '566', '833', '198', '259', '0', '766', '170', '174', '695', '752', '186', '751', '61', '495', '856', '791', '891', '765', '428', '147', '404', '513', '690', '768', '206', '907']
['797', '869', '150', '881', '327', '439', '231', '498', '723', '654']
['326', '781', '655', '844', '484', '442', '995', '352', '575', '141', '626', '219', '650', '750', '519', '97', '105', '432', '444', '289', '937', '902', '530', '647', '430', '872', '115', '978', '582', '164', '948', '114', '440', '878', '924', '122']
['378', '177', '491', '205', '823', '409', '631']
['422', '425', '481', '145', '794', '208', '411', '433', '410', '202', '976', '227', '532', '192', '908', '611', '238', '464', '693', '682', '753', '840', '216', '699', '572', '299', '789', '499', '176', '366', '175', '392', '860', '959', '324', '426']
['646', '194', '942', '680']
['656', '319', '929', '340', '121', '120', '207', '842', '855', '263', '30', '868', '398', '204', '50', '134', '363', '8', '448', '764', '916', '434', '237', '278', '294', '7', '882', '556', '492', '162', '992', '638', '270', '831', '494', '372']
['488', '367', '356', '886']
['854', '778', '479', '153', '710', '609', '461', '386', '305', '189', '500', '180', '482', '846', '587', '799', '633', '233', '809', '832', '913', '748', '46', '443', '540', '127', '511', '933', '918', '945', '48', '552', '863', '658', '718', '291']
['21', '268']
['684', '447', '252', '242', '665', '178', '934', '388', '849', '612', '774', '29', '553', '755', '570', '960', '338', '32', '485', '512', '637', '578', '661', '321', '316', '526', '691', '143', '56', '544', '754', '561', '91', '987', '857', '68']
['884']
['771', '451', '490', '545', '542', '950', '817', '130', '17', '988', '136', '739', '223', '246', '588', '396', '27', '329', '256', '128', '866', '539', '635', '775', '154', '376', '350', '463', '795', '700', '990', '342', '851', '996', '357', '330']
['548']
