['454']
['14']
['6']
['392']
['267']
['157']
['287']
['168']
['262']
['134']
['412']
['436']
['37', '154', '33', '32', '239', '282', '89', '30', '34', '280', '156', '255', '281', '98', '459', '39', '35', '31']
['16', '155', '395', '172', '406', '397', '72', '415', '152', '303', '115', '64', '4', '455', '140', '3', '275', '307', '305', '370', '365', '133', '398', '249', '190', '372', '411', '153', '379', '396', '1', '304', '240', '274', '158', '241', '478', '228']
['186']
['456']
['325', '94', '463', '214', '380', '315', '209', '197', '212', '409', '483', '320', '317', '393', '105', '198', '404', '215', '388', '323', '137', '284', '199', '93', '254', '407', '213', '258', '220', '265', '203', '73', '216']
['381', '162', '21', '10', '74', '479', '457', '311', '145', '326', '371', '470', '76', '270', '389', '256', '146', '9', '289', '29', '324', '259', '314', '205', '401', '211', '164', '149', '472', '17', '18', '313', '147', '75', '19', '469', '28', '260']
['309', '301']
['221', '139']
['458']
['54']
['446']
['343']
['227', '45', '191', '471', '473', '204', '87', '71', '56', '47', '189']
['207']
['117', '43', '55', '488', '480', '160', '108', '442', '447', '353', '243', '244', '329', '441', '435', '394', '252', '330', '283', '219', '467', '426', '116', '136', '448', '428', '169', '331', '430', '306', '114', '449', '132', '440', '82', '42', '118', '44', '161', '106', '481', '104', '486', '217']
['210']
['196', '417', '464', '390', '86', '298', '382', '423', '465', '399', '201', '188', '180', '242', '425', '50', '85', '450', '297', '427', '424', '362', '403', '46', '421', '444', '385', '387', '364', '386', '363', '384', '165', '84', '383', '338', '88', '328', '319', '422', '360', '299', '40', '48', '141', '41']
['408', '110', '111', '420', '400', '312', '419', '119', '218', '414', '195', '377', '451', '374', '68', '271', '438', '378', '322', '130', '7', '112', '310', '182', '237', '257', '416', '410', '5']
['49']
['99']
['337']
['484', '90', '194', '80', '246', '340', '193', '192', '235', '293', '97', '482', '452', '453', '485', '248', '232', '113', '292', '231', '413', '234', '24', '187', '200', '233', '236', '95']
['171']
['20']
['461']
['300']
['27']
['202', '443', '109', '100', '437', '166', '357', '327', '178', '346', '402', '439', '102', '356', '375', '101', '83']
['475', '107', '369', '466', '368', '344', '144', '124', '361', '373', '151', '223', '318', '349', '474', '143', '367', '316', '167', '418', '261', '295', '170', '434', '433', '477', '142', '288', '78', '476', '445', '432', '26', '342', '126', '70']
['273']
['81']
['122', '185', '183', '8', '96', '277']
['181', '352', '92', '351', '36', '302', '62', '358', '60', '69', '67', '125', '462', '294', '159', '184', '253', '278', '431', '238', '339', '468', '128', '121', '129', '150', '350', '429', '460', '279', '148', '336', '245', '285', '53', '61', '123', '272', '348', '163', '321', '276', '347', '487', '366', '135']
['291', '391', '376', '333', '296', '355', '335', '489', '173', '175', '51', '174', '334', '25', '286', '77', '332', '176', '52', '2', '290', '177', '23', '38', '229']
['224', '127']
['247']
['79']
['103', '208', '12', '266', '131', '0', '11', '15', '65', '225', '138', '59', '230', '63', '58', '405', '250', '13', '308', '22', '66', '345', '206', '120', '91', '264', '179', '341', '354', '359', '263', '57', '268', '251', '226', '222', '269']
