['111', '217', '63', '114', '60', '344', '169', '269', '200', '317', '266', '205', '22', '139', '292', '153', '321', '115', '204', '215', '43', '74', '49', '163', '134', '128', '129', '47', '345', '361', '133']
['159']
['70']
['288']
['351']
['64', '302', '250', '29', '175', '161', '118', '309', '353', '338', '151', '3', '348', '127', '173', '182', '346', '202', '359', '198', '318', '334', '213']
['81']
['51']
['232', '187']
['144']
['210', '276', '241', '222', '319', '253', '251', '21', '326', '337', '105', '38', '223', '274', '20', '307', '185', '270', '143', '90', '340', '220', '164', '0', '132', '69', '85', '80', '191', '314', '176', '50', '339', '279', '342', '77', '188', '27', '311', '335', '322', '4', '261', '227', '68', '54', '333', '18']
['255', '172', '263', '78', '180', '44', '79', '329', '258', '226', '281', '65', '362']
['301', '291', '148', '201']
['196', '328', '343', '110', '9', '272', '72', '31', '271', '195', '306', '248', '184', '298', '17', '290', '97', '89', '284', '66', '170', '214', '7', '174', '10', '92', '229', '149', '30', '116', '53', '243', '150', '259', '206', '228', '230', '86', '28', '16', '332', '178', '91', '224', '35', '189']
['312', '82']
['130']
['192']
['347', '5', '120', '358', '162', '6', '249', '40', '167', '277', '183', '46', '109', '236', '218', '211', '101', '2', '112', '100', '225', '57', '357', '119', '310', '75', '93', '245', '221', '39', '268', '94']
['305']
['138', '146', '122', '147', '197', '294', '246', '336', '308', '194', '41', '13', '237', '125', '219', '240', '304', '324', '103', '171', '32', '152', '296', '177', '104', '113', '142', '285', '156', '8', '316', '360', '135', '96', '179', '289', '286', '207', '165', '160', '98', '186', '242', '247', '140', '254', '350', '76']
['83', '107', '102', '267', '61', '330', '264', '356', '260', '145', '55', '34', '262', '244', '209', '42', '14', '287', '84', '231', '313', '154']
['155', '71', '233', '280', '349', '67']
['299', '265', '56', '1', '203', '19', '62', '303', '126', '37', '323', '354', '275', '273', '297', '181', '216', '212', '87', '363', '11', '12', '25', '45', '235', '99', '131', '123', '95', '234', '352', '36', '166', '208', '136', '106', '58']
['199', '59', '141', '325', '320', '108', '157', '33', '252', '239', '48', '137', '256', '73', '282', '168', '88', '238', '15', '124', '341', '355', '117', '24', '331', '315', '158', '295', '190', '293', '121', '26', '327', '193', '283', '278', '300', '23', '52', '257']
