['385', '457', '110', '261', '153', '248', '452', '258', '115', '2', '444', '65', '228', '223', '262', '1']
['239', '465', '263', '382', '143', '68', '400', '296', '31', '227', '326', '245', '360', '394', '421', '289', '218']
['161', '270', '125', '333', '389', '242', '144', '123', '473', '294', '410', '145', '73', '154']
['329', '441', '172', '354', '0', '175', '178', '69', '190', '337', '92', '304', '146', '434', '56', '119', '79', '238', '392']
['461', '371', '114', '334', '433', '200', '185', '3', '276', '13', '5', '101', '287', '50', '202', '211', '226']
['112', '6', '26', '45', '406', '76', '224', '80', '21', '489']
['34', '459', '351', '494', '454', '216', '490', '106', '451', '182', '285', '250', '268', '75']
['303', '91', '168', '214', '233', '349', '53', '432', '321', '311', '94', '206', '374', '132', '391', '105', '108']
['129', '251', '488', '188', '198', '229', '414', '241', '331', '291', '127', '30']
['18', '9', '314', '475', '438', '121', '278', '104', '62', '361', '169', '380', '478', '447', '325', '487', '196']
['217', '283', '415', '243', '55', '401', '332', '183', '120', '293', '265', '201', '38', '180', '455', '479', '431', '445', '443', '416', '203', '428', '84', '463', '41']
['327', '25', '341', '107', '12', '472', '482', '141', '336', '306', '170', '273', '295', '64', '187', '448', '78']
['420', '319', '430', '424', '32', '90', '305', '407', '43', '292', '40', '158']
['16', '20', '485', '486', '177', '166', '47', '46', '403', '33', '395', '225', '383', '345']
['160', '7', '87', '252', '367', '231', '36', '222', '99', '230', '42', '174', '275', '322', '386', '130', '279', '491', '307', '481']
['437', '313', '274', '284', '136', '363', '44', '376', '409', '357', '28', '315', '74', '378', '453']
['192', '384', '67', '271', '404', '449', '260', '411', '57', '29', '255', '199', '328', '165', '19']
['240', '186', '423', '358', '422', '387', '213', '96', '388', '338', '471', '356', '205', '247', '66', '181', '398', '147', '466', '60']
['184', '58', '88', '499', '118', '496', '480', '48', '173', '450', '162', '308', '390']
['208', '493', '246', '249', '100', '290', '267', '370', '309', '23', '24', '375', '167', '381', '301', '149', '377', '497']
['469', '11', '151', '204', '138', '220', '210', '37', '440', '102', '323', '427']
['163', '355', '244', '405', '272', '54', '207', '134', '269', '17', '86', '364', '237', '93', '366']
['49', '474', '418', '209', '156', '464', '446', '298', '408', '117', '232', '164', '254', '176', '330']
['492', '124', '413', '8', '59', '140', '483', '235', '135', '342', '467', '193', '133', '344', '412', '484', '417', '498']
['462', '300', '71', '425', '52', '399', '281', '150', '317', '372', '27', '373', '95', '257', '350', '234', '259', '89', '353']
['197', '83', '111', '470', '98', '362', '51', '343', '253', '81', '347', '277']
['419', '191', '299', '131', '77', '460', '126', '82', '103', '286', '61', '348', '439', '368', '171', '318', '35', '148', '310', '359']
['152', '159', '212', '346', '436', '369', '379', '458', '189', '442', '495', '288', '4', '426', '10', '155']
['429', '116', '365', '113', '324', '221', '70', '316', '195', '396', '456', '320', '312', '22']
['302', '236', '397', '139', '266', '142', '215', '282', '339', '39', '15', '476', '179', '280', '468', '128', '85', '194', '256']
['335', '264', '97', '402', '352', '393', '122', '219', '297', '157', '137', '63', '477', '72', '340', '109', '14', '435']
