['agq', 'adj', 'aaa', 'aab', 'aac', 'aae', 'aaf', 'aag', 'aai', 'aaj', 'aak', 'aal', 'aap', 'aas', 'aav', 'aaw', 'aay', 'abb', 'abc', 'abf', 'abh', 'abo', 'abp', 'abq', 'abt', 'abu', 'abw', 'abx', 'abz', 'aca', 'acb', 'acd', 'ace', 'acg', 'ach', 'aci', 'ack', 'acm']
['amb', 'aml']
['aax', 'agm', 'aah', 'aar', 'aat', 'aba', 'abd', 'abe', 'abv', 'acc', 'acl', 'acp', 'acs', 'act', 'acv', 'acw', 'acx', 'acy', 'acz', 'ada', 'adc', 'add', 'ade', 'adl', 'adm', 'adn', 'adq', 'adr', 'ads', 'adt', 'adx', 'ady', 'adz', 'aed', 'aef', 'aei', 'aek', 'aen']
['aom', 'akh']
['akq', 'asv', 'aam', 'aan', 'abm', 'abr', 'aby', 'acn', 'acu', 'adf', 'adg', 'adh', 'adi', 'adu', 'adv', 'adw', 'aea', 'aeb', 'aeh', 'aep', 'aeq', 'aer', 'aes', 'aet', 'aew', 'aey', 'afa', 'afe', 'aff', 'afg', 'afh', 'afl', 'afm', 'afn', 'afp', 'afq', 'afr', 'afs']
['abl']
['anz', 'ajt', 'aad', 'aaq', 'abg', 'abi', 'abj', 'abn', 'acj', 'acq', 'acr', 'adb', 'adp', 'aee', 'aeg', 'aej', 'ael', 'aeo', 'aeu', 'aev', 'aez', 'afc', 'afi', 'afj', 'afk', 'aft', 'afu', 'afv', 'afw', 'afy', 'afz', 'aga', 'agb', 'agc', 'agd', 'age', 'agf', 'agg']
['asf']
['amp', 'ajr', 'agh', 'agi', 'agj', 'agk', 'agl', 'agn', 'agr', 'ags', 'agt', 'agv', 'agx', 'agy', 'agz', 'aha', 'ahd', 'ahg', 'ahi', 'ahj', 'ahk', 'ahl', 'ahm', 'ahn', 'ahp', 'ahs', 'ahx', 'ahz', 'aic', 'aid', 'aie', 'aif', 'aig', 'aih', 'aij', 'aik', 'ail', 'aio']
['ahv']
['aib', 'aiw', 'aec', 'agu', 'agw', 'ahb', 'ahc', 'ahq', 'ahr', 'aht', 'ahw', 'ahy', 'aip', 'ais', 'aiu', 'aiv', 'aiy', 'ajd', 'aji', 'ajk', 'ajl', 'ajq', 'ajs', 'ajv', 'akb', 'akc', 'ake', 'akf', 'akj', 'akm', 'akn', 'ako', 'aks', 'akv', 'akx', 'aky', 'alb', 'alc']
['aii']
['ast', 'aox', 'ago', 'agp', 'ahe', 'ait', 'aix', 'aiz', 'ajb', 'ajc', 'ajf', 'ajg', 'ajj', 'ajm', 'ajn', 'ajo', 'ajp', 'ajw', 'ajx', 'ajy', 'ajz', 'akd', 'akg', 'aki', 'akk', 'akl', 'akp', 'akr', 'aku', 'akw', 'akz', 'ala', 'ald', 'ale', 'alf', 'alg', 'alh']
['arx']
['acf', 'ari', 'ajh', 'aka', 'akt', 'ali', 'alj', 'alk', 'all', 'alm', 'aln', 'alo', 'alp', 'alq', 'alr', 'als', 'alt', 'alu', 'alv', 'alx', 'aly', 'alz', 'ama', 'amc', 'ame', 'amf', 'amg', 'amh', 'ami', 'amj', 'amk', 'amm', 'amn', 'amo', 'amq', 'amr', 'ams']
['afb']
['amd', 'asi', 'amt', 'amu', 'amv', 'amw', 'amy', 'amz', 'anb', 'anc', 'ane', 'anf', 'ang', 'anh', 'ani', 'anj', 'ank', 'anl', 'anm', 'ann', 'ano', 'anp', 'aju', 'anr', 'ans', 'ant', 'anv', 'anw', 'anx', 'any', 'aoa', 'aob', 'aod', 'aoe', 'aof', 'aoh', 'aoi', 'aoj']
['aja']
['aqp', 'asz', 'ana', 'aoc', 'aog', 'aol', 'aon', 'aoo', 'aop', 'aoq', 'aos', 'aot', 'aou', 'aoz', 'apc', 'apd', 'ape', 'apf', 'apg', 'apk', 'apm', 'app', 'apr', 'aps', 'apu', 'apx', 'apy', 'apz', 'aqa', 'aqb', 'aqc', 'aqe', 'aqg', 'aqh', 'aqm', 'aqn', 'aqo', 'aqq']
['adk']
['afd', 'asr', 'and', 'aok', 'aov', 'aoy', 'apa', 'apb', 'api', 'apj', 'apl', 'apo', 'aqd', 'aqi', 'aqj', 'aqr', 'aqs', 'aqt', 'aqu', 'aqv', 'aqw', 'aqx', 'aqz', 'ard', 'are', 'arg', 'arh', 'arj', 'ark', 'arl', 'arm', 'arn', 'aro', 'arp', 'arq', 'arr', 'ars', 'art']
['ahf']
['anu', 'ata', 'amx', 'aor', 'aph', 'apn', 'apq', 'apt', 'apv', 'apw', 'aqf', 'aqk', 'aql', 'aqy', 'arb', 'aru', 'arv', 'arw', 'ary', 'arz', 'asa', 'asb', 'asc', 'asd', 'ase', 'asg', 'ash', 'asj', 'ask', 'asl', 'asm', 'asn', 'aso', 'asp', 'asq', 'ass', 'asu', 'asw']
['aim']
['aau', 'asx', 'asy', 'ate', 'atf']
['arf', 'atd', 'atb']
['aje']
['ahh']
['aiq']
['aao']
['ara']
['ado']
['abs']
['ahu']
['afx']
['aco']
['aia']
['atc']
['aho']
['aex']
['aaz']
['aow']
['aem']
['afo']
['alw']
['anq']
['abk']
['arc']
['ain']
['air']
