['362', '39', '30', '193', '183', '142', '344', '274', '152', '285', '161', '169', '50', '182']
['374', '250', '2', '29', '37', '45', '76', '136', '175', '394', '267', '386', '278', '318']
['150', '189', '68', '72', '83', '390', '224', '251', '254']
['105', '98', '8', '99', '356', '335', '307', '381']
['53', '80', '28', '42', '73', '74', '353', '392', '178']
['95', '51', '1', '132', '299', '181', '87', '215', '159']
['35', '327', '17', '54', '86', '122', '166', '195', '240', '259', '322', '393']
['24', '134', '13', '38', '66', '312', '350', '365', '258', '376']
['352', '395', '40', '179', '223', '383']
['262', '217', '27', '124', '261', '230', '378']
['48', '227', '78', '96', '155', '303']
['33', '173', '36', '110', '245', '324']
['337', '208', '44', '49', '241']
['247', '133', '57', '253', '211', '218', '154']
['61', '377', '6', '103', '118', '366']
['135', '172', '79', '272', '238']
['16', '357', '89', '130', '219', '225']
['138', '59', '11', '65', '302', '310', '62']
['111', '349', '252', '255']
['340', '67', '9', '56', '64', '387', '198', '321']
['289', '323', '131', '297']
['263', '77', '12', '70']
['288', '339']
['326', '226', '82', '236']
['114', '372', '127', '313', '316']
['242', '90', '301', '94']
['296', '69', '43', '128', '168']
['354', '298', '210']
['369', '190', '107']
['102', '328', '388']
['205', '167', '7', '23', '85', '157', '269']
['336', '239', '397']
['370', '185', '18', '293']
['47', '21', '184']
['275', '194', '115', '355']
['141', '280', '391', '304']
['389', '277', '117']
['186', '129', '119']
['101', '125', '396']
['113', '220']
['176', '363']
['364', '308']
['137', '232', '265']
['144', '5']
['201', '187']
['20', '19']
['264', '209']
['75', '306']
['276']
['341']
['3']
['300']
['379']
['260']
['151']
['273']
['315']
['109']
['257']
['332']
['123']
['346']
['146']
['292']
['319']
['214']
['71']
['291']
['0']
['235']
['149']
['88']
['143']
['348']
['228']
['58']
['31']
['163']
['112']
['165']
['284']
['266']
['305']
['126']
['200']
['63']
['246']
['14']
['330']
['244']
['41']
['153']
['373']
['343']
['120']
['177']
['221']
['320']
['92']
['358']
['145']
['311']
['385']
['84']
['229']
['162']
['384']
['22']
['174']
['197']
['139']
['116']
['317']
['196']
['170']
['213']
['270']
['46']
['231']
['4']
['202']
['192']
['256']
['91']
['237']
['100']
['81']
['294']
['93']
['160']
['329']
['361']
['191']
['398']
['32']
['243']
['295']
['347']
['286']
['207']
['147']
['108']
['199']
['248']
['222']
['283']
['334']
['140']
['290']
['216']
['188']
['345']
['287']
['271']
['359']
['171']
['106']
['148']
['360']
['203']
['399']
['268']
['331']
['368']
['325']
['234']
['206']
['156']
['281']
['97']
['282']
['26']
['371']
['333']
['34']
['60']
['375']
['55']
['121']
['309']
['158']
['15']
['52']
['279']
['338']
['233']
['25']
['249']
['351']
['380']
['10']
['204']
['212']
['164']
['367']
['382']
['314']
['180']
['342']
['104']
