['117', '54', '58', '228', '121', '138', '76', '205', '90', '13', '40', '16', '184', '164', '219', '108', '170', '18', '127', '43', '26', '247', '176', '139', '182', '48', '41', '81', '207', '172', '190', '118', '141', '227']
['159']
['29', '186', '245', '63', '52', '212', '160', '82', '44', '17', '85', '147', '196', '27', '155', '50', '55', '28', '209', '35', '224', '217', '149', '130', '5', '231', '92', '248', '59', '122', '216', '119', '114', '32']
['70']
['51', '200', '10', '120', '194', '233', '77', '38', '46', '204', '157', '148', '83', '71', '69', '64', '220', '167', '185', '125', '97', '210', '98', '168', '145', '8', '192', '101', '237', '191', '202', '143', '47', '66']
['244']
['188', '11', '206', '238', '169', '158', '106', '7', '6', '162', '201']
['146', '78', '49', '181', '243', '75', '165', '142', '107', '131']
['195', '39', '3']
['109', '198', '134']
['124', '223']
['12', '235']
['62']
['36']
['33']
['115']
['179']
['215']
['56']
['22']
['84']
['25']
['193']
['128']
['104']
['31']
['135']
['4']
['93']
['74']
['232']
['14']
['65']
['174']
['211']
['79']
['95']
['45']
['208']
['246']
['241']
['242']
['67']
['199']
['80']
['171']
['144']
['234']
['240']
['113']
['140']
['230']
['151']
['111']
['42']
['0']
['116']
['226']
['72']
['15']
['133']
['24']
['61']
['21']
['213']
['91']
['89']
['112']
['103']
['9']
['189']
['136']
['225']
['100']
['37']
['86']
['68']
['132']
['137']
['102']
['123']
['150']
['197']
['154']
['175']
['34']
['53']
['99']
['221']
['60']
['20']
['88']
['214']
['30']
['87']
['166']
['249']
['156']
['180']
['57']
['173']
['153']
['152']
['178']
['96']
['2']
['19']
['94']
['129']
['203']
['229']
['177']
['183']
['187']
['23']
['105']
['236']
['218']
['222']
['239']
['110']
['163']
['161']
['126']
['73']
['1']
