['17lol', '210lol', '344lol', '413lol', '340lol', '38lol', '446lol', '373lol', '234lol', '290lol', '302lol', '416lol', '160lol', '143lol', '72lol', '216lol', '270lol', '124lol', '105lol', '350lol', '455lol', '453lol', '190lol', '262lol', '209lol', '40lol', '165lol', '215lol', '225lol', '300lol', '12lol', '496lol', '331lol', '140lol', '364lol', '239lol', '118lol', '232lol', '21lol', '168lol', '148lol', '482lol', '393lol', '286lol', '203lol', '13lol', '334lol', '162lol', '272lol', '399lol', '297lol', '200lol', '89lol', '81lol', '390lol', '9lol', '108lol', '464lol', '144lol', '222lol', '353lol', '57lol', '428lol', '278lol', '133lol', '346lol', '41lol', '259lol', '357lol', '419lol', '459lol', '271lol', '14lol', '347lol', '204lol', '95lol', '257lol', '50lol', '185lol', '294lol', '449lol', '241lol', '431lol', '208lol', '454lol', '434lol', '191lol', '150lol', '70lol', '24lol', '451lol', '468lol', '175lol', '2lol', '37lol', '383lol', '139lol', '159lol', '136lol', '309lol', '260lol', '60lol', '321lol', '447lol', '138lol', '193lol', '196lol', '404lol', '212lol', '58lol', '242lol', '335lol', '458lol', '388lol', '20lol', '121lol', '79lol', '328lol', '470lol', '179lol', '32lol', '343lol', '167lol', '396lol', '145lol', '358lol', '326lol', '414lol', '68lol', '433lol', '80lol', '304lol', '161lol', '473lol', '261lol', '443lol', '169lol', '54lol', '62lol', '425lol', '78lol', '441lol', '120lol', '238lol', '303lol', '131lol', '125lol', '306lol', '74lol', '423lol', '377lol', '16lol', '418lol', '92lol', '151lol', '483lol', '293lol']
['264lol', '152lol', '492lol', '319lol', '341lol', '287lol', '30lol', '442lol', '338lol', '266lol', '489lol', '422lol', '198lol', '438lol', '274lol', '465lol', '474lol', '240lol', '342lol', '369lol', '26lol', '273lol', '292lol', '439lol', '268lol', '412lol', '370lol', '277lol', '409lol', '279lol', '184lol', '25lol', '149lol', '218lol', '43lol', '429lol', '146lol', '445lol', '452lol', '456lol', '444lol', '197lol', '450lol', '229lol', '336lol', '19lol', '47lol', '314lol', '494lol', '361lol', '76lol', '102lol', '332lol', '486lol', '379lol', '317lol', '147lol', '88lol', '51lol', '288lol', '123lol', '282lol', '176lol', '448lol', '427lol', '233lol', '337lol', '98lol', '130lol', '307lol', '308lol', '107lol', '237lol', '53lol', '213lol', '22lol', '243lol', '178lol', '430lol', '408lol', '395lol', '356lol', '378lol', '223lol', '192lol', '480lol', '386lol', '313lol', '410lol', '82lol', '96lol', '31lol', '246lol', '163lol', '166lol', '122lol']
['33lol', '436lol', '69lol', '6lol', '349lol', '387lol', '251lol', '231lol', '402lol', '248lol', '137lol', '221lol', '207lol', '18lol', '476lol', '380lol', '424lol', '164lol', '97lol', '194lol', '276lol', '46lol', '10lol', '265lol', '11lol', '75lol', '407lol', '252lol', '299lol', '115lol', '415lol', '91lol', '435lol', '129lol', '362lol', '391lol', '406lol', '15lol', '245lol', '485lol', '86lol', '180lol', '371lol', '114lol', '156lol', '392lol']
['250lol', '177lol', '49lol', '42lol', '112lol', '201lol', '5lol', '329lol', '39lol', '154lol', '249lol', '398lol', '189lol', '59lol', '106lol', '365lol', '157lol', '134lol', '315lol', '44lol', '217lol', '382lol', '236lol', '484lol', '351lol', '0lol', '104lol']
['45lol', '324lol', '275lol', '372lol', '397lol', '211lol', '247lol', '56lol', '127lol', '403lol', '330lol', '478lol', '366lol', '325lol', '471lol', '27lol', '411lol', '113lol', '318lol']
['52lol', '298lol', '283lol', '7lol', '94lol', '263lol']
['188lol', '230lol', '174lol', '384lol', '228lol']
['64lol']
['227lol', '90lol', '320lol', '469lol']
['348lol']
['205lol']
['285lol']
['83lol']
['153lol']
['432lol']
['312lol']
['182lol']
['85lol']
['253lol', '376lol']
['375lol']
['296lol', '224lol']
['23lol']
['111lol']
['206lol']
['3lol']
['322lol']
['374lol']
['333lol', '4lol']
['101lol', '267lol', '339lol', '421lol']
['495lol', '426lol', '295lol']
['463lol']
['301lol']
['219lol']
['66lol']
['488lol']
['34lol']
['63lol']
['461lol']
['490lol', '355lol']
['61lol']
['269lol', '479lol', '65lol', '467lol']
['289lol']
['360lol']
['116lol']
['381lol']
['323lol']
['460lol']
['491lol']
['103lol']
['202lol', '8lol']
['119lol']
['187lol', '132lol', '367lol']
['110lol', '55lol']
['327lol']
['498lol']
['186lol', '73lol', '235lol']
['84lol']
['195lol']
['214lol', '126lol']
['493lol']
['244lol']
['87lol', '181lol', '48lol']
['440lol']
['171lol']
['389lol']
['141lol']
['354lol']
['281lol', '284lol']
['311lol']
['385lol']
['77lol']
['220lol']
['497lol', '475lol', '67lol']
['472lol']
['291lol', '158lol']
['29lol']
['36lol', '457lol']
['155lol']
['352lol']
['400lol']
['420lol']
['117lol']
['462lol', '280lol']
['226lol', '359lol']
['135lol', '99lol', '199lol']
['172lol']
['345lol']
['170lol', '477lol', '258lol']
['1lol', '401lol']
['254lol']
['255lol', '437lol']
['305lol']
['487lol']
['93lol']
['100lol', '28lol', '481lol']
['363lol', '35lol', '173lol']
['394lol']
['417lol']
['368lol']
['466lol', '142lol', '499lol']
['183lol']
['71lol', '128lol']
['109lol']
['256lol', '405lol']
['310lol']
['316lol']
