['216', '0', '127', '5', '6', '11', '13', '20', '25', '26', '28']
['334', '221', '242', '245', '247', '280', '284', '286', '289', '290', '301']
['134', '1', '2', '8', '15', '16', '19', '487', '27', '34', '35']
['449', '359', '386', '397', '405', '409', '416', '437', '443', '455', '453']
['273', '9', '12', '14', '18', '23', '29', '37', '40', '41', '45']
['384', '252', '260', '265', '268', '270', '271', '276', '279', '285', '288']
['199', '17', '22', '30', '42', '46', '48', '49', '50', '52', '53']
['446', '154']
['293', '7', '21', '36', '38', '358', '58', '59', '451', '63', '68']
['477', '234', '244', '253', '272', '277', '294', '295', '297', '300', '303']
['112', '4', '10', '55', '61', '419', '65', '66', '69', '70', '72']
['430', '400', '403', '315', '406', '408', '412', '424', '478', '476', '445']
['104', '43', '44', '51', '57', '71', '75', '76', '77', '79', '80']
['342', '263', '266', '281', '287', '298', '305', '306', '307', '206', '320']
['484', '31', '47', '54', '73', '85', '94', '99', '100', '101', '105']
['463']
['413', '32', '56', '67', '81', '82', '83', '86', '89', '92', '98']
['462', '264', '296', '304', '311', '313', '316', '317', '318', '323', '324']
['308', '64', '87', '97', '102', '103', '106', '107', '116', '122', '125']
['466', '414', '417', '434', '441', '447', '448', '452', '454', '458', '480']
['225', '84', '88', '90', '91', '109', '110', '111', '113', '114', '119']
['360', '310', '319', '321', '325', '327', '329', '332', '333', '339', '344']
['309', '93', '95', '96', '117', '120', '3', '128', '129', '132']
['483']
['241', '33', '123', '135', '136', '141', '142', '144', '146', '152', '161']
['362', '257', '262', '291', '299', '326', '331', '336', '338', '249', '346']
['442', '74', '108', '121', '124', '126', '137', '138', '238', '147', '148']
['435', '395', '398', '402', '444', '469', '470', '475', '471', '436', '485']
['375', '78', '130', '149', '155', '157', '163', '164', '165', '169', '175']
['374', '322', '335', '343', '350', '352', '353', '357', '361', '367', '369']
['189', '118', '145', '150', '159', '190', '162', '166', '168', '172', '173']
['355']
['115', '133', '143', '156', '170', '174', '177', '254', '180', '181']
['450', '282', '302', '330', '345', '348', '349', '368', '370', '371', '373']
['251', '151', '158', '171', '183', '186', '187', '160', '191', '194', '200']
['420', '387', '459', '464', '456', '60', '24', '482', '465', '474', '421']
['427', '153', '178', '192', '197', '198', '202', '203', '207', '208', '210']
['425', '292', '328', '347', '354', '356', '364', '379', '382', '390']
['204', '140', '185', '188', '193', '196', '201', '404', '486', '473']
['457', '410', '438', '439', '467', '481', '488', '472', '468']
['340', '167', '195', '312', '211', '218', '223', '227', '229', '230', '231']
['426', '314', '337', '351', '366', '376', '378', '380', '381', '385', '388']
['411', '182', '184', '205', '213', '214', '217', '219', '220', '222', '226']
['461', '131']
['267', '176', '209', '215', '224', '228', '235', '139', '240', '243', '248']
['460', '365', '377', '383', '389', '391', '392', '394', '396', '399', '401']
['479', '212', '232', '233', '236', '239', '250', '179', '255', '258', '269']
['407', '440', '418', '428']
['372', '237', '246', '341', '256', '259', '261', '274', '275', '278', '283']
['433', '39', '363', '393', '415', '62', '422', '423', '429', '431', '432']
