['410', '288', '233', '224', '403', '179', '385']
['335', '345', '469', '48', '281', '52', '132', '223']
['387', '122', '498', '301', '408', '41', '348']
['139', '307', '244', '212', '255', '322', '221', '397']
['466', '378', '263', '234', '175', '109', '478']
['144', '47', '334', '295', '74', '405', '303']
['254', '300', '284', '134', '414', '393', '8', '399']
['150', '187', '352', '121', '292', '148', '72']
['103', '298', '402', '249', '325', '372', '44', '384', '232', '213', '114']
['336', '81', '333', '206', '231', '186', '3']
['362', '373', '172', '171', '39', '45', '176']
['363', '437', '473', '145']
['464', '21', '42', '369', '383', '140', '19', '432', '220', '209']
['480', '131', '436', '107', '463']
['391', '273', '26', '440', '143', '99', '106', '287', '37', '18']
['293', '174', '454', '70', '116']
['194', '65', '404', '282', '159', '49', '294', '359', '339']
['304', '6', '216', '203', '102', '247']
['434', '163', '328', '492', '453', '229', '346', '190', '485', '374', '441']
['350', '299', '446', '285', '227', '237', '455']
['494', '58', '358', '458']
['286', '57', '442', '392', '56']
['256', '370', '415', '33', '275']
['84', '486', '250', '353', '202']
['217', '424', '497', '341', '153', '400']
['243', '262', '32', '69', '225', '127']
['184', '490', '412', '500', '495', '388']
['361', '459', '239', '488', '9']
['51', '375', '160', '289', '25', '406']
['472', '245', '449', '20', '467']
['130', '479', '119', '214', '366', '137', '105']
['258', '7', '142', '313', '161', '259', '196']
['201', '242', '297', '355', '68']
['236', '371', '456', '364', '50']
['40', '88', '230', '120', '429']
['279', '416', '71', '157', '257', '354']
['53', '327', '291', '125', '471', '380', '269']
['252', '2', '10', '312', '349', '422']
['420', '75', '165', '423', '16']
['264', '100', '173', '205', '78', '347']
['491', '141', '60', '309', '389', '136', '332']
['24', '360', '168', '222', '27', '152']
['487', '411', '271', '439', '465', '329', '330', '31', '443']
['113', '413', '79', '112', '280']
['323', '338', '189', '445', '123', '181', '210']
['155', '470', '86', '98', '308']
['314', '36', '396', '395']
['482', '166', '207', '11']
['272', '38', '92']
['476', '28', '61']
['277', '170', '382', '241', '448', '182']
['365', '4', '85', '13', '180', '195']
['489', '5', '438', '447', '17', '253']
['169', '64', '499', '444', '117', '477']
['29', '118', '461']
['320', '344']
['192', '59', '265', '154', '162', '77']
['357', '475', '426', '91']
['126', '138', '274', '267']
['431', '296', '83', '177', '261']
['356', '260']
['156', '342']
['421', '90', '22', '407', '379']
['1', '324', '418', '290', '316']
['101', '197', '315', '167', '394']
['468', '104', '428']
['188', '178', '235']
['95', '218', '319']
['417', '15', '368', '96', '129']
['278', '376', '80', '12', '493']
['425', '124', '435', '23']
['128', '110', '62', '34', '199']
['115', '55', '164', '386']
['46', '251', '89', '185', '238']
['246', '377', '409', '452']
['367', '310', '191', '97', '302', '351']
['318', '93']
['158', '283', '198', '211', '183']
['450', '484', '276', '326']
['149', '54', '337', '35']
['433', '94', '146']
['381', '226', '451', '135', '401']
['340', '108']
['321', '390']
['240', '398', '270']
['305', '14']
['215', '219', '248', '481']
['43']
['208', '427', '317']
['343']
['496', '462', '228', '30', '133', '147']
['419', '457']
['66']
['82', '306', '460']
['193', '331']
['266', '483', '63']
['430', '111']
['204', '87', '76', '311', '200']
['474', '151']
['67', '268', '73']
