['ay', 'fc', 'aq', 'io', 'cj', 'bo', 'jm', 'hm', 'am', 'gi']
['o', 'dt', 'cv', 'e', 'p', 'as', 'fj', 'is', 'em', 'hp']
['ea', 'if', 'gu', 'dx', 'bx', 'dv', 'gz', 'bf', 'gb', 'ji']
['jj', 'hv', 'eu', 'ib', 'dg', 'bu', 'gn', 'jn', 'bj', 'jr']
['df', 'el', 's', 'cs', 'k', 'hr', 'kb', 'q', 'dj', 'kj']
['aj', 'hh', 'ck', 'jf', 'ia', 'b', 'g', 'km', 'gf', 'db']
['im', 'ek', 'hy', 'gw', 'bt', 'hw', 'gc', 'dw', 'cq', 'jp']
['js', 'ej', 'dr', 'gq', 'f', 'gm', 'ir', 'cd', 'fk', 'af']
['jx', 'v', 'iv', 'be', 'ig', 'hg', 'je', 'eo', 'jw', 'ii']
['gh', 'hb', 'gj', 'c', 'x', 'ie', 'by', 'kl', 'eb', 'dh']
['t', 'av', 'jd', 'cn', 'z', 'ew', 'm', 'ce', 'u', 'ap']
['hu', 'ic', 'kd', 'ik', 'gt', 'jh', 'jo', 'cm', 'gl', 'ez']
['ah', 'ed', 'cy', 'bb', 'ka', 'kc', 'cp', 'hz', 'hj', 'kn']
['kf', 'ij', 'ja', 'dm', 'cx', 'gv', 'd', 'ki', 'l', 'fe']
['bq', 'fb', 'hd', 'bk', 'cz', 'ds', 'jl', 'bv', 'ad', 'fm']
['jc', 'y', 'da', 'j', 'r', 'hf', 'ci', 'iz', 'ip', 'ep']
['ae', 'dk', 'ef', 'fi', 'n', 'hn', 'dc', 'hi', 'eh', 'cw']
['dy', 'fn', 'gy', 'ec', 'gg', 'bl', 'iy', 'ct', 'co', 'du']
['az', 'hc', 'er', 'dl', 'bp', 'cf', 'bh', 'br', 'jv', 'zz']
['fw', 'iq', 'in', 'ax', 'jb', 'hl', 'iu', 'ju', 'dd', 'bz']
['cl', 'ga', 'jt', 'fl', 'il', 'ca', 'an', 'ai', 'hx', 'go']
['fg', 'bm', 'ht', 'gr', 'iw', 'es', 'jq', 'ev', 'gd', 'fs']
['ba', 'ho', 'ag', 'dn', 'cc', 'dp', 'fo', 'ei', 'gs', 'w']
['jg', 'fa', 'gx', 'i', 'it', 'en', 'ge', 'eq', 'jz', 'hq']
['ar', 'fh', 'aa', 'kk', 'bg', 'dq', 'fz', 'ey', 'ix', 'hs']
['fu', 'di', 'ac', 'et', 'hk', 'cg', 'ak', 'bs', 'fr', 'ih']
['ab', 'fq', 'kh', 'ee', 'fd', 'he', 'bi', 'h', 'ha', 'ch']
['au', 'fv', 'do', 'fx', 'bn', 'bc', 'ft', 'cu', 'bw', 'at']
['gp', 'fp', 'al', 'aw', 'kg', 'de', 'dz', 'jy', 'fy', 'jk']
['bd', 'a', 'eg', 'ke', 'cb', 'ff', 'ao', 'ex', 'cr', 'gk']
