['USE', 'IU6', 'u9Q', 'YMC', 'tpP', 'slQ', '6ro', 'JVP', '4gy', 'VCH', 'X5J', 'JLF']
['Jla', 'ISX', 'mRG', 'Twl', '6pB', 'ziA', 'ptf', 'xLA', 'hHB', 'rYU', 'qLD', 'tFU']
['jEj', 'zTH', 'SMj', 'PlJ', 'v6U', 'VZ7', 'LTB', 'PoH', 'mLF', 'dNX', 'Qti', 'lsG']
['txp', 'rmu', '6na', 'YFC', '4p5', 'EJa', 'qmj', 'U0Z', 'zEh', '27J', 'gfv', 's3z']
['U4K', 'X9s', 'u1N', 'D5B', 'psG', '4LY', 'wwD', 'PiG', 'upV', 'g08', 'hQH', '19T']
['3QX', 'KGR', 'cDc', 'X5a', 'VoJ', 'stN', 'UDc', 'WXJ', '1QY', '2mv', 'ULj', 'uZt']
['5zB', 'gVV', 'hct', 'I2S', 'rz4', 'PqY', 'Ihb', 'vca', 'CwC', 'nc0', 'AKr', '6Hl']
['mLL', 'WLk', 'h6l', 'oak', 'NGB', 'qkE', 'Xim', 's6M', 'tEu', 'dlb', '8uu', '9NA']
['YEe']
['a4K', 'yLV', 'ewc', 'PPi', '17Q', 'HvR', 'W4L', '28R', '4nb', 'qDy', 'wGp', 'HWv']
['J8r', 'klv', 'uH4', 'e8H', '4KN', 'YUZ', 'Wmv', 'btz', 'UPL', 'xpw', 'ZNv', 'I2i']
['Hxo', '5i6', '8j5', 'n99', 'b7z', 'i4H', 'c3v', 'E2A', 'NqO', 'EJD', 'gWT', 'XlR']
['a55', 'xqY', 'zfK', 'blA', 'Tn8', 'FzE', 'xx7', '69w', 'e8d', 'cFa', 'gkI', 'MrD']
['Bfu', 'Hyj', 'mcI', 'uQL', 'IZQ', 'mIe', 'qPq', 'JYa', 'EoI', 'oSw', 'bA6', '0Qs']
['BV4', 'lKO', 'oPH', 'nf5', 'm5j', '4fp', 'N08', 'rC8', 'hiF', 'iTo', 'AK4', 'H68']
['Zc5', 'f9z', 'CYA', 'b99', 'CU9', 'mUL', 'FbA', 'rGT', '5jv', 'SmS', 'IJ1', '1RB']
['bAf', 'ZY3', 'pf5', 'BPL', 'uii', 'GpL', 'nRH', 'ZxX', 'MNb', 'FEQ', 'gTC', 'KZy']
['nQj', 'F9o', '0ID', 'iiE', 'TUB', 'Fws', 'Eou', 'aLB', 'QhQ', '4Nd', 'fKV', '2UA']
['ttO', 'sKX', '1gc', 'PQT', 'fFJ', 'gEp', '0oy', 'AcJ', '96X', 'GUX', 'NXP', 'bLd']
['1xS']
['Hi0', 'Mvm', 'zgJ']
['H9O', 'tK7', 'sfk', 'xxJ', 'VPb', 'etm', 'z1H', '9F9', 'bDO', 'Kn8', 'oUs', '6sH']
['Qa3', 'U0P', 'W8n', 'tKI', 'WLo', 'd60', '5U2', 'SV9', 'xRH', 'XMr', '1uW', 'YBr']
['00m', 'ZFU', 'x8V', 'Jgp', 'oZQ', '8VG', 'UmG', 'oSh', 'QEF', 'b9f', 'x86', 'Itn']
['gEU', 'Y2z', 'vyM', 'BDE', 'Ql9', '9ug', 'aZv', 'Fmb', 'iS6', 'wgA', 'XHa', 'AHs']
['hYw', 'ZVF', 'NiX', 'JyM', 'VAV', 'kZ0', 'fQ3', 'iGU', 'eGG', 'iba', '3kn', '5Li']
['8nm', 'YNK', 'ux2', 'Ot9', 'uGP', 'Z7b', 'PJa', 'mGb', 'NyP', 'DoC', 'Afe', 'kiK']
['0RD', '70K', 'G2k', 'Ke0', 'kT2', 'SiL', 'GRw', 'JWV', 'KS2', 'HkK', 'L1u', 'OCL']
['aTI', '0gI', 'pTi', 'czy', 'WB2', '81k', 'MQT', 'zfD', 'uVg', 'fFE', 'h3r', 'Qtt']
['Qyh', '1aX', 'jGk', 'j3s', 'kYz', 'yAp', '5n5', 'hdp', 'P8b', 'euj', 'rgC', 'D40']
['xz4']
['nkl', '6Ip', 'cEk', 'O2z', 'Epk', 'Swe', 'gE4', 'dSZ', 'tm4', 'QDa', 'nQv', 'i9C']
['iW8', 'kte', 'FkC', 'Hbr', 'iFt', 'AJT', 'jFu', 'dvU', 'dLc', 'Gu6', 'vJC', 's1n']
['VVW', 'B99', 'LiP', 'cmd', 'wqW', '2vJ', 'rXN', 'ZQL', 'emD', 'nqI', '5qS', 'JcP']
['JfN', 'SFn', 'KRy', 'rMd', 'mFO', '8uz', 'Ns3', 'tfQ', 'jWX', 'Pas', 'e6S', 'W2Z']
