['22', '87']
['130', '126', '50', '240', '266', '6', '47', '139', '134', '163', '122', '20', '138']
['35']
['284', '273', '146', '14', '292', '192', '111', '44', '12', '40', '269', '79', '31', '30']
['297', '286', '13', '26', '200', '41', '69', '195', '251', '186', '185', '282', '74', '45']
['181', '281', '288', '129', '253', '54', '155', '38', '98', '212', '70', '151', '121', '242']
['188']
['271']
['173']
['254']
['93']
['166', '290', '150', '275', '46', '274', '238', '208', '65', '215', '84', '179', '120', '204', '39']
['106', '102', '90', '183', '82', '83', '97', '9', '232', '56', '228', '189', '10', '169']
['176', '75', '219', '29', '92', '85', '64', '100', '207', '132', '283', '1', '222', '53', '298']
['235', '34', '152', '203', '191', '55', '127', '255', '32', '140', '174', '190', '109', '210', '211']
['161', '227', '110', '278', '15', '123', '142', '33', '262', '4', '221', '224', '131', '156']
['248', '16', '296', '226', '201', '293', '260', '180', '277', '196', '135', '178', '249', '107']
['218', '144', '197', '8', '276', '21', '128', '294', '63', '36', '60', '225', '158', '133', '159']
['24', '117', '264', '162', '49', '104', '213', '143', '94', '241', '202', '73', '184', '101']
['230', '199', '239', '5', '258', '48', '52', '170', '168', '78', '77', '59', '96', '279', '7']
['125', '17', '259', '171', '231', '37', '103', '160', '236', '229', '194', '23', '172', '157']
['280', '182', '243', '214', '148', '267', '89', '68', '58', '71', '233', '136', '51', '115']
['245']
['250']
['27', '289', '223', '187', '177', '220', '217', '167', '272', '237', '205', '81', '80', '0', '291']
['91', '72', '95', '193', '165', '42', '299', '61', '105', '145', '28', '287', '285', '216', '198']
['270', '234', '43', '11', '246', '114', '124', '119', '62', '257', '175', '86', '118', '25', '18']
['116']
['66', '76', '268', '147', '209', '164', '99', '3', '137', '57', '112', '67', '2', '149', '19']
['141', '154', '247', '295', '261', '206', '265', '108', '153', '113', '256', '263', '252', '244', '88']
