['Brandise', 'Aurelea', 'Avis', 'Barbaraanne', 'Aubrette', 'Cody', 'Ashlen', 'Arlene', 'Calla', 'Adelice']
['David', 'Ada', 'Chiquia', 'Caryl', 'Berri', 'Annabela', 'Bonnee', 'Cal', 'Amabel', 'Babs']
['Camella', 'Annabelle', 'Amanda', 'Anet', 'Charyl', 'Angel', 'Antoinette', 'Bernardine', 'Christan']
['Camel', 'Ardra', 'Candis', 'Brigida', 'Agatha', 'Augusta', 'Bessy', 'Christyna', 'Bettine', 'Agnola']
['Alisun', 'Anica', 'Anjela', 'Andrea', 'Alanah', 'Bibbie', 'Angelina', 'Bobbee', 'Alix', 'Blinnie']
['Adoree', 'Carolina', 'Christye', 'Berni', 'Annadiane', 'Astrix', 'Abra', 'Austina']
['Amy', 'Catlaina', 'Anastassia', 'Annabel', 'Carlyn', 'Cariotta', 'Bess', 'Athena', 'Alie', 'Callida']
['Alejandra', 'Carole', 'Alys', 'Brandi', 'Ambur', 'Charmion', 'Billie', 'Ara', 'Blanche', 'Blancha']
['Candra', 'Angela', 'Annelise', 'Bride', 'Brandea', 'Babette', 'Celestine', 'Catriona', 'Casie', 'Anabal']
['Annora', 'Ashli', 'Brigid', 'Bobby', 'Ardene', 'Bobbye', 'Alice', 'Carrissa', 'Andriana']
['Bertine', 'Catharine', 'Babara', 'Calli', 'Aili', 'Berna', 'Angie', 'Bren', 'Cele', 'Charlot']
['Babbette', 'Allissa', 'Arlie', 'Bunny', 'Ardella', 'Angil', 'Bethany', 'Aile', 'Aliza', 'Beverie']
['Bobinette', 'Carlye', 'Cherrita', 'Anne', 'Caron', 'Carena', 'Aveline', 'Ardeen', 'April', 'Chelsy']
['Alayne', 'Catlee', 'Carlee', 'Charin', 'Cesya', 'Cherise', 'Caro', 'Carmel', 'Aubine', 'Carolyn']
['Allegra', 'Chanda', 'Casandra', 'Bridgette', 'Alverta', 'Calida', 'Alicea', 'Cherilyn', 'Benita']
['Charleen', 'Alysa', 'Betty', 'Bobbie', 'Chiarra', 'Alikee', 'Carri', 'Christal']
['Bunni', 'Bamby', 'Alyda', 'Ailene', 'Aurore', 'Binni', 'Charity', 'Bernadine', 'Catie', 'Bert']
['Brandy', 'Bill', 'Cami', 'Annamaria', 'Cheslie', 'Cassy', 'Christabella', 'Betti', 'Agace']
['Cacilia', 'Celestyn', 'Alissa', 'Aaren', 'Bliss', 'Bernete', 'Allix', 'Amargo', 'Blythe', 'Carina']
['Catherine', 'Anni', 'Barbabra', 'Carmine', 'Aeriel', 'Auroora', 'Caralie', 'Beatrice', 'Ashlie']
['Andi', 'Bellanca', 'Adelheid', 'Andree', 'Caril', 'Analiese', 'Celie', 'Alvira', 'Addi']
['Ariela', 'Belva', 'Berty', 'Barbey', 'Christel', 'Belita', 'Aimil', 'Bernardina', 'Benetta', 'Almeda']
['Caroljean', 'Bryna', 'Bobette', 'Brier', 'Cherye', 'Anallese', 'Cathrine', 'Billy', 'Brittaney', 'Anthiathia']
['Alexi', 'Babita', 'Billi', 'Alexia', 'Carlynn', 'Betteann', 'Arliene', 'Arlina', 'Asia', 'Anastasia']
['Athene', 'Chelsey', 'Carmelita', 'Cassondra', 'Caryn', 'Brandie', 'Audy', 'Barbra', 'Abby', 'Adorne']
['Anatola', 'Alexandrina', 'Cammi', 'Caren', 'Penny', 'Berta', 'Ali', 'Cammy', 'Anabelle', 'Babbie']
