['287', '211', '278', '276', '67', '381', '82', '144', '173', '279', '385', '342', '158', '231', '286', '213', '319', '397', '409', '114', '57']
['206', '33', '363', '195', '45', '248']
['80', '46', '344', '26', '270', '253', '140', '58', '104', '23', '131', '394', '349', '389', '407', '98', '323']
['168', '416', '142', '297', '272', '8', '108', '0', '145', '387', '322', '224', '370', '193']
['39', '2', '60', '295', '9', '78', '119', '113', '292', '32', '232', '175', '340', '138', '280', '149', '369']
['188', '69', '189', '135', '154', '316', '97', '14', '102']
['311', '411', '293', '87', '243', '122', '360', '366']
['391', '65', '100', '329', '152', '1', '59', '252', '106', '52', '268']
['333', '361', '93', '235', '110', '271', '150', '123', '146', '13', '313', '262', '179', '148', '376', '327', '220', '71', '74', '302', '55', '63']
['345', '298', '49', '404', '176', '377', '364', '372', '408', '207', '198', '265', '285']
['107', '103', '371', '43', '116', '210', '334', '157', '160', '299', '288', '303', '66', '40', '182', '171', '264', '331', '301', '336', '229']
['169', '21', '275', '324', '156', '382', '277', '127', '368', '383', '136', '19']
['159', '204', '186', '34', '64', '68', '263', '30', '339', '75']
['17', '190', '151', '236', '22', '390', '143', '282', '72']
['53', '162', '405', '165', '350', '233', '111', '184']
['203', '249', '239', '147', '325', '290', '310', '352', '183', '118', '90', '315', '304']
['337', '260', '223', '141', '70', '312', '245', '227', '112', '218', '222', '88', '76', '174', '199', '357']
['133', '402', '89', '384', '41', '20', '256', '406', '29', '61', '338', '241', '356', '27', '47', '328', '318']
['44', '226', '246', '273', '185', '125', '16', '166', '167', '362', '172', '219', '365', '192', '379', '35', '91']
['124', '18', '191', '307']
['201', '306', '38', '54', '37', '105', '130', '117', '414', '419', '330', '257', '296', '31', '11']
['77', '155', '212', '238', '289', '393', '205', '244', '412', '209', '341', '139', '48']
['62', '194', '4', '242', '85', '348', '259', '15', '161', '388']
['96', '326', '300', '10', '128', '308', '221', '375', '251', '132', '284']
['109', '177', '200', '250', '317', '28', '355', '269', '73', '351', '380', '94', '181', '153', '92', '392', '267', '196', '415', '115', '95', '36', '321']
['56', '418', '283', '50', '217', '225', '305', '208', '358', '81']
['12', '25', '197', '274', '367', '396', '400', '163', '187', '202', '101', '354', '42', '164', '5', '309', '86', '79', '121', '399', '314', '254', '137', '343']
['374', '237', '178', '353', '228', '410', '129', '398', '281', '216', '261', '373', '24', '291', '99', '320', '120', '417', '247']
['258', '84', '180', '6', '230', '401', '215', '3', '240', '386', '403', '234', '395', '347', '51', '126', '214']
['359', '378', '134', '7', '346', '266', '332', '294', '255', '83', '170', '413', '335']
