['426', '260', '427', '92', '264', '54', '91', '228', '229', '52', '262', '224', '263', '231', '226', '428', '51', '429', '236', '225', '53', '230', '261', '50', '227', '55', '237']
['56', '43', '457', '455', '402', '416', '456', '84', '81', '454', '415', '45', '403', '489', '83', '85', '42', '41', '82', '414', '490', '46', '44']
['298', '275', '314', '29', '101', '408', '27', '99', '28', '296', '313', '276', '409', '297', '100', '274', '312', '311', '273']
['234', '69', '387', '388', '232', '436', '70', '17', '171', '386', '435', '68', '18', '434', '385', '235', '67', '172', '174', '384', '175', '433', '233', '173', '383']
['496', '183', '277', '250', '154', '280', '460', '131', '495', '135', '132', '279', '176', '248', '157', '133', '177', '458', '249', '155', '483', '482', '412', '278', '130', '459', '134', '156', '184']
['65', '432', '430', '499', '290', '423', '421', '422', '425', '186', '419', '288', '295', '66', '364', '292', '64', '291', '424', '293', '420', '289', '365', '431', '185', '294']
['326', '153', '106', '48', '359', '323', '357', '325', '107', '0', '358', '360', '150', '361', '93', '151', '324', '322', '49', '152']
['354', '26', '218', '265', '219', '214', '353', '493', '413', '491', '217', '355', '223', '221', '213', '220', '397', '222', '212', '494', '356', '396', '351', '492', '352']
['417', '418', '331', '162', '34', '305', '332', '25', '306', '452', '163', '187', '164', '35', '33', '304', '474', '453', '333', '24', '334', '475', '36', '188', '307', '476']
['350', '480', '114', '116', '143', '484', '481', '479', '487', '485', '63', '449', '144', '142', '486', '246', '478', '451', '115', '477', '448', '450', '78', '447', '245', '247', '488']
['190', '464', '348', '145', '192', '372', '469', '373', '471', '473', '147', '472', '347', '149', '465', '349', '191', '376', '466', '189', '375', '146', '468', '148', '193', '470', '374']
['319', '299', '203', '3', '2', '80', '16', '15', '7', '205', '126', '271', '14', '272', '109', '5', '202', '207', '125', '206', '108', '302', '301', '201', '79', '6', '204', '300', '303', '4', '127', '1']
['382', '71', '286', '380', '308', '211', '96', '309', '444', '445', '98', '200', '287', '442', '40', '97', '258', '95', '446', '310', '210', '443', '285', '94', '381', '259']
['181', '168', '112', '166', '111', '251', '437', '113', '118', '282', '215', '165', '179', '119', '110', '117', '170', '167', '178', '216', '169', '182', '180', '281']
['498', '441', '390', '393', '394', '395', '392', '439', '320', '391', '438', '440', '72', '497', '321', '389']
['284', '270', '268', '209', '238', '363', '38', '23', '362', '240', '22', '239', '269', '266', '19', '244', '241', '21', '20', '208', '267', '37', '341', '242', '243', '39', '283']
['47', '406', '31', '410', '344', '30', '405', '404', '161', '158', '159', '343', '346', '160', '104', '398', '411', '102', '103', '345', '407', '400', '399', '342', '105', '32']
['367', '128', '254', '366', '89', '136', '90', '467', '368', '138', '139', '317', '88', '255', '140', '252', '315', '318', '129', '370', '87', '253', '316', '141', '371', '86', '137', '369']
['62', '194', '75', '329', '196', '198', '76', '336', '340', '57', '328', '58', '195', '59', '330', '77', '197', '73', '339', '327', '335', '60', '338', '61', '337', '74', '8', '199']
['257', '401', '12', '10', '13', '378', '9', '11', '120', '462', '123', '124', '463', '122', '377', '256', '461', '379', '121']
