['398', '302', '304', '305']
['14', '328', '126']
['70', '60', '59', '57']
['130', '129', '315', '127']
['421', '424', '423']
['191', '13', '252']
['202', '359']
['263', '350', '262', '397', '260']
['149', '196']
['333', '330', '332', '174']
['44']
['1', '4', '58', '3']
['119', '265', '128', '399']
['103', '267', '146', '269', '270']
['300', '371', '173', '401']
['369', '370']
['79', '111', '306']
['250', '92', '94', '95']
['317']
['32', '383', '29', '31']
['311', '309', '312']
['51', '90', '412']
['10', '11', '8']
['272', '335', '184', '334']
['122', '123', '107', '112', '120']
['293', '206', '385', '207', '204']
['231', '199', '197', '200']
['394', '159', '2']
['143', '144', '141']
['217', '189']
['221', '218', '220']
['316', '307', '20', '318', '319']
['42', '139', '203']
['87', '86', '85', '209']
['388', '357', '104', '386', '389']
['164', '162', '165']
['373', '169', '172', '170', '7']
['6']
['19', '236', '286']
['216', '88', '294', '215']
['329', '171']
['320', '321']
['54', '240', '415']
['395', '393', '124', '420', '396']
['101', '303', '99', '419', '102']
['275', '274', '277', '406']
['37', '296', '348', '212']
['195']
['28', '113', '116', '115', '110']
['339', '340', '337', '145', '210']
['80', '78', '230', '98', '81']
['241', '239', '242', '135']
['345', '408']
['425', '23', '105', '24', '22']
['9', '142', '324']
['400', '403', '160', '402']
['380', '245', '56', '188', '100']
['30', '109', '108', '106']
['251']
['323', '49', '25', '325', '326']
['276', '280', '314', '313']
['414', '417', '411', '416']
['413', '154']
['48', '34', '152', '33']
['366', '133', '201']
['82', '83']
['266', '346', '347', '344']
['264', '349']
['178', '179', '21', '176']
['55', '343', '233']
['0', '91', '336']
['181', '180', '422', '147']
['45', '43', '46']
['50', '52', '390', '53', '47']
['364', '271']
['308', '322']
['175', '62', '273', '61']
['254', '246', '249', '248']
['76', '41', '84']
['253', '114', '255', '256']
['299', '194', '219']
['167', '229', '89']
['132', '352', '243', '268']
['362', '341', '161', '342']
['64', '67', '66']
['360', '358', '361']
['223', '222']
['379', '382', '381']
['214', '213', '211', '93']
['18']
['97', '75', '96', '279', '278']
['418', '117', '301']
['192', '391', '190', '193']
['426', '338']
['261']
['290', '187', '287', '291', '288']
['387', '237', '208']
['186', '153', '183', '185']
['73', '71', '74']
['259', '257', '258', '238']
['295', '297', '298']
['182', '26', '63', '27']
['292', '77', '247']
['367', '368', '35', '365', '163']
['289', '150', '148', '151', '392']
['374', '372', '375']
['378', '125', '140']
['131', '136', '384', '134', '137']
['40', '166', '65', '12']
['39', '38', '36']
['234', '282', '235', '232', '363']
['205', '5', '226', '168']
['227', '225', '228']
['177', '355', '285', '356']
['198', '118', '72', '310']
['404', '405', '69', '138', '68']
['16', '224', '17', '244', '15']
['155', '156', '157', '158']
['354', '351', '353']
['377', '376', '409', '407', '410']
['283', '281', '327', '284', '331']
['121']
