['209', '189', '208', '210', '229', '251', '231', '250', '252', '271', '182', '162', '181', '183', '202', '122', '102', '121', '123', '142', '240', '220', '241', '44', '31', '77']
['140', '120', '141', '160', '39', '19', '38', '59', '72', '52', '71', '73', '92', '127', '126', '147', '58', '78', '196', '394', '395', '338']
['207', '187', '206', '227', '317', '297', '316', '318', '337', '385', '99', '179', '259', '339', '381', '386', '389', '393', '397', '201', '200', '221', '284', '285', '414', '415', '219', '239', '138']
['155', '135', '154', '156', '175', '399', '364', '365', '384', '215', '195', '214', '216', '63', '410', '411', '400', '401', '129', '148']
['314', '294', '313', '315', '334', '412', '413', '355', '335', '354', '370', '390', '15', '14', '16', '35', '65', '40', '60', '103']
['193', '173', '192', '194', '213', '188', '168', '320', '340', '152', '132', '153', '172', '380', '360', '79', '6', '274']
['8', '7', '9', '28', '150', '130', '149', '151', '170', '159', '139', '158', '110', '90', '111', '303', '171', '23', '265']
['278', '258', '277', '279', '298', '50', '30', '49', '51', '70', '287', '267', '86', '66', '87', '106', '230', '164', '228', '161']
['322', '302', '321', '323', '342', '301', '281', '300', '93', '94', '113', '406', '407', '261', '54', '55', '74', '336', '242', '222']
['263', '243', '262', '264', '283', '237', '217', '236', '238', '257', '117', '97', '118', '387', '388', '167', '166', '67', '366', '174']
['347', '327', '346', '348', '367', '29', '37', '36', '57', '295', '198', '178', '197', '199', '218', '56', '76', '131', '10']
['84', '64', '83', '85', '104', '225', '205', '224', '226', '245', '2', '3', '249', '248', '289', '124', '125', '244', '253']
['108', '88', '107', '109', '128', '18', '17', '398', '378', '403', '402', '112', '368', '91', '223']
['376', '356', '375', '377', '396', '276', '256', '275', '296', '100', '80', '101', '312', '292', '311', '332', '291', '12', '11', '404', '405']
['362', '361', '363', '382', '25', '5', '24', '26', '45', '330', '310', '180', '232', '212', '169', '105']
['349', '329', '350', '369', '345', '234', '233', '272', '273', '246', '247', '266', '417', '416', '392', '391']
['134', '114', '133', '308', '288', '309', '328', '319', '299', '341', '211', '4', '282']
['136', '116', '137', '280', '260', '42', '43', '62', '359', '379', '373', '353', '372', '374', '119', '383']
['351', '331', '352', '371', '357', '358', '190', '191', '143', '144', '163', '204', '203', '333', '48']
['21', '1', '20', '22', '41', '343', '33', '13', '32', '34', '53', '185', '165', '184', '186', '177', '157', '176', '98', '0']
['306', '286', '305', '307', '326', '255', '235', '254', '69', '68', '89', '81', '61', '82', '95', '75', '96', '115', '293', '46']
['324', '304', '325', '344', '270', '269', '290', '408', '409', '419', '418', '27', '47', '145', '146', '268']
