['47', '407', '404', '406', '128', '126', '130', '131', '132', '85', '84', '87', '1115', '46', '104', '1113', '234', '237', '427', '430', '431', '316', '253', '254', '241', '377']
['34', '39', '37', '41', '453', '450', '392', '394', '395', '393', '208', '204', '205', '207', '124', '123', '125', '98', '28', '33', '221', '82', '81', '83']
['133', '252', '256', '255', '257', '182', '184', '187', '188', '396', '397', '401', '11123', '443', '439', '206', '209', '460', '66', '67', '68', '382', '281']
['321', '21', '22', '27', '23', '25', '60', '57', '58', '62', '61', '384', '388', '409', '408', '354', '356', '11116', '277', '11115', '447', '444', '445', '446', '459', '402']
['185', '260', '263', '318', '3', '264', '267', '269', '88', '90', '390', '222', '219', '319', '265', '274', '226', '357', '359']
['441', '284', '1', '283', '285', '212', '214', '11111', '344', '343', '345', '158', '159', '194', '190', '191', '192', '193', '195', '399', '142', '448', '139']
['342', '13', '2', '9', '12', '11113', '366', '369', '368', '367', '400', '398', '1117', '112', '116', '118', '156', '155', '160', '48', '44', '11129', '186']
['89', '326', '325', '332', '335', '334', '333', '249', '245', '246', '251', '19', '14', '15', '16', '235', '236', '365', '248', '302', '183']
['364', '201', '196', '197', '198', '341', '337', '349', '350', '11120', '103', '138', '134', '135', '421', '92', '322', '220']
['463', '410', '412', '411', '151', '147', '150', '1118', '11114', '176', '136', '308', '306', '311', '240', '238', '239', '244', '243', '86', '432', '140', '353']
['1114', '11122', '391', '387', '381', '11121', '278', '276', '280', '462', '11118', '312', '424', '420', '422', '423', '288', '290', '292', '174', '168', '303']
['413', '217', '218', '1112', '31', '26', '1111', '434', '433', '435', '351', '348', '352', '458', '456', '457', '11128', '451', '11127', '40', '163', '461']
['331', '380', '378', '379', '371', '370', '273', '270', '314', '313', '317', '315', '419', '416', '340', '338', '300', '304', '440', '54']
['438', '233', '231', '232', '11112', '11125', '449', '442', '436', '11126', '259', '105', '108', '106', '111', '38', '320', '149', '152', '153', '7', '425']
['11117', '72', '71', '74', '75', '76', '73', '261', '258', '262', '11119', '339', '330', '328', '122', '119', '121', '282', '455', '452', '454', '225', '298', '181']
['437', '358', '5', '355', '464', '467', '465', '210', '216', '389', '385', '386', '361', '363', '362', '383', '17', '146', '426']
['272', '42', '0', '45', '164', '6', '162', '165', '166', '154', '213', '215', '305', '70', '275', '271', '157', '346', '169']
['99', '20', '18', '145', '141', '143', '144', '32', '199', '200', '299', '297', '374', '373', '360', '203', '202']
['43', '95', '97', '228', '227', '229', '230', '161', '372', '376', '375', '11110', '189', '1119', '59', '56', '36', '35', '336', '347']
['180', '291', '4', '289', '293', '114', '120', '113', '117', '115', '11', '8', '10', '107', '323', '247', '250', '211', '307', '279']
['224', '110', '109', '1116', '296', '301', '294', '295', '175', '177', '418', '414', '417', '11124', '65', '63', '64', '69', '287', '286', '242', '428', '429', '167']
['415', '49', '53', '51', '50', '52', '55', '100', '101', '102', '173', '170', '171', '172', '405', '403', '127', '129', '96', '91', '93', '94', '327', '324', '329', '137', '29']
['223', '268', '266', '310', '309', '77', '80', '78', '79', '24', '178', '30', '148', '179', '466']
