['GYM', 'ZNQ', 'DZR', 'MAC', 'QQN', 'CDZ', 'JUQ', 'ACJ', 'UHU', 'TFT', 'GWT', 'UZU', 'FJL', 'OHR', 'VMJ', 'DOT', 'QIB', 'OON', 'LHD', 'LGP', 'FXX', 'YSD', 'POR', 'KLV', 'IIY']
['LHQ', 'GUQ', 'HBC', 'IYH', 'XEO', 'SFB', 'GLR', 'LMU', 'UEN', 'BLK', 'ZBF', 'KLM', 'MED', 'CXP', 'HPH', 'MZP', 'PVQ', 'YKQ', 'QNG', 'QEP', 'FCU', 'IFO', 'TBN', 'ONX', 'MUO']
['QAM', 'EBA', 'EQX', 'UZY', 'PAS', 'EUK', 'WKY', 'KSW', 'MJR', 'JKL', 'LWH', 'MIE', 'INO', 'QDB', 'RIA', 'TSS', 'UFK', 'LZE', 'WMY', 'NHA', 'MOH', 'TBT', 'DMN', 'ZQN', 'JHO']
['UGW', 'YYJ', 'OCI', 'PAU', 'JGS', 'YVQ', 'DWU', 'KJN', 'RNM', 'XPW', 'YPX', 'DHT', 'LWA', 'QZB', 'YOA', 'DMH', 'MMS', 'DFW', 'HXZ', 'FSW', 'FWN', 'WIF', 'WCD', 'NXI', 'NGH']
['MUL', 'HHK', 'JMT', 'XEN', 'GFL', 'FPR', 'KNZ', 'FDS', 'BIN', 'ARM', 'EDP', 'BEQ', 'YYU', 'NLI', 'CHR', 'VWR', 'DMP', 'GGA', 'AMV', 'XVF', 'RXD', 'ELJ', 'FMU', 'AZD', 'HCD']
['PAX', 'IPY', 'OII', 'HJA', 'PMO', 'NXU', 'FOD', 'PON', 'OZT', 'DTS', 'PKK', 'NSI', 'ARV', 'SQS', 'IKB', 'IYD', 'YHX', 'MIN', 'XKQ', 'QBJ', 'YUG', 'GUT', 'DRX', 'AUL', 'UCH']
['AYK', 'HMT', 'FJH', 'TDJ', 'RSJ', 'HGD', 'DTW', 'ZKY', 'PJW', 'UKO', 'YSP', 'FTL', 'CAO', 'KLS', 'PVS', 'IPV', 'UMO', 'FOW', 'SUP', 'RYT', 'PGO', 'RUP', 'OFJ', 'CRF', 'YSM']
['KXZ', 'POC', 'BRY', 'QTR', 'SDF', 'YKH', 'DJA', 'GSB', 'MYN', 'PYK', 'RKH', 'QRE', 'WTX', 'CGD', 'NGI', 'FWA', 'DCZ', 'CIH', 'TLC', 'CEY', 'VMW', 'VQR', 'UTL', 'YDT', 'JME']
['WSD', 'AWX', 'SFK', 'LTC', 'WUI', 'EWG', 'EEA', 'TVZ', 'ZBU', 'ALL', 'WYK', 'MLH', 'CNU', 'CUZ', 'OLD', 'THJ', 'XDE', 'KMD', 'VFV', 'GUN', 'MVB', 'GUR', 'NLS', 'XQI', 'CYA']
['BFH', 'IQJ', 'NDB', 'IEK', 'TWL', 'CDW', 'XRV', 'SQR', 'PTX', 'RKO', 'ECG', 'WWT', 'XCX', 'JXM', 'YAR', 'RZW', 'FPT', 'IDJ', 'WHJ', 'CFP', 'JWQ', 'DNE', 'ABC', 'IFU', 'XVQ']
['YTQ', 'JMO', 'MJV', 'BCW', 'KVY', 'WJS', 'SCK', 'OVZ', 'RBJ', 'XXQ', 'APD', 'GXJ', 'QYA', 'YYG', 'LLX', 'BZI', 'LXJ', 'TQM', 'ZCF', 'TUK', 'JVR', 'IUE', 'PME', 'POJ', 'HPV']
['FWB', 'SFJ', 'YWW', 'UOM', 'IPK', 'XIY', 'TFQ', 'HYW', 'HNC', 'HTW', 'AJB', 'VRD', 'MLN', 'YER', 'XHQ', 'SDH', 'ZFO', 'KLZ', 'ZFK', 'FEV', 'JII', 'JDC', 'ELO', 'KMP', 'SNW']
['EZU', 'RDG', 'BTJ', 'ZJU', 'TGW', 'JSL', 'VXB', 'LBW', 'ZCY', 'YNR', 'IPG', 'RUR', 'HZF', 'SCS', 'NFI', 'JJB', 'WER', 'SAQ', 'ROL', 'FTE', 'MNB', 'GPL', 'FXI', 'TKB', 'NWB']
['HQB', 'SGO', 'XWK', 'NJD', 'FKU', 'RYE', 'WED', 'NQL', 'CHA', 'VZX', 'HUN', 'SUQ', 'VWX', 'GPH', 'HGF', 'QTJ', 'YLS', 'OXU', 'QFE', 'VAC', 'EOF', 'BHL', 'TMR', 'UNW', 'KNO']
['VTH', 'IIT', 'ALG', 'IUY', 'TGH', 'DAW', 'QLH', 'GMF', 'HXF', 'EBB', 'NPS', 'RIX', 'MSC', 'SFD', 'YTR', 'WCB', 'SMM', 'KDV', 'JZY', 'GBL', 'IKW', 'WZL', 'IDO', 'TMD', 'AYJ']
['DYU', 'EDD', 'LUT', 'DXK', 'MSE', 'SYQ', 'SRB', 'GEF', 'UIO', 'YDL', 'ZFU', 'SRP', 'SNM', 'CFJ', 'UHE', 'FTI', 'BJR', 'RNU', 'JXZ', 'RSG', 'PIL', 'PCL', 'TFN', 'TVY', 'VFM']
['QMI', 'GGM', 'FXH', 'CJB', 'LJA', 'JZV', 'FUR', 'ZGL', 'AQN', 'YKR', 'ESU', 'SNS', 'JTZ', 'LZP', 'UKF', 'RYA', 'EBY', 'WJI', 'NDI', 'JZA', 'WWL', 'WDF', 'ITN', 'BCI', 'CGQ']
['AGI', 'KEQ', 'KAJ', 'SUT', 'UDD', 'BDX', 'EAA', 'QCJ', 'VYF', 'XNY', 'PGE', 'YEN', 'CCY', 'SCZ', 'QTQ', 'EPR', 'AIM', 'QVI', 'IKN', 'BBZ', 'ASO', 'MBZ', 'GUE', 'DAT', 'LZI']
['ALI', 'FQC', 'PZA', 'OEN', 'KUO', 'DTU', 'ZRO', 'QIK', 'QJK', 'XFW', 'SCX', 'MWQ', 'IAM', 'KVD', 'TQB', 'MCI', 'NTW', 'VCY', 'NDJ', 'PBP', 'AHE', 'GGP', 'ULP', 'ZIT', 'XJW']
['YYC', 'CZB', 'YKF', 'FCJ', 'SGT', 'WLU', 'XOE', 'NNG', 'NOP', 'JOQ', 'EKJ', 'NUG', 'MVS', 'QLI', 'WGY', 'FHI', 'ZPA', 'HIG', 'KZQ', 'PDU', 'MUV', 'RJS', 'ACP', 'ODG', 'LOQ']
