['340', '335', '348', '342', '337', '347', '332', '346', '343', '345', '334', '333', '344', '331', '338', '349', '336', '328', '329', '341', '339', '330', '327']
['076', '286', '278', '281', '275', '298', '279', '288', '290', '294', '296', '285', '291', '293', '295', '287', '297', '277', '299', '280', '289', '282', '283']
['247', '246', '233', '248', '229', '237', '245', '235', '230', '243', '239', '231', '244', '236', '227', '234', '232', '249', '241', '240', '238', '242', '228']
['292', '483', '202', '074', '486', '188', '392', '432', '276', '390', '284', '053', '204', '388', '456']
['039', '025', '044', '029', '028', '036', '030', '034', '038', '041', '031', '042', '040', '033', '043', '048', '032', '049', '046', '037', '047', '035', '027']
['121', '114', '117', '106', '104', '123', '119', '118', '110', '105', '108', '112', '115', '111', '116', '113', '100', '102', '120', '107', '109', '103', '122']
['209', '211', '220', '224', '223', '213', '201', '216', '217', '222', '205', '210', '219', '212', '206', '215', '203', '214', '221', '208', '207', '218']
['475', '485', '484', '490', '488', '480', '476', '491', '492', '495', '498', '487', '477', '489', '493', '481', '478', '497', '479', '496', '494', '499', '482']
['003', '017', '014', '019', '008', '021', '024', '011', '005', '018', '002', '006', '004', '015', '010', '022', '009', '020', '013', '007', '023', '012', '016']
['367', '374', '354', '368', '361', '372', '352', '370', '360', '353', '371', '373', '362', '358', '356', '363', '359', '355', '369', '364', '357', '365', '366']
['269', '264', '274', '268', '271', '272', '265', '252', '267', '260', '251', '262', '261', '259', '273', '255', '263', '266', '270', '258', '253', '254', '256']
['319', '311', '323', '318', '322', '316', '321', '324', '310', '308', '307', '313', '317', '305', '314', '315', '309', '302', '303', '304', '320', '306', '312']
['080', '084', '087', '082', '086', '098', '092', '095', '091', '089', '081', '096', '088', '083', '093', '094', '097', '085', '099', '078', '079', '077', '090']
['250', '151', '075', '050', '301', '326', '425', '150', '001', '450', '300', '351', '325', '226', '125', '200', '350', '126', '175', '451', '225', '101', '026', '400', '000']
['385', '386', '377', '379', '395', '394', '378', '381', '376', '399', '393', '380', '389', '375', '382', '398', '391', '387', '383', '396', '384', '397']
['127', '142', '149', '131', '129', '141', '143', '145', '134', '135', '138', '133', '148', '137', '147', '136', '132', '124', '146', '128', '144', '140', '130']
['186', '178', '176', '185', '184', '195', '181', '199', '196', '192', '177', '187', '189', '182', '180', '191', '198', '179', '193', '190', '194', '045', '197', '139', '183']
['442', '428', '434', '436', '448', '440', '449', '445', '435', '430', '444', '438', '437', '443', '433', '431', '446', '427', '429', '447', '257', '441', '426', '439']
['408', '406', '412', '421', '401', '403', '419', '405', '415', '416', '413', '423', '409', '410', '402', '411', '420', '407', '422', '414', '404', '417', '424']
['065', '060', '073', '052', '069', '071', '072', '051', '054', '067', '055', '058', '063', '070', '068', '056', '057', '062', '066', '064', '059', '061']
['160', '168', '156', '165', '172', '166', '173', '154', '157', '169', '162', '155', '159', '167', '158', '164', '163', '153', '171', '152', '170', '174', '161']
['464', '458', '457', '465', '454', '460', '418', '473', '452', '459', '471', '453', '467', '466', '468', '455', '469', '463', '472', '474', '462', '470', '461']
