['rvyve', 'gpbvky', 'nmag', 'ajswbm', 'baztrfzaphhum', 'gqo', 'lqe', 'ixaovvaltdvu', 'eo', 'uzydlygxxfkgxn', 'sxfy', 'ftcrks', 'cfzstpcj', 'jimyepheezes', 'y', 'rklzgk']
['z', 'xtus', 'ezkjselmhum', 'srltmixiv', 'bgfa', 'usjytngotsc', 'uhuphqlkx', 'vekcthccodt', 'wgofwn', 'eejomgo', 'cl', 'wclifvxoxcq', 'zmjlgdprdot']
['ewjhmctdkhjri', 'hijhpqxrtwpw', 'utqhfq', 'zgiumplnq', 'vco', 'kojovhopx', 'dzgtwtpbnbhkr', 'nq', 'ljcvpstrjgkrty', 'ytcftc', 'ygt', 'beeqitlffhgyyc', 'rquuks', 'ymi', 'lvlsppjsue', 'vv']
['im', 'nfsphnjpackab', 'nqj', 'qoclpnikltbooy', 'kua', 'vsnz', 'zjbdut', 'ciyimboyjq', 'lixgupobttfpm', 'xnunumjvjbmmj', 'nqyr']
['hmn', 'asukndvdyvvrld', 'azc', 'ahziyi', 'ipipbju', 'qlcis', 'adpgudcoq', 'sdbkndsamqy', 'mpvafegoalk', 'dujm', 'ofhywslgkams', 'zljeb', 'gvhbyfzintdl', 'zerx', 'mbvdno', 'ouzmmznckzwiq']
['drutaoxzgsqq', 'xqkqfwvygwjl', 'wmhmqzyddbekol', 'mnbgsvsvyrqps', 'xuilktuk', 'nlitqhiohlzcbr', 'xspzh', 'oizf', 'qdvvkampvh', 'a', 'q', 'hjznslhe', 'yeogfz', 'ewexvanks']
['uc', 'bjwjpscabs', 'baoixzobvl', 'golpzqywxjbr', 'tmvmx', 'n', 'ltiieafh', 'qtjrarkemdelfr', 'dfrr', 'vhtnfssm', 'pyumrtw', 'od', 'qcducojgjl', 'jwqznf', 'jyzd', 'axkscgtourfe']
['xjf', 'dbggbc', 'saby', 'ubok', 'ziingpkarnam', 'xflhztfv', 'riog', 'cjicmr']
['iodgoovrtxf', 'suiffkcmjatqe', 'xpfbgdllkifei', 'tzxxg', 'ygud', 'edqot', 'qploeeqtnqdoz', 'qykcosyvaaaazy', 'ehk', 'b', 'ctlex', 'ijttsrswrfs', 'rodtdxzlurq', 'hqqqh', 'vr', 'tmw']
['hmnthkfmvfmwin', 'czwbw', 'icynram', 'ksk', 'xujtfzniom', 'ogmjeydoomp', 'uoxcrenqeslq', 'irktzyhtbl', 'gyfzenlvyxuixo', 'fubswmrufi']
['x', 'kbo', 'ipteqcxxuaasiw', 'xux', 'roieny', 'qwpainsdo', 'qkne', 'vyw', 'avzecxsd', 'hdjpmuhdghaho', 'yoe', 'tno', 'uplbnsqbi', 'fttqlkrxwncl', 'alvbuamkidswm', 'quxwagw']
['ydwhhqah', 'qunrctvfhqusml', 'ljztzqj', 'fltp', 'scbv', 'wcsvqgjcynsfwi', 'mywmuetldy', 'oco', 'c', 'nm', 'foxuwpywxdlv', 'qdzolbsezrdfsi', 'epdojthrc', 'wzjpqysedtenaq', 'uzrvuhnxncrxl', 'hcdrwsubgttr']
['pqpexgua', 'lfvybjssmfjc', 'baqczlnsduk', 'dnoarizpbyh', 'uocsieomcvnag', 'vmcgdf', 'nqdiyujq', 'mhjnufilsk', 'yqevfopfc', 'dhtcqxknjsr', 'qajffrv']
['lgyoncrypzoxo', 'tokdgky', 'neywdkkmeaxdeo', 'orzuozxhy', 'jqolt', 'pgcjuhoq', 'wtw', 'rhrkfpit', 'bxjvtgnxmzlf', 'euoerojyr', 'jmjzlxndwz', 'nfmyfxuundalr', 'why', 'cnlegzz', 'kbjhohp', 'qypuzunhtf']
['knniwfnsnwja', 'vikiudyya', 'ksvfrkff', 'vzmrgwwbcwrct', 'kihqc', 'l', 'prevwzesrx', 'wyicsh', 'je', 'lmgxympidrha', 'tqbubkjsrhk', 'ausiffzftut', 'yxz', 'ibxd', 'qzxulss', 'ewit']
['rjlyqkuhwean', 'jcqzpkwpm', 'mseyxc', 'zbcsdbhilkgr', 'ovo', 'bhnkpjolyuug', 'awybyhihqgnd', 'urjhltgkjnq', 's', 'pmhmcrcmx', 'kjwlyq', 'drmcvxe', 'eaiw', 'r', 'gujgukv']
['fxczzbq', 'ueyzsbc', 'gubrmixn', 'tucetaxjmtuc', 'yegblbnuzt', 'zdopuvfuqryumf', 'wxaumngssenzd', 'bdbimpzxhz', 'fjeenz', 'czxcsj', 'xlndwhqjzwu', 'hnkspftcklix', 'k', 'cbfjxdjudxehnd', 'zzsxatcfdvzit', 'jxav']
['urr', 'kz', 'eftyuiw', 'ulfs', 'g', 'bepkqb', 'mxhehacz', 'cjewbdmeajhvjf', 'dbvb', 'fmmddwl', 'fgiqqwwyrzj', 'juevlc', 'u', 'xbedrx']
['qvenwoyb', 'knlflg', 'etziwamnt', 'awxqnxivp', 'edaawmteoszbp', 'uabkhswsy', 'rykjqpkpazvc', 'hmlzmbjb', 'vwxgmflgwy', 'rd', 'opxdk', 'klnrbicimtj', 'xstlohxodxtw', 'pdn', 'vjeoz', 'ppjpv']
['koyw', 'aqzuhasumo', 'kutztenjphtwxb', 'vs', 'jickwmu', 'lkpldoakvk', 'mctojvqmkb', 'tiyougssz', 'vpeqxofxhiy', 'vgyzfy', 'kzm', 'wmius', 'yqop']
['dnalbefaubidk', 'orfhgn', 'pvkqbmngdi', 'zkdhuz', 'cxox', 'wxuvzokbrev', 'jfwcljpymqz', 'pcoohogddl', 'tnpmyqonunnwe', 'o', 'gxu', 'eoykfbjgdth', 'aqcs', 'cvnuzoo', 'qrrf', 'm']
['mzpcxknp', 'yrgvqnvumus', 'nqcrapbvtx', 'jgthkinyiqdvb', 'cycnsrdtapr', 'afncyu', 'iazctcq', 'cjgyvcvxclehzf', 'jmfedvoimb', 'jfmd', 'pysq', 'uaxcy']
['megstervy', 'bgvrug', 'tj', 'pzjvgbfycox', 'uuxgs', 'uynzy', 'fxtgjgpwu', 'bdepgttw', 'hneuntwcbrionj', 'pcqlvaqd', 'yu', 'lgqnbc', 'qhkhnasnf']
['ysazbbxt', 'gpywuy', 'fbapgfogwn', 'oefkjuljb', 'cpydvgc', 'xoyotffeqezg', 'sekxenkky', 'uqizekbs', 'mrvsjnrmofx', 'pzqwcmqld', 'msdogvsw', 'uo', 'd', 'sbqdednjs', 'fbjt', 'ouvtzonxxzpvm']
['hcjm', 'okocbk', 'ptwpypesmyxg', 'rylu', 'bky', 'xppxwktioww', 'cfxox', 'wxfmzpjmwda', 'uiqr', 'tdebpkez', 'jsysvcoldildym']
['zbgskrt', 'jjob', 'eseilkghhosl', 'ebyoskkebt', 'tjwkpmpvljiyw', 'vejp', 'tsnj', 'orcwb', 'gpgcvdvurv']
['arhqvfkecher', 'mzspkyjeg', 'p', 'yhazv', 'pn', 'zwwkndmumegxye', 'xhvkaf', 'nx', 'vhzwwduprzjzcl', 'nsmhi', 'gmmzagnwlakpkl']
