['58', '316', '323', '314', '315', '53', '311', '326', '51', '317', '309', '312', '48', '56', '63', '320', '54', '325', '308', '50', '328', '319', '322', '313', '327', '310', '318', '329', '337', '65', '321', '49', '44', '64', '62', '47', '60', '324']
['132', '141', '152', '140', '134', '150', '144', '142', '153', '146', '139', '145', '133', '235', '151', '137', '147', '135', '136', '143', '148']
['381', '380', '392', '379', '388', '375', '383', '393', '376', '395', '378', '391', '384', '374', '386', '387', '382', '390', '394', '377', '385']
['225', '234', '240', '239', '220', '236', '227', '230', '229', '226', '237', '224', '231', '228', '223', '233', '238', '241', '222', '232']
['166', '158', '173', '169', '159', '167', '171', '164', '162', '156', '175', '170', '161', '155', '154', '172', '174', '160', '168', '157', '165']
['434', '439', '433', '419', '427', '435', '418', '357', '426', '149', '436', '425', '428', '438', '430', '437', '432', '423', '421', '431', '420', '422', '429']
['462']
['118', '113', '121', '120', '125', '117', '115', '112', '122', '111', '119', '110', '131', '129', '116', '123', '127', '130', '128', '124']
['459', '447', '453', '441', '246', '445', '249', '450', '26', '461', '261', '440', '451', '455', '460', '457', '260', '454', '446', '262', '444', '449', '452', '442', '448', '443', '479', '245', '456', '424', '458']
['86', '80', '68', '78', '75', '84', '81', '72', '76', '83', '87', '82', '74', '79', '70', '69', '85', '73', '77', '67', '66', '71']
['263', '259', '221', '302', '257', '289', '295', '306', '293', '256', '258', '253', '303', '288', '251', '294', '297', '292', '305', '242', '254', '307', '255', '248', '296', '252', '304', '244', '250', '188', '298', '301', '243', '300', '287', '291', '299', '126']
['399', '401', '403', '408', '413', '415', '402', '406', '416', '400', '411', '407', '396', '247', '417', '405', '409', '414', '404', '398', '397', '410', '412']
['30', '43', '24', '34', '29', '40', '39', '35', '32', '23', '38', '31', '37', '27', '25', '28', '22', '33', '42', '36', '41']
['179']
['181', '195', '480', '183', '465', '185', '471', '197', '481', '189', '190', '464', '477', '187', '482', '193', '180', '474', '182', '472', '176', '476', '192', '194', '184', '468', '478', '191', '466', '186', '475', '178', '467', '463', '473', '177', '470', '469', '196']
['270', '284', '279', '273', '278', '280', '19', '269', '285', '267', '483', '274', '282', '266', '272', '264', '277', '271', '265', '275', '283', '45', '276', '268', '281']
['341', '336', '331', '345', '348', '330', '334', '335', '340', '342', '351', '346', '338', '350', '344', '332', '347', '343', '339', '349', '333']
['211', '207', '213', '205', '198', '216', '214', '208', '212', '209', '202', '200', '218', '204', '203', '199', '217', '219', '206', '210', '201', '215']
['14', '389', '1', '8', '355', '367', '368', '10', '11', '21', '3', '363', '356', '20', '16', '9', '13', '286', '364', '360', '366', '6', '5', '361', '18', '163', '4', '372', '290', '17', '0', '7', '354', '352', '12', '365', '15', '2']
['138']
['370', '359', '353', '362', '369', '373', '371', '358']
['91', '101', '55', '90', '105', '96', '109', '89', '95', '57', '46', '104', '94', '93', '103', '108', '99', '88', '100', '61', '106', '59', '92', '114', '107', '98', '97', '52', '102']
