['283', '0', '6', '7', '10', '12', '14', '21', '27', '30', '31', '40', '53', '71', '73', '74', '77', '80', '89', '91', '103']
['311', '134', '182', '200', '234', '237', '256', '272', '273', '275', '281', '285', '289', '393', '333', '401', '339', '428', '442', '327', '449']
['337', '1', '8', '17', '18', '22', '36', '42', '43', '45', '46', '54', '57', '60', '62', '66', '68', '79', '86', '88', '100']
['315', '149', '196', '239', '287', '301', '361', '357', '358', '388', '433', '394', '419', '375', '355', '209', '437']
['210', '13', '19', '23', '24', '25', '32', '38', '47', '56', '265', '64', '70', '75', '78', '82', '83', '90', '95', '99', '101']
['364', '113', '175', '205', '232', '255', '263', '277', '282', '290', '291', '292', '313', '317', '320', '323', '340', '341', '344', '346', '348']
['378', '2', '15', '33', '34', '37', '50', '65', '69', '85', '87', '94', '102', '116', '117', '118', '120', '122', '123', '131', '132']
['245', '353', '298', '334', '321', '426', '416', '453', '444', '368', '352', '400', '420', '390']
['350', '97', '11', '26', '44', '49', '59', '63', '76', '9', '104', '112', '114', '125', '127', '154', '155', '156', '159', '161', '165']
['351', '222', '233', '248', '270', '286', '294', '303', '314', '336', '349', '404', '398', '360', '455', '439', '412', '359', '383', '446', '427']
['268', '3', '48', '51', '81', '106', '111', '124', '126', '136', '139', '140', '143', '162', '166', '167', '174', '187', '189', '190', '192']
['395', '307', '382', '413', '454', '312', '407']
['308', '16', '20', '28', '29', '35', '84', '96', '105', '108', '109', '110', '119', '138', '146', '147', '148', '153', '168', '176', '178']
['274', '201', '203', '217', '252', '309', '408', '338', '342', '296', '374', '319', '430', '385', '452', '322', '436', '376', '318', '391', '414']
['440', '107', '115', '130', '137', '141', '144', '145', '151', '152', '157', '158', '164', '169', '183', '185', '199', '204', '214', '215', '216']
['441', '363', '379', '409', '392']
['438', '4', '55', '67', '93', '121', '129', '133', '135', '142', '179', '180', '193', '202', '208', '211', '213', '218', '219', '226', '228']
['387', '264', '279', '297', '304', '305', '356', '362', '366', '367', '370', '377', '380', '384', '445', '389', '415', '417', '397', '431', '421']
['435', '39', '92', '128', '191', '194', '206', '207', '212', '227', '229', '230', '231', '235', '240', '241', '242', '243', '244', '251', '254']
['335', '410']
['195', '72', '98', '160', '163', '171', '177', '184', '418', '424', '328', '325', '411', '429', '399', '238', '425', '331', '302', '403', '432']
['450', '224', '288', '293', '299', '310', '332', '343', '347', '365', '372', '373', '381', '402', '405', '406', '423', '447', '448', '456', '250']
['422', '5', '41', '52', '58', '172', '173', '186', '223', '225', '236', '246', '247', '257', '258', '260', '267', '271', '278', '280', '284']
['329', '170', '259', '295', '300', '345', '369', '386', '371', '434', '443', '451', '354']
['396', '150', '181', '188', '197', '198', '220', '221', '249', '253', '261', '262', '61', '266', '269', '276', '306', '316', '324', '326', '330']
