['44', '86', '483', '304', '220', '77']
['87', '126', '178', '276', '377', '467', '123', '281', '439', '417', '339']
['17', '350', '62', '133', '160', '287', '321', '438', '487', '346', '95', '428']
['27', '230', '234', '376', '247']
['463', '146', '196', '245', '204', '265', '138']
['274', '272', '343', '391', '473', '437']
['172', '209', '216', '354', '398', '285', '252', '243']
['70', '416', '444', '18', '228', '0']
['404', '317', '213', '345', '149', '433']
['388']
['496', '472', '351', '19', '222']
['283', '2', '197', '210', '342', '415', '229', '261']
['60', '125', '168', '205', '246', '340', '1', '300', '218', '21']
['208', '42', '242', '475', '493', '441', '411', '422', '217']
['397', '132', '328', '336', '59', '305']
['386', '75', '227', '331', '406', '384', '341', '189']
['373', '400', '22', '275', '312', '389', '429', '370', '235', '291', '353']
['32', '367', '92', '98']
['54', '40', '412', '423']
['143', '13', '119', '139', '199', '225', '469', '263', '231', '251', '292']
['177', '97']
['449', '284', '84', '256', '294']
['378', '38', '41', '101', '344']
['315', '8', '124', '203', '244', '308', '249']
['3', '47', '76', '81', '277', '57']
['56', '5', '254', '255', '372', '440', '450', '455', '211']
['306', '259', '192', '50']
['161', '170', '165']
['459', '58', '118', '436', '195']
['307', '289', '147', '169', '194', '219', '187', '427', '403']
['107', '51', '93']
['191', '36', '311', '460', '466', '490', '85']
['385']
['282', '278', '348', '359', '445', '91', '465', '23']
['393', '29', '152', '198', '268', '447']
['212', '113', '180', '182']
['316', '66', '89']
['269', '186', '302', '355', '241']
['394', '53', '64', '167', '253', '88', '214', '319']
['492', '12', '33', '111', '290', '366', '224', '162']
['392', '43']
['349', '110', '184', '326', '420', '207']
['267', '34', '39', '262', '479']
['106', '131', '478', '480', '323']
['365', '114', '369', '174', '237', '130', '112', '78']
['476', '498']
['313', '116', '363', '464', '135', '55', '109']
['20', '73', '99', '164', '337', '405', '499', '15', '419']
['142']
['461', '151', '364', '333', '221', '264']
['68', '173', '179', '233', '309', '318', '362', '257', '481', '458']
['122', '335', '494', '293', '80', '418']
['129', '188', '215', '271', '327', '491', '61']
['431', '14']
['325', '25', '236', '301', '471', '6']
['157']
['425', '273', '320']
['457', '11', '115', '381', '330', '74']
['446', '69', '94', '128', '96']
['409', '9', '16', '347', '454']
['477', '10', '31', '134']
['176', '297', '357', '103']
['334', '71', '153', '201', '324', '332', '368']
['358']
['37', '79', '250', '270', '434', '144', '248']
['239', '137', '462', '49', '232']
['360', '108', '150', '154', '296', '435', '166']
['424', '30', '395', '303']
['200', '52', '100', '468', '361']
['474', '82', '117', '338', '495', '48', '322']
['295', '67', '382', '390', '288', '102']
['484', '356', '402', '451', '299']
['183', '226']
['206', '375', '410', '352', '374', '413']
['120']
['448', '260', '329', '383', '497']
['35']
['127', '163']
['193', '421', '379']
['280', '26']
['136', '453', '65', '83', '310', '432', '279', '314']
['185', '286', '238']
['482', '470', '105', '426', '443']
['407', '408', '485', '140']
['90', '148', '202', '380', '266', '414']
['298', '190', '258']
['171', '46', '4', '141']
['145', '430', '104']
['452', '223', '240']
['399', '396', '401', '442', '24', '488']
['371']
['159', '181', '486', '175']
['72', '158']
['156', '155']
['489']
['7']
['63', '387']
['121']
['45', '28', '456']
