['229', '492', '23', '57', '73', '97', '123', '136', '154', '169', '223', '332', '354', '361', '380', '419', '423', '429', '430', '217', '105', '201', '207', '208', '209', '212', '213', '214', '215', '477']
['210', '416', '1', '3', '5', '7', '9', '13', '16', '19', '20', '25', '27', '28', '30', '32', '34', '46', '51', '52', '54', '55', '59', '61', '63', '65', '68', '70', '72', '74']
['44', '483', '488']
['498', '428', '0', '2', '6', '8', '10', '11', '12', '14', '15', '17', '18', '22', '24', '26', '29', '33', '35', '36', '38', '39', '40', '41', '45', '47', '48', '49', '50', '53']
['257', '489', '171', '219', '327', '357', '389', '487', '474']
['321', '387', '4', '37', '42', '62', '67', '69', '78', '79', '81', '82', '84', '85', '88', '90', '91', '92', '93', '94', '100', '101', '103', '104', '106', '107', '108', '110', '112', '113']
['202', '466', '244', '497', '341', '339', '345']
['342', '472', '148', '251', '319', '376', '396', '407', '427', '445', '458', '234', '224', '225', '227', '230', '231', '233', '452', '453', '238', '246', '468', '80', '261', '473']
['485', '296', '115', '118', '151', '163', '188', '195', '199', '222', '239', '242', '243', '245', '278', '284', '287', '293', '294', '295', '384', '432', '388', '406', '390', '394', '398', '400', '401', '405']
['391', '122', '334', '124', '127', '128', '134', '157', '175', '476', '196', '495']
['368', '177', '129', '133', '162', '172', '174', '176', '271', '279', '436', '302', '179', '308', '313', '437', '324', '438', '439', '440', '340', '185', '442', '355', '356', '358', '444', '375', '378', '383']
['392', '496', '240', '328', '335', '348', '478', '135', '253', '460']
['31', '285', '86', '117', '120', '138', '147', '150', '173', '190', '211', '216', '235', '236', '241', '249', '275', '277', '280', '281', '282', '283', '286', '289', '291', '292', '312', '347', '353', '455']
['303', '203', '139', '191', '204', '206', '490', '247', '254', '481', '250']
['386', '264', '60', '71', '114', '168', '183', '189', '194', '220', '248', '256', '258', '259', '260', '262', '265', '267', '268', '269', '273', '274', '297', '372', '385', '397', '399', '402', '403', '404']
['336', '475', '64', '290', '263', '98', '272', '471', '484']
['309', '143', '77', '142', '316', '318', '323', '338', '463', '349', '350', '362', '367', '377', '381', '149', '144', '145', '146', '408', '409', '411', '412', '414', '415', '417', '418', '165', '166', '424']
['180', '167', '76', '164', '491', '252', '465']
['359', '434', '21', '58', '66', '75', '87', '89', '96', '99', '102', '116', '121', '125', '126', '130', '131', '132', '141', '153', '155', '156', '159', '160', '170', '178', '182', '184', '187', '193']
['494', '315', '479', '317', '320', '351', '486', '480']
['276', '152', '266', '270', '158', '422', '421', '426', '181', '446', '448', '449', '322', '451', '198', '454', '200', '459', '205', '450', '457', '221', '443', '425', '447', '382', '493', '330', '337', '343']
['301', '464', '95', '137', '232', '255', '306', '311', '344', '352', '461']
['56', '300', '83', '192', '197', '226', '228', '237', '288', '298', '299', '304', '305', '307', '314', '329', '346', '364', '379', '395', '410', '413', '435', '441', '326', '310', '325', '482']
['43', '467', '363', '109', '333', '111', '119', '140']
['462', '369', '161', '186', '218', '365', '366', '393', '370', '371', '373', '374', '420', '431', '433', '456', '469', '470', '331', '499', '360']
