['486', '0', '241', '4', '5', '7', '8', '12', '17', '18', '19']
['388', '227', '231', '245', '257', '258', '266', '267', '269', '271', '272']
['54', '1', '3', '10', '11', '13', '15', '214', '20', '332', '26']
['435', '334', '100', '404', '416', '2', '419', '420', '421', '422', '423']
['280', '485', '14', '22', '23', '29', '30', '34', '393', '37', '40']
['326', '253', '259', '264', '268', '131', '278', '281', '282', '283', '284']
['363', '9', '33', '42', '43', '46', '380', '48', '49', '52', '57']
['493', '464', '476', '482', '484', '487', '489', '490', '491', '494']
['203', '25', '31', '38', '39', '44', '55', '56', '58', '59', '60']
['333', '277', '285', '290', '292', '293', '294', '295', '195', '298']
['236', '21', '27', '32', '36', '50', '61', '63', '64', '65', '66']
['442', '410', '413', '415', '418', '426', '467', '430', '432', '368', '438']
['41', '62', '69', '70', '74', '77', '78', '80', '83', '84', '85']
['455', '274', '276', '286', '288', '289', '291', '297', '303', '163', '306']
['178', '53', '67', '71', '72', '76', '79', '82', '87', '88', '89']
['287']
['329', '51', '73', '75', '81', '90', '217', '98', '99', '399', '102']
['394', '260', '300', '386', '311', '315', '317', '318', '324', '325', '327']
['340', '28', '45', '68', '86', '95', '105', '106', '109', '110', '111']
['477', '414', '425', '450', '453', '456', '461', '466', '469', '473', '479']
['471', '91', '94', '96', '47', '103', '104', '120', '113', '116', '112']
['328', '308', '313', '316', '330', '331', '24', '335', '338', '343']
['424', '107', '115', '117', '118', '119', '124', '126', '128', '129', '130']
['468', '470', '497', '499']
['149', '93', '114', '121', '127', '134', '137', '141', '143', '145', '146']
['323', '304', '312', '314', '220', '322', '345', '348', '350', '351']
['447', '97', '125', '270', '132', '133', '136', '138', '142', '144', '150']
['472', '407', '412', '427', '428', '440', '443', '444', '445', '446', '232']
['320', '123', '140', '152', '153', '156', '162', '305', '165', '167', '168']
['433', '302', '307', '319', '337', '341', '344', '346', '347', '353', '356']
['279', '108', '122', '135', '147', '148', '154', '159', '160', '164', '170']
['474', '354']
['301', '151', '157', '166', '171', '173', '174', '179', '181', '182', '184']
['16', '299', '339', '349', '355', '357', '358', '361', '362', '365', '366']
['481', '155', '158', '169', '172', '175', '185', '191', '192', '201', '196']
['6', '431', '385', '437', '255', '463', '465', '475', '478', '480', '483']
['374', '161', '176', '177', '186', '187', '190', '193', '197', '198', '199']
['409', '359', '360', '364', '370', '372', '373', '375', '376', '379', '381']
['336', '180', '188', '189', '296', '207', '213', '218', '219', '225', '226']
['321']
['228', '200', '194', '204', '209', '210', '212', '215', '234', '92', '221']
['457', '434', '377', '378', '384', '436', '309', '389', '390', '391', '392']
['342', '202', '205', '206', '208', '139', '222', '223', '224', '229', '230']
['495', '441', '448', '454', '458', '459', '460', '429', '488', '492', '498']
['310', '183', '400', '449', '235', '237', '238', '239', '240', '242', '244']
['439', '352', '367', '369', '371', '101', '382', '396', '451', '398', '402']
['249', '211', '233', '216', '248', '252', '254', '256', '261', '262', '263']
['395']
['452', '417', '243', '246', '247', '250', '251', '397', '265', '273', '275']
['462', '383', '387', '35', '496', '401', '403', '405', '406', '408', '411']
