['224', '200', '220', '218', '205', '202', '217', '209', '206', '207', '211', '215', '212', '214', '204', '203', '210', '213', '219', '208']
['21', '38', '33', '31', '27', '34', '22', '37', '23', '30', '26', '40', '24', '20', '35', '29', '36', '32', '28']
['13', '6', '9', '12', '19', '4', '16', '18', '14', '10', '1', '11', '8', '3', '25', '15', '2', '7', '17', '400']
['299', '305', '313', '315', '314', '310', '324', '302', '307', '317', '303', '309', '301', '318', '316', '306', '311', '319', '308', '312']
['266', '274', '264', '261', '285', '271', '273', '280', '269', '272', '277', '262', '275', '276', '267', '263', '268', '278', '270']
['380', '369', '370', '365', '372', '361', '367', '364', '375', '373', '376', '368', '371', '384', '377', '366', '379', '374', '363']
['89', '99', '81', '96', '90', '87', '104', '86', '76', '82', '94', '100', '98', '88', '93', '85', '95', '92', '84']
['102', '119', '106', '112', '108', '120', '103', '110', '107', '125', '111', '113', '118', '109', '101', '105', '97', '117', '115', '114']
['180', '167', '163', '183', '172', '164', '174', '166', '171', '170', '162', '165', '173', '176', '178', '179', '168', '169', '175']
['187', '190', '199', '193', '195', '194', '192', '186', '198', '189', '184', '201', '185', '188', '181', '196', '197', '182', '177']
['292', '298', '287', '289', '296', '291', '279', '297', '284', '295', '290', '283', '281', '293', '300', '286', '304', '294', '282', '288']
['50', '46', '62', '54', '57', '60', '49', '52', '45', '56', '51', '58', '43', '47', '53', '48', '42', '41']
['149', '141', '147', '148', '144', '154', '146', '156', '155', '151', '161', '143', '150', '152', '159', '136', '153', '145', '157', '158']
['39', '338', '320', '55', '260', '191', '5', '59', '44']
['341', '349', '358', '350', '359', '343', '362', '348', '345', '356', '354', '355', '352', '360', '351', '353', '342', '346', '347']
['226', '222', '221', '233', '237', '227', '230', '229', '238', '234', '232', '244', '231', '216', '240', '223', '225', '236', '235']
['383', '385', '388', '399', '386', '378', '398', '396', '389', '395', '381', '390', '394', '392', '391', '382', '387', '397', '393']
['127', '132', '121', '134', '137', '123', '126', '133', '140', '139', '130', '124', '129', '122', '116', '138', '135', '131', '128']
['335', '332', '325', '326', '344', '333', '331', '322', '328', '337', '339', '334', '323', '330', '327', '321', '336', '340', '329']
['257', '246', '248', '265', '256', '251', '254', '242', '259', '241', '250', '252', '243', '255', '253', '249', '258', '239', '245', '247']
['142', '160', '228', '91']
['77', '69', '73', '70', '63', '68', '67', '75', '83', '72', '65', '78', '71', '74', '80', '79', '357', '64', '66', '61']
