['376', '446', '409', '6', '9', '11', '14', '329', '378', '17', '19', '21', '24', '27', '28', '29', '31']
['343', '370', '454', '456', '76', '478', '476', '495', '496', '497', '348']
['490', '0', '7', '12', '22', '23', '33', '35', '36', '498', '39', '42', '43', '44', '45', '47', '54', '46']
['483', '469', '473', '485', '486', '488', '174', '493', '494', '26', '82', '227']
['402', '4', '8', '13', '25', '283', '18', '40', '41', '37', '341', '52', '55', '56', '61', '65', '67']
['451', '166', '430', '342', '420']
['240', '265', '20', '32', '53', '259', '75', '77', '80', '86', '92', '93', '87', '94', '97', '106']
['418', '388']
['10', '30', '296', '63', '60', '72', '79', '81', '83', '95', '96', '100', '103', '105', '109', '110', '118']
['350', '273']
['245', '89', '244', '68', '74', '57', '98', '102', '111', '112', '113', '117', '121', '124']
['365', '194', '211', '277', '232']
['397', '58', '84', '149', '119', '122', '140', '1', '129', '131', '132', '134', '136', '137', '115', '141']
['433', '69', '314', '15']
['444', '70', '73', '107', '125', '126', '133', '139', '143', '151', '153', '170', '157', '161', '474', '162', '163']
['383', '49', '471', '145', '50']
['393', '62', '85', '99', '130', '138', '148', '150', '160', '165', '368', '156', '172', '180', '182', '183', '184', '186']
['230', '88']
['300', '142', '146', '147', '152', '154', '155', '175', '463', '176', '187', '188', '189', '190', '191', '192', '195']
['346']
['198', '108', '168', '169', '171', '173', '196', '197', '372', '193', '201', '205', '207', '208', '209', '214', '215']
['395', '236', '437']
['328', '71', '159', '203', '204', '213', '220', '222', '225', '123', '233', '235', '238', '242', '447', '59', '477']
['78']
['164', '179', '181', '206', '120', '212', '218', '219', '226', '221', '229', '241', '249', '250', '251']
['337', '91']
['489', '178', '200', '246', '247', '248', '252', '253', '257', '66', '261', '263', '264', '2', '266', '268', '270']
['202', '64']
['144', '167', '234', '256', '258', '271', '272', '385', '274', '275', '280', '484', '282', '286', '287', '288', '290']
['114', '48', '399']
['415', '223', '224', '237', '254', '260', '262', '267', '276', '284', '285', '292', '294', '295', '297', '299', '127']
['278', '158', '104']
['289', '239', '255', '279', '291', '293', '51', '298', '301', '302', '303', '304', '305', '306', '307', '308', '311']
['185']
['309', '313', '312', '315', '316', '317', '318', '319', '320', '321', '322', '323', '325', '327', '330', '332']
['217']
['16', '331', '334', '335', '336', '338', '340', '344', '347', '355', '357', '359', '360', '361', '362']
['387', '326', '487']
['310', '281', '324', '349', '101', '354', '358', '367', '371', '374', '373', '210', '380', '381', '389', '391']
['34', '243']
['482', '333', '351', '352', '353', '356', '366', '416', '379', '384', '403', '406', '408', '3', '422']
['228', '216']
['492', '363', '364', '377', '390', '5', '386', '394', '396', '398', '401', '405', '411', '414', '417', '423', '424', '425']
['116', '199', '345']
['339', '382', '392', '407', '38', '413', '404', '369', '421', '426', '432', '434', '438', '439', '440', '442']
['375', '428']
['461', '400', '419', '427', '436', '441', '135', '445', '231', '449', '450', '452', '455', '459', '460', '462', '177', '464']
['412', '410', '90', '465', '269']
['431', '429', '435', '443', '128', '448', '453', '457', '458', '499', '466', '467', '468', '470', '472', '475', '491', '479', '480']
['481']
