['281', '387', '269']
['348', '186', '139', '256', '493', '132']
['94', '264', '9', '219', '2']
['294', '375', '23', '296', '312', '298', '109']
['248', '245', '344', '347', '276', '315', '166', '343', '349', '319', '376']
['239', '422', '250']
['247', '397', '35', '37', '195', '189', '190']
['218', '107', '309']
['105', '284', '111', '151']
['102', '82', '98', '29']
['134']
['168', '174', '170', '30', '429', '28', '89', '172', '401', '152', '44']
['214', '104', '235', '169', '55']
['346', '328', '242', '33']
['200']
['97', '80', '91', '93']
['412', '271', '137', '96', '125', '410', '406']
['386', '495', '385', '416', '159', '233', '234', '231', '158', '389', '154', '156', '390']
['405']
['275', '216', '490', '358', '496', '210', '492', '439', '409', '211']
['383', '331', '258', '380']
['336', '49', '342', '338', '369', '52', '475', '407', '469', '339', '471']
['240', '238', '327', '244', '398']
['164', '453', '461', '68', '446']
['417', '306', '466', '394', '301', '413', '303', '123']
['293', '138']
['268', '310', '90', '435']
['249', '489', '491', '74', '485', '487', '71', '70', '483']
['246', '455', '459']
['162', '326', '355', '442', '449', '62', '120']
['286', '488', '142', '40']
['173', '299', '243', '460', '474', '47', '131', '222', '208', '180', '201', '362', '404', '341', '236', '418', '5', '432', '257', '194', '481', '103', '285', '278', '117']
['205', '403', '399', '456']
['136', '419', '160', '251']
['494', '438']
['198', '302', '41']
['415', '305', '179', '78', '265']
['27', '381', '314', '359']
['228', '237', '64', '39']
['147', '367', '148', '72', '153', '144']
['58', '333', '56', '61', '334', '32', '329', '388']
['191', '43', '451', '297', '46', '122', '42', '337']
['121', '119', '124', '110']
['83', '458', '77']
['130', '464', '184', '307', '261', '289', '263', '126', '259', '187', '182', '127', '54']
['321', '454', '356', '448', '128', '452']
['332', '436', '437', '161', '163', '323', '440', '167', '434']
['457', '31', '360']
['270', '379', '378', '384', '224', '396', '229', '382']
['34', '377', '371', '373']
['185', '38', '213', '353', '66', '462', '108', '177', '227', '318', '115', '423', '87', '45', '486', '472', '192', '395', '150', '3', '465', '468', '59', '311', '283', '262', '86', '402']
['11', '12', '20', '8', '308', '313', '81', '300', '7']
['391', '48']
['421', '95', '420', '176', '467', '183', '175', '411', '178']
['101', '13', '295', '470', '10']
['320', '273', '274', '193', '279', '73']
['351', '171', '155', '354', '350', '424', '352', '479', '106']
['477', '427', '476', '430', '433', '266', '272', '17', '60']
['57', '463', '196', '22', '484', '370', '408', '368', '288', '204', '400', '232', '202', '92', '366', '199', '197', '99', '267', '330', '364', '428', '50', '212', '260', '149', '225', '0', '15', '1', '113', '414', '316']
['76', '374', '4', '140', '6', '290', '146']
['18', '255', '116', '112', '19', '226', '304', '14', '252', '16', '254', '325', '145', '114']
['473', '143', '209', '203', '206', '450', '215']
['277', '431', '157']
['441', '317', '443', '447', '445']
['287', '129', '291', '221', '292']
['365', '393', '392', '426', '230', '181']
['79', '75', '340', '345']
['478', '241']
['280', '324', '363', '361', '357', '322', '188', '165', '282']
['372', '480', '444', '36', '335']
['141', '220', '217', '25', '223', '207']
['24', '21', '51', '100', '26']
['84', '135', '65', '63', '88', '67', '85', '118', '69', '133']
['53', '253', '482', '425']
