['251']
['233', '332', '152']
['199', '381']
['86']
['364', '5', '208']
['308', '333', '361', '317', '60', '48', '118', '122', '212']
['18', '299', '259', '375', '108', '379', '224', '323']
['37', '368', '230', '62']
['359', '61', '175']
['105', '164', '66', '315', '91']
['213', '395', '140']
['276']
['356']
['113', '330', '47', '289', '358', '182', '341', '94', '238']
['40', '202']
['1']
['126']
['104', '19', '247']
['171', '286', '7', '298', '149']
['121', '353', '55', '96']
['216', '221', '211', '107', '90', '57']
['136', '143', '179', '49', '72', '53', '32', '210']
['116']
['283', '252']
['249', '183', '127', '331', '139', '275', '131', '170', '357', '102']
['174']
['377', '292', '10', '394', '26', '314']
['39', '54', '31', '261', '100', '316', '393', '172', '169']
['214', '253', '138', '30', '110', '327', '45', '294', '135', '56']
['133']
['20']
['397', '141', '260', '277', '284', '201', '320']
['351', '155', '17', '204', '390', '218', '87', '42', '234']
['158', '338', '344', '134', '336', '162', '0', '369', '399']
['85', '350', '264', '192', '198']
['81']
['59']
['144', '271']
['342', '161', '64', '63', '191', '372', '240', '71', '114']
['67']
['321', '205']
['285', '215', '132', '34', '220', '280', '151', '339']
['29', '288', '225', '168', '354', '374']
['159', '180', '396', '366']
['378']
['186', '223', '254', '200', '313', '273', '384', '232']
['77', '302', '95']
['278']
['296']
['348', '203', '125', '187', '184', '73']
['295', '362', '373', '270', '263', '236', '154', '130', '322']
['385', '68', '11', '92', '78']
['312', '163', '391', '371', '51']
['360', '148']
['269', '245']
['194']
['80', '340', '382', '195', '392', '370', '46']
['137', '301', '197', '367', '229']
['347']
['328', '329', '386', '117', '101', '389', '241', '89']
['304', '27', '326', '190', '217', '79']
['166', '334']
['84', '35', '142', '239', '346', '318', '28', '293', '255']
['311', '25', '268', '349', '128']
['58']
['267']
['120', '82', '76', '16', '146', '388', '153', '69', '226']
['282']
['124', '111', '65', '305', '237', '376', '306']
['219']
['6', '129']
['33']
['196']
['193']
['319']
['244', '363', '13', '303']
['167', '307', '176', '343', '4']
['36']
['44']
['165']
['274', '248', '325', '222', '93', '188', '8', '14']
['337']
['177', '227', '156', '145', '345', '38', '2']
['115', '106', '310', '173', '123', '256', '365', '383', '258']
['387']
['242']
['70', '3', '75', '265', '21', '12', '235', '279', '291']
['99', '335']
['243', '300', '290', '88', '189', '41', '185']
['324']
['98', '209', '9', '297', '23', '160', '150', '15', '398']
['52', '272', '157', '178']
['266']
['24']
['50']
['207']
['262', '257', '97', '281']
['309', '119', '352', '22', '43', '228', '103', '112']
['250', '109', '147', '83']
['181', '287', '355', '380', '74', '246', '206', '231']
