['240', '480', '400', '472', '291', '297', '223', '334', '150', '196', '322', '76', '444', '377', '186', '419', '200']
['152', '51', '2', '133', '285', '109', '172', '408', '72', '5', '311', '279', '55', '476', '173', '40', '482']
['470', '115', '326', '202', '216', '464', '1', '68', '261', '160', '41', '45', '230']
['208', '199', '293', '359', '278', '96', '95', '378', '24', '368', '469', '89', '275', '91', '117', '319']
['264', '136', '129', '222', '241', '12', '425', '321', '493', '149', '8']
['375', '81', '25', '294', '485', '128', '83', '176', '125', '478', '345']
['102', '325', '431', '39', '134', '336', '496', '479', '286', '233', '486', '310', '307', '130']
['253', '392', '477', '192', '6', '466']
['119', '281', '440', '209', '141', '69', '203', '184', '452', '62']
['412']
['346', '165', '191', '339', '394', '436', '372', '280', '58', '422', '396', '432', '423', '354']
['18', '86', '38', '411', '155', '348']
['338', '21', '46', '251', '374', '105', '154', '53', '497', '174', '157', '290', '31']
['244', '403', '309', '271', '13', '382', '254', '229', '97', '11', '54', '274']
['390', '410']
['145', '135', '144', '461', '48', '270', '402', '153', '258', '312', '256', '383', '424', '317', '387', '59']
['195', '47', '314', '487', '364', '287', '295', '265', '356', '228', '433', '266', '22', '437', '194']
['441', '351', '158', '343', '34', '385', '28', '205', '218', '268', '156', '52', '247', '113', '225']
['276', '121', '64', '397', '210', '455', '448', '365', '306', '369', '93', '483', '463', '188', '87', '489']
['467']
['212', '171', '33', '166', '189', '75', '232']
['234', '77', '296', '226']
['414']
['168']
['350']
['126', '415', '82', '44', '363', '259', '231', '179', '50', '57', '454', '7']
['331', '108', '227', '443', '349', '288', '85', '169', '61', '16', '252', '388', '308', '492', '391']
['260', '468', '401', '283', '118', '491', '211', '458', '224', '289', '426', '15', '106', '67', '104']
['214', '353', '407', '273', '217', '445', '35', '206', '481']
['140', '494', '236', '3']
['180', '358', '23', '366', '498', '84', '373', '475']
['332', '335', '330', '30', '78', '148', '198']
['221', '367', '193', '446', '300', '27', '215', '499', '267', '399', '439', '428', '451', '447', '60', '143']
['138']
['328', '298', '220', '175', '112']
['449', '381', '74', '471', '429', '299']
['323', '19', '438', '132', '257', '263', '92', '277', '245', '380', '269', '4', '164', '384', '362', '139']
['137']
['242', '90', '301', '73', '246', '255', '127', '36', '120', '114', '79', '450', '420', '111', '395', '187', '341']
['170', '197', '370', '413', '262', '116', '201', '473', '430', '177', '94', '304', '404']
['442', '161', '183', '406', '409', '484', '204', '459', '435']
['416', '238', '465', '80', '427', '352', '9']
['190', '405', '360', '123', '213']
['282', '344', '88', '43', '237', '347', '49', '131', '167', '474', '37', '305', '340', '318', '56', '219']
['248', '63', '185', '327', '249', '490', '302', '355', '329', '272', '151', '379', '182']
['357', '371', '495', '14', '320', '29', '101', '110', '462', '70']
['457', '207', '386', '181', '453', '421', '376', '178', '324', '100', '146', '434', '142', '103', '42', '284']
['303', '417', '99', '488', '65', '66', '17', '20', '107', '10', '313', '124', '122', '26', '361', '0', '456', '398']
['239', '32', '162']
['243', '315', '316', '147', '98', '333', '393', '337', '292', '159', '235', '71', '250', '163', '418', '342', '389', '460']
