['142', '254', '76', '149', '346', '180', '239', '356', '223', '376', '280', '124', '221', '397', '214', '72', '455', '420', '324', '146', '313', '45', '105']
['75', '227', '66', '119', '87', '148', '39', '108', '472', '139', '361', '169', '20', '288', '372', '321', '427', '171', '407', '174', '54', '88', '357']
['152', '41', '425', '216', '185', '43', '325', '137', '244', '384', '480', '233', '265', '405', '386', '188', '193', '262', '399', '82', '352', '415', '113']
['345', '387', '229', '94', '69', '33', '464', '351', '312', '200', '182', '449', '441', '206', '339', '348', '276', '453', '470', '347', '138']
['331', '282', '52', '97', '305', '55', '161', '469', '355', '6', '315', '291', '340', '273', '286', '86', '208', '330', '141', '444', '91', '36']
['192', '242', '123', '201', '298', '404', '209', '101', '447', '382', '1', '104', '410', '333', '110', '167', '460', '343', '17', '311', '4', '457']
['354', '253', '202', '59', '109', '230', '308', '40', '205', '379', '12', '80', '335', '266', '115', '385', '248', '27', '294', '68', '292', '228', '421']
['465', '222', '198', '143', '211', '107', '451', '140', '213', '61', '232', '35', '300', '332', '151', '96', '170', '8', '283', '275', '458', '28']
['320', '102', '13', '484', '477', '103', '459', '63', '479', '364', '81', '416', '362', '295', '112', '50', '303', '483', '187']
['344', '411', '474', '456', '67', '431', '277', '153', '392', '29', '135', '184', '120', '234', '125', '48', '25', '371', '463', '338', '481', '70']
['93', '314', '394', '159', '445', '433', '154', '406', '297', '350', '429', '359', '155', '190', '370', '440', '309', '179', '390', '426', '65', '366', '327']
['136', '225', '257', '117', '478', '401', '57', '14', '378', '173', '9', '100', '423', '199', '436', '260', '64', '388', '111', '145', '157', '106']
['299', '422', '264', '398', '452', '296', '353', '448', '367', '92', '454', '122', '89', '413', '400', '380', '316', '247', '432', '95', '42', '207', '278']
['270', '177', '363', '19', '11', '235', '255', '7', '129', '73', '178', '62', '116', '326', '127', '237', '437', '51', '175', '144', '261', '317']
['32', '98', '358', '131', '435', '377', '204', '194', '133', '393', '238', '84', '231', '256', '267', '402', '132', '78', '189', '241', '467']
['417', '83', '196', '160', '191', '2', '287', '24', '391', '220', '302', '485', '172', '259', '439', '285', '396', '49', '375', '90', '438']
['85', '430', '418', '44', '395', '21', '365', '210', '30', '251', '181', '476', '389', '249', '79', '381', '258', '197', '373', '236', '318', '368', '319']
['446', '329', '412', '414', '466', '162', '307', '150', '293', '450', '147', '409', '272', '482', '71', '53', '428', '99', '408', '163', '126', '306', '374']
['38', '281', '269', '158', '243', '217', '15', '224', '165', '166', '34', '226', '58', '328', '383', '156', '337', '164', '250', '271', '245', '369']
['130', '323', '252', '77', '268', '279', '468', '322', '360', '218', '195', '128', '349', '215', '176', '341', '74', '419', '118', '342']
['46', '22', '424', '219', '56', '301', '240', '336', '289', '304', '443', '16', '186', '274', '434', '290', '461', '462', '475', '60', '246', '263']
['31', '10', '5', '3', '18', '134', '334', '471', '473', '114', '37', '310', '442', '212', '403', '121', '183', '168', '47', '26', '284', '203', '23']
