['151', '76', '166', '300', '182', '127', '43', '27', '164', '13', '101', '262', '294', '169', '70', '33', '286', '3', '194']
['107', '221', '7', '112', '186', '266', '218', '189', '34', '222', '148', '150', '48', '106', '155', '233']
['143', '270', '197', '5', '281', '79', '183', '255', '126', '64', '90', '61', '284', '282']
['199', '247', '232', '195', '36', '73', '259', '154']
['72', '77', '269', '172', '161', '160', '44', '56', '138', '37', '144', '241', '295', '158', '129', '278', '214', '94']
['20', '35', '130', '117', '29', '231', '258', '95', '242', '210', '283', '206']
['223', '220', '207', '236', '105', '276', '264', '109', '60', '22', '58', '267', '53', '287', '51', '251', '2', '159', '217', '177', '273', '12']
['71', '89', '289', '125', '122', '290', '293', '133', '224', '116', '123', '162', '226', '42', '10']
['28', '98', '167', '271', '252', '173', '108']
['243', '136', '31', '6', '9', '168', '120', '137', '237', '185']
['111', '21', '176', '134', '103', '97', '26', '184', '11', '234', '180', '196', '45', '14', '140', '291', '250', '179', '212', '191']
['238', '69', '263', '146', '82', '86', '8', '110', '131', '208', '192', '213', '203', '1', '132', '230', '50', '19', '124']
['188', '63', '152', '17', '254', '87', '170', '299', '92', '296', '68', '46', '139', '178', '190']
['115', '248', '57', '157', '261', '229', '268', '265', '153', '215', '171', '85', '16']
['55', '24', '292', '244', '38', '74', '211', '83', '113', '260', '272', '75', '239', '156', '149']
['47', '100', '40', '249', '285', '174', '274', '66', '15', '23', '4', '141', '102', '198', '119', '200', '219', '142']
['78', '121', '256', '277', '165', '91', '279', '209', '62', '202', '104', '81', '227', '88', '245', '52', '128', '80']
['114', '175', '201', '288', '84', '216', '228', '67', '65', '39', '99', '163', '297', '32']
['187', '30', '253', '145', '135', '193', '298', '257', '204', '225', '54', '275', '147', '240', '181', '59', '93', '235']
['205', '96', '49', '280', '25', '118', '41', '246', '18']
