['205', '282', '165', '245', '249', '44', '132']
['86', '122', '9', '218', '100', '45', '255', '262']
['259', '236', '191', '151', '68', '16', '295', '217', '196', '40', '124', '64', '20', '280', '25']
['288', '57', '136', '83', '8', '116', '54', '27']
['55', '190', '66', '297', '229', '181', '2', '149', '87', '203', '194', '123']
['18', '213', '252', '207', '271', '81', '99', '253', '51', '206']
['103', '276', '268', '270', '258', '275', '246', '128', '232', '126', '10']
['238', '38', '233', '72']
['166', '273', '113', '138', '289', '154', '235', '227', '226', '43', '277', '30', '17']
['184', '131']
['170', '237', '200', '296', '173']
['94', '176', '274', '61', '127', '65', '115', '15', '71']
['192', '143', '109', '148', '4', '222', '69', '95', '97', '287', '32', '120', '257', '189']
['160', '239', '135', '177', '269', '26', '130', '242', '110', '47', '140']
['174', '48', '0', '197']
['208', '37', '286', '159', '185', '214', '70', '241', '7']
['204', '75', '107', '298', '221', '251', '101', '264', '137', '260', '41', '162', '77']
['134', '62', '33', '283', '89', '96', '250']
['202', '265', '24', '144', '244', '84', '248', '85', '291', '35', '219', '215', '29', '186']
['172', '88', '14', '91', '193', '102', '119', '158', '187', '254', '92']
['223', '256', '58', '5', '28', '167', '141', '78', '142', '272', '188', '80', '63', '180']
['73', '263', '104', '129', '163', '22', '278', '13', '139']
['150', '243', '6', '228', '117', '46', '209', '224', '1', '178', '284', '82']
['279', '299', '261', '168', '210', '147', '11', '195', '36', '153', '164', '121', '56', '247']
['111', '39', '175', '234', '212', '266', '169']
['106', '216', '98', '114', '112', '31', '294', '199', '52', '152', '108', '79', '198']
['74', '290', '240', '23', '125', '118', '155', '201', '93', '161', '292']
['49', '50', '42', '267', '157', '67', '12', '225', '53', '34', '133', '211', '231']
['146', '183', '179', '220', '60', '19', '3', '230']
['171', '90', '105', '293', '59', '156', '281', '145', '76', '182', '21', '285']
