['61', '12', '4', '57']
['18', '56']
['37', '69']
['208', '236', '197']
['201', '129']
['96', '120']
['139', '227']
['230', '117']
['232', '80']
['134', '73', '1', '112', '144']
['108']
['10', '36']
['192', '103']
['159', '150', '91']
['2', '102']
['77', '157']
['20', '172']
['0', '43']
['211', '225']
['233', '224']
['193', '53']
['163', '162', '107']
['15', '165']
['204', '9', '97']
['64', '51']
['70', '28']
['245', '92']
['135', '30']
['210', '11']
['212', '151']
['14', '17']
['200', '54']
['226', '121']
['213', '59']
['160', '141']
['186', '21']
['179', '34']
['94', '7']
['246', '84']
['181', '89', '198']
['45', '219']
['13']
['105']
['176']
['123']
['142']
['74']
['177']
['62']
['178']
['8']
['133']
['167']
['222']
['223']
['194']
['78']
['106']
['140']
['243']
['85']
['228']
['127']
['149']
['184']
['174']
['65']
['60']
['99']
['180']
['169']
['3']
['71']
['122']
['5']
['88']
['40']
['42']
['124']
['46']
['49']
['216']
['164']
['206']
['101']
['241']
['242']
['187']
['110']
['126']
['215']
['33']
['188']
['207']
['113']
['125']
['220']
['152']
['93']
['95']
['24']
['16']
['158']
['136']
['229']
['128']
['168']
['182']
['156']
['199']
['116']
['148']
['214']
['238']
['82']
['81']
['132']
['86']
['217']
['171']
['191']
['131']
['145']
['35']
['115']
['32']
['130']
['244']
['98']
['38']
['173']
['185']
['202']
['25']
['58']
['146']
['44']
['195']
['72']
['52']
['155']
['114']
['63']
['154']
['67']
['218']
['247']
['138']
['234']
['19']
['23']
['235']
['119']
['27']
['231']
['31']
['26']
['166']
['209']
['29']
['109']
['87']
['205']
['183']
['189']
['66']
['22']
['175']
['76']
['118']
['143']
['237']
['55']
['47']
['221']
['79']
['170']
['111']
['161']
['50']
['248']
['137']
['48']
['39']
['41']
['196']
['100']
['83']
['203']
['153']
['6']
['90']
['249']
['68']
['75']
['147']
['240']
['104']
['239']
['190']
