['227', '5', '182', '82', '99', '117', '185', '171', '234', '299', '304', '308', '306', '286', '290']
['15', '108', '113', '154', '165', '169', '33', '264', '205', '242', '243', '179', '292']
['49', '65', '130', '291', '97', '271', '157', '305', '149', '280', '275', '155', '260', '144', '140']
['262', '8', '26', '222', '61', '148', '163', '172', '226', '255', '288', '295', '136', '285']
['6', '40', '45', '303']
['238', '0', '17', '73', '158', '77', '84', '129', '133', '175', '162', '200', '218', '168', '105']
['164', '31', '178', '122', '128', '202', '269', '173', '209', '274', '279', '213', '37', '214']
['127', '257', '71', '307', '221', '252', '244', '85', '86', '47', '300', '96', '191']
['20', '13', '289', '68', '114', '70', '206', '143', '50', '216', '247', '276', '51']
['38', '9', '25', '198', '296', '298', '75', '109', '53', '277', '151', '309', '126', '134']
['111', '204', '21', '62', '64', '79', '98', '74', '311', '146', '233', '201', '219', '282']
['153', '256', '193', '195', '229', '166', '203', '210', '119', '281', '123', '197']
['270', '52', '57', '236', '215', '228', '235', '259', '287', '267', '58', '42', '310']
['189', '3', '16', '30', '220', '76', '110', '63', '188', '239', '212', '245', '139', '180', '187']
['283', '18', '43', '91', '196', '272', '167', '284', '240', '67', '59', '241', '254', '231']
['107', '92', '94', '100', '224', '115', '302', '211', '116', '150', '183', '2', '186', '253']
['223', '41', '278', '69', '90', '102', '104', '120', '145', '156', '174', '181', '293', '313', '29']
['34', '194', '261', '95', '103', '232', '142', '208', '88', '112', '83', '19', '184', '60']
['78', '4', '12', '32', '35', '72', '80', '124', '137', '141', '246', '138', '294', '273', '48', '23']
['177', '22', '24', '27', '44', '56', '93', '121', '225', '237', '249', '55', '192', '250', '161']
['268', '1', '11', '87', '36', '46', '132', '147', '152', '159', '135', '190', '263', '297', '258']
['170', '10', '28', '54', '217', '89', '101', '118', '125', '131', '301', '176', '312', '230']
['66', '39', '160', '199', '106', '7', '266', '207', '81', '14', '248', '251', '265']
