['grhnknx', 'kvfjhzh', 'skvsmyl', 'hxlagmh', 'uckaokp', 'crmjrbf', 'bhbfrfj', 'aocuywp', 'xdofsvh', 'xxradgz', 'aenkmpt', 'hncniof', 'opcamxc', 'whaalyx']
['qlgkouj', 'wznyiaw', 'lfxhllc', 'nsjgubf', 'upgszso', 'zhdvxfc', 'dsvowko', 'gevooyy', 'pvwdbuk']
['yoqrhdw', 'vvwlixv', 'awftunn', 'pwaalip', 'pjsyeez', 'omyynfi', 'mirwseo', 'dmsftgx', 'lucqgzc', 'bwxgkld', 'emvhlci', 'kpqzpfs', 'uckdnaa', 'jmjdmxv', 'idyyroc']
['bundjpw', 'ynxyoyb', 'dwfazac', 'hfzbxzo', 'wellvsr', 'wmodcaj', 'bkrlzdx', 'oqqfikf', 'vahwsck', 'owvackd', 'vrvkaaa', 'qwcwszq', 'ylnttkr', 'nbftfsb', 'emqikpe']
['mcirxcd', 'jtkovjl', 'kuwyrgr', 'wjosnfy', 'lpzhylm', 'gdkxxon', 'cewygrc', 'bnuxlph', 'aowxwvx', 'rnluyib', 'ymwwchd', 'tjtezbn', 'cutedox', 'drtgipl', 'kolwqja', 'jcoguvu']
['werprzm', 'pcdlpcz', 'yiuitfo', 'fhuqtfp', 'yssbhls', 'jnwitwp', 'jojnukl', 'ovyjjfm', 'dgvegls', 'jplsynx', 'qerzkir', 'vogmqqe', 'xlypwfl', 'kuhueyd', 'pxgrikq', 'brpqwlx']
['lehooqa', 'vwcmgzh', 'mmsicju', 'shztxik', 'dpmxdni', 'vshvlic', 'rfhgsrd', 'dtmsxwk', 'aadjodd', 'lpzovzo', 'cjyrens', 'ndqmeid', 'pcrzoox']
['ojujfds', 'raymfyf', 'fieuife', 'jzqcfee', 'goxywvb', 'puotspj', 'wenwqgs', 'gmultvj', 'ylscqcm', 'jnfpvkg', 'hlkffeh', 'joerrak', 'bymyfhs', 'kiwoauy', 'ulpkpaf', 'xsjadss']
['iiybggp', 'mbrlttj', 'qqeafqd', 'gmqbbof', 'jaikykc', 'afvpuoz', 'ljxgjfb', 'wqohgce', 'upucitb', 'jwpfwqz', 'zvuccyi', 'jigaagt', 'pojnkue', 'egfbifk', 'ekbghpg', 'yvvwjem']
['rqdjqiq', 'nbhknmw', 'ohgorzn', 'spgwzqj', 'pmckuxh', 'ulqqnrx', 'huwkfqk', 'rljbssd', 'ximpauw', 'xabjjff', 'mbzuntj', 'bwpwdoy', 'lcmynyw', 'yfabxdu']
['amfrehb', 'fxswbii', 'hvnuihp', 'rbpdoot', 'gbuoffj', 'iuddtax', 'zmgjecs', 'igvkuru', 'qgpciwf', 'tfsfpnw', 'jrguwdk', 'qifpupk', 'yqtlogi', 'cmlcnuo', 'capkmzr']
['qufxqvh', 'vbcaiur', 'urudgpc', 'labghhm', 'eezxrdd', 'gdvcboj', 'lqjdzbc', 'bpbiuoh', 'rroxpwu', 'bolryno', 'jbhevly']
['ljqttnn', 'ksjmenx', 'xuppdvy', 'ytvwmpd', 'asyegiw', 'ciynmhw', 'tqjelgo', 'rbwdwlz', 'efrtcpo', 'zxlpndu', 'wxbassh', 'uhhhxgy', 'ptcbphe', 'nzhlxzk']
['uitiunf', 'zexclum', 'vxktmpe', 'qxwwqfk', 'glkfhro', 'alvvzcr', 'crclbim', 'ntanocw', 'nndfzgt', 'bbevbps', 'edebgoj', 'tdrolvx', 'zfqckzr', 'huzgikq']
['eghatxl', 'mclspox', 'uahwspd', 'clcozil', 'egezjtl', 'szlzdlt', 'bvvitzv', 'crzdxig', 'ftbfwum', 'ultrowi', 'bxtdbjc', 'zrimkhj', 'jgbbizt', 'tjcagrq']
['korcvcx', 'rqevvql', 'fhrabmr', 'nrctxxu', 'mnxptfo', 'wklasyt', 'thidksk', 'cjhldsy', 'odoqgfk', 'aytcnpm', 'mqwftjq', 'znskrzx', 'hwprfxd']
['upxaolv', 'laxdipx', 'kitxrio', 'ngznfds', 'igtcqiv', 'poyacsv', 'coupfju', 'ktqbsnt', 'iudsrjy', 'kctacue', 'liqhklu', 'fufnjyf', 'xxhgtbs', 'jivtfds', 'dazkzcz']
['npbmbcl', 'fhflmkc', 'hnpufhr', 'tgshqis', 'nkylhqw', 'dubzmmn', 'oayxvdx', 'vjpstks', 'nrplxxf', 'apuclff', 'hylhzqr', 'ipxjgfz', 'rorsdzp', 'oikctcj', 'frxrjcw', 'mltjlsu']
['dlfncva', 'upzignf', 'noyikuy', 'ueyjznc', 'ckbpvbd', 'zxijrwr', 'xxqfkzr', 'kadvzfh', 'ebtqhua', 'azzpyql', 'roothgi', 'sipicas', 'aslzxho', 'douqsoq']
['uuqtrnp', 'urujvnn', 'nvjeors', 'xaawrda', 'hlruggb', 'ozoxsck', 'reolqff', 'dnxxgal', 'pkosxjv', 'hutontm', 'atvqyki', 'ptpmisy']
['dqbtiaw', 'ehcdgdr', 'njoxkmb', 'nehlpbv', 'nlfhgdx', 'jxlxfoo', 'uekjkik', 'sfjvtxw', 'ypwfljl', 'okdlbya', 'bfonhts', 'gceicua']
['jhstklj', 'kjhsxww', 'rxnxrbl', 'ksrplzq', 'owgzpow', 'vvjtuhb', 'atfmxqs', 'vowjmgf', 'hqikiss', 'vuedrix']
['bnyrwnb', 'acgwdsb', 'qccnlus', 'sieoave', 'pnnzbti', 'sfzipfj', 'qhwwalp', 'djzcmeu', 'zxtfzys', 'ydirvrp', 'engjphl', 'adzdoyj', 'jbockfp', 'axxwrug']
['quaahkj', 'zrhphdg', 'momhmut', 'etkmfom', 'hscfpsc', 'jdufzkb', 'mgtzswf', 'otmayxy', 'ljxjare', 'ebexhbz', 'olzxpzb', 'ofsoyop', 'dpgzdmu', 'xcjwaaa', 'mtrmooo', 'gnlcixq']
['wdahnhw', 'hrmwoaf', 'sgrvtpg', 'dcysunk', 'wlhpnux', 'szriiex', 'abxurqr', 'qavmxlu', 'kzgbgcg', 'mqeymdi', 'rxngmkt', 'ugpqnzn', 'newswsl']
['ehfkaur', 'ygoytty', 'ljllxhw', 'itivxup', 'weondbg', 'sfjkptj', 'ypncztk', 'mtbiczg', 'cvokrsd', 'gmapuez', 'joqmipo', 'eiuywkb', 'ktyynlr', 'lmgvnku']
['fzplaod', 'mlehrqr', 'fgubrui', 'vfebggx', 'vkrrkcg', 'oegoznu', 'fzsjvuk', 'fdccgyr', 'jygmmrk', 'qimiqpx', 'dtfwkrc', 'uwgeeaz', 'vmrdoff', 'nqmwwmz', 'vvadaaj']
