['167', '294', '173', '118', '343', '416', '93', '17', '211', '84', '261', '116', '58', '34', '23', '267', '179', '306']
['316', '385', '318', '114', '305', '91', '212', '314', '317', '315', '79', '379', '3', '221', '383', '376', '384', '320', '387']
['337', '377', '291', '72', '137', '284', '438', '150', '313', '59', '342', '277']
['231', '203', '270', '227', '222', '130', '219', '139', '257']
['310', '146', '195', '152', '472', '435', '274', '8', '188', '197', '46', '307', '177', '182', '170', '442', '399', '469', '174', '184', '129', '172', '163', '120', '45', '239', '388', '473', '0', '107', '76', '15', '439', '57']
['427', '86', '441', '362', '356', '280', '429', '415', '141', '368', '413', '301']
['375', '266', '135', '122', '191', '87', '60', '144', '396', '63', '358', '431', '262', '30', '101', '386', '364', '119', '104', '134', '206', '133', '113', '338']
['353', '410', '272', '432', '259', '78', '248', '142', '47', '369', '491', '488', '62', '108', '423', '204', '490']
['476', '444', '18', '216', '290', '181', '293', '138', '275', '217', '308', '297', '287', '187', '309', '109', '89', '71', '37', '157', '70', '105', '360', '96', '391', '185', '475', '303', '80', '193', '412', '459', '398', '10', '335', '312', '178', '279', '35', '350', '66', '53', '65', '258', '494', '460', '55', '357', '111', '11', '285', '499', '200', '209', '168', '296', '448', '160', '183', '136', '159', '288', '450', '128', '215', '244', '6', '354', '372', '292', '325', '487', '400', '208', '478', '304', '352', '453']
['471', '171', '382', '474', '484', '346', '366', '175', '117', '470', '245', '9']
['85', '151', '52', '198', '100', '25', '162', '68', '83']
['426', '102', '430', '466', '253', '349', '282']
['331', '264', '479', '255', '123', '302', '461', '92', '5', '457', '246', '458', '247', '98', '281', '289', '449', '334', '12', '330', '67', '273', '48', '467', '32']
['75', '477', '373', '378', '436', '345', '229', '124', '332', '263', '218', '495', '26']
['99', '464', '463', '324', '13', '22', '434', '232', '468', '465', '348', '44', '481', '351', '480', '140', '196', '16', '339', '462', '27', '161']
['260', '24', '112', '31', '437', '126', '14', '54', '265', '20', '158', '51', '90', '106', '417', '411', '425', '269', '19', '1', '2', '127', '420', '419', '428', '43', '440']
['243', '456', '41', '213', '148', '455', '61', '190', '254', '228', '236', '235', '154', '145', '149', '234', '241', '207', '237', '21', '454', '81', '452', '156', '365', '397', '240', '205', '242', '344']
['256', '143', '95', '7', '42', '311', '268', '485', '271', '180', '39', '73', '321', '56', '192', '225', '40', '252', '319', '389', '153', '69', '424', '251', '394', '486', '347', '115', '88', '249', '333', '414']
['97', '131', '498', '276', '489', '278', '295']
['492', '496', '327', '74', '392', '194', '300', '283', '370', '359', '395', '223', '433', '94', '49', '483', '4', '230', '250', '341', '103', '361', '328', '381', '233', '329', '380', '164', '82', '214', '409', '340', '402', '50', '371', '299', '33', '132', '166', '367', '408', '482', '224', '421', '326', '125', '407', '374', '322', '220', '422', '363', '355', '186', '165', '189', '393', '28', '390', '336', '443', '286', '418', '36', '226', '323']
['121', '202', '29', '451', '64', '405', '210', '406', '147', '493', '403', '155', '401', '298', '404']
['446', '176', '199', '445', '201', '38', '497', '238', '110', '77', '169', '447']
