['47', '194', '242', '59', '3', '46', '82', '66', '71', '198', '96', '291', '28', '120']
['54', '186', '116', '19', '277', '195', '246', '151', '80', '227', '190', '179', '256', '201', '217']
['34', '87', '89', '90', '95', '142', '91', '79', '164', '300', '72', '51', '276', '7', '63']
['132', '273', '166', '75', '169', '27', '26', '160', '81', '298', '39', '104', '86']
['168', '261', '131', '121', '257', '240', '280', '118', '21', '99', '189', '289', '243', '284', '226']
['235', '219', '97', '263', '69', '155', '230', '13', '78', '199', '117', '196', '234', '122', '236']
['283', '159', '20', '32', '68', '177', '38', '127', '88', '163', '223', '203', '77', '275']
['302', '232', '281', '73', '270', '33', '119', '183', '29', '36', '83', '208', '10', '172']
['52', '157', '249', '274', '258', '294', '184', '153', '17', '135', '237', '265', '124', '205', '31']
['272', '259', '136', '181', '218', '303', '301', '60', '297', '295', '167', '204', '9', '115', '271']
['285', '138', '156', '18', '145', '255', '262', '269', '143', '64', '41', '306', '57', '182']
['76', '245', '299', '244', '144', '37', '45', '93', '6', '113', '148', '174', '35', '161']
['53', '11', '221', '112', '305', '222', '149', '44', '278', '213', '165', '250', '202']
['2', '8', '12', '16', '1', '0']
['49', '175', '140', '109', '304', '266', '62', '114', '292', '147', '248', '101', '25', '102', '133']
['191', '206', '211', '193', '197', '108', '251', '286', '43', '15', '254', '42', '61', '107', '130']
['4', '180', '100', '111', '268', '125', '224', '231', '85', '150', '123', '241', '162', '126', '98']
['173', '225', '22', '296', '238', '67', '207', '105', '129', '290', '70', '170', '84']
['50', '228', '14', '137', '210', '128', '212', '74', '94', '110', '48', '293', '185', '247', '214']
['152', '92', '56', '30', '178', '171', '187', '5', '287', '158', '141', '267']
['233', '55', '264', '106', '200', '154', '103', '229', '139', '252', '282', '216', '209', '58', '24']
['288', '65', '260', '134', '279', '192', '253', '239', '188', '215', '23', '146', '176', '40', '220']
