['Gloria', 'Angelique', 'Martha', 'Janae', 'Regan', 'Irene', 'Madyson', 'Jenny', 'Payton', 'Renee']
['Gabriela', 'Adriana', 'Meghan', 'Lillian', 'Mckenzie', 'Leilani', 'Lorena', 'Madelyn', 'Jade', 'Arianna']
['Annika', 'Kiersten', 'Precious', 'Kelsie', 'Kiera', 'Alayna', 'Lexi', 'Mckayla', 'Bailee', 'Maddison']
['Veronica', 'Isabelle', 'Summer', 'Jane', 'Lilly', 'Kali', 'Georgia', 'Francesca', 'Kiara', 'Kennedy']
['Cora', 'Kylee', 'Gabrielle', 'Amaya', 'Paris', 'Chelsey', 'Katelyn', 'Johanna', 'Justine', 'Claudia']
['Rhiannon', 'Elise', 'Genesis', 'Tyra', 'Barbara', 'Carrie', 'Julianna', 'Kaylin', 'Ellen', 'Marilyn']
['Daniela', 'Kassidy', 'Ashlee', 'Madisyn', 'Diamond', 'Hailee', 'Mikaela', 'Sofia', 'Kaitlin', 'Anastasia']
['Tatiana', 'Kirsten', 'Brenda', 'Skyler', 'Leslie', 'Molly', 'Mia', 'Alexa', 'Jayda', 'Kathryn']
['Alison', 'Taryn', 'Guadalupe', 'Macy', 'Felicity', 'Katrina', 'Rachael', 'Anahi', 'Jazmin', 'Ellie']
['Delaney', 'Nina', 'Raven', 'Christine', 'Valeria', 'Lauryn', 'Kristina', 'Kiley', 'Natalia', 'Asia']
['Erin', 'Allie', 'Sara', 'Jenna', 'Viviana', 'Brandi', 'Jacqueline', 'Caroline', 'Courtney', 'Cindy']
['Athena', 'Cheyanne', 'Angie', 'Carmen', 'Vivian', 'Jaqueline', 'Elaina', 'Adrienne', 'Shyanne', 'Shayla']
['Makenzie', 'Nora', 'Giselle', 'Dana', 'Casey', 'Nia', 'Carolyn', 'Annie', 'Aaliyah', 'Karla']
['Brittany', 'Kyla', 'Amy', 'Patricia', 'Josephine', 'Ariana', 'Melanie', 'Cassidy', 'Cierra', 'Kira']
['Hope', 'Jessie', 'Chelsea', 'Evelyn', 'Brittney', 'Jamie', 'Britney', 'Ana', 'Angelica', 'Daisy']
['Janelle', 'Tamia', 'Alana', 'Regina', 'Cristal', 'Heaven', 'Baylee', 'Krystal', 'Teresa', 'Ashleigh']
['Cara', 'Adrianna', 'Aliyah', 'Dakota', 'Amelia', 'Savanna', 'Rylee', 'Mallory', 'Sharon', 'Serena']
['Emilie', 'Paulina', 'Marina', 'Kayleigh', 'Ashton', 'Clara', 'Tiana', 'Zaria', 'Felicia', 'Meagan']
['Arielle', 'Emilee', 'Madeleine', 'Mercedes', 'Natasha', 'Marisol', 'Katlyn', 'Isabel', 'Cecilia', 'Jasmin']
['Bethany', 'Selena', 'Briana', 'Tyler', 'Jada', 'Angela', 'Karina', 'Lydia', 'Angelina', 'Cynthia']
['Jordan', 'Camryn', 'Brooke', 'Brooklyn', 'Danielle', 'Amber', 'Lindsay', 'Andrea', 'Ariel', 'Mary']
['Tiffany', 'Mayra', 'Brisa', 'Sabrina', 'Mikayla', 'Gabriella', 'Deanna', 'Kelly', 'Miranda', 'Kristin']
['Imani', 'Kendall', 'Jordyn', 'Avery', 'Alondra', 'Ashlyn', 'Makenna', 'Desiree', 'Mckenna', 'Kara']
['Kelli', 'Carolina', 'Celeste', 'Breana', 'Whitney', 'Bridget', 'Madelynn', 'Camille', 'Abby', 'Priscilla']
['Jillian', 'Eliza', 'Heather', 'April', 'Kendra', 'Esmeralda', 'Shannon', 'Talia', 'Julie', 'Harley']
['Fiona', 'Daniella', 'Susan', 'Tamara', 'Linda', 'Jacquelyn', 'Tatum', 'Yasmin', 'Pamela', 'Joy']
['Carly', 'Alejandra', 'Hanna', 'Valerie', 'Mya', 'Bianca', 'Rebekah', 'Marisa', 'Peyton', 'Monica']
['Ella', 'Logan', 'Tierra', 'Esperanza', 'Lizbeth', 'Addison', 'Callie', 'Chyna', 'Luz', 'Rosa']
['Kasey', 'Elisabeth', 'Halle', 'Ashlynn', 'Gisselle', 'Virginia', 'Deja', 'Julissa', 'Kierra', 'India']
['Tianna', 'Lindsey', 'Julianne', 'Sonia', 'Sasha', 'Jayden', 'Kylie', 'Alanna', 'Cheyenne', 'Malia']
['Trinity', 'Alice', 'Kaylie', 'Madalyn', 'Tiara', 'Christina', 'Yasmine', 'Paige', 'Makayla', 'Jaden']
['Kate', 'Kaylee', 'Jaclyn', 'Zoey', 'Kaleigh', 'Iris', 'Melissa', 'Bailey', 'Eleanor', 'Faith']
['Sylvia', 'Tori', 'Haleigh', 'Kaitlynn', 'Dominique', 'Michaela', 'Karen', 'Lacey', 'Carlie', 'Hayley']
['Riley', 'Joanna', 'Fatima', 'Tessa', 'Jayla', 'Miriam', 'Juliana', 'Kiana', 'Alissa', 'Ciara']
['Sophie', 'Annabelle', 'Gina', 'Ivy', 'Alexia', 'Heidi', 'Charity', 'Helen', 'Cassie', 'Emely']
['Haylee', 'Rose', 'Sidney', 'Lisa', 'Ruby', 'Hallie', 'Nadia', 'Reagan', 'Sandra', 'Anne']
['Kassandra', 'Monique', 'Carley', 'Cassandra', 'Noelle', 'Kamryn', 'Katie', 'Diana', 'Raquel', 'Cristina']
['Mariah', 'Marissa', 'Laura', 'Zoe', 'Kelsey', 'Breanna', 'Claire', 'Catherine', 'Alexandria', 'Autumn']
['Eliana', 'Clare', 'Sydnee', 'Abbey', 'Karissa', 'Lesley', 'Aileen', 'Toni', 'Crystal', 'Erica']
['Wendy', 'Tabitha', 'Clarissa', 'Gianna', 'Sadie', 'Skylar', 'Paola', 'Gillian', 'Lucy', 'Jazmine']
['Kailee', 'Perla', 'Devin', 'Brooklynn', 'Miracle', 'Shania', 'Eden', 'Kathleen', 'Elisa', 'Kailey']
['Marlene', 'Genevieve', 'Caitlyn', 'Alicia', 'Larissa', 'Skye', 'Tayler', 'Phoebe', 'Piper', 'Jocelyn']
['Aurora', 'Kaila', 'Alyson', 'Tania', 'Alma', 'Vanessa', 'Kimberly', 'Marie', 'Chasity', 'Madeline']
['Alisha', 'Krista', 'Melina', 'Janet', 'Melody', 'Carissa', 'Eve', 'Sierra', 'Hunter', 'Ruth']
['Denise', 'Josie', 'Esther', 'Eva', 'Mariana', 'Destinee', 'Charlotte', 'Meredith', 'Bryanna', 'Colleen']
['Amari', 'Kenya', 'Brenna', 'Leah', 'Audrey', 'Alaina', 'Macey', 'Margaret', 'Yesenia', 'Alexus']
['Alina', 'Maya', 'Ayanna', 'Carla', 'Holly', 'Macie', 'Kaley', 'Lucia', 'Aubrey', 'Deborah']
['Allyson', 'Tara', 'Tatyana', 'Litzy', 'Theresa', 'Gracie', 'Kyra', 'Brandy', 'Tia', 'Layla']
['Katelynn', 'Elena', 'Erika', 'Lesly', 'Ann', 'Sage', 'Nichole', 'Nancy', 'Lily', 'Angel']
['Maggie', 'Serenity', 'Michelle', 'Naomi', 'Ava', 'Caitlin', 'Cameron', 'Shelby', 'Liliana', 'Kristen']
