['333', '214', '331', '160', '123', '206', '215', '212', '355', '225', '211', '209', '163', '297', '210', '162', '164', '217', '122', '161', '181', '216', '213', '332', '182', '207', '208']
['386', '397', '363', '361', '362', '364', '273', '111', '272', '398', '107', '231', '387', '110', '232', '109', '271', '108']
['310', '307', '311', '53', '143', '47', '306', '312', '309', '304', '97', '52', '144', '57', '58', '51', '308', '49', '96', '46', '48', '50', '145', '303', '305', '95']
['194', '222', '279', '371', '281', '193', '280', '132', '372', '195', '78', '192', '278', '69', '370', '129', '79', '9', '130', '131']
['376', '154', '378', '284', '139', '283', '172', '357', '375', '374', '379', '140', '285', '377', '358', '356']
['252', '158', '327', '325', '196', '89', '83', '85', '86', '117', '166', '198', '146', '197', '324', '203', '159', '323', '88', '87', '147', '116', '326', '157', '84']
['348', '334', '186', '388', '282', '187', '201', '347', '230', '226', '229', '346', '200', '185', '335', '227', '228']
['56', '2', '366', '54', '220', '183', '396', '152', '395', '218', '153', '365', '55', '367', '393', '91', '90', '165', '392', '184', '390', '328', '39', '219', '391', '394']
['75', '73', '270', '345', '257', '344', '71', '223', '74', '277', '286', '258', '256', '72', '343', '276', '269', '236']
['17', '0', '19', '94', '189', '16', '188', '1', '141', '190', '313', '142', '15', '18', '92', '93']
['385', '380', '247', '251', '246', '249', '382', '248', '14', '250', '10', '11', '368', '12', '383', '314', '369', '13', '384', '381']
['34', '121', '264', '263', '125', '35', '32', '268', '319', '267', '120', '266', '114', '113', '320', '124', '262', '321', '33', '118', '265', '221', '119']
['151', '80', '167', '81', '29', '31', '82', '168', '28', '30', '199']
['180', '100', '389', '336', '174', '338', '205', '101', '155', '301', '102', '337', '173', '176', '204', '179', '112', '177', '178', '103', '302', '175', '156', '399']
['76', '373', '98', '169', '340', '70', '289', '291', '290', '292', '342', '341', '170', '295', '115', '202', '294', '288', '287', '293', '99', '296', '77', '171']
['359', '259', '238', '260', '360', '224', '137', '315', '138', '316', '329', '330', '237', '261', '136', '318', '317']
['253', '126', '299', '254', '339', '127', '25', '43', '255', '24', '150', '45', '191', '300', '26', '44', '128', '149', '40', '27', '41', '42']
['8', '235', '3', '234', '5', '233', '4', '36', '38', '6', '7', '37']
['23', '134', '148', '244', '241', '239', '242', '243', '298', '135', '22', '354', '274', '240', '21', '133', '353', '275', '20', '245']
['105', '67', '104', '322', '351', '60', '65', '63', '106', '68', '350', '59', '61', '64', '62', '352', '349', '66']
