['230', '194', '398', '137', '79', '201', '245', '294', '17', '376', '233', '178', '451', '46', '303', '55', '354', '324', '88', '458', '0']
['89', '70', '492', '169', '203', '466', '196', '411', '351', '173', '416', '42', '424', '405', '108', '146', '64', '227', '84', '318', '219', '49', '461', '41', '80', '423', '246']
['232', '228', '13', '206', '337', '431', '343', '448', '215', '386', '293', '134', '378', '353', '407', '342', '265', '313', '385', '58', '290', '24', '197']
['340', '453', '28', '16', '109', '11', '375', '380', '117', '462', '26', '308', '410', '360', '212', '226', '52', '111', '408', '147', '440', '128', '463', '489', '295', '12', '157', '122', '367', '283']
['482', '158', '198', '400', '397', '401', '133', '403', '44', '253', '50', '402', '447', '289', '445', '94', '244', '499', '47', '23', '352', '420', '222', '181']
['469', '115', '33', '317', '325', '432', '74', '43', '356', '491', '165', '452', '341', '284', '123', '419', '29', '127', '8', '76', '277', '180', '251', '183', '361']
['75', '311', '359', '32', '40', '315', '320', '48', '20', '184', '200', '143', '384', '355', '319', '110', '218', '119', '479', '334']
['113', '439', '413', '484', '148', '455', '19', '332', '282', '161', '116', '38', '106', '104', '235', '368', '474', '399', '414', '153', '473', '344', '260', '135']
['139', '209', '154', '279', '381', '358', '269', '288', '71', '159', '271', '103', '87', '493', '281', '369', '15', '267', '187', '275', '126', '175']
['86', '182', '81', '434', '476', '316', '478', '490', '486', '263', '389', '336', '34', '36', '205', '347', '238', '456', '287', '395', '333', '22', '1', '304']
['259', '92', '66', '292', '150', '142', '274', '129', '114', '240', '237', '95', '487', '285', '132', '249', '465', '96', '224', '382', '266', '149', '151', '35', '5', '112']
['329', '130', '321', '276', '436', '270', '241', '480', '179', '223', '168', '365', '4', '176', '107', '446', '72', '27', '388', '61', '393', '186', '298', '63', '286']
['100', '268', '443', '278', '167', '195', '236', '91', '467', '297', '390', '53', '97', '412', '229', '77', '242', '383', '51', '59', '498', '170', '30', '348', '496', '243']
['21', '326', '60', '495', '426', '483', '454', '156', '152', '172', '125', '472', '185', '262', '296', '138', '301', '213', '475', '302', '307', '477', '433', '257', '174', '247', '494', '418', '82', '442']
['429', '208', '225', '449', '6', '211', '362', '57', '394', '7', '10', '373', '371', '207', '323', '78', '85', '67', '98', '437', '391', '93', '457', '377', '2', '145', '220', '65', '252']
['144', '459', '306', '404', '140', '31', '105', '366', '396', '314', '9', '255', '102', '441', '188', '363', '364', '199', '261', '392', '327', '312', '460', '69', '488', '256']
['68', '189', '450', '234', '422', '331', '464', '221', '264', '164', '83', '330', '346', '470', '421', '155', '428', '90']
['406', '322', '192', '485', '141', '444', '372', '339', '37', '39', '310', '210', '338', '101', '273', '193', '299', '471', '54', '409', '350', '204', '438', '497', '18', '202']
['99', '14', '481', '120', '415', '124', '216', '131', '427', '191', '248', '272', '357', '231', '305', '45', '374', '291', '250', '160', '468', '254', '387', '3', '435', '335', '217', '417', '162']
['309', '345', '239', '56', '300', '425', '62', '171', '280', '136', '190', '328', '214', '430', '379', '25', '163', '258', '166', '349', '118', '370', '73', '177', '121']
