['136', '260', '138', '253', '428', '410', '479', '319', '52', '258', '483', '224', '112', '157', '197', '432', '186', '113', '126', '215']
['409', '313', '361', '383', '45', '159', '239', '459', '351', '229', '323', '343', '34', '256', '291', '75', '58', '312', '474', '171']
['27', '10', '369', '265', '390', '16', '131', '115', '120', '372', '82', '100', '196', '205', '108', '364', '30']
['381', '59', '210', '213', '249', '97', '366', '56', '124', '141', '316', '495', '244', '160', '468', '129', '452', '114', '49', '294']
['281', '73', '254', '42', '412', '314', '421', '266', '87', '293', '104', '57', '321', '231', '456', '91', '105']
['443', '292', '339', '216', '28', '444', '181', '300', '190', '457', '448', '295', '169', '480', '419', '427', '387', '423']
['134', '460', '437', '226', '493', '367', '183', '8', '81', '499', '311', '262', '363', '388', '396', '416', '365', '222']
['348', '174', '179', '331', '177', '407', '185', '402', '490', '84', '307', '302', '414', '102', '329', '15', '208', '78']
['422', '53', '194', '127', '158', '248', '487', '41', '149', '128', '318', '50', '250', '202', '199', '101', '219', '429']
['29', '61', '400', '230', '167', '26', '283', '297', '122', '325', '404', '317', '411', '287', '235']
['341', '77', '403', '433', '3', '378', '491', '247', '25', '189', '494', '165', '192', '303', '373', '223']
['206', '354', '135', '296', '336', '1', '211', '299', '180', '37', '465', '71', '455']
['288', '370', '139', '36', '218', '20', '442', '188', '155', '11', '89', '207', '24', '184']
['255', '168', '221', '482', '362', '64', '23', '240', '111', '6', '67', '238', '464', '406', '148', '389', '123', '315', '243', '394']
['376', '257', '337', '386', '301', '439', '446', '289', '209', '35', '461', '203', '130', '475', '357', '154', '43']
['237', '486', '225', '350', '99', '276', '471', '14', '233', '405', '420']
['447', '121', '415', '462', '9', '106', '342', '204', '90', '116', '338', '152', '18', '269', '358', '398', '306', '187', '270']
['212', '360', '330', '261', '274', '147', '481', '259', '308', '377', '349', '355', '340', '382', '143', '333', '332']
['440', '485', '74', '277', '95', '436', '290', '489', '347', '445', '470', '32', '476', '246', '392', '449']
['380', '86', '425', '200', '60', '142', '251', '62', '51', '172', '324', '384', '282', '133', '85', '166']
['47', '201', '150', '484', '431', '286', '146', '96', '70', '278', '477', '273', '17']
['5', '472', '232', '68', '151', '156', '346', '66', '473', '93', '178', '195', '375', '399', '44', '267', '496', '144', '19']
['110', '322', '80', '434', '140', '327', '92', '345', '379', '309', '469', '359', '241', '326']
['164', '173', '198', '193', '279', '320', '305', '79', '408', '424', '498', '191', '162', '271', '54', '12', '234']
['48', '368', '245', '395', '335', '453', '310', '163', '69', '72', '109', '353', '344', '118', '478', '103', '438', '98', '132', '88']
['40', '83', '161', '31', '107', '242', '227', '137', '430', '117', '275', '304', '268', '413', '418', '217', '4']
['426', '280', '285', '153', '236', '374', '119', '393', '214', '450', '397', '94', '441', '228', '7']
['417', '46', '385', '391', '264', '371', '2', '65', '328', '175', '488', '435', '263', '252']
['458', '356', '463', '13', '22', '451', '0', '176', '454', '38', '63', '145', '170', '272', '298', '76', '55', '182']
['284', '21', '352', '492', '220', '39', '466', '467', '401', '125', '334', '33', '497']
