['20', '128', '1', '2', '3', '4', '5', '6', '7', '8', '11', '13', '16', '18', '19', '22', '23', '25', '27', '28', '31', '32', '33', '34', '36', '37', '40', '41', '43', '44', '45', '48', '49', '52', '53', '54', '56', '57', '59', '60', '61', '62', '63', '64', '65', '66', '67', '68', '71', '72', '73', '74', '75', '76', '78', '79', '80', '81', '82', '83', '84', '86', '87', '88', '89', '90', '91', '92', '93', '94', '95', '96', '98', '100', '101', '102', '104', '105', '106', '107', '108', '109', '110', '111', '112', '113', '114', '115', '116', '117', '118', '119', '120', '121', '122', '123', '125', '126', '127', '129', '131', '133', '134', '135', '136', '137', '138', '141', '142', '143', '144', '147', '149', '150', '151', '152', '154', '155', '156', '157', '158', '159', '160', '162', '163', '164', '165', '166', '167', '168', '170', '173', '174', '175', '176', '178', '179', '180', '181', '182', '183', '184', '185', '186', '187', '188', '189', '190', '192', '193', '194', '195', '196', '197', '199', '200', '201', '202', '203', '204', '205', '206', '207', '208', '209', '210', '211', '212', '213', '215', '217', '218', '219', '220', '221', '223', '228', '229', '230', '231', '233', '234', '235', '236', '237', '238', '239', '241', '242', '243', '245', '247', '248', '249', '251', '255', '256', '257', '259', '260', '261', '263', '265', '266', '267', '268', '269', '270', '271', '272', '275', '276', '277', '281', '282', '284', '286', '288', '289', '290', '293', '295', '296', '299', '300', '301', '302', '303', '304', '305', '307', '308', '309', '310', '311', '312', '313', '314', '315', '316', '317', '318', '319', '321', '322', '323', '324', '326', '328', '329', '330', '331', '332', '333', '334', '335', '336', '338', '339', '341', '342', '343', '344', '346', '347', '351', '352', '353', '355', '358', '361', '363', '364', '365', '366', '368', '369', '370', '372', '373', '375', '376', '377', '380', '381', '383', '384', '385', '386', '387', '388', '389', '390', '391', '393', '394', '395', '396', '399', '400', '401', '402', '403', '404', '405', '406', '407', '408', '409', '411', '412', '415', '416', '419', '420', '421', '423', '424', '425', '426', '427', '428', '429', '430', '432', '434', '435', '436', '437', '439', '440', '442', '443', '444', '445', '446', '447', '448', '449', '450', '451', '452', '454', '455', '456', '457', '460', '461', '462', '463', '464', '465', '466', '468', '469', '472', '473', '474', '476', '477', '478', '479', '482', '483', '484', '485', '486', '487', '488', '491', '492', '496']
['262', '493']
['224', '497', '320']
['362']
['39']
['422', '495', '214']
['356']
['258', '438']
['15']
['244', '250', '392', '17']
['459']
['490']
['287']
['467', '21']
['30']
['161']
['58', '413']
['0', '240']
['325']
['357']
['232']
['12']
['273', '453']
['498']
['349']
['42']
['280']
['169']
['354']
['327', '371']
['130']
['222', '153']
['360']
['227']
['55']
['359']
['431']
['291']
['285']
['458']
['264']
['471']
['348', '35']
['69', '146']
['298']
['379']
['38']
['97']
['433']
['77']
['51']
['283']
['382']
['489']
['254']
['124']
['26']
['139']
['374']
['367']
['172']
['499']
['29', '475']
['148']
['177']
['481', '292']
['10', '191']
['24']
['417']
['398']
['494']
['410']
['345']
['397']
['171', '50']
['480']
['253']
['252']
['378']
['145']
['441']
['46']
['216']
['226', '340']
['246', '99']
['274']
['225']
['350']
['140', '279']
['294']
['14']
['414']
['70', '103']
['278']
['132', '470', '47']
['198']
['306', '85', '337']
['9']
['297']
['418']
