['38', '132', '321', '181', '40', '254', '115', '357', '134', '168', '65', '209', '287', '116', '106', '205', '293', '215', '399', '51', '22', '149', '52', '333']
['81', '216', '312', '353', '179', '143', '249', '362', '324', '11', '48', '361', '139', '173', '154', '163', '271', '327', '17', '62', '73', '280', '170', '186']
['84', '111', '219', '355', '45', '161', '167', '128', '7', '289', '63', '277', '182', '230', '395', '326', '214', '317', '396', '14', '2', '382', '226']
['245']
['320']
['164', '59', '102', '204', '122', '397', '103', '50', '153', '390', '151', '120', '288', '175', '136', '273', '379', '376', '239', '188', '125', '344']
['76', '192', '234', '53', '232', '184', '306', '360', '378', '13', '91', '42', '126', '380', '278', '228', '250', '119', '213', '148', '67', '338', '285', '315']
['267', '157', '275', '3', '307', '36', '366', '255', '39', '212', '392', '145', '174', '347', '25', '21', '86', '291', '296', '248', '31', '241', '200', '314']
['83', '107', '113', '370', '35', '196', '341', '252', '130', '43', '375', '100', '259', '191', '123', '60', '222', '27', '276', '389', '94', '8', '138', '29']
['364', '30', '171', '263', '391', '305', '108', '158', '231', '152', '339', '225', '300', '325', '262', '144', '10', '98', '393', '298', '388', '348', '270']
['176', '385', '322', '41', '251', '359', '372', '337', '101', '233', '46', '44', '79', '253', '118', '356', '334', '352', '18', '229', '5', '47', '258', '340']
['284', '328', '165', '146', '187', '220', '159', '308', '302', '121', '369', '4', '268', '140', '64', '180', '201', '124', '354', '283', '368', '381', '202', '15']
['34', '371', '394', '294', '58', '80', '6', '224', '61', '292', '264', '1', '286', '156', '96', '238', '386', '19', '304', '92', '178', '210', '0', '114']
['194', '236', '342', '373', '217', '398', '358', '33', '211', '104', '365', '301', '97', '279', '66', '99', '316', '309', '227', '160', '90', '127', '57', '87']
['82', '331', '332', '177', '75', '374', '198', '16', '336', '77', '281', '223', '9', '260', '346', '383', '150', '240', '367', '137', '297', '133', '242', '166']
['311', '384', '169', '155', '183', '318', '89', '37', '206', '74', '32', '329', '93', '351', '20', '246', '197', '12', '112', '24', '235', '377', '78']
['335', '323', '343', '26', '135', '88', '172', '142', '261', '313', '247', '129', '199', '190', '290', '257', '295', '237', '387', '193', '243', '117', '131']
['363']
['303', '272', '269', '109', '207', '95', '54', '265', '56', '345', '330', '349', '274', '141', '71', '208', '147', '162', '282']
['310', '244', '185', '49', '203', '70', '68', '69', '299', '256', '350', '110', '319', '218', '23', '195', '55', '189', '72', '221', '105', '266', '85', '28']
