['mtrmooo', 'xuppdvy', 'douqsoq', 'ljxjare', 'mmsicju', 'ytvwmpd', 'rbwdwlz', 'ptcbphe', 'vshvlic', 'mgtzswf', 'ksjmenx', 'olzxpzb', 'efrtcpo']
['bwxgkld', 'qgpciwf', 'okdlbya', 'ehcdgdr', 'vwcmgzh', 'nlfhgdx', 'zmgjecs', 'jxlxfoo', 'lpzovzo', 'cjyrens', 'gceicua', 'mclspox', 'dtmsxwk', 'ndqmeid', 'sfjvtxw']
['tjcagrq', 'vahwsck', 'ultrowi', 'ynxyoyb', 'emqikpe', 'owvackd', 'bundjpw', 'bxtdbjc', 'wmodcaj', 'oqqfikf', 'wellvsr', 'vrvkaaa', 'nbftfsb']
['hwprfxd', 'ebtqhua', 'gdvcboj', 'urudgpc', 'rroxpwu', 'lqjdzbc', 'bpbiuoh', 'roothgi', 'qufxqvh', 'vbcaiur', 'upzignf', 'kadvzfh', 'ueyjznc', 'bolryno', 'rxngmkt']
['liqhklu', 'fieuife', 'coupfju', 'fufnjyf', 'iudsrjy', 'kctacue', 'upxaolv', 'dazkzcz', 'xsjadss', 'jivtfds', 'xxhgtbs', 'igtcqiv']
['drtgipl', 'rqdjqiq', 'cewygrc', 'lpzhylm', 'ymwwchd', 'mcirxcd', 'kuwyrgr', 'kolwqja', 'bnuxlph', 'pmckuxh', 'rnluyib', 'yfabxdu', 'wjosnfy', 'cutedox', 'rljbssd', 'jcoguvu']
['pcrzoox', 'dpgzdmu', 'shztxik', 'gnlcixq', 'momhmut', 'etkmfom', 'dpmxdni', 'zrhphdg', 'rfhgsrd', 'ebexhbz', 'xcjwaaa', 'jdufzkb']
['ofsoyop', 'edebgoj', 'mirwseo', 'sgrvtpg', 'kzgbgcg', 'awftunn', 'rorsdzp', 'otmayxy', 'hylhzqr', 'hscfpsc', 'emvhlci', 'jmjdmxv', 'nrplxxf', 'frxrjcw', 'vjpstks']
['laxdipx', 'hvnuihp', 'raymfyf', 'fxswbii', 'jrguwdk', 'ulpkpaf', 'gbuoffj', 'uahwspd', 'jzqcfee', 'goxywvb', 'crzdxig', 'iuddtax', 'kitxrio', 'hlkffeh']
['jigaagt', 'jaikykc', 'wqohgce', 'afvpuoz', 'zvuccyi', 'ekbghpg', 'ozoxsck', 'jwpfwqz', 'egfbifk', 'zfqckzr', 'gmqbbof', 'upucitb', 'qqeafqd', 'mbrlttj', 'pojnkue', 'pkosxjv']
['vfebggx', 'vvadaaj', 'dtfwkrc', 'jygmmrk', 'uwgeeaz', 'vkrrkcg', 'fzplaod', 'nqmwwmz', 'fgubrui', 'fdccgyr', 'fzsjvuk', 'oegoznu', 'xxradgz', 'mlehrqr']
['dmsftgx', 'nkylhqw', 'szriiex', 'znskrzx', 'kiwoauy', 'joerrak', 'pwaalip', 'bvvitzv', 'ylscqcm', 'xaawrda', 'ojujfds']
['lucqgzc', 'vvwlixv', 'jhstklj', 'skvsmyl', 'hxlagmh', 'idyyroc', 'kpqzpfs', 'whaalyx', 'kjhsxww', 'yoqrhdw', 'aocuywp', 'omyynfi', 'rxnxrbl', 'vmrdoff', 'uckdnaa']
['brpqwlx', 'fhuqtfp', 'ovyjjfm', 'yssbhls', 'owgzpow', 'jnwitwp', 'pcdlpcz', 'pxgrikq', 'kuhueyd', 'werprzm', 'vogmqqe', 'jplsynx', 'dgvegls', 'qerzkir', 'jojnukl', 'yiuitfo']
['npbmbcl', 'aytcnpm', 'thidksk', 'oayxvdx', 'gmultvj', 'korcvcx', 'dubzmmn', 'mnxptfo', 'wklasyt', 'rqevvql', 'djzcmeu', 'apuclff', 'hnpufhr']
['noyikuy', 'nzhlxzk', 'ciynmhw', 'xxqfkzr', 'ljqttnn', 'aslzxho', 'tqjelgo', 'uhhhxgy', 'zxijrwr', 'asyegiw', 'wxbassh', 'dlfncva', 'zxlpndu', 'azzpyql']
['qifpupk', 'bfonhts', 'njoxkmb', 'amfrehb', 'nehlpbv', 'uekjkik', 'tfsfpnw', 'dqbtiaw', 'yqtlogi', 'bhbfrfj', 'rbpdoot', 'cmlcnuo', 'capkmzr', 'ypwfljl']
['yvvwjem', 'reolqff', 'nvjeors', 'crmjrbf', 'iiybggp', 'hlruggb', 'atvqyki', 'uuqtrnp', 'ptpmisy', 'ljxgjfb']
['vvjtuhb', 'quaahkj', 'fhflmkc', 'ipxjgfz', 'xlypwfl', 'mltjlsu', 'vowjmgf', 'zrimkhj', 'oikctcj', 'ksrplzq', 'ngznfds', 'hqikiss', 'tgshqis', 'gdkxxon', 'hncniof', 'atfmxqs']
['vxktmpe', 'nbhknmw', 'ximpauw', 'uitiunf', 'bbevbps', 'crclbim', 'ohgorzn', 'ulqqnrx', 'alvvzcr', 'ntanocw', 'huzgikq', 'vuedrix', 'glkfhro', 'xabjjff', 'lehooqa']
['lcmynyw', 'bymyfhs', 'mbzuntj', 'jnfpvkg', 'nndfzgt', 'tdrolvx', 'zexclum', 'eghatxl', 'puotspj', 'wenwqgs', 'qxwwqfk']
['engjphl', 'acgwdsb', 'cjhldsy', 'ydirvrp', 'sieoave', 'axxwrug', 'qccnlus', 'pnnzbti', 'qhwwalp', 'jbockfp', 'zxtfzys', 'bnyrwnb', 'sfzipfj', 'adzdoyj', 'szlzdlt']
['qavmxlu', 'hrmwoaf', 'wlhpnux', 'qimiqpx', 'clcozil', 'dcysunk', 'newswsl', 'wdahnhw', 'mqeymdi', 'ugpqnzn', 'abxurqr', 'egezjtl', 'aadjodd']
['pjsyeez', 'qlgkouj', 'ckbpvbd', 'aowxwvx', 'nrctxxu', 'odoqgfk', 'huwkfqk', 'sipicas', 'tjtezbn', 'spgwzqj', 'jtkovjl', 'bwpwdoy', 'igvkuru', 'fhrabmr']
['wznyiaw', 'ypncztk', 'hutontm', 'urujvnn', 'xdofsvh', 'jbhevly', 'dnxxgal', 'eiuywkb', 'ehfkaur', 'mtbiczg', 'sfjkptj', 'eezxrdd', 'labghhm', 'pvwdbuk', 'lfxhllc']
['opcamxc', 'poyacsv', 'bkrlzdx', 'ftbfwum', 'ktqbsnt', 'mqwftjq', 'aenkmpt', 'ylnttkr', 'jgbbizt', 'uckaokp', 'dwfazac', 'qwcwszq', 'kvfjhzh', 'hfzbxzo', 'grhnknx']
['weondbg', 'gmapuez', 'nsjgubf', 'dsvowko', 'itivxup', 'cvokrsd', 'gevooyy', 'upgszso', 'ktyynlr', 'lmgvnku', 'zhdvxfc', 'ljllxhw', 'joqmipo', 'ygoytty']
