['31', '54', '24', '294', '264', '204', '114', '234', '84', '174']
['242', '272', '212', '2', '92', '182', '62', '32', '122']
['270', '82', '112', '142', '144', '202', '232', '128', '22', '172', '262', '292']
['96', '36', '186', '216', '276', '246', '6', '66', '156']
['8', '188', '158', '68', '98', '283', '38', '278', '173', '218', '248']
['76', '226', '286', '136', '166', '46', '106', '256', '16']
['299', '89', '209', '180', '120', '0', '269', '29', '240', '30', '90', '150', '239', '119', '60', '179', '210', '59']
['87', '207', '27', '152', '267', '57', '147', '117', '237', '177']
['17', '167', '287', '123', '107', '257', '227', '197', '77', '137']
['25', '145', '205', '85', '55', '295', '115', '175', '265']
['222', '12', '72', '44', '162', '132', '254', '74', '42', '252', '164', '224', '282', '134', '14', '194', '102', '104']
['284', '47']
['4', '244', '214', '100', '34', '154', '64', '274', '184', '94']
['129', '39', '159', '249', '127', '9', '189', '219', '69', '279']
['3', '52', '93', '243', '213', '33', '273', '63', '183', '153']
['109', '139', '259', '49', '19', '289', '138', '199', '169', '229']
['151', '1', '241', '181', '121', '51', '271', '211', '99', '91', '61']
['126', '86', '149']
['293', '281', '203', '23', '263', '233', '191', '71', '221', '101', '41', '143', '113', '11', '131', '251', '53', '83']
['231', '111', '21', '155', '81', '291', '171', '201', '141']
['160', '70', '40', '130', '250', '280', '10', '190', '220']
['266', '261', '116', '176', '296', '26', '206', '146', '236', '260', '56']
['168', '258', '198', '78', '18', '288', '48', '108', '228']
['124', '196', '268', '79']
['45', '195', '235', '135', '75', '255', '225', '15', '285', '105']
['165', '161']
['290', '253', '50', '110', '43', '80', '200', '133', '170', '73', '230', '193', '20', '13', '103', '163', '140', '223']
['297', '298', '28', '88', '208', '178', '58', '148', '238', '118']
['65', '95', '125', '245', '5', '215', '275', '192', '35', '185']
['7', '37', '247', '217', '277', '67', '187', '157', '97']
