['CNYXMO', 'GFNZL', 'B', 'MICOE', 'OFIPP', 'QYC', 'A', 'PHS', 'IE', 'AFH', 'KFYTH', 'BFZ', 'MRT', 'FLLJ', 'DJC', 'VYBQIM', 'DCBWSF', 'LZQ', 'EVTLXI', 'NP']
['P', 'I', 'NDF', 'NVLNXP', 'CCIYM', 'UXBDM', 'MWKWWN', 'TXCK', 'CVSPP', 'EHXPLS', 'BHT', 'ERR', 'G', 'JL', 'PRYXX', 'MYSMZ', 'SHT', 'TGKUE', 'NS', 'EP']
['UXXBYF', 'UEKXJH', 'VWK', 'YEBV', 'LNMCTV', 'NDMQJ', 'QE', 'WWF', 'HGT', 'UVUBDR', 'EYVVY', 'FSZNT', 'IYCHS', 'GCSAZH', 'AH', 'VOLULU', 'HOQPX', 'TGDTND', 'WVHKC']
['BBB', 'WK', 'JP', 'LZLFY', 'N', 'IWP', 'GDGZN', 'NAIN', 'BAVHR', 'OYJLB', 'GI', 'CRAQYE', 'RKCPEP', 'Y', 'QREJV', 'JBJS', 'ACYQN', 'WFWU', 'XLVUF', 'VHUHI']
['EYEWXP', 'DEXTSN', 'POL', 'FJTW', 'OHZYQ', 'LY', 'PIGBG', 'TZTCA', 'BSAEQ', 'IU', 'AW', 'HDJL', 'BJ', 'VL', 'NDLUNW', 'UBYG', 'QBB', 'SRJZQ', 'RUC', 'YO']
['ZAP']
['VCFLXV', 'HPXSSF', 'FWRV', 'AQDX', 'UHTMG', 'SK', 'WPRTBZ', 'DLJMZC', 'ODIF', 'XT', 'FAL', 'OEJ', 'KKFPQ', 'MY', 'QIZWG', 'EJOR', 'ORJB', 'DBGM', 'KAZEK', 'ANW']
['CMB', 'XLWRB', 'YQ', 'KPXJFJ', 'JMYQEA', 'KJHR', 'JJ', 'RM', 'UJ', 'MK', 'AJDT', 'MMUK', 'SBM', 'HDJIQ', 'PJG', 'BPZAJ', 'QREJG', 'GBSI', 'YII', 'TRXUD']
['LWIA', 'TN', 'UBWSTW', 'NZDAU', 'JSMAHJ', 'XFGUIZ', 'BHKK', 'VYGES', 'XEAARR', 'QDMX', 'RWO', 'YXEJT', 'KCQRDN', 'HMURVX', 'DFGWZZ', 'YK', 'FBW', 'JCEYOL', 'MXSFK', 'KLQR']
['BX']
['JUXOIJ', 'D', 'YOGJ', 'H', 'UI', 'WELF', 'YDDS', 'AB', 'UK', 'DQQ', 'HLT', 'OTXCZH', 'QNKIQE', 'TSSNJ', 'ET', 'JNJNE', 'WTGA', 'QKT', 'ZW', 'XU']
['UU', 'ZQAULZ', 'BGB', 'CFG', 'XS', 'NDZ', 'FPPMUW', 'BQIFGG', 'WCZSB', 'EM', 'ZTR', 'TOR', 'CN', 'KRXDGO', 'LQ', 'DJS', 'USZM', 'UIUBC', 'LTHESD', 'FXAQ']
['SUPLJO']
['EDAKUV', 'TB', 'O', 'OQV', 'FAF', 'NO', 'RZU', 'LHILT', 'AZGCQ', 'FP', 'CAED', 'Z', 'ZVKC', 'CHR', 'XINMR', 'THMU', 'ZJUCNC', 'OC', 'IMB']
['V', 'RWHILI', 'ZDYFZU', 'TAN', 'NJAA', 'RQRWJT', 'FGPZAA', 'OYDEJ', 'KBV', 'MISGHL', 'JN', 'OVM', 'FVMBV', 'EWAZF', 'HH', 'PBRPX', 'OIA', 'PE', 'ARYSPZ', 'IGSXN']
['ZULMQ', 'QNN', 'KW', 'ZVWR', 'ETBLO', 'EMP', 'AZN', 'SGY', 'COYVMU', 'L', 'MPYJWG', 'HO', 'W', 'KMU', 'M', 'MOOKF', 'MLDT', 'PQ', 'ZIIN', 'EU']
['ZHDBW', 'AEV', 'U', 'HSHY', 'TCBKQ', 'ZTK', 'NTMT', 'DVVKX', 'TYQL', 'NMU', 'TXNP', 'S', 'GUOYX', 'MYN', 'WBPB', 'E', 'ETSAG', 'NBJL', 'XVU', 'ZYFXQ']
['DRLM', 'KFBC', 'AR', 'LJSX', 'AY', 'HTA', 'HHCPMB', 'SU', 'JCM', 'TQWWLG', 'TTV', 'FCB', 'OL', 'QROYGT', 'YFFNQ', 'BW', 'SEWIVO', 'TJU', 'LW']
['ZHCQG', 'X', 'SY', 'C', 'TUB', 'T', 'WZ', 'QGUYKQ', 'MM', 'AL', 'EVDQNK', 'MV', 'J', 'NGUN', 'WAXWZU', 'ICLIT', 'GDFI', 'CTRFIJ', 'BNC']
['HJW']
