['7']
['121', '122', '117']
['2']
['129', '280', '22', '76', '69', '104', '279', '213', '60', '98', '292', '48', '236', '13', '54', '183', '82', '232', '155', '140', '185', '59', '259', '283', '299', '128', '169', '270', '61', '32', '75', '267', '178', '124', '71', '46', '142', '249', '118']
['223']
['141', '135', '138']
['151']
['119']
['127']
['250', '243', '246']
['93', '43', '40', '36', '90', '94', '92', '37', '97', '95', '5']
['4']
['152']
['192', '108', '112', '111', '113']
['171', '176']
['247', '88', '131', '184', '150', '62', '268', '222', '182', '29', '180', '215', '12', '64', '41', '231', '116', '123', '86', '290', '230', '53', '177', '125', '3', '126', '10', '83', '291', '288', '256', '187', '81', '188', '24', '134', '200', '197', '295']
['132', '239', '208', '274', '241', '212', '173', '205', '238', '228', '156', '258', '245', '30', '70', '248', '195', '56', '166', '297', '204', '159', '224', '42', '275', '25', '114', '278', '181', '146', '286', '28', '281', '137', '16', '196', '157', '285', '85']
['9', '87', '167', '153', '234', '252', '254', '240', '172', '0', '203', '190', '237', '168', '20', '31', '1', '154', '273', '11', '260', '165', '170', '189', '235', '162', '14', '220', '293', '161', '6', '251', '163', '191', '216', '218', '110']
['55']
['149', '144', '148']
['130', '233', '282', '101', '214', '284', '65', '80', '143', '89', '115', '136', '91', '179', '271', '15', '39', '44', '296', '298', '287', '109', '19', '244', '277', '219', '133', '38', '107', '253', '201', '221', '160', '51', '264', '147', '164', '34']
['77', '72', '105', '73', '103', '74', '102', '100', '99', '79']
['229', '225', '227', '226']
['8']
['262', '265', '266', '261', '263']
['50', '174']
['23', '106', '199', '17', '158', '255', '18', '186', '145', '198', '35', '26', '96', '27', '206', '202', '120', '294', '257', '242', '45', '276', '289', '52', '33', '193', '21', '47', '269', '211', '49', '194', '78', '272', '84', '175', '139', '58', '217']
['207', '210', '209']
['67', '63', '68', '66']
['57']
