['LanceStephenson', 'MylesTurner']
['BlakeGriffin', 'LouWilliams']
['JaeCrowder', 'DwyaneWade']
['MilosTeodosic', 'WesleyJohnson']
['JustinJackson', 'GeorgeHill']
['PatrickMcCaw', 'KlayThompson']
['KyrieIrving', 'MarcusMorris']
['DennisSmith', 'WesleyMatthews']
['DarioSaric', 'RobertCovington']
['DamianLillard', 'ZachCollins']
['KyleKorver', 'JoseCalderon']
['DionWaiters', 'JamesJohnson']
['JarrettAllen', 'CarisLeVert']
['DeMarDeRozan', 'JakobPoeltl']
['JamesEnnis', 'AndrewHarrison']
['JrueHoliday', 'NikolaMirotic']
['TylerUlis', 'JoshJackson']
['TreveonGraham', 'MichaelKiddGilchrist']
['JaMychalGreen', 'JarellMartin']
['TroyDaniels', 'DraganBender']
['DeMarcusCousins', 'ETwaunMoore']
['ZachRandolph', 'DeAaronFox']
['MalikMonk', 'NicolasBatum']
['KevinDurant', 'DraymondGreen']
['IanClark', 'RajonRondo']
['DougMcDermott', 'KyleOQuinn']
['StephenCurry', 'AndreIguodala']
['EricBledsoe', 'TonySnell']
['AlexAbrines', 'RaymondFelton']
['DarrenCollison', 'JoeYoung']
['EnesKanter', 'FrankNtilikina']
['EvanTurner', 'JusufNurkic']
['BrandonIngram', 'LarryNance']
['OttoPorter', 'MarcinGortat']
['KellyOubre', 'TomasSatoransky']
['PaulGeorge', 'CarmeloAnthony']
['JJRedick', 'TimotheLuwawuCabarrot']
['DelonWright', 'CJMiles']
['ReggieJackson', 'StanleyJohnson']
['PattyMills', 'ManuGinobili']
['TorreyCraig', 'GaryHarris']
['JustiseWinslow', 'KellyOlynyk']
['SamDekker', 'TobiasHarris']
['JameerNelson', 'DariusMiller']
['JamesHarden', 'LucMbahaMoute']
['AlJefferson', 'DomantasSabonis']
['GarrettTemple', 'BuddyHield']
['JimmyButler', 'NemanjaBjelica']
['MalcolmBrogdon', 'GiannisAntetokounmpo']
['MarioChalmers', 'TyrekeEvans']
['AlFarouqAminu', 'MauriceHarkless']
['WayneEllington', 'HassanWhiteside']
['BenSimmons', 'TJMcConnell']
['AronBaynes', 'SemiOjeleye']
['DwightPowell', 'JJBarea']
['AustinRivers', 'DeAndreJordan']
['StevenAdams', 'JeramiGrant']
['WillieCauleyStein', 'BogdanBogdanovic']
['DannyGreen', 'PauGasol']
['AaronGordon', 'DJAugustin']
['JaylenBrown', 'DanielTheis']
['TrevorAriza', 'PJTucker']
['DavisBertans', 'LaMarcusAldridge']
['DewayneDedmon', 'IsaiahTaylor']
['RussellWestbrook', 'PatrickPatterson']
['IanMahinmi', 'MikeScott']
['TajGibson', 'JeffTeague']
['AmirJohnson', 'RichaunHolmes']
['RudyGay', 'BrynForbes']
['RobinLopez', 'LauriMarkkanen']
['ThonMaker', 'SterlingBrown']
['JonasJerebko', 'EkpeUdoh']
['JoshHuestis', 'AndreRoberson']
['BojanBogdanovic', 'CoryJoseph']
['EdDavis', 'CJMcCollum']
['YogiFerrell', 'HarrisonBarnes']
['DeyontaDavis', 'MarcGasol']
['SalahMejri', 'DirkNowitzki']
['DeMarreCarroll', 'RondaeHollisJefferson']
['BobbyPortis', 'CristianoFelicio']
['TerryRozier', 'MarcusSmart']
['JohnHenson', 'JasonTerry']
['ElfridPayton', 'NikolaVucevic']
['QuincyAcy', 'AllenCrabbe']
['MaxiKleber', 'DevinHarris']
['JohnCollins', 'MikeMuscala']
['JoelEmbiid', 'JerrydBayless']
['NikolaJokic', 'WilsonChandler']
['JaredDudley', 'AlexLen']
['KristapsPorzingis', 'JarrettJack']
['MarioHezonja', 'BismackBiyombo']
['AnthonyTolliver']
['GorguiDieng', 'TyusJones']
['DavidWest', 'ZazaPachulia']
['JonasValanciunas', 'PascalSiakam']
['BradleyBeal', 'JohnWall']
['KentBazemore', 'MarcoBelinelli']
['ClintCapela', 'NeneHilario']
['KyleAnderson', 'DejounteMurray']
['JodieMeeks', 'MarkieffMorris']
['FredVanVleet', 'OGAnunoby']
['DanteCunningham', 'AnthonyDavis']
['DenzelValentine', 'PaulZipser']
['ShabazzNapier', 'PatConnaughton']
['KostaKoufos', 'SkalLabissiere']
['JustinHoliday', 'JerianGrant']
['JamalMurray', 'MasonPlumlee']
['CediOsman', 'JRSmith']
['RoyceONeale', 'RodneyHood']
['KhrisMiddleton', 'JabariParker']
['BamAdebayo', 'JoshRichardson']
['MarvinWilliams', 'JeremyLamb']
['RickyRubio', 'JoeIngles']
['DonovanMitchell', 'RudyGobert']
['TysonChandler', 'DevinBooker']
['AlHorford', 'JaysonTatum']
['KentaviousCaldwellPope', 'KyleKuzma']
['SindariusThornwell', 'MontrezlHarrell']
['NickYoung', 'ShaunLivingston']
['MichaelCarterWilliams', 'FrankKaminsky']
['EmmanuelMudiay', 'PaulMillsap']
['TJWarren', 'MarqueseChriss']
['AveryBradley', 'LangstonGalloway']
['IshSmith', 'ReggieBullock']
['ChrisPaul', 'RyanAnderson']
['EvanFournier', 'WesleyIwundu']
['JoeHarris', 'DAngeloRussell']
['TimHardaway', 'CourtneyLee']
['EricGordon', 'GeraldGreen']
['JuliusRandle', 'LonzoBall']
['LanceThomas', 'MichaelBeasley']
['KembaWalker', 'DwightHoward']
['TaureanWallerPrince', 'ErsanIlyasova']
['JeffGreen', 'KevinLove']
['KyleLowry', 'SergeIbaka']
['DavidNwaba', 'KrisDunn']
['VictorOladipo', 'ThaddeusYoung']
['ShabazzMuhammad', 'AndrewWiggins']
['BrookLopez', 'JoshHart']
['MalcolmDelaney', 'DennisSchroder']
['TreyLyles', 'WillBarton']
['TristanThompson', 'LeBronJames']
['AndreDrummond', 'LukeKennard']
['DillonBrooks', 'BenMcLemore']
['DerrickFavors', 'AlecBurks']
['JonathonSimmons', 'ShelvinMack']
['SpencerDinwiddie', 'TylerZeller']
['JamalCrawford', 'KarlAnthonyTowns']
['GoranDragic', 'TylerJohnson']
['JordanClarkson', 'CoreyBrewer']
