['PL', 'PU', 'CI', 'CC', 'OA', 'KC', 'CR', 'LP', 'A', 'HT']
['FD', 'LV']
['R', 'IF', 'JA', 'PT', 'OG', 'MX', 'JS', 'DE', 'KQ', 'OJ']
['QK', 'CY']
['OU', 'TC', 'KA', 'HY', 'SZ', 'NK', 'PW', 'HL', 'RI', 'SI']
['RF']
['JW', 'BK', 'SP', 'EL', 'QG', 'JI', 'DC', 'SG', 'FF', 'LH']
['DS']
['IE', 'TE', 'NG', 'LU', 'KH', 'EI', 'CP', 'HP', 'HS', 'LJ']
['SB']
['IV', 'QB', 'GV', 'BA', 'MZ', 'LO', 'KP', 'KV', 'PX', 'SQ']
['DA']
['NT', 'LA', 'GR', 'QT', 'SJ', 'MJ', 'DD', 'OQ', 'GX', 'OS']
['PD']
['FC', 'JV', 'QS', 'ND', 'JD', 'HW', 'PF', 'KW', 'BO', 'MF']
['BB']
['CO', 'OR', 'PY', 'IY', 'KO', 'JN', 'IQ', 'LR', 'MU', 'TA']
['BT']
['SM', 'NR', 'MK', 'FS', 'NE', 'HK', 'NW', 'B', 'EY']
['GM', 'CU', 'DO', 'CB', 'BU', 'QV', 'KY', 'MR', 'U', 'F']
['OO']
['CL', 'FP', 'BH', 'DM', 'HQ', 'DQ', 'RR', 'SS']
['OL', 'RS', 'CA', 'NU', 'RM', 'GW', 'OI', 'PN', 'RA', 'IJ']
['RZ']
['FK', 'CG', 'RH', 'LT', 'RG', 'PM', 'BW', 'DT', 'GC', 'HI']
['CF']
['HX', 'FU', 'NX', 'HH', 'OD', 'GG', 'PS', 'GD', 'OF', 'QU']
['GF', 'BD', 'OB', 'Z', 'DY', 'NJ', 'PI', 'IR', 'NM', 'QO']
['PH']
['GJ', 'NN', 'X', 'MN', 'Y', 'OP', 'EG', 'RV', 'NS', 'EB']
['JJ']
['EF', 'JX', 'JF', 'RT', 'EM', 'SD', 'FO', 'FR', 'DW', 'QE']
['BR']
['BM', 'QX', 'MB', 'DX', 'O']
['HO', 'HF', 'BL', 'OH', 'OK', 'FY', 'EP', 'JT', 'RQ', 'NQ']
['GP']
['NP', 'IT', 'JU', 'NO', 'SW', 'CT', 'K', 'GS', 'QJ', 'GY']
['L']
['CQ', 'RU', 'MA', 'OV', 'HE', 'SC', 'SN', 'NH', 'EA', 'FL']
['QQ']
['SE', 'GZ', 'DV', 'SF', 'IA', 'PE', 'FN']
['KF', 'QC', 'BV', 'H', 'ML', 'RP']
['DH', 'GI', 'CD', 'JK', 'NB', 'EJ']
['RK', 'MC', 'MI', 'MY', 'QA', 'I', 'PB', 'EQ', 'BI', 'RN']
['SY']
['EE', 'CN', 'PJ', 'RW', 'NC', 'IP', 'SA']
['RB', 'JB', 'ON', 'IL', 'HM', 'LK', 'EZ']
['Q', 'KB', 'TF', 'QW', 'QF', 'GT', 'CS']
['IH', 'OC', 'NL', 'CK', 'KM', 'ES', 'TD', 'FA']
['DZ', 'IS', 'KD', 'LS', 'PP', 'GN', 'HN']
['KE', 'KU', 'EV', 'EH', 'OW', 'GE']
['DB', 'PG', 'MQ', 'JG', 'HG']
['LZ', 'HZ', 'BX', 'DJ', 'FQ', 'HD', 'QI', 'HU']
['LW', 'D', 'P', 'PZ', 'BY', 'CH', 'KL', 'E', 'IZ']
['II', 'KT', 'LG', 'BF', 'DF', 'ER', 'EN', 'OT']
['SU', 'JQ', 'JE', 'JP']
['LD', 'TB', 'MT', 'KK', 'QD']
['GB', 'HJ', 'N']
['CZ', 'HV']
['KZ', 'JY', 'BE', 'BQ', 'EX', 'JO']
['LF', 'ID', 'LQ', 'OX', 'PR', 'IU']
['FW', 'KN']
['IB', 'QH', 'DG', 'OZ']
['FB', 'C', 'NI', 'DR', 'IW', 'RX', 'IN', 'PO']
['GH', 'NF', 'IC', 'QN']
['BJ', 'HA', 'KJ', 'CM', 'RL', 'QR', 'DU']
['EW', 'OE', 'PK', 'BZ', 'MV', 'ET']
['MW', 'LY']
['LI', 'IK', 'MD', 'FV']
['PQ', 'NY', 'NV', 'FH']
['S', 'LN', 'CJ', 'DK', 'SL', 'RC', 'CW']
['KG', 'RJ', 'SK', 'JZ']
['KS', 'DL', 'SO', 'LM', 'HR']
['V', 'SV', 'MG', 'J', 'MM', 'CE']
['IO', 'W']
['GU', 'QM', 'KR']
['BC', 'HC', 'G']
['DN', 'SH', 'OY', 'FE', 'RE']
['LL', 'OM', 'KI']
['M', 'QY', 'SR']
['DP', 'PV', 'CV']
['HB', 'IM', 'BS', 'BP']
['FI', 'GL', 'IG']
['FJ', 'RY']
['NZ', 'LX', 'QL']
['JC', 'JM']
['FM', 'MS', 'SX']
['BN', 'EK']
['PA', 'JL', 'MO', 'GK']
['FZ', 'ED', 'T']
['FG', 'KX', 'DI']
['FX', 'MP', 'EC', 'NA']
['IX', 'MH', 'ST']
['JH', 'ME', 'EO']
['QZ', 'CX']
['BG', 'PC', 'GQ', 'RD']
['LB', 'JR']
['RO', 'QP', 'GA', 'FT']
['LE', 'EU']
['LC', 'GO']
