['Kim']
['Wilfredo', 'Annie', 'Dwayne', 'Megan', 'Kimberly', 'Ladonna', 'Dorothy']
['Bessie']
['Jayne']
['Christine']
['Rhonda', 'Josephine', 'Melissa', 'Sandra', 'Esther', 'Carrie', 'Lexie']
['Victor', 'Oscar', 'Argentina', 'Bernie', 'Carroll', 'Tabatha', 'Gordon']
['Nellie']
['Mildred']
['Marybeth']
['Gail']
['Paula', 'Esta', 'Lucy', 'Mari', 'Maryann', 'Lucia', 'Alex']
['Kathryne']
['Beatriz', 'Brian', 'Debra', 'Andrea', 'Delia', 'Desiree', 'Jeffrey']
['Cedric']
['Benjamin', 'Sara', 'Crystal', 'Cleo', 'Wilbur', 'Shirley', 'Carlton']
['Janet', 'Maria', 'Melanie', 'Shawna', 'Jason', 'Jonathan', 'Theresa']
['Clifford']
['Justine']
['Sheryl', 'Brittany', 'Joseph', 'Carol', 'Felipe', 'Rena', 'Elvera']
['Sheila', 'Mark', 'Ray', 'Marge', 'Iris', 'Matilda', 'Manuel']
['Terry']
['Maxine', 'Andre', 'Phillip', 'Devon']
['Henry']
['Harry', 'Claire', 'Mireya', 'Melvin', 'Tomas', 'Mavis', 'Janice']
['Lorenzo', 'Wade', 'Marie', 'Earl', 'Harold', 'Laurie', 'Charles']
['Ernest']
['Christiana', 'Pearl', 'Carl', 'Kathleen', 'Martin', 'Johnny', 'Melony']
['Eunice']
['Russel', 'Thelma', 'Debbie', 'Fred', 'Amanda', 'Philip', 'Hillary']
['Alice', 'Todd', 'Gregory', 'Jewel', 'Levi', 'Julia', 'Gilbert']
['Randy', 'Kristina', 'Edward', 'Kyle', 'Alvin', 'Bernard', 'Milton']
['Blanche', 'Helen', 'Bernice', 'Kenny', 'Jeffery', 'Judith', 'Raquel']
['Ella']
['Tammy']
['Cheri']
['Marcus']
['Pamela', 'Darrin', 'Dan', 'Marla', 'Jasmine', 'Tanya', 'Molly']
['Katrina', 'Carina', 'Barbra', 'Vicente', 'Linda', 'Rocio', 'Porfirio']
['Lisa']
['Joel']
['Lorena']
['Patrick']
['Lydia', 'Anita', 'Casandra', 'Weldon', 'Chris', 'Peggy', 'Cathleen']
['Bobby']
['Lorene']
['Heather', 'Deandre', 'Donald', 'Josie', 'Craig', 'Lena', 'Richard']
['Patricia', 'Tiara', 'Laura', 'Jewell', 'Frances', 'Daniel', 'Erma']
['Lela']
['Lowell']
['Roberto', 'Beatrice', 'Antoinette', 'Lori', 'David', 'Curtis', 'Ethel']
['Teresa', 'Tim', 'Julius', 'Keith', 'Stanley', 'Roger', 'Charlotte']
['Raymond']
['John', 'Reggie', 'Mitchell', 'Peter', 'Alan', 'Dottie', 'Sam']
['Grace']
['Gerald']
['Merle']
['Vickie']
['Houston']
['Doris']
['Kenneth', 'Leigh', 'Bonita', 'Arturo', 'Catherine', 'Thomas', 'Minnie']
['Latonya']
['Austin', 'Lizzie', 'Emily', 'Kurt', 'Hugo', 'Rafael', 'Anna']
['Loretta']
['Barbara']
['Christian', 'Eric', 'Joy', 'Cindy', 'Bernadette', 'Arthur']
['Frank']
['Rory']
['Lillie', 'Horace', 'Eduardo', 'Lucille', 'Salvatore', 'Darryl', 'Emerson']
['Carmen', 'Shaun', 'Gladys', 'Rod', 'Tracy', 'Wanda', 'Walter']
['Jami', 'Albert', 'Carolyn', 'Ivan', 'Cameron', 'Jean', 'Jeff']
['Jessie']
['Derrick']
['Maureen', 'Evan', 'Billie', 'Diane', 'Kay', 'Antonietta', 'Harriet']
['Rebecca', 'Kristine', 'Betty', 'Lottie', 'Nathaniel', 'Vance', 'Steven']
['Martha']
['Brenda', 'Jeanette', 'Lester', 'Lawrence', 'Sulema', 'Sheldon', 'Robin']
['Mei', 'Stephanie', 'Corinne', 'Kathryn', 'Matthew', 'Octavia', 'Virgie']
['Louis', 'Phyllis', 'Byron', 'Frida', 'Luis', 'Robert', 'Louise']
['Gene']
['Danielle']
['Hazel', 'Julie', 'Hector', 'Toni', 'Rueben', 'Randall']
['Cynthia', 'Timothy', 'Pauline', 'Adam', 'Emilee', 'Carole']
['Jerome']
['Stephen', 'Virginia', 'Paul', 'Beverly', 'Heidi', 'Adrian', 'Claudia']
['Christopher', 'Damian', 'Shelly', 'Esperanza', 'Steve', 'Marta', 'Katherine']
['Roberta']
['Isaac', 'Douglas', 'Barry', 'Colin', 'Arline', 'Colleen']
['Chester', 'Ronald', 'Cheryl', 'Shawn', 'Fay', 'Carlos']
['Gerard']
['Carla']
['Kristen', 'Mae', 'Leola', 'Antonio', 'Elizabeth', 'Tonya', 'Jessica']
['Dena', 'Norma', 'Lakesha', 'Mona', 'Marion', 'Susan', 'Allen']
['Bruce', 'Dawn', 'Victoria', 'Brooks', 'Clara', 'Sarah', 'Alberta']
['Ashley', 'Michelle', 'Angel', 'Doretha', 'Ralph', 'Johnnie', 'Regina']
['Harriett', 'Anthony', 'Karen', 'Leo', 'Maybell', 'Sharon', 'Cesar']
['Geraldine']
['Jodi', 'Joe', 'Jonathon', 'Mario', 'Jammie', 'Jeremy', 'Hildegard']
['Samantha', 'Nicholas', 'Kelvin', 'Justin', 'Donna', 'Hilton', 'Olive']
['Nancy', 'Tommie', 'Trenton', 'Renee', 'Juan', 'Mamie', 'Abdul']
['Ericka', 'Stacy', 'Ted', 'Monica', 'Joshua', 'Anne', 'Matt']
['Brandon']
['Gale', 'Katie', 'Patrice', 'Pat', 'James', 'Samuel', 'Guadalupe']
['Vera']
['Margaret']
['Scotty']
['Daphne']
['Larry', 'Joan', 'Aileen', 'Dennis', 'Mary', 'Marjorie', 'Jane']
['Erik', 'Noma', 'Eva', 'Isabelle', 'Zachary', 'Miriam', 'Jim']
['George']
['Ricardo']
['Joyce']
['Ruth']
['William']
['Lidia', 'Krista', 'Kelly', 'Newton', 'Myra', 'Roy', 'Deborah']
['Edwin']
['Rachel']
['Brett', 'Michael', 'Gary', 'Lauren', 'Alonzo', 'Dewayne', 'Ada']
['Shane', 'Vanessa', 'Vicky', 'Patsy', 'Evelyn', 'Tommy', 'Jacqueline']
['Irene', 'Clyde', 'Quentin', 'Warren', 'Lacey', 'Ruthie', 'Aron']
['Sally', 'Gloria', 'Rick', 'Dolores', 'Fredrick', 'Shante', 'Tom']
['Cara']
['Johnathan', 'Chelsea', 'Jerry', 'Kelli', 'Jennifer', 'Cyndy', 'Erica']
['Fletcher']
