['108', '329', '309', '272', '202', '29', '338', '296', '146', '2', '218', '271', '363', '310', '222', '35']
['159', '179', '87', '77', '38', '362', '361', '344', '59', '42', '177', '321', '291', '103', '198', '243']
['15', '347', '350', '207', '367', '245', '249', '236', '33', '110', '9', '176', '194', '121', '373']
['62']
['220', '294', '318', '83', '182', '341', '360', '209', '284', '18', '133', '119', '137', '368', '92', '279']
['113', '111', '187', '293', '152', '19', '117', '170', '131', '130', '322', '265', '280', '281', '251', '298']
['359', '365', '181', '357', '96', '114', '89', '197', '342', '314', '203', '200', '307', '64', '317', '45']
['206']
['320', '155', '171', '30', '374', '120', '68', '254', '256', '369', '8', '90', '106', '175', '353', '306']
['288']
['345', '304', '247', '125', '290', '6', '358', '312', '147', '139', '31', '250', '319', '233', '163', '52']
['84', '58', '71', '340', '234', '57', '150', '348', '299', '61', '69', '56', '313', '273', '370', '330']
['180', '80', '196', '51', '46', '157', '3', '168', '327', '190', '116', '276', '372', '167', '85', '1']
['97']
['63', '285', '226', '333', '23', '173', '14', '36', '277', '49', '172', '274', '287', '13', '145', '93']
['199', '10', '185', '337', '98', '11', '94', '300', '41', '183', '22', '165', '269', '323', '334', '339']
['325']
['88']
['79', '153', '351', '346', '50', '324', '204', '242', '205', '261', '158', '214', '302', '7', '246', '26']
['210', '211', '65', '332', '40', '102', '154', '336', '375', '136', '100', '264', '55', '27', '53', '109']
['366', '37', '184', '5', '283', '208', '128', '268', '101', '78', '43', '54', '238', '112']
['34']
['258', '253', '262', '201', '44', '127', '248', '123', '354', '73', '126', '308', '255', '140', '223', '252']
['75', '213', '301', '164', '335', '99', '225', '195', '32', '76', '144', '235', '74', '282', '86', '237']
['212', '295', '91', '278', '67', '82', '216', '326', '228', '60', '81', '129', '21', '316', '263', '47']
['343']
['292', '232', '24', '16', '217', '169', '186', '289', '20', '72', '239', '227', '134', '4', '104', '305']
['315', '260', '48', '219', '188', '25', '122', '70', '166', '286', '356', '311', '229', '148', '355', '257']
['244', '215']
['240', '270', '192', '95', '17', '303', '371', '28', '149', '259', '266', '193', '275', '132', '162', '142']
['230', '115', '141', '160', '364', '174', '178', '161', '352', '105', '124', '189', '12', '224', '191', '138']
['151', '331', '118', '328', '267', '241', '135', '107', '297', '231', '66', '221', '349', '156', '39', '143']
