['220', '218', '219', '221', '224', '223', '211', '222']
['14', '13', '12', '11', '0', '5', '16']
['105', '103', '104', '100', '102', '101']
['39', '30', '37', '40', '41', '38']
['197', '209', '199', '196', '206', '195', '207', '194', '208']
['148', '149', '146', '144', '145', '147']
['89', '162', '87', '86', '91', '166', '165', '164', '163', '93']
['229', '230', '226', '225', '228', '227']
['143', '136']
['200', '141', '205', '42']
['237', '240', '238', '242', '239', '241', '236']
['66', '62', '61', '68', '64', '65', '63']
['106', '110', '107', '108']
['139', '140', '142', '138', '137']
['97', '95', '98', '94', '99', '96']
['202', '192', '188', '190', '187', '191', '203', '201', '204']
['79', '77', '75', '80', '78', '76']
['115', '113', '116', '114', '198', '112']
['74', '59', '71', '193', '72', '69', '70', '73']
['17', '15', '231', '117']
['171', '169', '173', '168', '161', '172', '174', '170']
['19', '23', '20', '21', '18', '24', '67', '22']
['81', '83', '84', '82', '85']
['9', '7', '10', '8', '60', '56', '58', '6', '57']
['177', '179', '176', '189', '175', '180', '178', '186']
['27', '26', '29', '28']
['133', '167', '132', '134', '131', '135']
['129', '126', '127', '130', '128', '125']
['121', '111', '120', '124', '118', '122', '109', '123', '119']
['48', '46', '44', '36', '47', '45', '34', '43', '25']
['153', '155', '151', '152', '154', '150']
['248', '88', '210', '49', '232', '235', '90', '233', '92']
['53', '52', '54', '55', '51', '50']
['245', '234', '247', '246', '243', '249', '244']
['157', '156', '159', '160', '158']
['1', '4', '3', '2']
['216', '215', '213', '217', '212']
['214']
['182', '183', '184', '181', '185']
['35', '31', '32', '33']
