['189']
['176']
['171']
['118']
['227']
['51']
['10', '8', '68', '46', '61', '111', '15', '71', '106', '226', '165', '3', '25', '212', '162', '82', '177', '32', '208', '225', '60', '144', '154', '94', '37', '112', '52', '203', '190', '175', '243', '120', '5', '246', '49', '55', '159', '131', '20', '115', '35', '132', '250', '181', '102', '242', '166', '54', '11', '124', '39', '50', '146', '33', '170', '240', '163', '119', '59', '123', '224', '157', '9', '178']
['84']
['99', '31', '22', '42', '215', '113', '6', '44', '81', '23', '201', '30', '43', '235', '96', '128', '29', '220', '183', '24', '149', '142', '76', '151', '125', '172', '62', '78', '98', '101', '88', '233', '63', '213', '53', '122', '153', '67', '228', '86', '4', '27', '134', '109', '141', '79', '70', '121', '188', '249', '64', '117', '58', '237', '92', '75', '87', '152', '197', '180', '2', '205', '222', '107', '155', '1', '150', '185', '204', '110', '179', '89', '221', '167', '245', '34', '202', '169', '72', '248', '108', '247', '196', '191', '137', '147', '48', '135', '241', '47', '105', '91', '36', '129', '148', '104', '156', '238', '145', '73', '218', '116', '40', '184', '210', '140', '223', '234', '100', '95', '139', '85', '209', '219', '65', '74', '217', '12', '192', '173', '236', '26', '77', '127', '69', '168', '193', '187', '93', '199']
['114']
['239']
['38']
['130']
['19']
['244']
['14']
['206']
['158', '231', '232', '161', '16', '211', '17']
['136']
['200', '143', '214', '198', '103', '41', '216', '194', '164', '182', '186', '7', '160', '66', '207', '18', '230', '56', '13', '229', '133', '138', '90']
['80']
['126']
['45']
['57', '21', '174', '28', '83', '195']
['97']
