['144', '229', '4', '83', '101', '131', '153', '119', '167']
['49', '91', '189', '6', '240', '221', '59', '211', '237', '174', '29', '210', '197', '149', '193', '77', '55', '140', '138', '3']
['233', '58', '169', '218', '127', '114', '196', '185', '25']
['2', '46', '126', '63', '44', '226', '113', '232', '78', '42', '176', '238', '73', '246']
['107', '181', '170', '164', '177', '105']
['214', '65', '1', '99', '21', '219', '186', '242', '171', '76', '118', '102', '10']
['165', '249', '93', '9', '67', '136', '198', '64', '30', '86', '68', '156', '227', '32', '0', '37', '201']
['52', '236', '20', '72', '173', '225', '74', '61', '184', '187', '75', '27', '183', '139', '150', '112']
['92', '5', '125', '51', '11', '40', '34']
['207', '151', '212', '223', '157', '244', '162', '241', '202', '95', '234', '130', '24', '188', '231']
['94', '137', '57', '208', '129', '178', '8', '179', '96', '36', '70', '195']
['142', '123', '194', '87', '82', '31', '111', '56', '204', '15', '81', '203', '224', '50', '159', '7']
['103', '71', '14', '108']
['220', '62', '209', '12', '18', '180', '89', '54', '243', '213', '66', '121']
['39', '248', '128', '205', '23', '230', '239', '161', '163', '38', '217', '147', '48', '168', '135', '120', '19', '45']
['182', '235', '216', '115', '33', '133', '166', '222', '146', '172', '215', '245', '124', '41', '148', '97', '117']
['35', '175', '98', '47', '158', '110', '143', '100', '53', '85', '191', '154', '16', '141']
['60', '134', '43', '116', '247']
['84', '160', '190', '69', '200', '13', '90', '228', '17']
['152', '79', '199', '104', '192', '145', '132', '155', '106', '122', '26', '88', '109', '80', '206', '22', '28']
