['411', '400', '401', '402', '403', '404', '405', '406', '407', '408', '409', '410']
['150', '25', '167', '195', '73', '219', '56', '201', '55', '221']
['186', '34', '427', '424', '425', '426', '428', '429', '430', '431', '432', '433']
['231', '45', '151', '109', '180', '225', '67', '200', '57', '235']
['365', '350', '351', '352', '353', '354', '355', '356', '357', '358', '359', '360']
['347', '322', '323', '324', '325', '326', '327', '328', '329', '330', '331', '332']
['191', '35', '208', '39', '80', '87', '165', '240', '52', '123', '169']
['105', '13', '63', '147', '24', '128', '159', '213', '193', '244', '101', '124']
['145', '23', '89', '102', '177', '59', '236', '152', '166', '199']
['348', '300', '301', '302', '303', '304', '305', '306', '307', '308', '309', '310']
['161', '64', '81', '78', '108', '229', '141', '163', '122']
['10', '0', '1', '2', '3', '4', '5', '6', '7', '8', '9', '11']
['495', '472', '473', '474', '475', '476', '477', '478', '480', '481', '482', '484']
['227', '44', '133', '120', '148', '93', '223', '125', '86', '182']
['378', '361', '362', '363', '364', '366', '367', '368', '369', '370', '371', '372']
['184', '33', '175', '31', '216', '130', '69', '445', '446', '447', '448', '188']
['344', '311', '312', '313', '314', '315', '316', '317', '318', '319', '320', '321']
['88', '138', '192', '91', '226', '121', '210', '134']
['156', '26', '71', '97', '237', '100', '218', '242', '53', '61', '70']
['375', '373', '374', '376', '377', '379', '380', '381', '382', '383', '384', '385']
['212', '30', '28', '38', '42', '46', '48', '170', '171', '172', '173', '214']
['158', '27', '241', '47', '65', '99', '129', '234', '113', '224', '112']
['251', '250', '252', '253', '254', '255', '256', '257', '258', '259', '260', '261']
['449', '434', '435', '436', '437', '438', '439', '440', '441', '442', '443', '444']
['196', '36', '132', '115', '54', '233', '62', '110', '194', '146']
['483', '450', '451', '452', '453', '454', '455', '456', '457', '458', '459', '460']
['198', '37', '117', '190', '126', '207', '162', '243', '58', '176']
['157', '29', '12', '14', '15', '16', '17', '18', '19', '20', '21', '22']
['181', '32', '119', '155', '220', '90', '203', '118', '183', '104']
['391', '386', '387', '388', '389', '390', '392', '393', '394', '395', '396', '397']
['239', '98', '160', '131', '343', '341', '342', '346', '349', '197', '79', '77']
['248', '49', '238', '345', '333', '334', '335', '336', '337', '338', '339', '340']
['211', '40', '116', '153', '245', '185', '84', '72', '209']
['291', '262', '263', '264', '265', '266', '267', '268', '269', '270', '271', '272']
['137', '246', '497', '496', '498', '499', '249', '106', '66', '232', '206', '174']
['299', '273', '274', '275', '276', '277', '278', '279', '280', '281', '282', '283']
['179', '154', '399', '398', '205', '96', '95', '103', '85']
['479', '461', '462', '463', '464', '465', '466', '467', '468', '469', '470', '471']
['83', '204', '215', '202', '135', '178', '140', '228', '111']
['412', '413', '414', '415', '416', '417', '418', '419', '420', '421', '422', '423']
['217', '41', '143', '114', '68', '247', '75', '230', '168', '149']
['82', '94', '139', '60', '144', '164', '76', '189', '136']
['51', '127', '485', '486', '487', '488', '489', '490', '491', '492', '493', '494']
['222', '43', '92', '74', '142', '187', '107', '298', '297', '50']
['295', '284', '285', '286', '287', '288', '289', '290', '292', '293', '294', '296']
