['47', '4', '7', '8', '10', '11', '14', '16', '297', '21', '22', '32', '262', '38', '40', '42', '43', '45']
['305', '233', '277', '281', '292', '296', '302', '307']
['0', '5', '15', '24', '26', '27', '28', '29', '30', '31', '37', '39', '53', '54', '55', '57', '58', '61']
['290', '298']
['44', '9', '13', '20', '48', '51', '59', '60', '62', '65', '67', '69', '70', '71', '73', '75', '78']
['306', '295', '259', '225', '216', '213']
['247', '1', '50', '52', '63', '64', '72', '76', '80', '81', '84', '86', '87', '89', '90', '92', '95', '102']
['66', '185']
['17', '6', '23', '33', '68', '79', '85', '91', '98', '96', '101', '104', '106', '107', '109', '111', '123']
['74', '206', '49']
['304', '3', '77', '93', '94', '97', '108', '114', '115', '119', '249', '122', '125', '128', '129', '131', '134', '137']
['163']
['143', '82', '103', '112', '116', '118', '121', '113', '124', '117', '127', '132', '133', '135', '136', '140', '148', '151']
['138']
['141', '100', '130', '139', '145', '152', '153', '226', '156', '157', '158', '161', '165', '166', '170', '172', '173']
['219', '162']
['236', '41', '110', '144', '150', '159', '288', '164', '168', '171', '176', '241', '181', '182', '183', '184', '192', '194', '198']
['284', '56', '142', '19']
['248', '126', '175', '187', '188', '189', '190', '191', '195', '196', '197', '199', '204', '208', '210', '215']
['203', '35', '36', '207', '88', '2']
['220', '167', '179', '186', '193', '201', '258', '214', '218', '227', '229', '230', '232', '273', '242', '243', '244']
['217', '146']
['34', '12', '147', '169', '174', '200', '202', '205', '211', '212', '221', '222', '224', '228', '234', '238', '180', '245']
['155', '177', '18', '268', '46']
['246', '223', '235', '237', '239', '240', '120', '250', '255', '256', '260', '265', '266', '267', '269', '271', '274', '275', '276']
['25', '83']
['300', '105', '178', '154', '253', '254', '257', '209', '263', '99', '270', '278', '279', '282', '285', '160', '289', '291', '293', '294']
['261']
['149', '231', '251', '252', '264', '272', '280', '283', '286', '287', '299', '301', '303']
