['42', '351', '380', '339', '472', '162', '246', '483', '280', '439', '72', '39', '487', '149', '184', '1', '127', '238', '210', '129', '163', '37', '298', '270']
['180', '330', '110', '279', '25', '423', '315', '382', '243', '435', '248', '172', '488', '192', '263', '196', '450', '171', '152', '377']
['202', '183', '112', '343', '497', '193', '286', '447', '133', '66', '460', '181', '69', '400', '355', '80', '274', '106', '278', '187', '88', '67', '213']
['440', '118', '235', '476', '374', '373', '36', '144', '247', '31', '273', '214', '327', '480', '151', '44', '466', '168', '323', '239', '130', '405', '496', '205', '370']
['84', '231', '23', '226', '464', '346', '53', '108', '131', '250', '43', '429', '58', '342', '115', '204', '126', '38', '415', '275', '495', '150', '454', '194', '89', '329', '169']
['287', '173', '467', '45', '422', '316', '392', '474', '394', '116', '409', '220', '295', '452', '498', '352', '284', '215', '47', '98', '372', '241', '397', '103', '138', '433', '119', '20']
['347', '63', '175', '113', '266', '122', '430', '123', '391', '82', '182', '331', '307', '484', '40', '337', '264', '259', '257', '19', '358', '147', '434', '336', '299']
['206', '32', '378', '46', '461', '54', '191', '78', '296', '140', '9', '189', '164', '139', '368', '426', '156', '424', '322', '22', '100', '446', '52', '70', '268']
['2', '225', '416', '85', '320', '364', '363', '265', '300', '402', '357', '428', '199', '417', '81', '421', '245', '470', '161', '311', '419', '242', '177', '251', '437', '395', '252']
['305', '13', '384', '29', '349', '223', '407', '90', '356', '86', '105', '350', '379', '444', '478', '179', '4', '291', '83', '304', '260', '132', '441', '201', '254', '448', '398']
['176', '185', '413', '62', '95', '27', '0', '332', '174', '267', '114', '91', '408', '288', '87', '207', '406', '178', '281', '33', '14', '282', '412', '240', '425', '190']
['457', '93', '411', '314', '376', '21', '277', '271', '120', '219', '211', '71', '366', '462', '308', '249', '306', '463', '145', '401', '166', '137']
['35', '244', '68', '333', '389', '76', '341', '7', '468', '344', '445', '285', '386', '383', '60', '262', '403', '258', '101', '233', '159', '317', '186', '293', '301', '338']
['420', '410', '8', '65', '188', '253', '75', '289', '442', '234', '221', '321', '198', '167', '111', '335', '365', '236', '143', '96', '303', '208', '455', '359', '102', '217', '255']
['309', '477', '328', '427', '5', '55', '490', '367', '197', '362', '469', '449', '482', '237', '345', '41', '324', '494', '124', '6', '375', '228', '26', '157']
['104', '218', '381', '212', '209', '481', '125', '17', '92', '453', '34', '141', '77', '59', '388', '443', '94', '11', '79', '348', '229', '353']
['361', '414', '475', '283', '387', '142', '135', '56', '471', '136', '28', '146', '224', '73', '230', '50', '222', '318', '256', '310', '153', '340', '399', '227', '418', '479']
['385', '134', '24', '432', '326', '292', '431', '465', '18', '64', '369', '325', '16', '312', '360', '121', '148', '451', '195', '48', '319', '61', '3', '49', '459']
['160', '458', '57', '15', '492', '485', '117', '74', '297', '334', '128', '107', '491', '232', '354', '396', '272', '109', '269', '473', '276', '438', '290', '489', '390']
['165', '154', '99', '393', '456', '371', '30', '170', '51', '294', '436', '302', '404', '261', '97', '499', '12', '313', '10', '216', '155', '203', '158', '486', '200', '493']
