['9', '107', '99', '123', '19', '20', '121', '122', '106', '120']
['165', '180', '164', '178', '175', '177', '160', '174', '176', '159', '179', '167', '166', '181']
['202', '194', '193', '204', '201', '203', '189']
['184', '183', '182', '185', '161', '169', '168']
['255', '264', '100', '263', '256', '266', '265', '251', '108', '109']
['225', '219', '217', '234', '235', '220', '218', '233', '224', '232']
['23', '25', '24', '22', '26', '10', '21', '11', '12']
['230', '246', '245', '231', '244', '247', '223']
['33', '16', '46', '34', '49', '39', '32', '7', '48', '38', '31', '15', '35', '47']
['303', '302', '277', '278', '262', '290']
['130', '136', '150', '135', '125', '129', '149', '151', '152', '147', '148', '126', '137', '124']
['237', '139', '140', '142', '239', '132', '131', '141', '227', '127', '226', '236', '238', '221']
['156', '228', '240', '157', '242', '155', '243', '229', '222', '241']
['213', '192', '215', '214', '199', '216', '200']
['115', '112', '94', '93', '113', '97', '102', '114', '96', '95', '101', '111', '103', '110']
['198', '211', '212', '197', '206', '190', '207', '191', '210', '209', '195', '196', '205', '208']
['14', '6', '29', '0', '28', '2', '13', '1', '4', '3', '5', '30', '27']
['259', '274', '260', '271', '249', '273', '250', '276', '253', '261', '254', '272', '275', '248']
['60', '44', '59', '61', '37', '45', '58']
['72', '87', '67', '86', '73', '85', '82', '81', '84', '88', '71', '74', '83', '66']
['17', '305', '291', '8', '18', '304']
['50', '40', '146', '134', '144', '133', '51', '128', '145', '143']
['68', '89', '91', '76', '92', '90', '75']
['296', '283', '281', '297', '282', '287', '288', '301', '289', '284', '300', '279', '280', '298', '299']
['41', '52', '55', '53', '42', '54', '57', '154', '43', '138', '153', '36', '56']
['104', '118', '286', '105', '295', '117', '119', '294', '98', '116']
['258', '252', '270', '269', '268', '257', '267']
['308', '309', '306', '293', '307', '292', '285']
['170', '186', '173', '158', '171', '188', '187', '172', '162', '163']
['63', '62', '64']
['70', '69', '79', '78', '80', '65', '77']
