['146', '172', '248', '368', '182', '413', '70', '425']
['229', '313', '202', '325', '179', '411', '142', '295', '84', '13']
['293', '423', '110', '473', '450', '304', '410', '381']
['339', '414', '472', '435', '446', '259', '83', '3', '226']
['375', '478', '481', '289', '215', '424', '131']
['272', '233', '430', '11', '223', '186', '139', '360']
['300', '118', '372', '428', '71', '88', '31', '151']
['101', '443', '479', '206', '196', '8', '344', '419', '59']
['61', '34', '356', '185', '445', '78', '117']
['20', '392', '488', '163', '353', '384', '22', '434', '108']
['369', '103', '252', '176', '104', '95', '389', '432']
['315', '334', '497', '496', '386', '261', '90', '264', '326']
['477', '377', '253', '24', '266', '212', '352', '155', '330', '311']
['362', '305', '491', '51', '297', '32', '33', '404', '373']
['365', '442', '292', '64', '374', '138', '192', '277', '459']
['135', '331', '290', '165', '246', '148', '449', '136', '169', '299']
['224', '235', '168', '495', '10', '452', '490', '46', '159', '227']
['124', '242', '351', '280', '357', '174', '228']
['364', '37', '465', '322', '69', '484']
['286', '466', '288', '115']
['483', '38', '133', '39', '306', '161', '216', '198', '328']
['114', '209', '336', '65', '239', '451', '340', '383', '44', '41']
['469', '287', '21', '271', '498', '416', '30', '177', '382', '493']
['147', '256', '183', '480']
['48', '454', '408', '141', '426', '463', '460', '247', '318', '394']
['433', '403', '28', '397']
['455', '238', '201', '112', '337', '323', '350', '96', '298']
['243', '457', '294', '468', '29', '409', '143', '366', '273']
['1', '166', '262', '370', '438', '393', '309', '126']
['75', '437', '91']
['390', '217', '153', '94', '476', '49', '25', '189', '348']
['303', '119', '237', '279', '57', '349', '458']
['208', '470', '346', '53', '15', '254', '152', '447', '444']
['144', '164', '231', '257', '97', '92', '150', '12']
['467', '184', '263', '218', '324', '240', '145']
['100', '109', '128', '89', '461', '355', '274', '207', '213']
['317', '345', '363', '74', '333', '499', '45', '475']
['241', '236', '121', '427', '312', '221', '125']
['429', '120', '17', '291', '6', '149', '453', '93', '105', '405']
['2', '244', '99', '302', '205', '187', '116', '85', '436']
['251', '170', '269', '157', '250', '122', '282', '448', '258', '106']
['232', '222', '485', '43', '230', '50']
['471', '422', '402', '456', '500', '191', '371', '162', '160', '73']
['203', '415', '81', '195', '130', '343', '5', '464', '358', '341']
['63', '399', '66', '316', '18', '441', '67', '267', '494']
['335', '129', '204', '260', '396', '86', '245', '178', '102', '321']
['285', '7', '26', '283', '52', '219', '296']
['431', '190', '137', '278', '82', '270', '42', '440', '210', '225']
['60', '194', '140', '314', '361', '376', '281', '395']
['255', '188', '284', '388', '417', '158', '249']
['180', '134', '123', '418', '181']
['492', '79', '332', '197', '98', '319', '23', '154', '77', '276']
['486', '301', '310', '234', '320', '35', '68', '199']
['214', '58', '359', '56', '173', '14']
['87', '347', '406', '40', '268', '76', '54', '107', '167']
['19', '156', '47', '265', '474', '16', '9']
['62', '401', '307', '132', '111', '211', '462']
['338', '487', '398', '55', '200', '482', '412', '407', '379']
['421', '275', '193', '171', '36', '27', '127']
['308', '439', '220', '80', '489', '175', '380']
['400', '329', '378', '420', '385', '4', '72', '387']
['391', '327', '342', '367', '113', '354']
