['Lotte', 'Serena', 'Ramonda', 'Randie', 'Diahann', 'Kellie', 'Sadye', 'Noreen', 'Erica', 'Josepha', 'Jolie', 'Gianina', 'Adiana', 'Noell', 'Dee']
['Chelsy', 'Silva', 'Laverne', 'Andie', 'Shoshana', 'Jacqui', 'Natalya', 'Dominica', 'Nelie', 'Faythe', 'Starlin', 'Vanni', 'Julie', 'Yetta', 'Dita']
['Dena', 'Sonni', 'Lisette', 'Erminia', 'Aviva', 'Birgitta', 'Maddalena', 'Nedda', 'Carroll', 'Karie', 'Rhody', 'Paulina', 'Eolanda', 'Kiele', 'Moyna']
['Dyane', 'Nanon', 'Madelena', 'Kathleen', 'Fawnia', 'Rosana', 'Cindie', 'Cristabel', 'Eulalie', 'Jemie', 'Briny', 'Sula', 'Idalina', 'Brigitte', 'Kathy']
['Latisha', 'Teddi', 'Kaitlynn', 'Haley', 'Mufinella', 'Monique', 'Euphemia', 'Kathryn', 'Cassandra', 'Babara', 'Sheila', 'Joanna', 'Rivkah', 'Malva', 'Ulrike']
['Korney', 'Tamara', 'Kellsie', 'Eran', 'Delly', 'Mirna', 'Bekki', 'Anette', 'Lesly', 'Colline', 'Arlee', 'Ruperta', 'Catha', 'Leda', 'Lulu']
['Jen', 'Beatrice', 'Sandie', 'Melinde', 'Roxane', 'Tamra', 'Georgiana', 'Row', 'Lorain', 'Shirl', 'Bernice', 'Stesha', 'Carla', 'Marisa', 'Leanora']
['Zenia', 'Cheslie', 'Emelda', 'Neile', 'Collete', 'Lydie', 'Adriane', 'Tani', 'Corinne', 'Jorrie', 'Carri', 'Yoshi', 'Nancie', 'Charmine', 'Gale']
['Katti', 'Britney', 'Rita', 'Mair', 'Rosamond', 'Anabal', 'Yovonnda', 'Bertie', 'Doroteya', 'Selinda', 'Netty', 'Cherilynn', 'Missy', 'Lorena', 'Ranice']
['Tiffany', 'Lynnet', 'Georgeanne', 'Danni', 'Terese', 'Hortense', 'Addi', 'Tarra', 'Gavra', 'Belle', 'Gerry', 'Fran', 'Kara', 'Elvera', 'Livy']
['Valli', 'Helyn', 'Patty', 'Sada', 'Brittan', 'Matilde', 'Fania', 'Idelle', 'Roslyn', 'Melloney', 'Rosene', 'Tanitansy', 'Dorine', 'Debora', 'Lyda']
['Flory', 'Vonni', 'Kittie', 'Krissy', 'Casi', 'Cassondra', 'Marabel', 'Risa', 'Winifred', 'Rhodia', 'Maxie', 'Estella', 'Else', 'Agatha', 'Jaynell']
['Cristen', 'Opal', 'Camala', 'Lani', 'Brunhilda', 'Vicky', 'Amalee', 'Doris', 'Nicki', 'Veradis', 'Gaby', 'Clarissa', 'Joelly', 'Ansley', 'Andromache']
['Austina', 'Inga', 'Sileas', 'Lorie', 'Eve', 'Yolanda', 'Gae', 'Stormi', 'Peg', 'Kala', 'Oliy', 'Willi', 'Alia', 'Sofie', 'Meggi']
['Sile', 'Fernande', 'Cristionna', 'Tiphanie', 'Athena', 'Stefa', 'Anabel', 'Shanie', 'Kania', 'Nicoli', 'Marris', 'Alexandrina', 'Caryn', 'Martina', 'Frankie']
['Brear', 'Mella', 'Reggi', 'Cathryn', 'Sherrie', 'Mariellen', 'Conchita', 'Della', 'Agneta', 'Ronnica', 'Morena', 'Marlena', 'Vinni', 'Antonietta', 'Estele']
['Diane', 'Claudie', 'Johanna', 'Jesse', 'Marlie', 'Janice', 'Demetria', 'Stephannie', 'Bridgette', 'Myrtle', 'Nissie', 'Anastassia', 'Xylina', 'Corly', 'Charita']
['Marcie', 'Agnese', 'Annice', 'Daphene', 'Lira', 'Agnes', 'Mechelle', 'Allie', 'Fredericka', 'Gwennie', 'Ingunna', 'Britteny', 'Bonita', 'Kaitlin', 'Orsa']
['Tallie', 'Angelica', 'Jessamyn', 'Brook', 'Mei', 'Thia', 'Tim', 'Alyson', 'Dotti', 'Zulema', 'Marijo', 'Avivah', 'Tiffy', 'Clemence', 'Gabbie']
['Edith', 'Rowena', 'Anabelle', 'Oralee', 'Millisent', 'Pammy', 'Desiri', 'Harriet', 'Clemmie', 'Hedwiga', 'Marcella', 'Allene', 'Drusy', 'Paige', 'Quintana']
