['151', '395', '3', '7', '11', '16', '17', '19', '22', '24', '26', '30', '31', '42', '43', '44', '47', '51', '53', '54', '55', '58', '60', '63', '66', '68', '69', '78', '79', '80', '81', '87', '89', '90', '92', '104', '106', '107', '109', '110', '117', '122', '124', '127', '128', '129', '135', '141', '160', '164']
['291']
['236', '317', '0', '4', '8', '9', '20', '23', '25', '27', '28', '41', '52', '62', '83', '85', '95', '99', '101', '111', '114', '120', '125', '139', '149', '150', '153', '157', '158', '165', '169', '170', '172', '178', '184', '185', '191', '193', '195', '196', '198', '199', '204', '210', '211', '220', '225', '228', '231', '232']
['93']
['98', '252', '1', '6', '10', '12', '18', '29', '32', '37', '46', '48', '64', '71', '86', '88', '96', '100', '103', '108', '126', '161', '183', '187', '194', '201', '206', '216', '218', '222', '227', '234', '235', '240', '250', '258', '266', '270', '277', '278', '279', '283', '284', '285', '286', '290', '295', '298', '303', '305']
['5']
['301', '398', '50', '59', '61', '65', '75', '97', '146', '148', '173', '177', '197', '205', '244', '245', '249', '255', '256', '263', '274', '275', '280', '281', '282', '289', '292', '294', '296', '306', '311', '313', '314', '315', '316', '318', '320', '325', '326', '333', '340', '342', '344', '345', '346', '347', '353', '355', '357', '362']
['155']
['288', '336', '73', '119', '142', '181', '182', '189', '200', '269', '273', '293', '300', '309', '322', '328', '334', '337', '339', '348', '360', '365', '369', '371', '382', '385', '386', '387', '389', '392', '396']
['152', '91', '163', '212', '214', '229', '260', '265', '307', '341', '349', '366', '367', '368', '373', '380']
['304', '350', '299', '372', '391']
['230', '356', '399']
['384', '186', '332', '375']
['223']
['179']
['188']
['34']
['132']
['253']
['138']
['221']
['70']
['397']
['143']
['254']
['262']
['134']
['56']
['257']
['112']
['238']
['84']
['302']
['39']
['102']
['370']
['192']
['331']
['268']
['2']
['21']
['82']
['224']
['297']
['233']
['171']
['180']
['312']
['140']
['247']
['162']
['67']
['358']
['323']
['321']
['379']
['237']
['176']
['144']
['123']
['174']
['94']
['116']
['343']
['377']
['390']
['131']
['226']
['77']
['130']
['202']
['248']
['105']
['359']
['213']
['72']
['242']
['329']
['121']
['354']
['166']
['49']
['13']
['113']
['147']
['335']
['15']
['327']
['159']
['319']
['271']
['190']
['145']
['393']
['352']
['338']
['115']
['133']
['208']
['394']
['33']
['241']
['388']
['168']
['276']
['351']
['251']
['246']
['167']
['203']
['259']
['137']
['156']
['363']
['36']
['381']
['57']
['154']
['74']
['264']
['38']
['215']
['175']
['374']
['378']
['118']
['376']
['267']
['14']
['40']
['272']
['219']
['217']
['45']
['364']
['324']
['330']
['361']
['310']
['243']
['136']
['239']
['76']
['35']
['308']
['261']
['207']
['383']
['209']
['287']
