['y', 'yyyy', 'zzz', 'zzzzzzz', 'z', 'zzzz', 'zzzzz', 'yyyyyyy', 'yyyyy', 'AAAA', 'AA', 'AAA', 'BBB', 'BBBB', 'AAAAAAAA', 'BBBBBBB', 'AAAAAAA', 'MMMMM', 'NNNN', 'MMMMMMMM', 'XXXXXX', 'WWW']
['K', 'KKKKKKKK', 'KKKKK', 'LLL', 'LLLLLLL', 'LLLLLL', 'KKKK', 'LLLLLLLL', 'KKKKKK', 'fff', 'f', 'fffff', 'eeee', 'LLLLL', 'L', 'KK', 'LLLL', 'HH']
['iii', 'i', 'j', 'ii', 'jj', 'jjjjjjjj', 'iiiiiii', 'iiiiiiii', 'iiiiii', 'jjjjj', 'jjjjjj', 'jjj', 'ccccccc', 'c', 'd', 'cc', 'cccc', 'ccccc', 'cccccc', 'cccccccc', 'Z', 'ZZZ', 'YYYYYYYY', 'YYYY', 'YYYYY', 'ZZZZZZ', 'YYYYYYY', 'ZZZZZZZZ', 'DD']
['DDDDDD', 'CCC', 'DDD', 'CCCC', 'CCCCCC', 'DDDDDDDD', 'CCCCCCC', 'DDDDDDD', 'CCCCCCCC', 'vvv', 'vv', 'uuuuuu', 'vvvvv', 'uuuuuuu', 'vvvvvv', 'vvvvvvv', 'uuuu', 'vvvv', 'uuuuu', '33333', '333333', 'JJJJJ']
['XXXXXXX', 'W', 'X', 'XXX', 'WWWW', 'WWWWW', 'WWWWWWW', 'WWWWWWWW', 'xxxxxxx', 'xxxxxxxx', 'yy', 'zzzzzz', 'yyy', 'QQ', 'QQQQ']
['TTT', 'S', 'TT', 'TTTTTT', 'TTTTT', 'SSSSSS', 'SSSS', 'SSSSSSSS', 'SSSSS', 'SSSSSSS', 'TTTTTTTT', 'ccc', 'dddddd', 'dddddddd', 'ddddddd', 'ddddd', 'NN', 'ZZ', 'YY', 'YYY', 'YYYYYY']
['XXXXXXXX', 'XX', 'XXXX', 'XXXXX', 'llll', 'k', 'l', 'll', 'kkk', 'lll', 'lllll', 'kkkkkkkk', 'llllllll', 'kkkkkk', 'lllllll', 'EEE', 'EE', 'EEEEEE', 'FFFFFFF', 'mmmmmm', 'nnn']
['G', 'HHH', 'H', 'GGGG', 'HHHHHH', 'GGGGGGGG', 'GGGGGG', 'HHHH', 'HHHHHHH', 'HHHHHHHH', 'aaa', 'aa', 'bb', 'aaaaaaaa', 'bbbbbb', 'aaaa', 'aaaaaa', 'bbbbbbbb', 'bbbbb', 'bbbbbbb', 'UU', 'hhhhhh']
['JJJ', 'I', 'J', 'II', 'IIIIIII', 'JJJJJJ', 'JJJJ', 'JJJJJJJ', 'IIII', 'uu', 'u', 'v', 'vvvvvvvv', 'uuu', 'qq', 'q', 'qqqqq', 'rrr', 'qqqqqqq', 'rrrrrrrr', 'rrrrrrr', '888888']
['UUUUUU', 'UUUU', 'UUUUU', 'VVVVV', 'VVVVVVVV', 'UUUUUUU', 'VVVVVVV', 'UUUUUUUU', '3', '44444444', '33', '4', '3333', '44', 'wwwwwwww', 'ww', 'xxxxx', 'wwwwww', 'ddd']
['ttttt', 's', 't', 'tt', 'sss', 'tttt', 'ssssss', 'sssssss', '222', '2', '111111', '222222', 'ssssssss', 'nnnn']
['1111', '1', '11111111', '2222', '11111', '1111111', 'dd', 'dddd', 'LL', 'KKK', 'KKKKKKK', 'kk']
['PPPPPPPP', 'P', 'PPP', 'OOOO', 'PPPP', 'OOOOO', 'OOOOOOOO', '8888888', '8', '777', '888', '88888', '777777', '7777777', 'eee', 'mmm']
['w', 'wwww', 'xx', 'xxx', 'wwwww', 'x', 'xxxxxx', 'rrrr', 'rr', 'qqqq', 'rrrrr', 'rrrrrr', 'qqqqqqqq', 'qqqqqq', 'FFFFF', 'FF', 'AAAAA']
['4444', '444', '444444', '3333333', '33333333', 'GGGGGGG', 'GG', 'GGGGG', 'jjjjjjj', 'iiii', 'iiiii', 'SSS']
['ppp', 'o', 'oo', 'ooooooo', 'oooooooo', 'pppppp', 'pppp', 'oooo', 'MM', 'N', 'MMMM', 'MMMMMMM', 'NNN', 'MMMMMM', 'NNNNNNNN', 'PPPPPP', 'OOOOOOO', 'GGG']
['66666666', '5', '6', '55', '66', '555', '6666', '555555', '5555555', '55555555', 'pppppppp', 'BBBBBB', 'A', 'BB', 'BBBBB', 'AAAAAA', 'BBBBBBBB', 'r']
['PP', 'O', 'OO', 'PPPPP', 'OOOOOO', 'tttttt', 'ttt', 'ssss', 'ttttttt', 'qqq', 'b']
['22222', '11', '22', '111', '22222222', 'ppppppp', 'p', 'ooo', 'ppppp', 'aaaaaaa', 'pp']
['55555', 'bbb', 'a', 'bbbb', 'aaaaa', 'Y', 'ZZZZZZZ', 'ZZZZ', 'ZZZZZ', '66666']
['ffffff', 'e', 'eeeeeeee', 'eeeeeee', 'ffffffff', 'CC', 'DDDD', 'DDDDD', '2222222', '77777']
['fffffff', 'ee', 'ff', 'ffff', 'eeeee', 'eeeeee', 'RRRR', 'RR', 'QQQQQ', 'RRRRRRR', 'jjjj', 'oooooo']
['QQQ', 'Q', 'RRRRRRRR', 'QQQQQQQ', 'RRRRR', 'RRR', 'QQQQQQ', 'RRRRRR', 'QQQQQQQQ', 'EEEEEEEE', 'E', 'F', 'FFF', 'EEEE', 'FFFF', 'EEEEE', 'EEEEEEE', 'FFFFFFFF', 'HHHHH', 'VVVV']
['mmmmmmm', 'm', 'n', 'mm', 'nn', 'mmmm', 'mmmmm', 'nnnnn', 'nnnnnn', 'nnnnnnnn', 'nnnnnnn', 'mmmmmmmm', 'JJJJJJJJ', 'JJ', 'III', 'IIIIIIII', 'B', 'uuuuuuuu']
['ss', 'sssss', 'tttttttt', '44444', '333', '4444444', 'C', 'D', 'CCCCC', 'R']
['xxxx', 'www', 'wwwwwww', 'kkkkkkk', 'kkkk', 'kkkkk', 'llllll', 'FFFFFF', 'NNNNN']
['666666', '666', '5555', '6666666', '88888888', '7', '77', '88', '7777', '8888', '77777777', 'WW', 'WWWWWW']
['VVV', 'U', 'V', 'VV', 'UUU', 'VVVVVV', 'zzzzzzzz', 'zz', 'yyyyyy', 'yyyyyyyy', 'IIIII', 'IIIIII']
['gggggg', 'g', 'h', 'gg', 'hh', 'gggg', 'hhhh', 'ggggg', 'ggggggg', 'MMM', 'M', 'NNNNNNN', 'NNNNNN', 'ooooo']
['SS', 'T', 'TTTT', 'TTTTTTT', 'hhhhh', 'ggg', 'hhh', 'hhhhhhh', 'gggggggg', 'hhhhhhhh', 'OOO', 'PPPPPPP']
