['185', '1', '8', '180', '15', '193', '187', '186', '11', '183', '192', '18', '2', '182', '14', '177', '12', '181', '194', '10', '178', '16', '9', '176', '0', '184', '22', '21', '191', '19']
['251', '130', '247', '277', '234', '284', '198', '231', '238', '215', '291', '241', '254', '269', '175', '290', '263']
['400', '401', '412', '335', '414', '406', '379', '418', '343', '347', '365', '413', '361', '416', '415', '331', '425', '353', '329', '334', '340', '352', '344', '420', '393', '333', '332', '421', '328', '345']
['261', '448', '228', '275', '279', '467', '278', '468', '205', '202', '252']
['441', '253', '220', '438', '131', '209', '211', '197', '147', '452', '179']
['470', '294', '474', '307', '310', '306', '484', '305', '463', '488', '475', '309', '480', '298', '314', '469', '303', '304', '486', '301', '472', '462', '299', '487', '295', '308', '471', '302', '476', '300']
['96', '163', '5', '161', '4', '93', '76', '164', '79', '82', '157', '162', '84', '166', '95', '165', '159', '3', '160', '171', '91', '167', '169', '170', '7', '6', '75', '172', '168', '89']
['273', '235', '225', '482', '265', '288', '206', '245', '258', '289', '283', '233', '201', '244', '156', '242', '174', '240', '243']
['150', '143', '90', '61', '140', '57', '60', '151', '59', '127', '152', '62', '149', '72', '141', '94', '111', '86', '73', '78', '153', '100', '67', '83', '146', '65', '68', '142', '136', '92']
['264', '455', '286', '229', '287', '138', '246', '271', '188', '477', '232', '459', '222', '250', '210', '262', '454', '280']
['443', '434', '383', '439', '354', '351', '396', '384', '422', '368', '357', '436', '388', '380', '445', '382', '367', '372', '359', '437', '381', '428', '442', '429', '362', '356', '355', '423', '435', '432']
['217', '266', '272', '207', '440', '268', '236', '224', '285', '212', '449', '259', '489', '255', '248', '154']
['350', '417', '387', '366', '433', '424', '346', '364', '349', '348', '431', '397', '399', '358', '410', '419', '339', '338', '407', '430', '360', '341', '427', '376', '426', '337', '409', '336', '411', '363']
['219', '457', '145', '270', '203', '485', '158', '257', '227', '208', '135', '155', '173', '230', '293', '292', '148']
['465', '389', '373', '370', '386', '456', '390', '369', '394', '458', '447', '374', '450', '444', '451', '385', '391', '260', '296', '460', '378', '461', '371', '464', '453', '377', '466', '297', '375', '446']
['392', '342', '313', '326', '408', '316', '404', '395', '402', '318', '483', '403', '311', '398', '323', '315', '405', '322', '327', '330', '321', '317', '320', '325', '312', '490', '479', '478', '324', '319']
['125', '118', '105', '101', '64', '81', '119', '80', '85', '36', '30', '41', '53', '44', '38', '52', '126', '115', '66', '121', '42', '114', '43', '29', '116', '124', '45', '51', '123', '32']
['282', '199', '226', '256', '239', '134', '213', '221', '216', '204', '281', '214', '223', '274', '249', '276', '481', '267', '218', '237', '200', '473']
['144', '71', '137', '128', '97', '56', '55', '47', '88', '117', '50', '122', '49', '129', '113', '77', '48', '132', '139', '120', '74', '133', '54', '70', '58', '109', '108', '63', '69', '87']
['13', '110', '190', '33', '99', '98', '107', '25', '28', '196', '37', '31', '103', '20', '112', '106', '24', '189', '102', '17', '35', '40', '104', '26', '34', '195', '27', '46', '39', '23']
