['466', '1', '2', '3', '6', '11', '13', '14', '15', '16', '18', '19', '21', '23', '27', '28', '33', '34', '36', '46', '47', '57', '62', '63', '242', '68', '71', '72', '74', '75', '77', '78', '81', '84', '90', '97', '98', '105', '112', '120']
['472', '403', '267', '278', '420', '303', '461', '315', '321', '322', '330', '331', '337', '354', '358', '359', '367', '379', '385', '391', '404', '409', '416', '292', '422', '424', '428', '435', '439', '441', '442', '444', '449', '456', '457', '459', '468', '469', '489', '484']
['139', '8', '12', '20', '24', '26', '29', '32', '37', '40', '42', '49', '50', '51', '53', '55', '64', '65', '79', '83', '89', '93', '95', '99', '102', '114', '115', '492', '123', '125', '130', '131', '134', '135', '149', '224', '366', '386']
['172']
['305', '0', '25', '30', '35', '41', '43', '48', '58', '69', '70', '73', '80', '82', '86', '87', '94', '100', '101', '106', '109', '111', '121', '124', '128', '133', '136', '140', '146', '150', '157', '159', '162', '164', '167', '168', '169', '170', '173']
['198', '44', '192', '341', '335', '487', '290', '402', '463', '392', '388', '430', '325', '382', '272', '345', '355', '226', '393', '268']
['129', '4', '31', '52', '54', '60', '88', '110', '113', '117', '119', '255', '127', '395', '273', '248', '415', '411', '350', '494', '408', '400', '145', '436', '357', '317', '471', '306', '485', '232', '477', '174', '465', '443', '486']
['478', '92', '235', '342', '348', '373', '387', '401', '407', '418', '437', '452', '455', '118', '498', '312', '166']
['254', '7', '9', '10', '22', '45', '61', '66', '76', '85', '91', '138', '142', '151', '153', '155', '160', '165', '171', '176', '181', '185', '191', '199', '203', '204', '213', '219', '222', '223', '228', '231', '241', '67', '243', '244', '245', '346']
['300', '234', '377', '451', '462', '361', '493', '375', '318', '390', '182', '320', '17']
['211', '56', '104', '116', '132', '137', '156', '158', '475', '180', '186', '187', '189', '190', '193', '194', '195', '201', '207', '208', '210', '412', '372', '499', '371', '481', '319', '414', '353', '376', '496', '434', '326', '398', '323', '378', '384']
['339', '394', '490', '381', '405', '5', '454']
['225', '39', '96', '431', '141', '143', '144', '147', '154', '161', '175', '179', '183', '188', '196', '209', '218', '448', '419', '311', '368', '480', '284', '445', '497', '257', '363', '365', '282', '396', '495', '426', '309', '332', '333', '293', '364', '276', '327', '349']
['470', '287', '399', '413', '177', '38', '236']
['356', '148', '163', '178', '197', '205', '215', '216', '220', '227', '229', '233', '237', '238', '239', '246', '247', '249', '251', '253', '126', '258', '259', '260', '262', '263', '264', '266', '271', '291', '277', '281', '285', '286', '289', '274', '296', '298', '299', '304']
['343', '206', '362', '397', '230']
['301', '214', '217', '221', '240', '256', '265', '269', '275', '279', '283', '288', '294', '297', '446', '464', '389', '360', '302', '433', '334', '310', '483', '438', '479', '370', '308', '453', '352', '410', '383', '473', '460', '488', '458', '351', '432', '427', '467']
['474', '344', '103', '122']
['380', '107', '152', '184', '202', '212', '250', '252', '261', '270', '280', '295', '307', '313', '314', '316', '324', '328', '329', '59', '338', '340', '347', '369', '374', '200', '417', '423', '406', '440', '421', '108', '425', '450', '482', '429', '476', '491']
['447', '336']
