['479', '0', '12', '30', '46', '49', '54', '62', '74', '80', '87', '438', '119', '148', '153', '157', '164', '166', '168', '213', '215', '222', '223', '243', '249', '262', '271', '308', '337', '344', '346', '353', '385', '388', '394', '396', '441', '452', '457', '472', '473', '474', '475', '476', '477', '480', '485', '486', '487', '488', '489', '490', '491', '492', '493', '497', '499', '482', '484', '494', '495', '496', '498', '258']
['93', '1', '21', '32', '48', '55', '66', '77', '117', '90', '91', '92', '94', '96', '97', '98', '100', '101', '103', '104', '108', '110', '111', '114', '115', '116', '88', '118', '120', '122', '124', '126', '127', '128', '129', '131', '132', '133', '134', '135', '136', '137', '139', '140', '142', '143', '144', '145', '146', '147', '150', '151', '154', '464', '156', '160', '161', '162', '163', '165', '167', '171', '172', '173', '174', '175', '176', '177', '178', '180', '183', '184', '185', '187', '188', '189', '190', '191', '192', '193', '194', '195', '198', '201', '204', '205', '206', '207', '208', '209', '210', '211', '212', '214', '216', '217', '218', '224', '225', '226', '227', '229', '230', '231', '233', '234', '235', '236', '237', '239', '240', '241', '102', '105', '106', '112', '121', '125', '130', '138', '141', '149', '152', '158', '159', '169', '179', '181', '182', '196', '197', '199', '200', '219', '220', '228', '242', '248', '251', '275', '285', '296', '315', '363', '364', '401', '402']
['170', '123']
['418', '64', '78', '84', '202', '221', '232', '263', '267', '269', '270', '281', '287', '288', '290', '313', '314', '316', '317', '318', '319', '321', '322', '323', '325', '327', '328', '329', '330', '331', '332', '334', '335', '336', '338', '339', '340', '341', '342', '343', '345', '347', '348', '349', '350', '351', '352', '354', '355', '356', '357', '358', '359', '360', '361', '362', '366', '367', '368', '369', '370', '371', '86', '373', '374', '375', '376', '377', '378', '379', '380', '381', '382', '383', '384', '387', '389', '390', '391', '392', '393', '395', '397', '398', '399', '400', '403', '404', '405', '406', '407', '408', '409', '410', '411', '413', '414', '415', '416', '417', '420', '422', '423', '424', '425', '426', '427', '428', '429', '419', '421', '435', '459']
['300', '13', '22', '28', '42', '51', '68', '81', '82', '246', '250', '253', '261', '265', '266', '268', '273', '274', '277', '279', '280', '282', '283', '286', '292', '293', '294', '297', '298', '299', '301', '302', '303', '304', '307', '309', '310', '365', '444', '446', '465', '203']
['89', '3', '16', '27', '58', '67', '72', '76', '372', '107', '113', '244', '255', '276', '306', '311', '324', '433', '109', '449', '454', '466', '483', '326', '186']
['59', '4', '6', '7', '33', '52', '53', '56', '57', '60', '61', '63', '65', '69', '73', '75', '70', '71', '264', '386', '431', '445', '461', '155', '412']
['458', '18', '31', '34', '295', '312', '448', '456', '460', '462', '463', '247']
['8', '5', '9', '10', '14', '15', '17', '19', '20', '23', '24', '25', '26', '29', '35', '36', '37', '39', '41', '43', '44', '45', '47', '50', '11', '38', '252', '254', '434', '439', '437', '481', '278']
['85', '2', '79', '83', '272', '333']
['436', '291', '430', '432', '440', '455']
['469', '320', '450', '467', '468', '470', '238']
['305']
['256', '260', '40']
['259', '257']
['447', '442', '443', '451', '453']
['284', '289', '95']
['245', '478']
['99']
['471']
