['Tancredi4', 'Marino4', 'Mattia9', 'Laerte0', 'Thea5', 'Sesto2', 'Mietta1', 'Fiorenzo1', 'Danthon5', 'Damiana9', 'Carmela6', 'Marcella0', 'Joshua0', 'Olimpia3', 'Lino4', 'Rosolino0', 'Fabio8', 'Ethan9', 'Orfeo1', 'Piersilvio3']
['Umberto0', 'Timoteo4', 'Gianriccardo2', 'Filomena4', 'Gilda5', 'Tolomeo6', 'Giorgio6', 'Radames4', 'Claudia1', 'Orfeo5', 'Vinicio8', 'Nayade9', 'Deborah2', 'Pierfrancesco0', 'Flaviana6', 'Tommaso8', 'Ludovico2', 'Michael9', 'Ileana5', 'Rosalino2']
['Fernando8', 'Clodovea2', 'Luigi4', 'Eusebio6', 'Siro9', 'Benedetta5', 'Maika9', 'Lidia4', 'Jarno1', 'Enzo6', 'Michele7', 'Lidia6', 'Anastasio3', 'Caio6', 'Alighiero7', 'Umberto6', 'Lidia0', 'Alessandro3', 'Gianmarco5', 'Sebastian2']
['Erminia5', 'Timoteo5', 'Irene7', 'Enrico1', 'Loretta4', 'Damiana2', 'Santo3', 'Pacifico5', 'Pablo7', 'Raoul7', 'Marianita7', 'Cosetta2', 'Cira7', 'Quirino1', 'Eliziario6', 'Nathan2', 'Xavier5', 'Ivano3', 'Ubaldo2', 'Trevis8']
['Loredana6', 'Lauro3', 'Mattia1', 'Marzio6', 'Noel4', 'Dante5', 'Giorgio2', 'Danuta0', 'Loredana0', 'Caligola7', 'Bortolo5', 'Leonardo0', 'Silvano4', 'Fiorenzo8', 'Anastasio7', 'Folco0', 'Renzo6', 'Laura1', 'Sasha7', 'Donatella7']
['Lauro5', 'Folco8', 'Valdo2', 'Sarita7', 'Enzo0', 'Miriam7', 'Mietta2', 'Artes8', 'Fatima9', 'Giancarlo3', 'Brigitta8', 'Dante0', 'Maggiore3', 'Vera2', 'Gavino8', 'Anselmo8', 'Nathan9', 'Amedeo5', 'Bibiana4', 'Jari0']
['Radames1', 'Elsa0', 'Miriana9', 'Nestore5', 'Matilde9', 'Lamberto6', 'Erminia8', 'Amerigo5', 'Cleopatra5', 'Furio5', 'Nestore6', 'Ercole9', 'Albino1', 'Edilio2', 'Ludovico9', 'Tristano8', 'Ian0', 'Cesidia8', 'Hector0', 'Karim8']
['Elga3', 'Antonio9', 'Gianantonio3', 'Ercole1', 'Mariagiulia4', 'Zaccaria2', 'Mietta0', 'Osvaldo5', 'Claudia6', 'Deborah9', 'Evangelista9', 'Ercole4', 'Emanuel3', 'Fatima2', 'Tancredi5', 'Patrizio4', 'Walter3', 'Serse1', 'Giulietta7', 'Walter7']
['Sibilla4', 'Oretta9', 'Demis2', 'Primo3', 'Cleros4', 'Amerigo1', 'Odone8', 'Priamo0', 'Orfeo7', 'Sue2', 'Caligola0', 'Nestore4', 'Cassiopea3', 'Eriberto1', 'Loretta1', 'Giulio2', 'Osea9', 'Kai5', 'Siro8', 'Oreste0']
['Marina4', 'Kris3', 'Rosaria8', 'Nestore7', 'Ausonio0', 'Iacopo1', 'Renato5', 'Siro2', 'Elio3', 'Amedeo1', 'Marieva7', 'Fiorenzo7', 'Clodovea1', 'Egisto1', 'Davide5', 'Antonino6', 'Cleopatra8', 'Luigi7', 'Sabatino1', 'Carmela3']
['Maruska3', 'Osea1', 'Arturo8', 'Adriano1', 'Priamo8', 'Costanzo4', 'Joannes5', 'Mecren9', 'Rodolfo9', 'Gregorio7', 'Cassiopea9', 'Giordano5', 'Ilario9', 'Cira8', 'Benedetta4', 'Celeste3', 'Eustachio2', 'Guendalina3', 'Anselmo9', 'Secondo0']
['Zelida4', 'Ione9', 'Cleros2', 'Baldassarre3', 'Concetta5', 'Ercole2', 'Violante6', 'Dylan9', 'Battista3', 'Diamante4', 'Luce0', 'Ermes4', 'Ferdinando0', 'Ettore0', 'Bortolo9', 'Moreno5', 'Italo5', 'Sirio1', 'Sirio6', 'Odone9']
['Doriana2', 'Gioacchino7', 'Leonardo1', 'Sesto8', 'Vania3', 'Jari2', 'Assia4', 'Arduino5', 'Bibiana6', 'Erminio9', 'Fabiano1', 'Lisa0', 'Odone4', 'Rita6', 'Armando5', 'Cirino1', 'Augusto8', 'Marina7', 'Marvin0', 'Sabino2']
['Leonardo7', 'Prisca2', 'Walter1', 'Emanuel7', 'Primo9', 'Nazzareno0', 'Demis3', 'Ferdinando6', 'Rosita1', 'Marcella3', 'Carmelo4', 'Alighieri1', 'Ursula5', 'Erminia2', 'Costantino7', 'Max1', 'Isabel6', 'Gregorio2', 'Guido6', 'Lorenzo9']
['Marzio7', 'Ian2', 'Sasha9', 'Mauro7', 'Pietro1', 'Rebecca6', 'Soriana6', 'Quarto3', 'Giorgio3', 'Mirko6', 'Mariagiulia9', 'Laerte5', 'Demis1', 'Muzio8', 'Liborio4', 'Pablo9', 'Bettino1', 'Terzo7', 'Ethan7', 'Nestore8']
['Aroldo4', 'Brigitta5', 'Jack2', 'Giacobbe7', 'Cleros7', 'Akira3', 'Umberto9', 'Santo9', 'Elda2', 'Giovanna5', 'Lia2', 'Fortunata6', 'Armando8', 'Nathan3', 'Filomena3', 'Domiziano7', 'Elio8', 'Gaetano4', 'Oretta5', 'Lazzaro2']
['Elga8', 'Manfredi5', 'Jacopo4', 'Marianita5', 'Radames7', 'Demi6', 'Deborah4', 'Orfeo9', 'Marianita8', 'Italo9', 'Vania2', 'Avide3', 'Guido1', 'Piersilvio0', 'Marianita1', 'Mirko4', 'Celeste4', 'Raniero0', 'Pacifico0', 'Gerlando9']
['Gianantonio5', 'Cleros6', 'Gioacchino6', 'Cassiopea8', 'Maika6', 'Osea0', 'Odino6', 'Alan9', 'Eustachio1', 'Prisca3', 'Rebecca2', 'Trevis3', 'Loris4', 'Jole3', 'Erminio4', 'Fabio9', 'Quasimodo0', 'Giacinto6', 'Miriam8', 'Tolomeo0']
['Mariano0', 'Ruth1', 'Eusebio3', 'Concetta9', 'Mariagiulia3', 'Rufo5', 'Penelope5', 'Arcibaldo8', 'Kris2', 'Edilio5', 'Tancredi6', 'Samira4', 'Sandro2', 'Rosalba1', 'Gianriccardo3', 'Costanzo6', 'Noah6', 'Kayla9', 'Isabel1', 'Eriberto7']
['Trevis2', 'Teseo4', 'Joshua3', 'Miriana7', 'Anselmo3', 'Joseph7', 'Marcella4', 'Mariagiulia0', 'Ethan3', 'Armando0', 'Sebastian4', 'Tazio1', 'Renzo5', 'Timoteo9', 'Davide1', 'Michael4', 'Ariel9', 'Monia8', 'Enzo7', 'Gilda2']
['Monia6', 'Marzio5', 'Xavier7', 'Noah0', 'Graziano0', 'Alberto5', 'Laura9', 'Orfeo4', 'Marina6', 'Gaetano5', 'Azue3', 'Demi9', 'Edipo5', 'Amedeo6', 'Jacopo3', 'Siro0', 'Kayla3', 'Folco6', 'Gianmaria7', 'Nico6']
['Elda4', 'Edipo4', 'Jelena1', 'Alessio7', 'Rocco9', 'Thea4', 'Laerte9', 'Rosalba8', 'Diamante6', 'Cleopatra7', 'Nestore3', 'Ubaldo1', 'Sue0', 'Mecren5', 'Adriano0', 'Elsa1', 'Tristano5', 'Folco4', 'Ulrico6', 'Antimo9']
['Gianantonio6', 'Marieva8', 'Matteo9', 'Cleros5', 'Sarita4', 'Caio2', 'Gianleonardo6', 'Marino8', 'Benedetta1', 'Iacopo2', 'Karim1', 'Tazio7', 'Penelope7', 'Sesto4', 'Samira6', 'Fatima0', 'Concetta1', 'Romeo4', 'Audenico0', 'Marzio4']
['Cleopatra1', 'Alessio3', 'Primo1', 'Valdo9', 'Folco3', 'Nico1', 'Rosalino0', 'Arduino8', 'Eriberto9', 'Luce6', 'Siro3', 'Edilio6', 'Emanuel1', 'Rebecca5', 'Modesto4', 'Emidio9', 'Liborio8', 'Miriana4', 'Fortunata0', 'Giobbe6']
['Gelsomina6', 'Maggiore2', 'Nicoletta3', 'Giovanna3', 'Mattia6', 'Enzo3', 'Odino9', 'Davide8', 'Ercole8', 'Bettino8', 'Fiorentino3', 'Romeo2', 'Ermes9', 'Joseph3', 'Carlo1', 'Fabiano3', 'Secondo5', 'Assia0', 'Nabil5', 'Genziana8']
