['Kaylyn', 'Arleyne', 'Elayne', 'Gerianna', 'Kassia', 'Una', 'Goldi', 'Marley', 'Cammie', 'Cherry', 'Christina', 'Daisi', 'Pansie', 'Tova', 'Valerie', 'Ivie', 'Lona', 'Anya', 'Vilma']
['Matilda', 'AnnaDiana', 'Zorana', 'Jessamyn', 'Brynne', 'Emilee', 'Prudi', 'Rosene', 'HelenElizabeth', 'Lyn', 'Cory', 'Tersina', 'Kettie', 'Sofia', 'Marla', 'Kristin', 'Danell', 'Freda', 'Gerrilee']
['Nerta', 'Clemmy', 'Robena', 'Jess', 'Paulina', 'Tamarra', 'Susana', 'Loria', 'Genni', 'Dolores', 'Tatiana', 'Gigi', 'Brenn', 'Evangeline', 'Jennica', 'Constantia', 'Raye', 'Jorey', 'Geralda']
['Kay', 'Annie', 'Kial', 'Kalindi', 'Lindsy', 'Marjie', 'Minnnie', 'Lilla', 'Lila', 'Tamarah', 'Callie', 'Hendrika', 'Stefa', 'Misti', 'Patti', 'Meris', 'Deny', 'Lorena', 'Pavla']
['Merline', 'Herminia', 'Lina', 'Phil', 'Corey', 'Uta', 'Jeannette', 'Keri', 'Thalia', 'Reta', 'Zita', 'Cordy', 'Kinna', 'Sheena', 'Jsandye', 'Ray', 'Cayla', 'Donella', 'Dulcea']
['Pippy', 'Feliza', 'Mable', 'Coral', 'Camille', 'Chelsea', 'Imogen', 'Eve', 'Constantina', 'Anthe', 'Natka', 'Wilow', 'Pierrette', 'Trude', 'Gwenette', 'Alvina', 'Fredelia', 'Bobbie']
['Drucill', 'Eula', 'Mina', 'Katalin', 'Allsun', 'Leona', 'Jaclyn', 'Reeva', 'Tessy', 'Eadie', 'Sheeree', 'Lisabeth', 'Renelle', 'Geri', 'Goldina', 'Janey', 'Emelina', 'Coretta', 'Dana']
['Ashlen', 'Merrielle', 'Frankie', 'Nicoli', 'Oliy', 'Gabriell', 'Melva', 'Silva', 'Delila', 'Sara', 'Shaina', 'Carline', 'Vin', 'Siusan', 'Sue', 'Myrilla', 'Clemmie', 'Blake', 'Andree']
['Ethelind', 'Midge', 'Laura', 'Katleen', 'Rosalind', 'Meggy', 'Emmy', 'Eddi', 'Katha', 'Laureen', 'Karisa', 'Miquela', 'Lettie', 'Kiersten', 'Kora', 'Corinna', 'Bessy', 'Liz', 'Evvy']
['Tanya', 'Vanessa', 'Nomi', 'Cynde', 'Lorna', 'Ashely', 'Jodi', 'Veronike', 'Bibbie', 'Yalonda', 'Rozanna', 'Costanza', 'Amabel', 'Brynna', 'Henrietta', 'Winifred', 'Sharla', 'Charis', 'Romonda']
['Tiffani', 'Clari', 'Starr', 'Harriett', 'Mariette', 'Heidie', 'Christin', 'Alyce', 'Gussy', 'Marlyn', 'Madonna', 'Jolie', 'Hyacinth', 'Betteanne', 'Esmaria', 'Libby', 'Debby', 'Gayle', 'Genna']
['Debbie', 'Bria', 'Amitie', 'Vonny', 'Maddalena', 'Henriette', 'Pia', 'Lori', 'Ashli', 'Mehetabel', 'Laurice', 'Moyra', 'Courtnay', 'Dianna', 'Camilla', 'Toni', 'Inna', 'Stepha']
['Jeannie', 'Renae', 'Chrystel', 'Wilone', 'Sibylle', 'Jacquenette', 'Kelcey', 'Megan', 'Joycelin', 'Melodie', 'Nolana', 'Kellen', 'Tobi', 'Garland', 'Therine', 'Kathlin']
['Rosina', 'Fayth', 'Elisabet', 'Libbi', 'Emmalynne', 'Carlye', 'Susi', 'Nora', 'Annalee', 'Penny', 'Linette', 'Saundra', 'Di', 'Vivia', 'Hatty', 'Mariejeanne', 'Caryn', 'Edi', 'Laraine']
['Analise', 'Erinna', 'Valentine', 'Mia', 'SheilaKathryn', 'Brandise', 'Harrie', 'Shayna', 'Cordie', 'Marice', 'Neila', 'Aubrette', 'Rebbecca', 'Ardenia', 'Cate', 'Sheilah', 'Marigold', 'Lois', 'Brandie']
['Jeniffer']
['Andriette', 'Noelyn', 'Lia', 'Carree', 'Almeda', 'Phedra', 'Pandora', 'Milena', 'Raine', 'Jeannine', 'Ginger', 'Anjanette', 'Kata', 'Reggi', 'Tanhya', 'Randene', 'Sheree', 'Claudina', 'Nerissa']
['Cinnamon', 'Phillis', 'Joly', 'Flori', 'Marylou', 'Natala', 'Idell', 'Shelby', 'Madalena', 'Dulcie', 'Lorrin', 'Shay', 'Erna', 'Philomena', 'Koressa', 'Cecelia', 'Chris', 'Jaime', 'Marcia']
['Helenka', 'Ealasaid', 'Honey', 'Maryjo', 'Riannon', 'Natalina', 'Ellie', 'Thomasina', 'Jenna', 'Johnette', 'Devinne', 'Lacey', 'Vickie', 'Bonnee', 'Roseann', 'Toma', 'Avivah']
['Sephira', 'Bell', 'Maryl', 'Giralda', 'Tresa', 'Madelin', 'Martguerita', 'Viva', 'Crystie', 'Pollyanna', 'Neilla', 'Lita', 'Tilda', 'Shani', 'Ortensia', 'Laverna', 'Verina', 'Leora', 'Grazia']
['Vi', 'Jasmin', 'Fayina', 'Biddie', 'Erma', 'Sherline', 'AnnaDiane', 'Sayre', 'Mareah', 'Fawne', 'Tressa', 'Brigid', 'Dayle', 'Shelia', 'Nevsa', 'Lorinda', 'Shayne', 'Jeralee', 'Laverne']
['Livia', 'Tammy', 'Sallyanne', 'Billy', 'Patience', 'Kania', 'Rachel', 'Karlotta', 'Tybi', 'Essa', 'Cristina', 'Ondrea', 'Lillis', 'Jane', 'Kippy', 'Giselle', 'Edeline', 'Trista', 'Ardine']
['Lynnett', 'Licha', 'Zoe', 'Willabella', 'Dulcia', 'Suellen', 'Paula', 'Magdaia', 'Barbe', 'Shelli', 'Jada', 'Leilah', 'Lanni', 'Jobina', 'Lisbeth', 'Carmelia', 'Sophie', 'Madelyn', 'Rosalinde']
['Terra', 'Karol', 'Corella', 'Darcee', 'Kerstin', 'Joannes', 'Raven', 'Kacey', 'Vallie', 'Heather', 'Janette', 'Kylen', 'Sharron', 'Paulette', 'Lavinia', 'Isabelle', 'Ula', 'Idalina', 'Wendeline']
['Lauretta', 'Elinor', 'Siobhan', 'Jessika', 'Denyse', 'Serena', 'Rasla', 'Catina', 'Barbaraanne', 'Arliene', 'Nadine', 'Gaynor', 'Joleen', 'Nelia', 'Christabel', 'Lorraine', 'Gwendolen', 'Faith', 'Deeann']
