['104', '322', '139', '364', '10', '318', '127', '344', '206', '159', '409', '227', '192', '39', '161', '252', '83', '479', '7', '239', '461', '102']
['492', '279', '460', '345', '452', '76', '413', '283', '96', '431', '353', '314', '380', '478', '328', '269', '121', '379', '166', '57', '370', '477']
['75', '40', '132', '164', '11', '444', '450', '158', '211', '313', '481', '124', '235', '498', '29', '304', '485', '34', '62', '35', '100', '203']
['54', '386', '329', '42', '136', '89', '148', '137', '454', '5', '6', '85', '56', '268', '356', '402', '307', '175', '493', '395']
['189', '463', '242', '302', '449', '299', '377', '46', '144', '31', '208', '201', '327', '429', '416', '240', '408', '448', '108', '295', '290', '226']
['21', '320', '220', '383', '369', '38', '142', '491', '455', '86', '297', '98', '319', '473', '92', '84', '114', '495', '4', '150', '472', '33']
['373', '219', '357', '385', '95', '292', '417', '301', '325', '223', '244', '232', '403', '411', '222', '122', '392', '188', '238', '81', '372']
['363', '331', '171', '348', '58', '69', '215', '410', '256', '19', '165', '384', '18', '266', '49', '17', '464', '335', '421', '115', '160', '64', '340']
['486', '420', '483', '20', '496', '300', '229', '298', '205', '234', '425', '293', '367', '249', '282', '248', '433', '43', '412', '63', '97', '181', '221']
['326', '116', '0', '112', '480', '141', '174', '456', '394', '482', '99', '152', '172', '438', '135', '375', '153', '255', '396', '311', '341', '451', '434']
['389', '437', '352', '119', '130', '259', '291', '265', '281', '371', '422', '47', '1', '118', '275', '134', '247', '24', '261', '366', '214', '277', '149']
['8', '179', '324', '418', '213', '468', '80', '37', '68', '487', '374', '154', '303', '87', '9', '470', '233', '343', '185', '388', '111']
['333', '310', '193', '359', '155', '264', '354', '260', '230', '471', '200', '170', '308', '44', '321', '184', '361', '210', '309']
['26', '45', '190', '475', '436', '288', '250', '334', '218', '209', '106', '317', '91', '140', '163', '125', '113', '70', '382', '59', '390', '53', '414']
['484', '337', '129', '60', '332', '280', '186', '474', '407', '415', '285', '23', '497', '216', '65', '191', '103', '447', '207', '194', '276', '117']
['360', '284', '267', '12', '93', '138', '198', '237', '120', '499', '426', '173', '177', '13', '94', '36', '406', '439', '494', '397']
['241', '271', '432', '424', '404', '72', '258', '168', '228', '50', '490', '204', '196', '77', '176', '362', '465', '151', '296', '469', '224', '199', '263']
['178', '183', '197', '398', '105', '146', '401', '289', '3', '378', '32', '143', '169', '257', '365', '489', '376', '381', '180', '195', '453']
['128', '27', '442', '71', '458', '440', '339', '393', '182', '423', '217', '347', '355', '441', '435', '14', '246', '202', '133', '147', '457', '459']
['156', '101', '55', '61', '30', '245', '82', '273', '287', '400', '66', '253', '212', '225', '79', '236', '427', '67', '467', '131', '48', '350']
['368', '243', '405', '187', '262', '25', '123', '294', '338', '274', '157', '88', '349', '231', '109', '346', '162', '323', '315', '270', '336', '445']
['110', '387', '306', '167', '22', '391', '351', '476', '145', '52', '430', '312', '272', '466', '342', '78', '41', '278', '399', '446', '28']
['330', '428', '74', '16', '316', '254', '90', '126', '286', '305', '419', '462', '443', '358', '107', '73', '251', '2', '15', '488', '51']
