['58', '271', '7', '191', '105', '156', '29', '361', '108', '383', '148', '127', '50', '138', '384', '99', '377', '283', '197', '212']
['80', '381', '194', '276', '273', '57', '255', '277', '39', '253', '346', '327', '333', '265', '60']
['322', '291', '113', '17', '135', '43', '281', '20', '392', '137', '69', '24', '256', '263', '130', '132', '367', '274', '338']
['201', '257', '161', '287', '206', '264', '96', '270', '10', '122', '196', '42', '204', '328', '189', '318', '315']
['374', '246', '153', '380', '298', '339', '192', '190', '162', '396', '6', '331', '165', '71', '236', '115', '159', '375', '44']
['5', '225', '365', '30', '37', '145', '214', '195', '34', '335', '391', '202', '79', '134', '55', '304', '103', '131', '215', '150', '94', '152', '242', '33', '111', '76', '373', '251', '136', '169', '28']
['143', '299', '32', '151', '84', '340', '387', '87', '114', '221', '128', '238', '22', '157', '66']
['366', '239', '247', '209', '312', '77', '1', '353', '2', '305', '376', '118', '241', '272', '72', '11', '345', '224', '388', '40']
['269', '343', '126', '370', '347', '316', '319', '180', '121', '290', '104', '187', '342', '49', '147', '3', '285', '336', '155', '181']
['349', '254', '218', '275', '320', '52', '354', '8', '73', '9', '41', '362', '205', '63', '390', '56', '279', '306', '229', '258', '21']
['83', '395', '163', '173', '217', '91', '14', '107', '231', '23', '329', '213', '177', '303', '85', '140', '234', '233', '337', '164', '219', '203', '228', '36']
['31', '207', '167', '38', '313', '309', '348', '88', '183', '109', '179', '261', '13', '174']
['199', '70', '324', '59', '68', '120', '82', '232', '19', '286', '98', '116', '53', '124', '89', '230', '100', '385', '295', '292', '90']
['379', '193', '178', '45', '64', '61', '48', '332', '220', '282', '211', '386', '393', '170', '294', '317', '129']
['16', '139', '65', '262', '243', '226', '166', '182', '46', '302', '278', '314', '330', '237', '321', '368', '119', '334', '350', '259', '78']
['117', '252', '326', '12', '54', '75', '125', '86', '92', '97', '398', '154', '308', '160', '369', '248', '389', '293', '112']
['106', '15', '208', '267', '176', '142', '81', '101', '158', '284', '300', '399', '364', '27', '171', '144', '288', '301', '297', '222', '400', '35', '51', '245', '74']
['397', '250', '168', '307', '311', '102', '4', '266', '227', '210', '95', '244', '356', '175', '188', '268', '223', '344', '249', '186']
['358', '289', '371', '198', '372', '359', '18', '146', '200', '62', '149', '323', '296', '25', '363', '67', '47', '93']
['240', '325', '357', '355', '260', '310', '378', '123', '394', '216', '133', '110', '341', '360', '280', '185', '351', '352', '382', '26', '172', '235', '184', '141']
