['Vertex96', 'Vertex82', 'Vertex323', 'Vertex262', 'Vertex429', 'Vertex255', 'Vertex246', 'Vertex404', 'Vertex251', 'Vertex244', 'Vertex367', 'Vertex183', 'Vertex295', 'Vertex339', 'Vertex88', 'Vertex163', 'Vertex137', 'Vertex390', 'Vertex218', 'Vertex139']
['Vertex409']
['Vertex160', 'Vertex325', 'Vertex338', 'Vertex71', 'Vertex233', 'Vertex347', 'Vertex245', 'Vertex342', 'Vertex267', 'Vertex172', 'Vertex362', 'Vertex350', 'Vertex332', 'Vertex276', 'Vertex368', 'Vertex309', 'Vertex68']
['Vertex431', 'Vertex337', 'Vertex189']
['Vertex60']
['Vertex203']
['Vertex47']
['Vertex283', 'Vertex227', 'Vertex272', 'Vertex414', 'Vertex174', 'Vertex185', 'Vertex348', 'Vertex421', 'Vertex191', 'Vertex243', 'Vertex284', 'Vertex331', 'Vertex311', 'Vertex115', 'Vertex202', 'Vertex418', 'Vertex318', 'Vertex357', 'Vertex212', 'Vertex434']
['Vertex387', 'Vertex168', 'Vertex376', 'Vertex128', 'Vertex400', 'Vertex341', 'Vertex147']
['Vertex386', 'Vertex419', 'Vertex182', 'Vertex345', 'Vertex242', 'Vertex285', 'Vertex250', 'Vertex247', 'Vertex289', 'Vertex401', 'Vertex344', 'Vertex169', 'Vertex200', 'Vertex63', 'Vertex406', 'Vertex86', 'Vertex297', 'Vertex410', 'Vertex125']
['Vertex416', 'Vertex356', 'Vertex195', 'Vertex260', 'Vertex359', 'Vertex177', 'Vertex210', 'Vertex184', 'Vertex136', 'Vertex76', 'Vertex291', 'Vertex395', 'Vertex238', 'Vertex438', 'Vertex50', 'Vertex333', 'Vertex197', 'Vertex142', 'Vertex165', 'Vertex118']
['Vertex45']
['Vertex44']
['Vertex78']
['Vertex306']
['Vertex161']
['Vertex105']
['Vertex294']
['Vertex138', 'Vertex190', 'Vertex133', 'Vertex58', 'Vertex46', 'Vertex366', 'Vertex379', 'Vertex370', 'Vertex329', 'Vertex263', 'Vertex40', 'Vertex176', 'Vertex223', 'Vertex120', 'Vertex72', 'Vertex154', 'Vertex275']
['Vertex199', 'Vertex222', 'Vertex248', 'Vertex59', 'Vertex249', 'Vertex389', 'Vertex152', 'Vertex79', 'Vertex106', 'Vertex231', 'Vertex85', 'Vertex209', 'Vertex230', 'Vertex107', 'Vertex369', 'Vertex224', 'Vertex43', 'Vertex74']
['Vertex175']
['Vertex162', 'Vertex425', 'Vertex313', 'Vertex83', 'Vertex257', 'Vertex131', 'Vertex186', 'Vertex69', 'Vertex358', 'Vertex110', 'Vertex303', 'Vertex258', 'Vertex123', 'Vertex65', 'Vertex67', 'Vertex104', 'Vertex216', 'Vertex193', 'Vertex99']
['Vertex93', 'Vertex66', 'Vertex146', 'Vertex252', 'Vertex298', 'Vertex217', 'Vertex432', 'Vertex126', 'Vertex397', 'Vertex299', 'Vertex51', 'Vertex171', 'Vertex98', 'Vertex42', 'Vertex145', 'Vertex234', 'Vertex153', 'Vertex264', 'Vertex103']
['Vertex253', 'Vertex353', 'Vertex316', 'Vertex269', 'Vertex328', 'Vertex84', 'Vertex219', 'Vertex335', 'Vertex427', 'Vertex80', 'Vertex413', 'Vertex308', 'Vertex378', 'Vertex304', 'Vertex192', 'Vertex41', 'Vertex73', 'Vertex130', 'Vertex54', 'Vertex382']
['Vertex53', 'Vertex119', 'Vertex355', 'Vertex48', 'Vertex319', 'Vertex282', 'Vertex101', 'Vertex49', 'Vertex92', 'Vertex402', 'Vertex102', 'Vertex430', 'Vertex144', 'Vertex385', 'Vertex351', 'Vertex314', 'Vertex135', 'Vertex113', 'Vertex95', 'Vertex141']
['Vertex220']
['Vertex398']
['Vertex334', 'Vertex375', 'Vertex181', 'Vertex336', 'Vertex436', 'Vertex87', 'Vertex206', 'Vertex166', 'Vertex213', 'Vertex129', 'Vertex408', 'Vertex261', 'Vertex394', 'Vertex228', 'Vertex412', 'Vertex150', 'Vertex371', 'Vertex288']
['Vertex229']
['Vertex134', 'Vertex435', 'Vertex221', 'Vertex307', 'Vertex214', 'Vertex391', 'Vertex326', 'Vertex187', 'Vertex423', 'Vertex343', 'Vertex287', 'Vertex428', 'Vertex215', 'Vertex373', 'Vertex61', 'Vertex384', 'Vertex407', 'Vertex62', 'Vertex77']
['Vertex121', 'Vertex114', 'Vertex433', 'Vertex198', 'Vertex151', 'Vertex349', 'Vertex377', 'Vertex132', 'Vertex321', 'Vertex211', 'Vertex236', 'Vertex296']
['Vertex327']
['Vertex94', 'Vertex439', 'Vertex52', 'Vertex108', 'Vertex324', 'Vertex237', 'Vertex158', 'Vertex300', 'Vertex426', 'Vertex57', 'Vertex70', 'Vertex188', 'Vertex374', 'Vertex173', 'Vertex293', 'Vertex278', 'Vertex201', 'Vertex81', 'Vertex180']
['Vertex417', 'Vertex97', 'Vertex305', 'Vertex277', 'Vertex122', 'Vertex164', 'Vertex437', 'Vertex239', 'Vertex286', 'Vertex170', 'Vertex317', 'Vertex127', 'Vertex75', 'Vertex207', 'Vertex340', 'Vertex302', 'Vertex155', 'Vertex109', 'Vertex279', 'Vertex411']
['Vertex270', 'Vertex322', 'Vertex372', 'Vertex55', 'Vertex364', 'Vertex424', 'Vertex254', 'Vertex148', 'Vertex274', 'Vertex422', 'Vertex259', 'Vertex205', 'Vertex208', 'Vertex383', 'Vertex89', 'Vertex405', 'Vertex100', 'Vertex346', 'Vertex90']
['Vertex240']
['Vertex204', 'Vertex352', 'Vertex241', 'Vertex361', 'Vertex178', 'Vertex312', 'Vertex235', 'Vertex354', 'Vertex232', 'Vertex280', 'Vertex301', 'Vertex111', 'Vertex360', 'Vertex225', 'Vertex365', 'Vertex156', 'Vertex196', 'Vertex290']
['Vertex310', 'Vertex415', 'Vertex281', 'Vertex256', 'Vertex268', 'Vertex315', 'Vertex403', 'Vertex124', 'Vertex393', 'Vertex194', 'Vertex64', 'Vertex320', 'Vertex292', 'Vertex167', 'Vertex392', 'Vertex143', 'Vertex330', 'Vertex380', 'Vertex179', 'Vertex266']
['Vertex91', 'Vertex265', 'Vertex381', 'Vertex273', 'Vertex112', 'Vertex396', 'Vertex226', 'Vertex271', 'Vertex56', 'Vertex159', 'Vertex399', 'Vertex388', 'Vertex116', 'Vertex149', 'Vertex140', 'Vertex157', 'Vertex420', 'Vertex363']
['Vertex117']
