['Roger', 'Marcy', 'Tyron', 'Jared', 'Julio', 'Louis', 'Alton', 'Maude', 'Rusty', 'Brant', 'Danny', 'Ebony', 'Chong', 'Tonia', 'Ronny', 'Fritz', 'Tasha', 'Leann', 'Percy', 'Leroy', 'Jonah']
['Daisy', 'Issac', 'Elsie', 'Mario', 'Devin', 'Erika', 'Randi', 'Clara']
['Tammi', 'Lorna']
['Staci', 'Hyman', 'Lucio', 'Irvin', 'Lacey', 'Pansy', 'Donna', 'Ellen']
['Effie', 'Sybil', 'Terry', 'Tessa', 'Edwin', 'Major', 'Adela']
['Homer', 'Gayle', 'Janis', 'Kathy', 'Willy', 'Clark', 'Tracy', 'Sonja', 'Twila', 'Davis', 'Ariel', 'Erick', 'Shane', 'Elvin', 'Naomi', 'Mikel', 'David', 'Leona', 'Fidel', 'Monty', 'Candy', 'Peter', 'Robin', 'Dwain', 'Karin', 'Bryon', 'Merle', 'James', 'Cyrus', 'Adele', 'Elmer', 'Malik', 'Maura', 'Moshe']
['Joann', 'Randy', 'Bette', 'Queen', 'Emily', 'Rufus', 'Kirby', 'Amber', 'Joyce', 'Becky', 'Renee']
['Mason', 'Britt', 'Deann', 'Wendy', 'Jayne', 'Shaun', 'Dante', 'Benny', 'Bryce', 'Ahmad', 'Julia', 'Tanya', 'Wyatt', 'Katie', 'April', 'Sonny', 'Robyn', 'Jason', 'Essie', 'Nelda', 'Clyde', 'Claud', 'Marla']
['Debra', 'Janet', 'Orval', 'Lydia', 'Cindy', 'Zelma', 'Verna', 'Grant', 'Doris', 'Betsy', 'Maria', 'Donny', 'Elena', 'Sofia']
['Holly', 'Josef']
['Ernie', 'Roxie']
['Chase', 'Patti', 'Carly', 'Brent', 'Lauri', 'Alvin', 'Alice', 'Kayla', 'Wendi', 'Annie', 'Steve', 'Melba', 'Tommy', 'Carla', 'Jacob', 'Arlen', 'Sandy', 'Eddie', 'Mable', 'Wally', 'Kevin', 'Sammy', 'Karen', 'Craig', 'Teddy', 'Vilma', 'Ruben', 'Brian', 'Bobbi']
['Mitch', 'Buddy', 'Garry', 'Emery', 'Nadia', 'Chris']
['Vicky', 'Marci']
['Jaime', 'Pedro', 'Elvia', 'Dusty', 'Viola', 'Linda', 'Elias', 'Rhoda', 'Erica', 'Lyman', 'Dixie', 'Audra', 'Freda', 'Sheri', 'Myron', 'Greta']
['Quinn', 'Billy', 'Bruno', 'Tonya', 'Marty', 'Basil', 'Allan', 'Berta', 'Nancy', 'Dario', 'Wilma', 'Aline', 'Avery', 'Lorie', 'Cesar', 'Mamie', 'Aaron']
['Casey', 'Flora', 'Daron', 'Mandy', 'Bryan']
['Josie', 'Hazel', 'Misty', 'Kelly', 'Ilene', 'Ervin', 'Hilda', 'Corey', 'Helga', 'Micah', 'Lanny', 'Rhett', 'Cliff', 'Olive', 'Moses', 'Laura', 'Nikki', 'Clint', 'Sally', 'Darin', 'Felix', 'Chang', 'Ollie', 'Barry', 'Timmy', 'Margo']
['Leila', 'Terri', 'Perry', 'Wanda', 'Roman', 'Jamel', 'Brock', 'Brady', 'Jamar', 'Sadie', 'Odell', 'Della', 'Pearl', 'Mitzi', 'Trent', 'Amado']
['Paige']
