['93', '192']
['63', '156', '221']
['57', '142', '92']
['163', '158', '55', '203', '229', '5']
['59', '1', '78', '162', '29', '117']
['180', '36', '105', '245', '141']
['68', '250', '240', '169', '237', '200']
['95', '161', '181']
['62', '61', '183', '171', '239']
['118', '8', '144', '84', '82']
['81', '12', '41', '17', '25']
['159', '74', '91', '76', '106']
['113', '143', '19', '224', '13']
['9', '16', '28', '176', '243']
['69', '104', '226', '145', '2', '215']
['46', '238', '107', '111', '126', '60']
['179', '233', '79', '216', '80', '211']
['22', '45', '222', '134', '26']
['148', '50', '127']
['208', '236', '164']
['86', '121', '96', '132', '177', '102']
['44', '48', '97']
['110', '99', '37', '185', '220', '155']
['21', '157', '204', '217', '174']
['3', '151', '65', '160', '39']
['101', '35', '244', '150']
['94', '135', '14', '186', '42', '0']
['23', '130', '52', '125', '242']
['56', '210', '71', '165']
['85', '235', '43', '49']
['195', '58', '212', '73', '189']
['34', '116', '133', '146', '109', '77']
['51', '53', '103', '248', '129']
['31', '153', '33', '194', '32']
['232', '187', '228', '231']
['119', '83', '198', '11', '227', '209']
['20', '241', '147', '190', '120']
['27', '249', '128', '140', '72', '178']
['123', '223', '247', '167', '124', '184']
['201', '75', '4', '108']
['219', '67', '170', '112', '152', '40']
['70', '214', '87', '173', '139', '182']
['30', '38', '131', '188', '199', '138']
['15', '234', '64', '47', '202', '218']
['122', '98', '246', '24', '88', '54']
['175', '172', '168', '166', '213']
['114', '191', '66', '206', '18']
['193', '154', '225', '90', '10', '230']
['89', '207', '197', '196', '149', '136']
['137', '100', '205', '6', '7', '115']
