['Jace', 'Alexander', 'Mateo', 'Declan', 'Kyle', 'Matias', 'Clayton', 'Brandon', 'Jayce', 'Abraham']
['Archer', 'Joshua', 'Zane', 'Jaxson', 'Jack', 'Nolan', 'Elliott', 'Tucker', 'Ivan', 'Dawson']
['Bryce', 'Oliver', 'Wyatt', 'Connor', 'Xavier', 'Damian', 'Kai', 'Aidan', 'Knox', 'Gael']
['Colton', 'Daniel', 'Cooper', 'Kevin', 'Anthony', 'Edward', 'Rafael', 'Jameson', 'Luca', 'Marcus']
['Greyson', 'David', 'Jaxon', 'Aaron', 'Isaiah', 'Josiah', 'Amari', 'Bryson', 'Ryder', 'Ashton']
['Camden', 'Benjamin', 'Kingston', 'Jesus', 'Paul', 'Theo', 'Joel', 'Levi', 'Hunter', 'Kaleb']
['Evan', 'Jacob', 'Axel', 'Victor', 'Steven', 'Kameron', 'Rylan', 'Bennett', 'Avery', 'Riley']
['Malachi', 'Sebastian', 'Thomas', 'Judah', 'Killian', 'Christian', 'Dallas', 'Chase', 'Rhett', 'Jason']
['Diego', 'Elijah', 'Leo', 'Austin', 'Ayden', 'Tyler', 'Milo', 'Carlos', 'Giovanni', 'Henry']
['Karter', 'Vincent', 'Braxton', 'Juan', 'Eric', 'Jasper', 'Brooks', 'Manuel', 'Emerson', 'Beckett']
['Justin', 'Carter', 'Jayden', 'Bentley', 'Cole', 'Cash', 'Alan', 'Graham', 'Jax', 'Iker']
['Grant', 'Grayson', 'Cody', 'Zion', 'Preston', 'Alex', 'Nicolas', 'Karson', 'Samuel', 'Timothy']
['Nathan', 'Everett', 'Richard', 'Josue', 'Carson', 'Silas', 'Emmett', 'Paxton', 'Parker', 'Cayden']
['Hudson', 'Luke', 'Kayden', 'Barrett', 'Martin', 'Jose', 'Mark', 'Tobias', 'King', 'Nathaniel']
['Beau', 'Noah', 'Isaac', 'Andrew', 'Ryan', 'Charles', 'Alejandro', 'Finley', 'Lukas', 'Jorge']
['John', 'Gunner', 'Weston', 'Simon', 'Derek', 'Kaiden', 'Zander', 'Phoenix']
['Dylan', 'Caleb', 'Jonathan', 'Jude', 'Elliot', 'Holden', 'Theodore', 'Emmanuel', 'Walter', 'Ezekiel']
['Colin', 'Sawyer', 'Bryan', 'Bradley', 'Louis', 'Zachary', 'Oscar', 'Damien', 'Jordan', 'Waylon']
['Matteo', 'Asher', 'Chance', 'Maverick', 'Robert', 'Adriel', 'Christopher', 'Blake', 'Adrian', 'Jackson']
['Cameron', 'Mason', 'Ethan', 'Gabriel', 'Calvin', 'Roman', 'George', 'Omar', 'Lorenzo', 'Dean']
['Griffin', 'William', 'Easton', 'Messiah', 'Brady', 'Felix', 'Stephen', 'Michael', 'Gavin', 'Enzo']
['Brayden', 'Joseph', 'Angel', 'Jesse', 'Remington', 'Legend', 'Emilio', 'Dominic', 'Elias', 'Jaden']
['Maximus', 'Julian', 'Lincoln', 'Jeremiah', 'Israel', 'Nash', 'Tristan', 'Hayden', 'Kyrie', 'August']
['Matthew', 'Adam', 'Brantley', 'Andre', 'Nicholas', 'Santiago', 'Maxwell', 'Abel', 'River', 'Francisco']
['Peter', 'Landon', 'Ian', 'Miles', 'Luis', 'Miguel', 'Jeremy', 'Thiago', 'Andres', 'Corbin']
['Ezra', 'Logan', 'Sean', 'Beckham', 'Amir', 'Brody', 'Charlie', 'Antonio']
['Ace', 'am', 'Owen', 'Ryker', 'Rowan', 'Erick', 'Tanner', 'Max', 'Leonardo', 'Colt']
['Jonah', 'Aiden', 'Maddox', 'Kaden', 'Jake', 'Leon', 'Emiliano']
['Micah', 'James', 'Eli', 'Finn', 'Patrick', 'Xander', 'Kenneth', 'Caden', 'Zayden', 'Javier']
['Brian', 'Lucas', 'Harrison', 'Myles', 'Arthur', 'Eduardo', 'Wesley', 'Reid']
