['318', '33', '223', '332', '94', '156', '181', '385', '247', '82']
['117', '152', '41', '29', '241', '346', '350', '338', '190', '106', '399']
['381', '47', '393', '103', '330', '175', '286', '133', '211', '101']
['62', '218', '57', '119', '310', '279', '324', '328', '4', '168']
['118', '266', '269', '164', '382', '191', '58', '397', '387', '228', '267']
['367', '54', '40', '105', '308', '312', '98', '20', '375', '122', '221', '335']
['46', '123', '135', '38', '276', '116', '356', '193', '314', '364', '379']
['158', '260', '251', '189', '60', '102', '75', '319', '113', '148']
['167', '285', '147', '78', '180', '274', '63', '53', '317']
['74', '372', '184', '157', '30', '262', '243', '287', '84', '331', '27', '357']
['377', '86', '76', '229', '237', '109', '149', '283', '15', '140', '83', '284']
['344', '233', '196', '244', '126', '154', '389', '383', '396']
['77', '197', '24', '39', '139', '315', '151', '214', '341', '9', '327']
['224', '340', '42', '236', '306', '369', '110', '258', '137', '100', '136']
['238', '374', '44', '120', '300', '37', '253', '345', '161', '362', '329', '281']
['289', '14', '252', '391', '290', '293', '200']
['347', '176', '10', '292', '360', '333', '128', '130']
['322', '165', '343', '56', '199', '16', '124', '11', '59', '138', '186']
['32', '255', '259', '395', '96', '386', '311', '349', '378', '162', '222', '51']
['155', '337', '288', '66', '205', '143', '45', '144', '235', '108', '365']
['134', '342', '305', '217', '8', '0', '160', '112', '182', '88', '115', '2']
['177', '166', '121', '380', '313']
['114', '17', '307', '3', '226', '301', '361', '19', '323', '93', '275']
['36', '239', '250', '21', '298', '31', '179', '392', '55', '280', '91', '146']
['212', '234', '48', '132', '302', '92', '242', '172', '127', '257']
['81', '264', '232', '213', '231', '1', '111', '309', '352', '178']
['64', '225', '240', '6', '208', '79', '125', '316', '359', '206']
['249', '159', '188', '272', '192', '28', '277', '368', '5', '326', '207', '325']
['202', '263', '299', '183', '89', '131', '68', '219', '227', '384', '87', '174']
['194', '394', '90', '209', '376', '18', '203', '363', '97', '185', '204', '245']
['70', '69', '67', '265', '273', '22', '71', '278', '400', '334']
['254', '104', '303', '354']
['256']
['153', '23', '201', '169', '294', '295', '268', '195', '246', '43', '215']
['388', '7', '291', '12', '321', '80', '34', '142', '271', '73', '65']
['371', '107', '216', '370', '163', '129', '353', '348', '210', '261', '355']
['25', '336', '72', '26', '220', '390', '150', '366', '170']
['248', '297', '61', '373', '171', '270', '398', '85', '304']
['351', '95', '320', '50', '49', '173', '230', '282', '99', '13', '141', '145']
['187', '35', '296', '52', '358', '339', '198']
