['Sincere', 'Elisah', 'Seiry', 'Anela', 'Deliany', 'Jophy', 'Zuzanna', 'Abdoulaziz', 'Jaimarie', 'Stafford', 'Thien', 'Dusan', 'Vyncent', 'Guadalupe', 'Mumin', 'Aley', 'Juliano', 'Sussy', 'Miley', 'Charlett', 'Farah', 'Adeleine', 'Nitzia', 'Kirubel', 'Sayd', 'Antrone', 'Keili', 'Lilyonna', 'Lealand', 'Azavier']
['Jarem']
['Alyiana', 'Jayme', 'Kamora', 'Zaahir', 'Marcellius', 'Tayseer', 'Kaleo', 'Inaki', 'Guy', 'Leni', 'Antonin', 'Cordai', 'Tralaya', 'Yarithza', 'Kameryn']
['Sevren', 'Ahnaya', 'Satomi', 'Detravion', 'Mezmariah', 'Mailen', 'Emmely', 'Quintasia', 'Ryleeann', 'Tobechi']
['Jamaine', 'Takia', 'Abaan', 'Rosalio', 'Tahir', 'Adriene', 'Dainen', 'Jandre', 'Markise', 'Aizik', 'Denize', 'Gunther', 'Laticia', 'Anadalay', 'Makyra', 'Dea', 'Ailene', 'Marck', 'Dorcas', 'Ally', 'Trinitey']
['Jacob', 'Evia', 'Fabrizzio', 'Bristol', 'Hannelore', 'Jahred', 'Crystina', 'Lailani', 'Jaquis', 'Eleah', 'Jaydah', 'Merissa', 'Joed', 'Serenety', 'Soriya', 'Xaviel', 'Julia', 'Rock', 'Maude', 'Nakaya', 'Armita']
['Kaira', 'Khamil', 'Aarohi', 'Jatziry', 'Feven', 'Devaun', 'Salif', 'Marik', 'Raeleigh', 'Kimball', 'Bailynn', 'Kirrah', 'Zamyah', 'Mylez', 'Shy', 'Jax', 'Soniah', 'Casondra', 'Cisco', 'Yajahira']
['Katalina', 'Zykerria', 'Adaley', 'Kalum', 'Chanze', 'Demetreus', 'Mykaylah', 'Sagan', 'Terriona', 'Kenniyah', 'Gertrude', 'Lada', 'Ganon', 'Adysen', 'Mikelle', 'Jdan', 'Amritha', 'Spartan', 'Loni', 'Donnelle', 'Niemah', 'Venezia', 'Kay', 'Noha', 'Malaja', 'Vedika']
['Aryeh', 'Marialy', 'Ellarie', 'Abdulrehman', 'Jesus', 'Eliziah', 'Tam', 'Marwan', 'Sheniyah', 'Abdulraheem', 'Sinia']
['Marifer', 'Carsten', 'Ori', 'Kitty', 'Zolin', 'Khloee', 'Ancel', 'Sihaam', 'Yavian', 'Stefanny', 'Dhalia', 'Ameerah', 'Iris', 'Byron', 'Raymir', 'Sameeha', 'Tyannah', 'Gyzelle', 'Griffon', 'Mircale', 'Shamyia']
['Chidi', 'Jamonte', 'Nancy', 'Dragon', 'Keyin', 'Bright', 'Haya', 'Gracia', 'Jeremias', 'Kairy', 'Keni', 'Thaddius', 'Kyo', 'Jezzelle', 'Taegan', 'Kensleigh', 'Keemya', 'Mckaylin', 'Ramses', 'Citlally', 'Treyson', 'Nidhi', 'Natsumi', 'Nakari', 'Vanesa']
['Danyca', 'Amor', 'Isaak', 'Tobias', 'Jovey', 'Donnovan', 'Nethra', 'Brinleigh', 'Dominika', 'Dyami', 'Siena', 'Shannel', 'Renyah']
['Jersi', 'Bailei', 'Alyze', 'Doyle', 'Adaisha', 'Kenzlie', 'Aman', 'Apollonia', 'Noami', 'Kaeleen', 'Asa']
['Kariana', 'Dereck', 'Alayasia', 'Aylana', 'Mikyla', 'Lauralynn', 'Aleiyah', 'Jakelin', 'Dhyan', 'Jema', 'Tayyab', 'Eeliyah', 'Janine', 'Deidre', 'Emmanuela', 'Michaell', 'Giannie', 'Jaleena', 'Jerriah', 'Khila']
['Shelbee', 'Shakila', 'Leilah', 'Shahid', 'Alieyah', 'Jazir', 'Jekeria', 'Mariaelena']
['Shanell', 'Halo', 'Daxx', 'Jebediah', 'Lizmari', 'Vinnie', 'Dell', 'Blaine', 'Jarrell', 'Sabastion', 'Deedra', 'Harlem', 'Jamear', 'Thadius', 'Nayara']
['Monserath', 'Cliff', 'Camill', 'Emree', 'Coraline', 'Avielle', 'Veena', 'Braeley', 'Elway', 'Ilyn', 'Azeriah', 'Jaquan', 'Quentyn', 'Fe', 'Zayquan', 'Vivica', 'Keion', 'Deriyon', 'Dajana', 'Jos', 'Anouk', 'Ishmel', 'Osmin', 'Srinath']
['Desteni', 'Seleen', 'Tafari', 'Artie', 'Lazaria', 'Olive', 'Oluwatobi', 'Quintavious', 'Kenzington', 'Leighann', 'Handsome', 'Matt']
['Avigail', 'Kaeley', 'Meryl', 'Jaaziah', 'Larrissa', 'Sanae', 'Tralyn', 'Lilienne', 'Jalilah', 'Kinzie', 'Coulson', 'Amr', 'Lukis', 'Andriy', 'Nohely', 'Trenise', 'Lynia', 'Taye', 'Cicily', 'Zahriyah', 'Jaleesa', 'Daxen', 'Fidel', 'Mikea']
['Tacori', 'Mylie', 'Caliegh', 'Samauri', 'Atika', 'Jasiya', 'Rohil', 'Lamariah', 'Timia', 'Merary', 'Leib', 'Shanaiya', 'Natasia', 'Zackrey', 'Jirah', 'Hakop', 'Kaymi', 'Jalyiah', 'Mikaelah', 'Jemiah', 'Sharlene', 'Shalonda', 'Coi', 'Abhinav']
['Kaushik', 'Kobe', 'Giankarlo', 'Jabes', 'Antwane', 'Azzareya', 'Emilie', 'Jeru', 'Abriyana', 'Anwesha', 'Reynaldo', 'Nalaya', 'Aanyah']
['Tashvi', 'Ricky', 'Dairon', 'Brenya', 'Jaeline', 'Evangelyne']
['Farha', 'Ettel', 'Liann', 'Davidjr', 'Tasi', 'Gor', 'Hayven']
['Zoiee', 'Saheim', 'Asha', 'Jasahn', 'Dessie', 'Michai', 'Kellon', 'Sevastian', 'Alainna', 'Yonason', 'Carine', 'Jamaad', 'Salmaan']
['Johnavan', 'Delara', 'Estephanie', 'Liat', 'Dashun', 'Jameisha', 'Marnae', 'Casandra', 'Shamiyah', 'Gwendolynn']
['Trystian', 'Masud', 'Sydelle', 'Yarisbel', 'Arsalan']
['Aayana', 'Carena']
['Hugo', 'Kyston', 'Shiala', 'Serra', 'Katarina', 'Orren', 'Alaija']
['Hallei', 'Navia', 'Litsy', 'Anagha', 'Prakruti']
['Marcellino', 'Nishta', 'Cylah', 'Mylani', 'Eddieberto', 'Zyeir', 'Artyom', 'Jesalyn', 'Elysha', 'Tanyla', 'Jamiyla', 'Britnee', 'Hashem', 'Marrius', 'Keyvin', 'Bow', 'Lakiyah', 'Janesha', 'Kapena', 'Cynae', 'Aysenur', 'Ebany']
['Raphael', 'Adanna']
['Yu', 'Milene', 'Merlina', 'Jomary', 'Rielly', 'Gauge', 'Endi']
['Sashya']
['Analiah', 'Aibhilin', 'Jahlen', 'Ayahna', 'Mykenna', 'Fox']
['Amonti', 'Charlize', 'Rexford', 'Kenzo', 'Margie', 'Treyonna', 'Yaire', 'Alison']
['Selena', 'Brydan', 'Basha', 'Shardae', 'Nakeya', 'Zinia', 'Ingrid', 'Montana', 'Hesham', 'Kvaughn']
['Delisha', 'Rey']
['Larry']
['Chyna', 'Tajuan', 'Cyris']
['Colie', 'Shamaiya', 'Rayne']
['Jailon', 'Kemily']
['Taigen']
['Kayliann', 'Suri']
['Khalee']
['Jerel', 'Benito', 'Kaymarie', 'Anastacio', 'Oviya', 'Ron']
['Derionna', 'Akasha']
['Helaman']
