['320', '22', '31', '58', '72', '105', '110', '117', '139', '161', '173', '184', '186', '190', '291', '298', '322', '367', '487', '443', '422', '339', '474', '477']
['118', '333', '0', '17', '26', '53', '78', '79', '94', '119', '120', '295', '308', '476', '398', '355', '337', '448', '472', '440', '489', '429']
['480', '30', '81']
['471', '82', '142', '170', '313', '357']
['200', '245', '14', '16', '23', '40', '47', '52', '56', '64', '125', '134', '145', '169', '171', '183', '192', '198', '213', '215', '218', '220', '224', '238', '243', '372', '369', '396', '342', '403', '304', '275', '438', '368', '263', '353', '407', '299', '359', '493', '496', '393', '441', '427', '314', '478', '292', '302', '258', '384', '273']
['168', '483']
['491', '228']
['435', '179', '492']
['455', '444', '10', '76', '84', '130', '154', '159', '167', '219', '272', '297', '335', '370', '377', '391', '432', '461', '490', '498', '456']
['242', '231', '2', '4', '24', '67', '75', '83', '164', '177', '181', '221', '385', '267', '423', '495', '457', '347', '413', '459', '433', '409', '381', '236', '390', '419', '415', '237', '316']
['162', '1', '15', '29', '73', '86', '279', '99', '116', '127', '137', '140', '149', '156', '165', '202', '209', '230', '307', '310', '345', '360', '374', '418', '439', '401', '497', '434', '414']
['41', '153', '42', '71', '95', '143', '151', '232', '352', '482', '358', '195', '305', '274', '281', '486', '485']
['244', '180', '91', '406']
['465', '421', '77', '188', '194', '207', '217', '411', '460', '468']
['109', '378', '18', '37', '340', '451', '389']
['235', '227', '293', '285']
['172', '20', '147']
['102', '375', '8', '319', '412', '430', '400', '166']
['350', '383', '96', '138', '204', '259', '328', '373', '484']
['9', '45', '33', '163', '494', '463', '387', '462', '479', '428', '206', '158', '325']
['321', '392', '65', '131']
['366', '356', '458']
['361', '475', '87']
['199', '251']
['466', '341', '3']
['103', '132']
['408', '46', '277']
['442', '129', '101', '268', '249']
['329']
['144', '300']
['334']
['379']
['155']
['386']
['296']
['68', '150']
['191', '248']
['201']
['346']
['115']
['286']
['178']
['431']
['74']
['35', '25']
['211']
['338']
['185']
['122']
['488']
['39']
['425']
['66']
['187']
['89']
['288']
['111']
['97']
['175']
['452']
['13']
['269']
['182']
['27', '265']
['351']
['152']
['11']
['123', '21']
['51']
['424']
['135']
['241', '469']
['113']
['196']
['327', '247', '176']
['287']
['420']
['416']
['404']
['189']
['55', '436']
['225']
['349']
['257']
['69', '397']
['88']
['108']
['446']
['136']
['283']
['157']
['12', '324']
['470']
['160']
['410']
['32']
['62']
['93']
['7']
['121']
['499']
['34']
['323']
['254']
['128', '214']
['148']
['453']
['311']
['38']
['124']
['331']
['59']
['92']
['234']
['395']
['376']
['133']
['318']
['280']
['289']
['250', '253']
['294', '382']
['402']
['90']
['141']
['60']
['467']
['203']
['309']
['146']
['261']
['216']
['464']
['380']
['126']
['197']
['80']
['405']
['205']
['284']
['437']
['114']
['70']
['445']
['5', '36']
['481']
['264', '98']
['326']
['303']
['50']
['246']
['449']
['330']
['112']
['312']
['233']
['208']
['210']
['262']
['336']
['301']
['256']
['362']
['344', '222']
['371']
['282']
['44']
['348', '49']
['54']
['363']
['271']
['343']
['388']
['447']
['266']
['226']
['28']
['255']
['354']
['240']
['290']
['19']
['317', '473']
['260']
['332']
['48']
['278', '276']
['399']
['107']
['394']
['365']
['417']
['229', '252']
['57']
['100']
['364']
['270']
['106']
['306', '315']
['239']
['450']
['174']
['454']
['43']
['61']
['104']
['6']
['63']
['85']
['426']
['212']
['193']
['223']
