['249', '2', '351', '4', '6', '8', '9', '10', '11', '12', '13', '15', '16', '17', '19', '20', '21', '22', '327', '27', '28', '231', '31', '35', '38', '41', '43', '45', '46']
['164', '47', '170']
['376', '0', '5', '183', '30', '32', '33', '48', '71', '50', '378', '56', '179', '58', '59', '63', '69', '372', '389', '76', '77', '78', '79', '80', '81']
['243', '257', '55', '290', '215', '241', '305']
['1', '14', '174', '40', '198', '65', '66', '68', '70', '83', '84', '88', '89', '90', '95', '98', '100', '212', '103', '104', '107', '110', '111', '112', '113', '114', '116', '117']
['224', '75', '168', '306']
['263', '54', '87', '92', '118', '97', '99', '105', '269', '115', '94', '119', '120', '121', '123', '203', '258', '128', '129', '131', '134', '139', '140', '144', '145', '146', '148', '151', '152', '153']
['176', '336', '7']
['64', '82', '214', '181', '387', '220', '108', '126', '191', '333', '348', '315', '3', '221', '317', '337', '197', '265', '324', '163', '368', '334', '277', '285', '230', '291']
['335', '295', '250', '219', '137']
['281', '61', '227', '93', '122', '125', '132', '133', '141', '149', '396', '195', '157', '158', '159', '160', '161', '162', '169', '165', '167', '36', '26', '209', '180', '184', '384', '187', '156']
['370', '24', '44', '391', '328', '218']
['307', '34', '138', '147', '166', '171', '189', '192', '196', '60', '199', '200', '201', '202', '124', '206', '207', '208', '102', '313', '216', '217', '222', '223', '226']
['238']
['229', '62', '135', '136', '143', '173', '178', '23', '190', '225', '276', '283', '261', '382', '314', '72', '359', '340', '234', '246', '330', '343', '350', '262', '271', '383', '256']
['73', '253', '244', '142', '86', '177', '205']
['379', '155', '251', '235', '237', '240', '242', '395', '260', '268', '274', '275', '280', '286', '287', '288', '293', '298', '299', '302', '347', '309', '312', '316', '318', '319', '320', '321']
['365', '360', '342', '18', '39']
['194', '204', '210', '266', '270', '278', '279', '282', '292', '294', '297', '304', '310', '323', '325', '25', '329', '331', '338', '344', '345', '67', '357', '358']
['37', '239', '248', '188', '213']
['233', '154', '228', '232', '326', '259', '380', '369', '394', '284', '74', '393', '339', '385', '364', '332', '367', '354', '53', '255', '322', '352', '375', '373', '301', '150']
['264', '85']
['374', '247', '267', '303', '363', '366', '397', '377', '381', '193', '52', '185', '388']
['245', '236', '346', '361', '353', '371', '51', '311', '175']
['390', '49', '296', '289', '211', '130']
['273', '308', '386', '272']
['349', '182', '106', '29', '254', '127']
['341', '356', '101', '252', '109', '362']
['96', '42', '57', '392', '91', '300', '355']
['186', '172']
