['206', '193', '23', '24', '203', '200', '181', '199', '197', '195', '191', '201', '194', '192', '196', '205', '204', '190', '198', '202']
['245', '468', '471', '21', '7', '466', '486', '26', '6', '250', '261', '246', '251', '477', '249', '480', '482', '243', '476', '260', '20']
['259', '142', '256', '152', '143', '257', '151', '155', '258', '145', '18', '148', '254', '150', '247', '144', '252', '147', '5', '149']
['50', '282', '158', '296', '42', '39', '47', '40', '44', '48', '49', '45', '286', '51', '279', '290']
['59', '317', '309', '305', '57', '318', '457', '177', '319', '310', '340', '312', '313', '227', '308', '84', '64', '82', '56', '61', '215']
['99', '219', '98', '129', '106', '109', '222']
['487', '470', '467', '493', '276', '485', '478', '489', '479', '481', '495', '58', '277', '474', '473', '483', '475', '472', '494', '278', '484', '491', '490', '469']
['267', '103', '269', '419', '263', '102', '383', '104', '262', '107', '359', '108', '273', '96', '97', '95', '10', '274', '270', '413', '101', '365', '105', '268']
['314', '163', '169', '168', '171', '159', '161', '157', '307', '306', '303', '316', '53', '160', '302', '141', '172', '170', '315', '166', '54', '156', '304', '320', '311', '162', '164', '301']
['283', '272', '280', '297', '299', '275', '294', '298', '285', '300', '293', '284', '295', '288', '291', '281', '292', '287']
['353', '488']
['90', '25', '52', '459', '450', '440', '456', '438', '154']
['407', '401', '87', '392', '13', '391', '390', '409', '399', '394', '402', '405', '386', '396', '403', '11', '389', '175', '397', '395', '393', '388', '387', '398']
['336', '331', '324', '17', '81', '323', '335', '330', '327', '9', '337', '321']
['404', '408', '406', '179', '400', '0', '1']
['2', '36', '33', '38', '3', '28', '37', '16', '29', '32', '31', '27', '30', '35']
['186', '183', '185', '326', '188', '410', '180', '184', '41', '173', '255', '178', '289', '187', '322', '174', '176', '182', '339', '189']
['92', '93', '228', '232', '237', '88', '85', '238', '146', '83', '236', '235', '234', '80', '94', '242', '86', '91']
['34', '345', '355', '350', '356', '349', '360', '140', '153', '347', '348', '342', '354', '351', '357', '343', '341', '352', '165', '344', '346', '358']
['71', '67', '79', '72', '74', '70', '75', '66', '65', '69', '68', '77', '78', '76']
['114', '121', '116', '122', '124', '110', '118', '492', '113', '117', '111', '115', '123', '119', '112', '120']
['223', '214', '216', '218', '207', '221', '62', '210', '63', '22', '208', '213', '220', '89', '19']
['271', '224', '239', '14', '265', '240', '226', '241', '12', '231', '230', '229', '225', '60', '15', '266', '55', '264']
['8', '244', '100', '329', '212', '332', '338', '253', '73', '333', '211', '217', '328', '209', '46', '334', '325']
['426', '431', '436', '417', '425', '233', '435', '429', '420', '428', '437', '415', '421', '434', '427', '414', '411', '416', '430', '432', '433', '422', '412']
['452', '448', '444', '454', '447', '453', '463', '451', '445', '458', '465', '442', '461', '462', '439', '441', '446', '460', '449', '455', '443', '464']
['127', '136', '131', '135', '134', '133', '424', '139', '130', '137', '423', '126', '125', '132', '138', '128']
['4', '167', '248', '43']
['381', '418', '370', '368', '378', '361', '367', '369', '382', '380', '375', '363', '362', '371', '366', '376', '385', '384', '372', '373', '374', '379', '377', '364']
