['ABM', 'AAL', 'ARX', 'AKV', 'ALD', 'AOJ', 'AID', 'AOW', 'ATU', 'ARJ', 'AOT', 'AIV', 'AFH', 'ARB', 'AGU']
['AIY', 'AAK', 'AAN', 'ABE', 'AEP', 'AEY', 'AHJ', 'AKI', 'ANB', 'ALX', 'AJM', 'ATJ', 'ALA', 'ARQ']
['AKQ', 'ADT', 'AFP', 'AGX', 'AHR', 'AKF', 'ATQ', 'ABI', 'ANY', 'ATS', 'AQA', 'AOF', 'ALM', 'AQR', 'AHI']
['AAR', 'AAW', 'ANO', 'AKO', 'AJR', 'ACF', 'AGF', 'ASX', 'ACD', 'ANJ', 'AJC', 'ABO']
['ATK', 'AEL', 'AER', 'AET', 'ALF', 'AMB', 'AMI', 'AND', 'ANM', 'API', 'ARG', 'ASL', 'ACS']
['ACO', 'AAF', 'ALQ', 'APO', 'AFQ', 'AJA', 'AFU', 'ARC', 'APU', 'AJY', 'AIH', 'AKA', 'ALK', 'AHT']
['ABW', 'AIO', 'ARO', 'AFY', 'ALE', 'AOU', 'AIF', 'ARS', 'AMU', 'ADF', 'AHD', 'AED', 'AIS']
['ASI', 'ACC', 'ACQ', 'ADA', 'AEM', 'AGY', 'AMA', 'ATE', 'APB', 'APX', 'ARV', 'ASB', 'ASD']
['AHO', 'AAH', 'ABG', 'ABJ', 'ABN', 'ADP', 'AFL', 'APN', 'ASF', 'AQU', 'AMQ', 'ATR', 'AJT']
['ALB', 'AAE', 'ADU', 'AFI', 'AGK', 'AKY', 'ASY', 'ALH', 'ANA', 'AMC', 'ASU', 'ASQ', 'AIU', 'ASR']
['AIA', 'ABQ', 'ACX', 'ASN', 'AFO', 'AFS', 'AGJ', 'ANU', 'ATI', 'AKE', 'ASM', 'AMV']
['ARM', 'ACH', 'ADD', 'ADI', 'AEK', 'AIR', 'AIW', 'ALL', 'AOM', 'AQG', 'ARH', 'AIQ', 'ASE']
['AJI', 'ADS', 'AFE', 'AQF', 'AQV', 'AJV', 'ART', 'AJS', 'AJW', 'ALI', 'AGP', 'AIT', 'AST']
['ACL', 'AFV', 'ANX', 'ADC', 'ASV', 'ASK', 'APJ', 'AEN', 'AHF', 'AOG', 'AKH', 'AQM', 'AIG', 'AEO']
['AGW', 'AAS', 'ACN', 'AGA', 'AHY', 'APD', 'ARW', 'AMH', 'AQX', 'AOS', 'AHL', 'ASP']
['AHG', 'AAG', 'ABS', 'AEV', 'AEW', 'AFM', 'AHC', 'ANF', 'AKB', 'AHK', 'ASG', 'ANC']
['AAY', 'AAC', 'AFJ', 'ACI', 'AEU', 'ANN', 'ADE', 'APY', 'ATA', 'ALC', 'ALT', 'AJK', 'AMF']
['AJX', 'AGN', 'ACT', 'ADQ', 'AFC', 'AGD', 'AHN', 'AHQ', 'AQK', 'AHW', 'AQD', 'AMX', 'ANP', 'ATP']
['AIX', 'AKR', 'ADM', 'AEG', 'AIJ', 'AKS', 'AMM', 'ALP', 'AOO', 'ATM', 'AOP', 'ATO', 'AOX', 'ABL']
['AQO', 'AAJ', 'ADB', 'AGE', 'ABV', 'AHA', 'ATY', 'AKL', 'ALG', 'ANK', 'ASS']
['ABK', 'APP', 'ADV', 'AEA', 'ALV', 'AMO', 'ARA', 'AGR', 'AQQ', 'ANR', 'ANQ']
['AQI', 'ATT', 'ABR', 'AEF', 'AGM', 'AIK', 'AKM', 'AMW', 'ANL', 'AIC', 'ARR', 'ASW', 'ARY']
['ASO', 'ANI', 'AFR', 'ALU', 'AMP', 'ANE', 'ANG', 'AOD', 'AOV', 'APQ', 'APV', 'AQY', 'ATD']
['AKK', 'ABH', 'ADW', 'AEX', 'AJH', 'AJU', 'AON', 'ABD', 'ASH', 'ANT']
['AQW', 'AAX', 'ABB', 'ACM', 'AGO', 'AJD', 'AJF', 'AJO', 'AKJ', 'AKW', 'AMT', 'ASA', 'ARD', 'AMN']
['AOL', 'AAA', 'AAI', 'AAM', 'ACY', 'AHU', 'AFD', 'AIL', 'AJJ', 'AOB', 'AQL', 'ATL', 'ATB']
['ASC', 'ABA', 'ABC', 'ACK', 'ACV', 'AEB', 'AKC', 'AKN', 'AKU', 'AQB', 'AQN', 'AQS', 'AQT', 'AAP']
['ATG', 'AFF', 'AAU', 'AGH', 'AGC', 'ALS', 'AFN', 'ADY', 'APF', 'APC', 'AJG', 'ADH', 'ARP', 'APG']
['AJQ', 'ABU', 'ACE', 'ACJ', 'ADK', 'ADO', 'AJB', 'AQJ', 'AMR', 'APE', 'APK', 'AMK']
['AOH', 'ABY', 'AFG', 'AII', 'AFT', 'AGV', 'AGT', 'AHB', 'AAO', 'ALW', 'AME', 'AMJ', 'AOE', 'ARI', 'AQH']
['APA', 'ABP', 'ADJ', 'AEC', 'AGS', 'ANV', 'AJE', 'ALN', 'AOQ', 'ATX', 'ABF', 'APS', 'ABT', 'AGB']
['APW', 'AIN', 'APT', 'AHM', 'ARU', 'AEI', 'AFA', 'AEQ', 'ACG', 'AHX', 'ABX']
['AHS', 'AAQ', 'AAT', 'ACA', 'ADR', 'AES', 'AFK', 'AML', 'ATV', 'AIE', 'APR', 'AMG']
['ATC', 'ACR', 'ACU', 'AEH', 'ADX', 'AFB', 'AFW', 'AJL', 'AJN', 'ANS', 'AOI', 'APM', 'AQP']
['AHV', 'AGQ', 'ARK']
['AMY', 'ACW', 'ADL', 'AFX', 'ALO', 'ALY', 'AMD', 'AQC', 'AOK', 'ATN', 'APL', 'AOC']
['AIB', 'ACB', 'AHH', 'AKG', 'ATW', 'AOY', 'APH', 'AKD', 'ARE', 'ALR', 'ARL', 'AIP', 'ATF']
['AOR', 'AAB', 'AAV', 'AGI', 'AHP', 'AIM', 'AJP', 'AKX', 'AMS', 'ANW', 'AOA', 'ATH', 'ASJ']
['AEE', 'ACP', 'ADN', 'AHE', 'ARN', 'AKP', 'AGG', 'AGL', 'AEJ', 'AQE', 'AKT', 'ALJ', 'ARF']
['ANH', 'ADG', 'AAD']
