['268', '228', '229', '231', '236', '240', '241', '246', '248', '250', '254', '256', '258', '259', '261', '262', '266', '267', '269', '270', '271', '309', '281', '290', '303', '311', '315', '316', '321', '143']
['220', '152', '153', '161', '164', '167', '169', '172', '173', '176', '178', '181', '182', '183', '184', '185', '189', '192', '193', '196', '197', '199', '201', '204', '208', '209', '210', '213', '215', '216']
['255', '226', '232', '238', '245', '252', '264', '273', '481']
['237', '233', '239', '242', '243', '247', '251', '253', '257', '260', '272', '275', '325', '285', '298', '134', '78', '107', '112', '122', '4']
['447', '426', '427', '434', '438', '440', '441', '446', '450', '373', '330', '339', '351', '360', '361', '365', '368', '227', '230', '235', '265', '409', '383']
['310', '276', '277', '278', '283', '288', '289', '291', '293', '295', '297', '300', '302', '304', '312', '314', '317', '323', '324', '39', '14', '25', '28', '30', '32', '34', '37', '49', '52', '56']
['455', '451', '452', '454', '456', '458', '465', '466', '469', '471', '396', '377', '416', '379']
['90', '80', '85', '87', '89', '91', '93', '97', '100', '103', '104', '109', '111', '114', '116', '117', '121', '123', '125', '131', '145', '146', '150', '108', '76', '77', '84', '86', '96', '101']
['392', '380', '382', '393', '394', '403', '406', '413', '418', '425', '136', '79', '95', '124', '147', '457', '461']
['35', '1', '3', '8', '9', '10', '12', '15', '20', '23', '29', '31', '33', '41', '42', '43', '44', '46', '48', '50', '51', '53', '54', '55', '58', '62', '65', '67', '68', '73']
['384', '388', '389', '405', '141', '129', '459', '474']
['493', '478', '480', '483', '484', '485', '487', '488', '491', '492', '495', '496', '332', '334', '338', '352', '353', '357', '363', '375', '486', '477', '479', '482', '489', '322']
['60', '7', '13', '16', '18', '22', '27', '36', '38', '47', '57', '59', '63', '348', '331', '463', '470', '475', '326']
['188', '151', '154', '157', '170', '171', '174', '175', '179', '180', '187', '195', '205', '206', '207', '217', '219', '221', '222', '69', '6', '11', '21', '26', '40', '45', '64', '70', '130', '263']
['460', '464', '467', '498', '476', '490', '494', '497', '499', '500', '274', '234']
['83', '81', '88', '92', '99', '110', '120', '126', '127', '133', '135', '138', '149', '17', '19', '24', '71', '72', '75', '428', '442', '443', '343']
['335', '333', '340', '341', '344', '347', '349', '364', '366', '367', '369', '370', '371', '374', '407', '381', '385', '399', '408', '411', '419', '420', '376', '410', '439', '437']
['313', '279', '280', '282', '284', '287', '292', '294', '296', '299', '301', '305', '306', '307', '318', '319', '320', '66', '74', '355', '327', '328', '404']
['142', '82', '102', '113', '115', '118', '132', '139', '148', '286', '308', '119', '2']
['342', '336', '345', '350', '354', '372', '166', '163', '186', '218', '202', '165', '212', '214', '5']
['436', '429', '431', '433', '444', '453', '462', '472', '473', '61', '244']
['160', '155', '156', '158', '191', '194', '198', '144', '94', '98', '105', '106', '128', '137', '140', '386', '422', '468']
['362', '329', '337', '346', '356', '358', '359', '225', '159', '168', '177', '200', '203', '223', '224', '397', '378', '391', '412', '414']
['435', '430', '432', '448', '449', '162', '190', '211', '387', '390', '249']
['400', '395', '398', '401', '415', '417', '421', '423', '424', '445', '402']
