['65']
['295']
['294', '17']
['192']
['250']
['254', '225', '59']
['204']
['227']
['51', '156', '334', '125', '81', '32', '245', '352', '92', '224', '195', '270', '362', '292']
['37', '45', '49', '357']
['371']
['389']
['213']
['267']
['98']
['330', '388', '230', '233', '310', '338']
['383']
['44', '35', '200', '336', '171', '273', '299', '384', '80', '350', '64', '82', '60']
['7']
['317', '207', '319', '22', '308', '77']
['1']
['324', '265', '101', '221', '211', '286', '99']
['284']
['396']
['151', '321', '140', '258', '345', '280', '110', '94', '374']
['339', '281', '175', '102', '160', '380', '205', '356', '325', '303', '390', '228', '183', '123', '251']
['193', '274', '96', '109', '353', '33', '54', '355', '28', '198', '366', '244']
['9']
['387']
['322', '293']
['118', '141', '252', '257', '119', '259', '97', '275', '52', '68', '76']
['23']
['11']
['161', '10', '215', '83', '154', '397']
['131', '114', '30']
['117', '145', '255', '66', '217', '75', '39']
['150', '170']
['304', '143', '382', '194', '291', '305', '147', '50']
['381', '332', '153', '234', '372', '341', '133', '209', '139', '386', '158', '214', '226']
['272', '130', '111', '264']
['237', '351', '369', '16', '144']
['375']
['358']
['385', '289', '206', '137', '246', '159', '100']
['241', '285']
['38']
['120', '15']
['392', '48', '191', '47', '129', '104']
['53', '132']
['306']
['86', '240', '199', '231', '12', '107', '164', '142', '186', '320', '122', '253', '260']
['43']
['152', '146', '184', '354', '57', '155', '248', '61']
['14', '69', '157', '271', '58', '4', '298', '115', '8', '288']
['391']
['185', '46', '18', '202', '189', '242', '149']
['93', '309', '56', '395', '210', '113', '95', '378']
['121', '42', '180', '333', '218', '67', '179']
['172', '247', '5', '327', '377', '236', '176', '40', '21']
['235', '360', '262', '25', '268', '313', '340', '196', '168', '55', '31']
['182', '302']
['314', '29']
['266', '79', '105', '348']
['238', '88']
['269', '128']
['135']
['2', '361']
['162', '365']
['342', '197', '91']
['63']
['169', '36', '165', '261', '379', '343', '331', '19', '329']
['108']
['312']
['347']
['349', '134', '127', '290', '220']
['216']
['373', '249', '85', '71', '301']
['311', '283']
['20', '89', '359', '174', '232', '187', '181']
['316', '315', '318', '300', '376']
['177', '398', '263', '346']
['243']
['328', '124', '87', '103', '276', '188', '278', '399', '126', '393', '167']
['62']
['173', '282']
['13']
['367', '337', '307', '26', '370', '277', '148', '297', '6', '0', '178', '279', '219']
['368', '363', '34', '90', '326', '364', '239', '116']
['222']
['27', '208', '201']
['223']
['84', '41']
['70']
['203']
['3']
['106']
['296', '212', '112', '229', '78', '138', '190', '394', '136']
['256']
['166']
['74', '335', '163', '344', '323', '24', '73', '287', '72']
