['node258', 'node262', 'node252', 'node257', 'node264', 'node260', 'node263', 'node259', 'node253', 'node261', 'node265', 'node255', 'node256']
['node288', 'node281', 'node293', 'node286', 'node280', 'node285', 'node289', 'node284', 'node292', 'node283', 'node282', 'node290', 'node287']
['node182', 'node106', 'node98', 'node101', 'node105', 'node102', 'node100', 'node195', 'node103', 'node108', 'node107', 'node111', 'node99', 'node104', 'node110']
['node300', 'node301', 'node298', 'node296', 'node304', 'node307', 'node297', 'node306', 'node305', 'node302', 'node303', 'node294', 'node295']
['node39', 'node32', 'node41', 'node28', 'node29', 'node30', 'node36', 'node31', 'node33', 'node35', 'node40', 'node38', 'node37', 'node34']
['node185', 'node183', 'node190', 'node192', 'node184', 'node193', 'node191', 'node188', 'node189', 'node354', 'node194', 'node187', 'node186', 'node118']
['node266', 'node274', 'node135', 'node268', 'node279', 'node273', 'node270', 'node272', 'node267', 'node275', 'node278', 'node269', 'node271', 'node277']
['node49', 'node19', 'node254', 'node16', 'node17', 'node25', 'node22', 'node26', 'node21', 'node14', 'node18', 'node20', 'node27', 'node24', 'node15']
['node94', 'node87', 'node85', 'node95', 'node109', 'node96', 'node97', 'node89', 'node276', 'node88', 'node93', 'node91', 'node84', 'node90', 'node86']
['node52', 'node55', 'node328', 'node50', 'node44', 'node48', 'node53', 'node42', 'node43', 'node45', 'node46', 'node51', 'node54', 'node47']
['node350', 'node347', 'node359', 'node362', 'node353', 'node357', 'node356', 'node355', 'node351', 'node363', 'node358', 'node352', 'node360']
['node152', 'node150', 'node146', 'node141', 'node145', 'node148', 'node149', 'node140', 'node153', 'node147', 'node144', 'node142']
['node115', 'node125', 'node122', 'node23', 'node117', 'node124', 'node114', 'node119', 'node121', 'node120', 'node112', 'node116', 'node113', 'node378', 'node123']
['node7', 'node229', 'node4', 'node8', 'node5', 'node13', 'node10', 'node9', 'node6', 'node1', 'node2', 'node11', 'node12']
['node323', 'node324', 'node330', 'node326', 'node331', 'node332', 'node334', 'node327', 'node322', 'node165', 'node333', 'node325', 'node335', 'node329']
['node341', 'node346', 'node343', 'node342', 'node339', 'node349', 'node348', 'node416', 'node337', 'node345', 'node340', 'node338']
['node156', 'node159', 'node154', 'node167', 'node158', 'node163', 'node157', 'node161', 'node164', 'node166', 'node162', 'node155']
['node411', 'node418', 'node410', 'node413', 'node78', 'node412', 'node419', 'node406', 'node408', 'node409', 'node417', 'node407', 'node415', 'node160']
['node402', 'node396', 'node401', 'node403', 'node398', 'node397', 'node393', 'node404', 'node394', 'node392', 'node399', 'node405', 'node395', 'node400']
['node82', 'node76', 'node77', 'node75', 'node83', 'node72', 'node80', 'node81', 'node71', 'node70', 'node79', 'node74']
['node316', 'node312', 'node318', 'node309', 'node317', 'node321', 'node319', 'node315', 'node313', 'node310', 'node320', 'node314', 'node311']
['node221', 'node210', 'node215', 'node220', 'node217', 'node218', 'node214', 'node219', 'node151', 'node211', 'node212', 'node213', 'node223', 'node222', 'node216']
['node381', 'node380', 'node60', 'node384', 'node389', 'node414', 'node386', 'node391', 'node388', 'node387', 'node383', 'node379', 'node385', 'node390', 'node382']
['node168', 'node177', 'node180', 'node175', 'node179', 'node178', 'node170', 'node336', 'node171', 'node375', 'node181', 'node174', 'node249', 'node176', 'node173']
['node371', 'node377', 'node367', 'node370', 'node366', 'node374', 'node376', 'node373', 'node344', 'node365', 'node369', 'node368', 'node372', 'node364']
['node248', 'node243', 'node246', 'node241', 'node240', 'node242', 'node238', 'node245', 'node251', 'node244', 'node239', 'node247']
['node62', 'node58', 'node65', 'node57', 'node3', 'node361', 'node59', 'node66', 'node56', 'node61', 'node69', 'node64', 'node68', 'node63', 'node67']
['node224', 'node231', 'node237', 'node234', 'node230', 'node227', 'node225', 'node73', 'node235', 'node236', 'node226', 'node233', 'node228', 'node232']
['node172', 'node92', 'node132', 'node291', 'node169', 'node250']
['node207', 'node202', 'node209', 'node197', 'node200', 'node204', 'node208', 'node199', 'node198', 'node201', 'node143', 'node196', 'node203', 'node205', 'node206']
['node128', 'node138', 'node126', 'node420', 'node299', 'node308', 'node136', 'node130', 'node133', 'node131', 'node129', 'node127', 'node139', 'node134', 'node137']
