['228', '68', '208', '283', '315', '445', '65', '257', '462', '195', '387', '284', '289', '431', '311', '143']
['310', '175', '466', '210', '263', '243', '323', '82', '346', '27', '29', '97', '41', '259', '402', '434', '114', '405', '84', '348']
['93', '0', '326', '397', '246', '438', '58', '364', '57', '381', '253', '428', '24', '224', '36', '296', '74', '479', '115', '338', '101', '137', '249', '89', '351', '340', '262']
['154', '73', '478', '468', '190', '437', '293', '189', '389', '419', '69', '46', '455', '413', '476', '267', '53', '197']
['393', '151', '475', '379', '34', '86', '300', '153', '28', '469', '406', '136', '171', '343', '179', '220', '314', '362', '17', '128', '7', '158', '349', '129']
['45', '216', '37', '133', '130', '266', '301', '371', '176', '358', '422', '287', '63', '464', '79', '309', '44']
['477', '322', '199', '132', '31', '235', '116', '192', '51', '274', '357', '95', '245', '177', '194', '214', '460', '77']
['474', '298', '6', '370', '163', '218', '255', '450', '141', '188', '260', '337', '99', '180', '411', '121', '383', '336']
['170', '178', '205', '288', '198', '71', '328', '275', '449', '156']
['148', '339', '83', '430', '470', '56', '23', '119', '42', '375', '458', '38', '399', '252', '239', '277', '410', '15', '276', '215', '120']
['47', '229', '150', '98', '307', '356', '226', '409', '134', '30', '378', '376', '50', '330', '207', '441', '372', '380', '241', '169', '391', '237', '429', '164', '423', '231']
['417', '320', '2', '453', '299', '108', '40', '432', '213', '394', '105', '240', '49', '433', '324']
['183', '55', '88', '25', '471', '436', '374', '221', '347', '234', '182', '104', '202', '149', '305', '3', '186', '461', '157', '233', '43']
['318', '185', '396', '421', '342', '103', '244', '407', '167', '201', '306', '412', '418', '211', '125', '123', '217', '174', '459', '110', '473', '96', '435']
['420', '303', '382', '225', '280', '80', '142', '439', '353', '159', '261', '12', '232', '317', '87', '230', '10', '254', '366', '222', '444', '279', '52', '352', '467', '447']
['204', '144', '152', '5', '308', '416', '272', '191', '196', '345', '321', '404', '269', '162', '107', '329', '355', '8', '92', '106', '102', '319', '19']
['14', '251', '359', '118', '22', '472', '64', '333', '139', '392', '361', '131', '200', '72', '173', '426', '268', '113', '9', '414']
['39', '395', '187', '155', '448', '20', '457', '122', '112', '451', '11', '446', '242']
['368', '291', '61', '332', '26', '206', '271', '282', '168', '219', '1', '294', '126', '285', '146', '78', '452']
['236', '248', '81', '403', '67', '223', '334', '331', '377', '140', '365', '312', '90', '166', '265', '316', '165', '21', '270', '292', '60']
['454', '401', '181', '94', '18', '32', '335', '264', '385', '273', '111', '258', '415', '398', '48', '35', '184', '286', '354', '325', '388', '70', '281']
['442', '33', '127', '384', '456', '203', '109', '59', '100', '425', '62', '209', '443', '386', '4', '54', '344', '256', '76', '250', '341', '212']
['408', '290', '369', '145', '147', '278', '66', '373', '363', '124', '367', '360', '135', '327', '227', '463', '161', '138', '91', '193', '13']
['160', '313', '85', '302', '350', '295', '117', '247', '390', '172', '424', '400', '465', '297', '304', '440', '238', '427', '16', '75']
