['39', '245', '203', '238', '55', '184', '4', '157', '57', '77']
['116', '132', '20', '44', '113', '197', '122', '103']
['231', '2', '7', '209', '191', '72']
['110', '187', '6', '84', '129', '63', '58', '180', '82', '166']
['150', '42', '83', '196', '220', '188', '152', '25']
['19', '159', '185']
['244', '14', '40', '213', '216', '139', '16', '204', '163']
['224', '86', '12', '242', '119', '102', '182', '108', '17']
['140', '123', '117', '167', '96', '26', '61', '37', '29']
['79', '78', '41', '173', '248', '138', '47', '212', '114']
['35', '156', '205', '10']
['118', '104', '125', '134', '99', '162', '246', '100', '59', '145']
['49', '105', '154', '169', '171', '31', '158', '232', '128', '124']
['54', '174', '141', '18', '87', '186', '181', '45', '21', '9']
['130', '89', '161', '222', '194', '202', '148']
['68', '97', '155', '5', '201', '73', '225', '165']
['192', '24', '229', '146', '120', '164', '136', '30']
['189', '239', '62', '74', '243', '241', '179', '0', '50']
['234', '170', '227', '85', '228', '33', '217', '92', '76', '142']
['56', '218', '60', '1', '15', '101', '183', '81']
['109', '121', '247', '160', '195', '36', '131', '230']
['144', '135', '249', '236', '198', '111', '207']
['235', '190', '88', '27', '178', '199', '64', '153']
['91', '127', '8', '28', '80', '126', '94', '67', '69']
['193', '53', '147', '95', '51', '168', '208', '98', '233']
['71', '206', '214', '48', '176', '11', '240', '149']
['221', '32', '115', '210', '151', '226', '237', '52']
['200', '66', '34', '215', '38', '46', '65', '177', '143']
['22', '90', '211', '175', '133', '137', '223', '43', '13', '23']
['93', '107', '172', '70', '106', '75', '112', '3', '219']
