['Miranda', 'Millicent', 'Hassan', 'Michaela', 'Nieves', 'Jay', 'Logan']
['Ok', 'Louella', 'Tarah', 'Madison', 'Earnest', 'Carmon', 'Tina', 'Piedad', 'Rima', 'Garret', 'Juliet', 'Rita', 'Martin', 'Randall', 'Susan', 'Nadia', 'Nathalie', 'Oswaldo', 'Stanford']
['Frederic', 'Ron', 'Jennie', 'Kirstin', 'Vernon', 'Cassie', 'Renea', 'Lyndon', 'Grant', 'Travis', 'Almeta']
['Hayden', 'Kay', 'Bertha', 'Christiane', 'Pa', 'Bonnie', 'Marci', 'Susannah', 'Hyun', 'Destiny', 'Phylis', 'Treena']
['Edmond', 'Beverley', 'Alvin', 'Imogene', 'Lizabeth', 'Renetta', 'Laticia', 'Son', 'Alton', 'Roxane', 'Kylie', 'Theo']
['Lezlie', 'Eloisa', 'Annamarie', 'Esperanza', 'Deirdre', 'Marvin', 'Cortney', 'Adah', 'Refugio']
['Zena', 'Zoraida', 'Tiffani', 'Raul', 'Valorie', 'Joan', 'Kendall', 'Alexandra', 'Sharla', 'Elliott', 'Ambrose', 'Glenna']
['Charmaine', 'Whitney', 'Jina', 'Amada', 'Olevia', 'Laraine', 'Mariano', 'Ella', 'Wes', 'Audie', 'Florinda', 'Stanley', 'Leila', 'Oscar']
['Fanny', 'Heide', 'Lashay', 'Sheldon', 'Xavier', 'Kelly', 'Kris', 'Jade', 'Yevette', 'Lorelei', 'Trena', 'Terry']
['Kimbra', 'Pinkie', 'Arcelia', 'Irma', 'Dion', 'Danita', 'Houston', 'Spencer', 'Jami', 'Junior', 'Johnny', 'Naomi']
['Annabel', 'Byron', 'Gerardo', 'Clarissa', 'Jan', 'Kristopher', 'Hortense', 'Florencio', 'Lucia', 'Nohemi', 'Easter', 'Osvaldo', 'Leontine']
['Aaron', 'Saul', 'Shelton', 'Dewitt', 'Deana', 'Sharlene', 'Clinton', 'Lana', 'Joanne', 'Rolando', 'Marvis', 'Margart', 'Winford', 'Jacque', 'Chas', 'Verona']
['Doyle', 'Princess', 'Caitlyn', 'Antoinette', 'Alethia', 'Odell', 'Latia', 'Mariah', 'Naida', 'Garland', 'Marcie', 'Alvera']
['Clarinda', 'Lamonica', 'Janetta', 'Nickolas', 'Vernia', 'Rodrigo', 'Helene', 'Tressa', 'Eve', 'Elenora', 'Loren', 'Chance', 'Joye', 'Louise', 'Darrel']
['Riley', 'Clifton', 'Jae', 'Gerard', 'Chan', 'Darwin', 'Horace', 'An', 'Trey', 'Antonina', 'Lisa', 'Kitty']
['Jefferey', 'Rachel', 'Honey', 'Tracie', 'Leilani', 'Altagracia', 'Lauren', 'Xuan', 'Marilynn', 'Claretha', 'Jeanette', 'Sharilyn']
['Russell', 'Toya', 'German', 'Kareem', 'Charisse', 'Dewayne', 'Marion', 'Elena', 'Jesus', 'Elfrieda', 'Shaun']
['Claudie', 'Orval', 'Alex', 'Taneka', 'Tammi', 'Tyisha', 'Lola', 'Griselda', 'Angella']
['Ocie', 'Eugene', 'Chun', 'Kasey', 'Dorene', 'Leonida', 'Leonard', 'Reita', 'Mariette', 'Shonda', 'Alicia', 'Robert', 'Meagan', 'Lasonya', 'Marquitta']
['Clara', 'Porter', 'Vivien', 'Rosalba', 'Carolee', 'Stephani', 'Savanna']
['Oneida', 'Angeline', 'Dong', 'Harvey', 'Cristi', 'Camelia', 'Lue', 'Lilly', 'Chang', 'Irena']
['Hilario', 'Nicole', 'Milissa', 'Clarence', 'Darnell', 'Kurtis', 'Kristi', 'Inga', 'Alexa', 'Marcella', 'Debora', 'Rosalee', 'Kim', 'Emmanuel']
['Joelle', 'Felix', 'Alane', 'Vincenzo', 'June', 'Marlo', 'Jeffrey', 'Latoya', 'Sherwood']
['Ryann', 'Eufemia', 'Enola', 'Cleotilde', 'Freddie', 'Lyn', 'Percy', 'Danial', 'Shavon']
['Allena', 'Brendon', 'Oma', 'Clarice', 'Jama', 'Tanisha', 'Marquis', 'Eustolia', 'Tamisha', 'Delmar', 'Lucas', 'Herlinda']
['Kyung', 'Elvie', 'Clyde', 'Marcos', 'Anabel', 'Aretha', 'Tameika', 'Chester']
['Hershel', 'Dagmar', 'Loria', 'Sharell', 'Isabel', 'Neida', 'Sharan']
['Randa', 'Dusti', 'Antonette', 'Tamala', 'Selma', 'Murray', 'Tai', 'Dorthea', 'Elvia', 'Vada', 'Pearlie', 'Hillary']
['Hiroko', 'Jeremy', 'Ema', 'Merrill', 'Hui', 'Alfred', 'Loura', 'Retta', 'Carson', 'Flavia', 'Gisela', 'Rachael']
['In', 'Dora', 'Artie', 'Raleigh', 'Glenda', 'Elicia']
