['84', '277', '469', '400', '287', '171', '271', '202', '136', '86', '194', '72']
['188', '305', '368', '481', '485', '435', '15']
['221', '180', '296', '157']
['42', '316', '120', '424', '127', '11', '204', '458']
['57', '279', '52', '243', '133', '300', '369', '439', '495', '367']
['28', '399', '68', '76', '260', '220', '187', '27', '233', '192', '164', '257', '178']
['226', '147', '364', '332', '462', '263', '170', '21', '339', '190', '450']
['383', '356', '158', '478', '101']
['331', '386', '122', '165', '391', '479', '335', '183', '179', '395', '123', '150', '55', '427', '483', '228']
['105', '99', '489', '44', '238', '302', '151', '130', '18', '88', '198', '358', '85', '152', '440', '205', '267']
['45', '285', '350', '14', '426', '493', '449']
['447', '156', '116', '242', '318', '132', '38', '359', '3', '282', '405', '355', '414', '239', '210', '379', '8', '78']
['298', '324', '253', '470', '46', '394', '312', '398', '295', '100', '30', '294', '91', '441', '376']
['218', '173', '389', '87', '297', '329', '191', '216', '119', '403', '181', '252', '310', '12', '167']
['240', '95', '159', '175', '111', '244', '336', '246']
['337', '365', '7', '393', '334', '47', '330', '215', '125']
['10', '319', '90', '162', '197', '281', '184', '488', '36', '250', '377', '103', '428']
['153', '406', '59']
['29', '56', '102', '13', '32', '24', '25', '419', '401']
['60', '71', '381', '290', '436', '454', '320', '189', '251', '172', '227', '224']
['313', '498', '340', '445', '139', '145', '323', '82', '342']
['275', '280', '22', '413', '51', '299', '81', '108', '457', '420', '66', '382', '415', '237']
['276', '278', '115', '195', '453', '291', '6', '430', '270', '269', '207', '140']
['229', '396', '50', '146', '163', '284', '346', '75']
['98', '283', '497', '83', '434', '35', '432', '19', '222', '438', '199', '142', '112', '61', '484']
['128', '416', '370', '360', '363', '223', '206', '241', '380', '4', '73', '155']
['475', '234', '169', '89', '353', '266']
['0', '70', '464', '67', '410', '160', '154']
['114', '69', '249', '109', '317', '17', '429', '433', '490']
['421', '286', '236', '161', '217', '482', '1', '474', '168', '203']
['5', '314', '349', '344', '23', '34', '262']
['315', '361', '211', '265', '408']
['492', '117', '304', '208', '62', '374', '94', '452', '347', '272']
['309', '63', '385', '327', '126', '321', '141', '422', '186', '293', '412', '40', '196', '402', '247']
['212', '16', '213', '409', '499', '77', '177', '92', '135', '261', '209', '451', '357', '366', '232']
['124', '255', '392', '97', '144', '31', '471', '166']
['113', '9', '174', '373', '307', '372', '425', '292', '322', '64', '338', '423']
['200', '148', '480', '41', '230', '235']
['74', '121', '371', '231', '274', '107', '118', '397', '48', '201', '137', '362']
['54', '494', '384', '491', '468', '245', '248', '487', '138']
['268', '465', '418', '455', '131', '486', '460', '104', '129']
['459', '446', '182', '33', '308', '442', '39', '258', '472']
['443', '467', '404', '65', '387', '461', '325', '26', '143', '333', '328', '351', '456', '2']
['219', '149', '352', '43']
['288', '463', '306', '378', '256', '341', '134', '496', '466', '354']
['444', '388', '254', '411', '53', '79', '311']
['348', '448', '225', '326', '185', '110', '96', '476', '473']
['437', '273', '80', '49', '301', '214', '303', '93']
['345', '264', '390', '407', '176', '431', '37', '20']
['289', '106', '417', '58', '193', '343', '259', '375', '477']
