['73', '429', '368', '297', '261', '169', '406', '324', '8', '260', '402', '128', '106', '328', '369', '177', '485', '44', '379', '218', '4', '154', '296', '496', '440']
['448']
['202', '458', '121', '471', '482', '404', '57', '201', '302', '335', '7', '255']
['212', '347', '251', '116', '436', '447', '356', '334', '475', '299', '474', '478', '407']
['246', '80', '225', '415', '461', '96']
['61', '423', '105', '273', '62', '26', '50', '63', '353']
['411', '362', '227', '13', '264', '181', '49', '383', '151', '310', '450', '401', '14', '442']
['120', '350', '155', '182', '320', '16', '32', '55', '54', '38', '209', '333', '130', '9']
['434', '210', '483', '213', '99', '156', '428', '74', '314']
['167', '498']
['71', '104', '153', '135', '1', '331']
['417', '312', '163', '445']
['64', '25', '326', '390', '389', '159', '490', '239', '278', '22', '337', '375']
['262', '395', '140', '323']
['162', '199', '173', '431', '351', '346', '345', '313', '446', '238', '405', '480']
['276', '112', '144', '67', '176', '228', '31', '354', '150', '252', '51', '378', '253', '315']
['27', '449', '325', '364', '147', '361', '348', '2', '468', '143', '291', '33', '142', '196', '43', '254', '344', '234', '453', '133']
['304']
['318', '403', '117', '211', '360', '413', '174', '357', '359', '491', '466', '37', '484', '68']
['208', '21', '433', '267', '257', '266', '139', '138', '306', '230', '495', '477', '30', '111', '494', '84', '119', '489']
['460', '160', '34', '11', '94', '258', '125', '274', '381', '175', '69', '207', '394', '293', '300', '203']
['36', '60']
['372', '376', '439', '236', '206', '168', '272', '35', '232', '265', '220', '178', '290', '414', '370']
['98', '192', '214', '129', '427', '382', '24', '200', '29']
['53']
['456', '235', '384', '426', '187', '193', '123', '188', '108', '340', '82', '215']
['295', '20', '249', '420', '455', '3', '231', '237', '479', '366', '294', '308', '248', '309']
['283']
['270', '459', '424', '425', '363', '85', '332', '191', '298', '223']
['18', '367', '476', '127', '343', '242', '197', '371', '365', '48', '75', '486', '349', '279', '107', '15', '79', '240', '400', '391', '398', '52', '386', '76', '329', '126', '198']
['388', '131', '385', '184', '322', '110', '81', '321', '89', '224', '269', '46', '12']
['132', '259']
['399', '23', '90', '95', '91', '305', '93', '452', '158', '204']
['301']
['358', '216', '457', '409', '124', '19', '152', '418', '101']
['205', '469', '419', '462', '149', '148', '463', '412', '397', '87', '396', '172', '339', '141']
['113']
['145', '226', '280', '217', '183', '102', '92', '256', '103', '416', '161', '56', '342', '165']
['287']
['441', '185', '78', '70', '422']
['190', '289', '166', '497', '288', '194', '115', '319', '281', '118', '292', '373', '109']
['42', '499', '146', '465', '186', '157', '86', '380', '488', '282', '470']
['473']
['377', '41', '374', '472', '316', '244', '263', '189', '451', '493', '393', '245', '221', '387', '392', '6', '467']
['317', '330', '421', '437', '72', '271', '195', '285', '66', '286', '114', '311', '65', '180', '136', '229', '410', '137', '438', '444', '307']
['10', '45', '77', '243', '0', '170', '97', '432', '247', '352', '241', '83', '171', '250', '338', '28', '88', '5', '443', '164', '355']
['487', '40', '336', '492', '408', '222', '275', '179', '454', '233', '327', '435', '303', '17', '277', '430', '122', '284', '464']
['59', '481', '268', '100', '134', '341', '219', '58']
['39']
['47']
