['136', '227', '131', '139', '130', '397', '396', '137']
['17', '297', '41', '298', '256', '54', '296', '55', '16', '257', '255']
['51', '65', '88', '69', '64', '58', '68', '59', '60', '61']
['346', '343', '186', '347', '160', '340', '342', '165', '164']
['456', '243', '240', '363', '248', '249', '241', '457']
['421', '259', '428', '420', '265', '250', '258', '426', '429', '251']
['94', '208', '98', '99', '91', '90', '95', '28', '209']
['454', '459', '451', '465', '458', '450', '463', '455', '462', '464']
['27', '476', '417', '26', '29', '21', '20', '416', '477']
['105', '100', '109', '108', '115', '104', '101']
['75', '106', '71', '78', '79', '74', '85', '107', '70']
['154', '177', '150', '176', '155', '151', '159', '158']
['367', '362', '499', '490', '498', '491', '366', '360']
['320', '323', '321', '326', '327', '329']
['220', '229', '468', '222', '353', '226', '223', '352', '228']
['388', '392', '382', '197', '380', '389', '393', '196', '117', '383']
['495', '489', '496', '480', '201', '492', '488', '494', '481', '493']
['77', '48', '49', '76', '447', '446']
['45', '44', '331', '344', '339', '142', '338', '345', '143', '330']
['407', '232', '236', '404', '403', '406', '230', '402', '233', '237', '405']
['305', '308', '304', '309', '315', '23', '24', '300', '301', '25', '22']
['497', '440', '263', '441', '387', '449', '448', '386', '445', '444', '262']
['153', '152', '261', '260', '264', '266', '269', '268', '217']
['122', '287', '120', '111', '125', '123', '129', '128']
['39', '156', '38', '272', '135', '121', '31', '273', '427', '157']
['336', '334', '328', '62', '337', '349', '335', '348', '63']
['172', '479', '470', '474', '173', '478', '475', '471']
['96', '97', '53', '52', '57', '56', '2', '50', '72', '73']
['307', '34', '192', '35', '193', '306']
['434', '294', '291', '290', '438', '295', '430', '435', '299', '431', '439']
['185', '398', '180', '399', '390', '381', '184', '394', '395', '391']
['341', '351', '364', '365', '350', '355', '359', '354', '358']
['432', '167', '166', '146', '169', '433', '168', '442', '147', '443']
['171', '163', '161', '178', '162', '170', '175', '174', '179', '242']
['244', '67', '473', '245', '246', '239', '231', '472', '66', '238', '247']
['313', '112', '312', '116', '282', '113', '314', '110', '118', '119']
['189', '187', '408', '409', '182', '401', '188', '181', '183', '400']
['466', '374', '467', '460', '375', '376', '469', '361', '461']
['36', '33', '289', '280', '283', '288', '37', '281', '32', '30']
['195', '190', '191', '384', '204', '205', '198', '199', '194']
['114', '42', '40', '437', '47', '46', '43', '436', '292', '293']
['372', '378', '373', '303', '370', '302', '379']
['224', '211', '225', '210', '356', '82', '218', '83', '357', '219']
['275', '274', '270', '279', '284', '278', '271', '285', '286']
['12', '84', '80', '87', '86', '89', '13', '81']
['148', '124', '371', '145', '377', '385', '141', '149', '140', '144']
['19', '18', '277', '10', '276', '11', '14', '368', '369', '15']
['452', '102', '103', '453', '253', '93', '254', '92', '252']
['0', '484', '8', '1', '486', '3', '485', '9', '487']
['214', '213', '216', '422', '215', '132', '212', '423', '424', '134', '133']
['411', '418', '414', '419', '221', '235', '410', '425', '234', '415']
['332', '127', '126', '333']
['7', '138', '5', '322', '4', '318', '267', '6']
['319', '311', '317', '324', '325', '316', '310']
['413', '483', '412', '206', '482', '200', '202', '207', '203']
