['121', '82', '432', '397', '359', '36', '38', '207', '214', '227', '337', '435', '93', '5', '140', '41', '120', '244', '179', '302', '391', '452', '460', '231', '310', '235']
['132', '10', '110', '196', '292', '455', '261', '100', '246', '437', '412', '43', '84', '158', '280', '295', '333', '247', '368', '49', '136', '211', '55', '287', '188', '406']
['105', '23', '94', '370', '384', '144', '139', '419', '398', '331', '178', '354', '80', '236', '271', '138', '161', '172', '311', '328', '454', '364', '440', '448', '19', '42']
['225', '30', '206', '321', '341', '283', '275', '492', '33', '88', '123', '388', '443', '409', '22', '56', '390', '485', '143', '166', '405', '29', '65', '342', '253', '351']
['74', '73', '457', '183', '76', '423', '445', '313', '51', '175', '312', '249', '54', '199', '330', '347', '289', '13', '297', '216', '477', '25', '52', '2', '461', '494']
['383', '376', '90', '87', '66', '59', '60', '420', '242', '286', '456', '466', '186', '122', '125', '20', '78', '222', '209', '426', '250', '34', '255', '252', '27', '89']
['338', '1', '128', '171', '204', '215', '284', '401', '361', '444', '380', '382', '99', '285', '268', '309', '365', '325', '336', '389', '237', '438', '164', '113', '346', '239']
['81', '64', '373', '307', '241', '260', '323', '296', '463', '414', '394', '467', '424', '220', '314', '377', '459', '157', '213', '475', '104', '217', '148', '210', '39', '478']
['326', '47', '101', '197', '200', '417', '193', '493', '385', '7', '129', '142', '152', '212', '218', '226', '230', '243', '327', '345', '378', '433', '479', '403', '35', '69']
['156', '6', '37', '46', '63', '108', '112', '115', '126', '355', '375', '393', '248', '357', '256', '305', '303', '189', '16', '18', '28', '67', '92', '106', '124', '127']
['190', '476', '194', '499', '392', '44', '48', '374', '431', '495', '163', '224', '290', '234', '269', '399', '308', '91', '488', '281']
['137', '61', '133', '134', '135', '340', '208', '319', '267', '191', '146', '45', '353', '349', '240', '356', '301', '221', '265', '381', '451', '185', '491', '482', '151', '464']
['332', '53', '77', '114', '304', '316', '421', '358', '360', '434', '363', '291', '0', '465', '449', '223', '187', '369', '329', '4', '469', '21', '245', '68', '201', '229']
['294', '3', '17', '176', '282', '352', '402', '192', '238', '318', '202', '160', '251', '350', '425', '427', '119', '415', '450', '266', '407', '167', '366', '322']
['228', '71', '386', '484', '277', '411', '12', '72', '274', '473', '272', '173', '490', '489', '458', '97', '162', '442', '75', '453', '117', '203', '198', '379', '481', '85']
['418', '8', '14', '26', '70', '111', '118', '141', '270', '299', '387', '410', '413', '474', '468', '150', '40', '58', '109', '306', '159', '232', '430', '24', '103', '288']
['324', '62', '102', '131', '169', '233', '262', '273', '298', '483', '472', '372', '147', '116', '497', '219', '315', '428', '496', '486', '436', '145', '396', '83', '480', '174']
['344', '153', '155', '184', '195', '263', '276', '293', '362', '429', '11', '278', '50', '149', '470', '79', '107', '177', '257', '258', '264', '441', '446', '487', '471', '343']
['334', '86', '400', '57', '15', '154', '205', '98', '96', '259', '439', '404', '170', '367', '335']
['9', '32', '300', '279', '422', '408', '31', '168', '181', '254', '317', '348', '320', '95', '371', '498', '130', '165', '180', '339', '395', '416', '447', '182', '462']
