['AMT', 'AJU', 'AMY', 'AMK', 'AMF', 'ANR', 'AMI', 'AMX', 'AMR', 'ALV', 'ALW', 'AJS', 'ALA', 'AMB', 'ANN', 'AOF', 'AJE', 'AOI', 'ALZ']
['APU', 'APB', 'AQG', 'AQL', 'AOQ', 'APS', 'APG', 'APQ', 'AOW', 'APK', 'AOP', 'APZ', 'APH', 'APY', 'AQM', 'AQF', 'APN', 'AQB', 'APM']
['ADS', 'AEV', 'AEC', 'ADN', 'AFD', 'AEB', 'ADQ', 'AFF', 'ADL', 'ADX', 'AEM', 'ADR', 'AFK', 'AEE', 'ADV', 'AFI', 'AFN', 'AEH', 'AEO']
['AHV', 'AAN', 'AGE', 'AAC', 'AGD', 'ACH', 'AIV', 'AAP', 'AHN', 'AHA', 'AHE', 'AGC', 'AAS', 'AIT', 'AGP', 'AAQ', 'AIN', 'AIO', 'AIC']
['ABP', 'AKT', 'AOB', 'ADU', 'AAL', 'AJH', 'ANY', 'AJC', 'AKA', 'AMN', 'AJX', 'AKV', 'AAH', 'AAB', 'ANO', 'ALC', 'AEK', 'AOJ']
['AJY', 'AMC', 'AMJ', 'AND', 'AJM', 'ALE', 'AKJ', 'AJV', 'AJR', 'AMP', 'AKY', 'AOM', 'AJO', 'ANX', 'AOC', 'AJL', 'ALB', 'ANP', 'AKQ']
['AJG', 'AKG', 'AIZ', 'AKD', 'AOL', 'AME', 'AJD', 'AKO', 'AKI', 'AKU', 'AOE', 'AMO', 'ALG', 'ALH', 'AMW', 'AKP', 'AKW', 'ALT', 'ANG']
['ALK', 'ALI', 'ANW', 'AKS', 'AKM', 'ANJ', 'AMU', 'AML', 'AKK', 'ANS', 'ANM', 'ANB', 'ANV', 'AKZ', 'AJF', 'ALF', 'AKC', 'AMV', 'AAF']
['APV', 'APL', 'AAI', 'AQO', 'AAM', 'APO', 'APR', 'AAO', 'API', 'AQJ', 'AOO', 'AQA', 'APA', 'APP', 'APT', 'AAJ', 'APE', 'AOR', 'AOU']
['AGI', 'AGB', 'AHM', 'AHB', 'AHX', 'AFS', 'AIY', 'AHJ', 'AFX', 'AGM', 'AGL', 'AGR', 'AIA', 'AHY', 'AIS', 'AGZ', 'AII', 'AIM', 'AHI']
['ADH', 'ADA', 'ACI', 'ACR', 'ACJ', 'ACD', 'ADK', 'ADB', 'ACM', 'ACE', 'ACQ', 'ACU', 'ACY', 'ACT', 'ACO', 'ACL', 'ACX', 'ADF', 'ACF']
['AEP', 'AEJ', 'AEI', 'AER', 'AEY', 'AEX', 'AEG', 'AFB', 'AEF', 'AFM', 'ADW', 'ADO', 'ADP', 'AFC', 'AFG', 'AFL', 'AEU', 'AFE', 'AED']
['AEW', 'ADZ', 'AEL', 'AES', 'AEZ', 'ADM', 'AET', 'AFA', 'AAT', 'AAR', 'AEA', 'AQI', 'ADY', 'AAA', 'AFJ', 'AEN', 'ADT', 'AFH', 'AEQ']
['AQC', 'AOV', 'APC', 'AOY', 'AQN', 'APX', 'AQE', 'APJ', 'AOZ', 'APD', 'AQH', 'AQD', 'AON', 'APF', 'AQK', 'AOS', 'AOT', 'APW', 'AOX']
['AIE', 'AHT', 'AGA', 'AGK', 'AFO', 'AFP', 'AHP', 'AHU', 'AGW', 'AHW', 'AIU', 'AGH', 'AHC', 'AGG', 'AIR', 'AIL', 'AHH', 'AHZ', 'AGX']
['ABS', 'ABK', 'ACB', 'ABJ', 'ABX', 'ABE', 'ABW', 'ABZ', 'ABO', 'ABN', 'ABL', 'ADE', 'ABV', 'ABU', 'ABQ', 'AAK', 'ABI', 'ACC']
['AKL', 'ANL', 'AOD', 'ALO', 'ANQ', 'AKX', 'AJB', 'AMA', 'AJP', 'AJJ', 'ANF', 'ALP', 'AMS', 'ALS', 'ANI', 'ALM', 'AJN', 'AJK', 'ALN']
['ALL', 'AMQ', 'ANK', 'ALX', 'ALY', 'ANT', 'ALD', 'ANC', 'ALQ', 'AMD', 'AMH', 'AKB', 'ANU', 'AMZ', 'AJZ', 'AOA', 'ALJ', 'AOH', 'ALU']
['AJW', 'AOK', 'AKH', 'AJI', 'AJT', 'AJQ', 'ANH', 'AKE', 'AKN', 'AJA', 'ALR', 'ANA', 'AMG', 'ANZ', 'AKF', 'AMM', 'ANE', 'AOG', 'AKR']
['AIB', 'AFV', 'AGJ', 'AHD', 'AHG', 'AIK', 'AGU', 'AHO', 'AFQ', 'AFZ', 'AHL', 'AIF', 'AHS', 'AID', 'AHQ', 'AGF', 'AHR', 'AFT', 'AHK']
['ACS', 'ACN', 'ADD', 'ACK', 'ADC', 'ACG', 'ACW', 'ADI', 'AAU', 'AAW', 'ACV', 'AAY', 'ACP', 'ABA', 'ADG', 'ADJ', 'ACZ']
['AGO', 'AIH', 'AIX', 'AFU', 'AIP', 'AFR', 'AIJ', 'AIQ', 'AFY', 'AGY', 'AGT', 'AIW', 'AGS', 'AGN', 'AFW', 'AIG', 'AGV', 'AHF', 'AGQ']
['ABM', 'ABF', 'AAD', 'AAX', 'AAZ', 'ABD', 'AAG', 'ABT', 'ABR', 'AAE', 'ABG', 'ABH', 'ACA', 'AAV', 'ABC', 'ABY', 'ABB']
