['140', '128', '139', '141', '26', '30']
['87', '86', '203', '88', '162', '161']
['244', '93', '52', '230', '47', '145']
['119', '108', '200', '109', '25', '133']
['40', '28', '12', '41', '137', '136']
['37', '36', '153', '38', '34', '27']
['187', '58', '186', '188', '44', '48']
['76', '78', '80', '77', '82', '81']
['206', '201', '209', '23', '217', '197']
['67', '243', '156', '147', '46', '167']
['132', '126', '234', '225', '134', '135']
['165', '164', '166', '238', '236']
['122', '222', '168', '237', '123', '158']
['39', '11', '13', '72', '6', '146']
['171', '227', '226', '202', '193', '149']
['175', '229', '120', '228', '32', '104']
['196', '22', '239', '240', '241', '150']
['190', '178', '189', '191', '172', '223']
['129', '130', '183', '33', '124', '127']
['54', '53', '55', '116', '114', '115']
['211', '210', '213', '212', '49', '199']
['182', '176', '184', '185', '56', '51']
['214', '215', '216', '219', '110', '235']
['221', '232', '117', '195', '125']
['68', '112', '111', '113', '205', '204']
['0', '246', '42', '18']
['83', '84', '224', '35', '21']
['148', '220', '96', '142']
['100', '106', '62', '61', '63', '8']
['71', '29', '208']
['170', '180', '179', '154', '45']
['101', '103', '105', '102', '107', '5']
['74', '143', '94']
['73', '245', '163', '31']
['177', '79', '192', '2']
['198', '70', '144', '97']
['95', '57', '59', '60', '17']
['65', '64', '66', '249', '155', '131']
['207', '152']
['99', '43', '233', '174']
['173', '138', '50']
['10', '7', '9', '20', '181', '98']
['85', '69']
['89', '90', '91', '231', '75']
['24', '242', '218']
['157', '151', '159', '160', '248', '19']
['3', '1', '15', '16', '14', '4']
['194', '92']
['118', '121']
['169', '247']
