['AXIHL', 'ZZKGQ', 'PCOTH', 'NTGQJ', 'JJDHO', 'IVYZR', 'LGPGN', 'BNPMH', 'LQJNK', 'MLWLT', 'JCWPV', 'GJYBX', 'WZJYQ', 'EGYBS']
['DFNDO', 'ILRGH', 'IAASE', 'KEPXD', 'GRUYQ', 'PREHL', 'YIQHC', 'CCHLM', 'ENHUS', 'KEDYT', 'QJRDV', 'ZOVBE', 'FWKYL', 'WEDAM', 'JTKTH']
['UZTYA', 'KBDMG', 'GJCQK', 'FSIEJ', 'GFWZF', 'OVNTP', 'VLXZD', 'LEYDX', 'YSBTR', 'RWOPE', 'VWLQP']
['FQYNK', 'LFYYV', 'EXERI', 'NPJSC', 'AEXQY', 'ZCMCP', 'SDCRN', 'EBQJA', 'BHECC', 'WWCYP', 'OBCSZ', 'RDCHE', 'HOCJP', 'SURGB', 'FIIIX', 'VISUM', 'SMDTK', 'FLAIE']
['PARXO', 'MQWLN', 'SAOVB', 'WEYKU', 'RUSXV', 'RRDGL', 'YQBLY', 'XQQNM', 'QJUJE', 'DBXJE', 'HZGVK', 'RMNKI', 'DAPHY', 'YYNPW', 'CASYZ', 'FWTXB', 'GPKTZ', 'NHZCJ', 'HKBNA', 'LYFLA', 'ELRTK', 'CYMCE', 'OJTYX', 'JGGQM']
['TARGC', 'SWZLI', 'FESAS', 'EXSFL', 'JCAYK', 'RAAAY', 'PDSZU', 'IOHXF', 'LCYZY', 'CRKWH', 'MCVPN', 'TMCLZ', 'IUTYE', 'KSGPB', 'BBIGY', 'BSOUP', 'DNOMK', 'IPLJJ', 'SPSXT', 'DREMQ', 'UNSUE', 'YRTTG']
['PHXOS', 'KFWQL', 'VZNGS', 'CZNRV', 'JLTJR', 'PQEKQ', 'CSILO', 'ZYEMW', 'FCFIW', 'WTMZW', 'HGAWC', 'YKOFS']
['GAUGX', 'IPMBX', 'FIUZZ', 'RLKNU', 'DWCIC', 'RRFYM', 'UOYAH', 'DZGQX', 'CALHI', 'XOUQG', 'XLWDU', 'HXGTU', 'SLYUO']
['UDFVU', 'PEIBF', 'PUFAY', 'HAYKV', 'WNGHY', 'DYIYS', 'MSZXR', 'WLODL', 'TYYLF', 'QBGLN', 'GDZSX', 'DPJHM', 'PPBBM', 'TEYRZ', 'ABAQL', 'SSWHW', 'CYRFR']
['WHBFR', 'VFWVV', 'CYVWU', 'RMHZI', 'XQUPB', 'LCGFN', 'QQCGU', 'NCWPX', 'QSIZR', 'JFKWJ', 'QSAIM', 'AUIRW', 'IHIWD', 'RCWOS', 'VSARS', 'ZMCMD', 'FXFHY', 'LYSRO']
['CWKNX', 'EAHZI', 'KDMQW', 'JMPSL', 'GKLKQ', 'NLPHM', 'POYSB', 'XOUQM', 'JRNKY', 'BXGFY', 'ZPWCF', 'VCMUY', 'VKHOX', 'METWY', 'VBXTL', 'PPAYR', 'LHFOM', 'IEEVC', 'BKFQR']
['HIBFR', 'NMUXG', 'YMAKV', 'FHCPP', 'WTAGZ', 'GKYTD', 'JDDRN', 'UDEWT', 'VQTXV', 'ZRLGV', 'YVULZ', 'FYSSP', 'SYRST', 'WGNBW', 'RNMID', 'MIMWO', 'DQJYE', 'JFOPY', 'OYLVF', 'BREAU', 'QMBKL', 'VLACB', 'KCPYN']
['DBPXU', 'NRRFB', 'NMWYK', 'ABQJV', 'SCMKV', 'DOYMU', 'VNNEP', 'PDNXQ', 'DWGDE', 'JEHBC', 'VFXSF', 'JWNLZ', 'SEJRA', 'CSGGY', 'ENWEC', 'BWKXY', 'EHCWU', 'KXFFP', 'HAPCQ', 'PPGSA', 'LMDUZ', 'EFPNV', 'NCXIY', 'NNLIE', 'YHWVK']
['GPHCZ', 'KGDBH', 'XTFTT', 'NKEPZ', 'VUZHE', 'XGXRC', 'LRCXZ', 'PADSR', 'YPRRC', 'FYAYI', 'FSYHN', 'EYYNC', 'QXETJ', 'GPAYG', 'QZGLO', 'XYVAU', 'VGWZF', 'BBDFQ']
['UEFBC', 'JXKSJ', 'OYGNB', 'GZWND', 'JPLIB', 'MRNHH', 'ERXLL', 'GNDQJ', 'HVAAR', 'VQUBW']
['UMQRP', 'XHKTV', 'FMFZO', 'KZBFF', 'GWEZA', 'MBBZL', 'GBEQY', 'FIPGX', 'XYABI', 'CRSZF', 'DDGZR', 'QHQUF']
['SPROB', 'YPSZJ', 'XQYCU', 'TQUPW', 'CZQAC', 'TPIXY', 'JECON', 'ZMWJB', 'AZDHE', 'UTYHJ', 'KEUTQ', 'TLAOJ']
['RQZDB', 'OPZLD', 'NLQQX', 'VNIQM', 'REVQE', 'QFSQF', 'JGIMA', 'ZUYFN', 'TJTMV', 'BXGAG', 'ELBRQ', 'QFZCO', 'VYUHL', 'FKSNY', 'BFHEV', 'CHCYT', 'GRIBM', 'GKOUL', 'QLDQR', 'KQZVU', 'XZTVE', 'QYCKH', 'SEUJM']
['VMRKJ', 'JMNIF', 'VVMSW', 'UHIOD', 'WAZOJ', 'SLHLJ', 'PBAWW', 'CTLHM', 'NCCJD', 'ASGXO', 'JAGAT', 'RFDDK', 'JCTBB', 'PQYKQ', 'PUWYW', 'UHFXM', 'ZNTDR', 'XVOGO']
['JPWDA', 'VSEBO', 'IYGUJ', 'PKUWP', 'VGTYI', 'OENOT', 'FIBZD', 'BCKDA', 'LPRGT', 'IBFSE', 'UMQSO', 'XDBSH', 'IDOHH', 'XBVDI', 'LMZAF', 'SEVGN', 'BVKPC', 'KTXRI', 'ALNHK', 'VKBEF']
['GAQXI', 'MQEVZ', 'LESUW', 'RVMXY', 'IYMNE', 'HKSDK', 'RKMOC', 'FMMZU', 'HAKPT', 'LJQBN', 'AAEBS', 'PSMNV', 'WMAOH', 'AQEWE', 'REFDA', 'STJMV', 'ZNEQL']
['YVMFJ', 'SUNJN', 'BHFJC', 'FRHWO', 'MMHOG', 'PRFNT', 'PAVOS', 'SHEUT', 'KIEKF', 'NHBOU', 'XGCQB', 'PBEOM', 'QUGAX']
['AEHLI', 'QBYJR', 'TPIHD', 'UTQPU', 'ZSYGC', 'KCWNV', 'UYUIP', 'QACAX', 'HDFES', 'TLKIE', 'XPMAC', 'FFZNI', 'OEEYW', 'ZLMYN', 'AXICB']
['IXEZM', 'VZFUK', 'NZQKM', 'YTVYR', 'KRMMY', 'VHWPC', 'LBYAL', 'POXWS', 'UPNVV', 'SIWEE', 'RSYQC', 'NLQWV', 'RZJZX', 'NSSHB', 'DRVVY']
['RISKG', 'WFPUN', 'STZIM', 'CWZDH', 'SSZXS', 'NKLCQ', 'VXNNV', 'AIWJE', 'TIZZI', 'FPFHY', 'JGBOH', 'QMJUD', 'LQGAI', 'TKEWX', 'DFZLH', 'BOOKC', 'VUPAV', 'FKMPO', 'TWVAR', 'BMNGE', 'NZQNY', 'UQJJY', 'ZRFKN', 'GUGKR']
['GUJWW', 'NGBWQ', 'ZOHDS', 'NEQMO', 'RSFHX', 'EIREK', 'RWIWJ', 'GUJWH', 'NZAXS', 'BEFRL', 'VUTIQ', 'GXAOE', 'TJLUN', 'UXUZX', 'MTXFY', 'PKECO', 'CXMEP', 'SUEUT']
['XMJJP', 'FRVNO', 'AALPZ', 'WNDOP', 'ZKMSA', 'OXZCV', 'IQLHD', 'LVMLT', 'TJFHX', 'DTPHQ', 'MUUIL', 'SOVUQ', 'MCXWP', 'HUNXU', 'XIGOI', 'ROVKN', 'AHXXM', 'QVEIA', 'USRDK', 'FBZDZ', 'TDICM', 'OZSQX']
['BCTKV', 'DJQYY', 'EFRTR', 'QNXTS', 'YTXXV', 'KDZDK', 'URMYA', 'XADCG', 'WNBOI', 'SACPU', 'ADKIG', 'EWIJA', 'EPEAQ', 'JLETC', 'ZXEUD', 'EIALG', 'DOXUP', 'XMZUX', 'OMNEY', 'GKPPL', 'PUJOM', 'DUQLN', 'YTTKI', 'OHEWR']
