['374', '225', '226', '227', '228', '229', '230', '231', '232', '234', '235', '236', '237', '238', '239', '240', '241', '242', '243', '244', '245', '246', '247', '248', '249', '250', '251', '252', '253', '254', '255', '256', '257', '258', '259', '260', '261', '262', '264', '265', '266', '268', '269', '270', '271', '272', '273', '274', '275', '276', '277', '278', '279', '280', '281', '282', '283', '285', '286', '287', '289', '290', '291', '292', '293', '294', '295', '296', '297', '298', '299', '300', '301', '302', '303', '304', '305', '306', '307', '308', '309', '310', '311', '312', '313', '314', '315', '316', '317', '318', '319', '320', '321', '323', '324', '369', '326', '327', '328', '329', '330', '331', '332', '333', '334', '335']
['153', '2', '3', '4', '5', '6', '8', '9', '10', '11', '12', '13', '14', '15', '16', '18', '19', '20', '22', '23', '24', '26', '27', '28', '29', '30', '32', '33', '34', '35', '36', '216', '38', '39', '40', '41', '43', '44', '46', '47', '48', '49', '51', '52', '55', '57', '58', '59', '60', '61', '62', '63', '65', '66', '67', '68', '69', '70', '71', '72', '73', '74', '75', '76', '77', '78', '79', '80', '81', '82', '83', '85', '86', '87', '88', '89', '90', '91', '93', '94', '95', '96', '97', '98', '99', '101', '102', '103', '105', '106', '107', '109', '111', '112']
['389', '263']
['115', '42']
['431']
['422', '288']
['177']
['364']
['179']
['375']
['428']
['143', '17']
['189']
['191', '21']
['399']
['182']
['118']
['421']
['211']
['160']
['183', '110']
['149']
['128']
['426']
['395']
['392']
['408']
['388', '322']
['209']
['144', '31']
['213']
['117']
['430']
['361']
['133']
['156']
['411', '233']
['386']
['150']
['219']
['139', '53']
['409']
['155']
['384']
['166']
['418']
['401']
['443']
['161', '104']
['145']
['351']
['174']
['406']
['336']
['437']
['349']
['200']
['165']
['224']
['339']
['195']
['170']
['360']
['436']
['373']
['175']
['121']
['398']
['378']
['203']
['123']
['446']
['142']
['188']
['359']
['140']
['178']
['348']
['206']
['220']
['138']
['221']
['137']
['134']
['396']
['132']
['136']
['113']
['210']
['425']
['358']
['194']
['205']
['223']
['342']
['181']
['208']
['435']
['154', '100']
['400']
['180']
['376']
['434']
['367']
['129']
['185']
['363']
['442']
['201']
['368']
['212']
['371']
['380']
['130', '84']
['343']
['438']
['424']
['167']
['419']
['357']
['390']
['214']
['217']
['412']
['433', '284']
['116', '50']
['356']
['354']
['146']
['394']
['196']
['131', '7']
['193']
['346']
['159']
['184']
['427']
['173']
['350']
['416']
['414']
['135']
['429']
['215']
['338']
['325']
['125']
['444']
['366']
['445']
['372']
['407']
['387']
['151']
['1']
['379']
['147', '56']
['441']
['410']
['207']
['404']
['381']
['172']
['423']
['344']
['402']
['127']
['114', '108', '64']
['164']
['432']
['413']
['120']
['377']
['122']
['119']
['168']
['370']
['383', '267']
['37']
['199']
['397']
['190']
['362']
['124']
['352']
['162']
['365']
['341']
['337']
['187']
['222']
['439']
['169']
['197']
['417']
['393']
['148']
['163', '25', '92']
['355']
['218']
['141']
['403']
['405']
['415']
['385']
['202']
['198']
['152']
['126']
['192']
['157']
['420']
['186', '45']
['204']
['176', '54']
['347']
['382']
['440']
['345']
['353']
['171']
['158']
['340']
['391']
