['57', '486', '350', '401', '497', '179']
['340', '49', '185', '188', '305', '353']
['428', '90', '441', '324', '385', '19']
['387', '435', '417', '192', '319', '304']
['396', '346', '494', '123', '207', '46']
['373', '17', '226', '432', '299', '125']
['363', '196', '219', '295', '198', '223']
['344']
['47', '2', '470', '33', '199', '334']
['50', '267', '62', '422', '146', '95']
['139', '79', '326', '361', '388', '40']
['312', '266', '53', '369', '411', '8']
['220', '69', '303', '352', '325', '459']
['165', '134', '492', '475', '284', '391']
['242', '26', '213', '258', '117', '140']
['158']
['103', '167', '37', '410', '407', '270']
['405', '355', '240', '291', '84', '333']
['137', '74', '51', '29', '256', '9']
['404', '200', '64', '342', '378']
['89', '111', '113', '278', '52', '433']
['238', '276', '231', '161', '36', '172']
['421', '128', '374', '142', '86', '274']
['194', '464', '384', '338']
['452', '195', '164', '442', '371', '285']
['472', '163', '408', '450', '77', '112']
['268', '383', '6', '109', '143', '218']
['221', '234', '78', '87', '455']
['349', '186', '253', '175', '144', '43']
['296', '390', '493', '397', '145', '224']
['314', '212', '348', '263', '341', '316']
['236', '0']
['44', '99', '25', '478', '155', '282']
['114', '376', '216', '251', '20', '96']
['124', '447', '178', '462', '209', '477']
['487', '80']
['184', '252', '277', '122', '13', '193']
['169', '58', '418', '451', '127', '260']
['386', '243', '76', '429', '367', '332']
['430']
['68', '159', '474', '395', '336', '206']
['48', '4', '283', '147', '28', '202']
['32', '399', '255', '269', '35', '54']
['138']
['457', '366', '427', '279', '393', '382']
['170', '55', '191', '118', '275', '110']
['217', '149', '261', '292', '443', '440']
['480']
['235', '310', '177', '420', '190', '225']
['362', '63', '250', '286', '135', '413']
['174', '438', '67', '27', '368', '105']
['423']
['150', '239', '496', '489', '108', '208']
['446', '98', '88', '485', '357', '482']
['166', '436', '394', '152', '16', '61']
['379']
['119', '93', '81', '490', '426', '495']
['39', '415', '307', '160', '380', '60']
['141', '129', '358', '104', '359', '233']
['289']
['75', '154', '315', '424', '241', '280']
['171', '273', '439', '59', '133', '416']
['306', '425', '65', '115', '479', '211']
['30']
['11', '419', '92', '41', '262', '456']
['15', '237', '42', '3', '297', '72']
['246', '360', '300', '488', '311', '1']
['232']
['94', '481', '271', '453', '264', '431']
['187', '330', '156', '356', '365', '131']
['120', '400', '403', '449', '182', '21']
['364']
['183', '402', '389', '288', '468', '173']
['467', '375', '412', '101', '102', '317']
['473', '130', '100', '343', '329', '272']
['148']
['106', '372', '230', '320', '12', '214']
['10', '5', '204', '318', '370', '476']
['381', '398', '210', '294', '97', '222']
['38']
['66', '471', '323', '499', '298', '484']
['322', '339', '309', '345', '162', '257']
['321', '335', '460', '466', '491', '498']
['181']
['248', '347', '136', '23', '45', '463']
['176', '301', '254', '85', '157', '18']
['245', '126', '406', '448', '201', '14']
['7']
['180', '327', '73', '244', '409', '229']
['414', '31', '337', '24', '454', '83']
['313', '34', '465', '290', '461', '56']
['265']
['308', '247', '70', '107', '377', '228']
['444', '205', '203', '302', '351', '91']
['331', '328', '445', '392', '153', '151']
['437']
['469', '121', '22', '116', '132', '189']
['281', '354', '227', '168']
['197', '249', '293', '434', '71', '458']
['82', '287', '259', '215', '483']
