['8', '78', '106', '150', '109', '283', '288', '24', '176']
['158']
['181', '40', '161', '251', '175', '65', '155', '9', '313']
['294', '49', '301', '68', '216', '240', '214', '169', '228']
['3']
['107', '128', '153', '253', '57', '319', '38', '142', '180']
['115']
['195']
['55', '325', '317', '212', '287', '45', '278', '27', '72']
['10', '237', '20', '25', '226', '289', '197', '99', '310']
['83', '315', '111', '312', '125', '64', '70', '255', '46']
['238']
['299', '324', '77', '290', '13', '274', '11', '321', '190']
['285', '177', '171', '223', '242', '60', '74', '112']
['261', '260', '123', '191', '298', '316', '0', '277', '75']
['224', '269', '43', '113', '230', '61', '44', '63', '160']
['148', '249', '327', '129', '276', '104', '297', '193', '103']
['52', '174', '122', '79', '2', '118', '219', '1', '275']
['18']
['12', '124', '320', '93', '248', '189', '225', '271', '32']
['168']
['220', '144', '232', '209', '259', '5', '119', '47', '100']
['250', '222']
['147', '73', '231', '182', '246', '80', '304', '159', '116']
['185', '243', '139', '151', '19', '36', '94', '268', '213']
['167']
['34']
['279']
['263', '265', '42', '88', '236', '130', '307', '96', '282']
['53']
['39']
['16', '26', '121', '71', '66', '132', '306', '135', '186']
['244']
['54']
['245']
['291', '149', '192', '35', '87', '117', '102', '67', '131']
['207']
['173', '114', '284', '267', '203', '62', '178', '205', '179']
['14', '156', '157', '95', '199', '305', '308', '82', '270']
['6', '257', '76', '136', '56', '152', '86', '200', '108']
['127', '51', '262', '187', '201', '264', '165', '234']
['302']
['28']
['59', '326', '143', '202', '166', '293', '146', '164', '31']
['252']
['233', '50', '235', '29', '141', '140', '211', '90', '280']
['241', '172', '33', '281', '229', '4', '196', '97', '134']
['15', '81', '126', '91', '7', '311', '314', '218', '247']
['323', '188', '92', '286', '110', '89', '258', '273', '105']
['198']
['23']
['48', '163', '69', '137', '162', '170', '98', '239', '221']
['215', '120', '30', '254', '295', '318', '85', '17', '145']
['22', '37', '256', '138', '204', '206', '154', '266', '296']
['21']
['322', '208', '183', '292', '303', '58', '300', '194', '133']
['217']
['227']
['184', '210', '309', '41', '84', '272', '101']
