['257', '250', '251', '253', '254', '255', '256', '258', '259']
['290', '291', '292', '293', '294', '295', '296', '298', '299']
['120', '0', '10', '20', '30', '40', '50', '60', '70', '80', '90', '100', '110', '121', '122', '123', '124', '125', '126', '127', '129', '130', '140', '150', '160', '170', '180', '190', '200', '210', '220', '230', '240', '260', '270', '280', '300', '310', '320', '330', '340', '350', '360', '370', '380', '390', '400', '410', '420', '430', '440', '450', '460', '470', '480', '490']
['38', '31', '32', '33', '34', '35', '36', '37', '39', '297']
['135', '131', '132', '133', '134', '136', '137', '138', '139']
['158', '151', '152', '153', '154', '155', '156', '157', '159']
['5', '1', '2', '3', '4', '6', '7', '8', '9']
['243', '241', '242', '244', '245', '246', '247', '248', '249']
['457', '451', '452', '453', '454', '455', '456', '458', '459']
['46', '41', '42', '43', '44', '45', '47', '48', '49']
['94', '91', '92', '93', '95', '96', '97', '98', '99']
['379', '371', '372', '373', '374', '375', '376', '377', '378']
['412', '411', '413', '414', '415', '416', '417', '418', '419']
['264', '261', '262', '263', '265', '266', '267', '268', '269']
['499', '491', '492', '493', '494', '495', '496', '497', '498', '128']
['272', '271', '273', '274', '275', '277', '278', '279', '13']
['428', '421', '422', '423', '424', '425', '426', '427', '429']
['57', '51', '52', '53', '54', '55', '56', '58', '59']
['64', '61', '62', '63', '65', '66', '67', '68', '69']
['101', '102', '103', '104', '105', '106', '107', '108', '109']
['442', '441', '443', '444', '445', '446', '447', '448', '449']
['75', '71', '72', '73', '74', '76', '77', '78', '79']
['26', '21', '22', '23', '24', '25', '27', '28', '29']
['173', '171', '172', '174', '175', '176', '177', '178', '179']
['205', '201', '202', '203', '204', '206', '207', '208', '209']
['385', '381', '382', '383', '384', '386', '387', '388', '389']
['114', '111', '112', '113', '115', '116', '117', '118', '119']
['226', '221', '222', '223', '224', '225', '227', '228', '229']
['407', '401', '402', '403', '404', '405', '406', '408', '409']
['349', '341', '342', '343', '344', '345', '346', '347', '348']
['321', '323', '324', '325', '326', '328', '329']
['312', '311', '313', '314', '315', '316', '317', '318', '319']
['287', '281', '282', '283', '284', '285', '286', '288', '289']
['164', '161', '162', '163', '165', '166', '167', '168', '169']
['182', '181', '183', '184', '185', '186', '187', '188', '189']
['489', '481', '482', '483', '484', '485', '487', '488']
['396', '391', '392', '393', '394', '395', '398', '399', '252']
['468', '461', '462', '463', '464', '465', '466', '467', '469']
['83', '81', '82', '84', '85', '86', '87', '88', '89']
['141', '142', '143', '144', '145', '146', '147', '148', '149', '276']
['304', '301', '302', '303', '305', '306', '307', '308', '309', '479']
['471', '472', '473', '474', '475', '476', '477', '478']
['237', '231', '232', '233', '234', '235', '236', '238', '239']
['19', '11', '12', '14', '15', '16', '17', '18']
['194', '191', '192', '193', '195', '196', '197', '198', '199', '322']
['335', '331', '332', '333', '334', '336', '337', '338', '339']
['218', '211', '212', '213', '214', '215', '216', '217', '219']
['369', '361', '362', '363', '364', '365', '366', '367', '368', '397']
['433', '431', '432', '434', '435', '436', '437', '438', '439', '486']
['353', '351', '352', '354', '355', '356', '357', '358', '359']
['327']
