['148', '150', '139', '141', '143', '152']
['257', '255', '116', '261', '259', '114', '112', '253']
['246', '220', '222', '248', '224', '244', '250', '252', '101']
['68', '75', '64', '66', '72', '81', '70', '73', '79', '77']
['9', '2', '53', '5', '49', '1', '3', '51', '7']
['95', '99', '97', '221', '91', '219', '217', '223', '225', '93']
['236', '229', '231', '111', '109', '115', '113', '117', '233']
['213', '156', '154', '215', '211', '160', '158', '162']
['106', '240', '102', '108', '242', '100', '238', '104']
['133', '258', '20', '135', '131', '256', '127', '129', '260']
['107', '105', '39', '43', '103', '37', '173', '45', '41']
['269', '13', '132', '130', '17', '134', '267', '265', '15', '56']
['59', '61', '57', '119', '29', '55', '245', '63']
['120', '85', '122', '118', '87', '126', '124', '89']
['155', '138', '140', '144', '142', '170', '168', '166', '136']
['239', '38', '235', '94', '237', '96', '241', '243', '98']
['203', '205', '199', '28', '201', '30', '32', '207', '36', '34']
['174', '180', '172', '52', '176', '54', '178', '46', '50', '48']
['90', '163', '84', '171', '167', '169', '165', '82', '86', '88']
['157', '159', '161', '266', '264', '262', '191', '270', '268']
['182', '12', '71', '16', '14', '67', '18', '10', '69']
['183', '193', '218', '197', '181', '187', '195', '185', '189']
['121', '177', '47', '123', '125', '179', '128', '74', '175']
['92', '22', '145', '149', '209', '26', '147', '24', '151', '153']
['60', '192', '196', '58', '62', '146', '194', '110', '198', '190']
['83', '204', '31', '227', '263', '202', '206', '33', '35']
['216', '40', '212', '42', '200', '214', '208', '44', '210']
['186', '65', '80', '8', '184', '6', '78', '4', '76', '188']
['254', '247', '21', '27', '11', '25', '249', '23', '19', '251']
['230', '228', '164', '137', '234', '226', '232']
