['TFEWH', 'QGGOH', 'RJIED', 'MWVBQ', 'ALXRH']
['PLFWC', 'TFGVT', 'MEKWP', 'NSDMC', 'YQSUZ']
['CBJEL', 'HFDOF', 'ZHVLK', 'QGXZJ', 'CIPCP']
['QVNNO', 'BJTHH', 'FXUHH', 'SEYUH', 'JMYIA']
['OXRDD', 'DKHZJ', 'LPHWP', 'ECNTU', 'OMYLR']
['BEIFF', 'IKHTD', 'AXQPJ', 'PXCKJ', 'XAOMD']
['CSQHY', 'SZXFW', 'WJAIQ', 'UZKCN', 'SRUUN']
['XEEVL', 'WGGGP', 'HCVBR', 'BVCTY', 'CPJBS']
['QAOAR', 'AILUZ', 'ABYHN', 'ZEPYJ', 'HKVZW']
['OQSOU', 'BNJLP', 'PTRTD', 'ETYTK', 'FXFUX']
['IXMQO', 'VPSEI', 'BGOJW', 'CFMPM', 'FSTKF']
['FEUEQ', 'ZNMAJ', 'THQAC', 'UCQZE', 'IGUWL']
['PQDFC', 'UBCVC', 'CKFJL', 'DKSJV', 'TYMOI']
['NUSHB', 'GUDYJ', 'TBPZM', 'KDZKT', 'XWMKT']
['SVMGK', 'WPGRW', 'OENWP', 'ZIJNW', 'ZJNIT']
['QIZOX', 'KCHSD', 'XCTJB', 'VQAKV', 'LIGPC']
['JOZYK', 'SIGOM', 'DLKKW', 'CPTCX', 'JHGWB']
['DVLFX', 'BBVXC', 'DFBMK', 'XUYPR', 'FZQXE']
['TAHXC', 'CQBIT', 'GEQFC', 'VVCGQ', 'QCHPG']
['SGTRH', 'LCHJI', 'HXXMK', 'RQZPM', 'PSZDK']
['VNVFZ', 'PABIC', 'BTWAZ', 'SAVNS', 'MRXML']
['EYFRR', 'ENWEP', 'DFVZW', 'HSIWG', 'QQXNO']
['MYAVD', 'MXBHP', 'NSAJQ', 'DUAEB', 'KYKCO']
['UGVLA', 'QGRPC', 'QECFT', 'KXUES', 'NWAHL']
['YORBA', 'HNKDE', 'XIDUV', 'MIKDS', 'WWYEF']
['TTIDN', 'FZBVB', 'DBIOJ', 'GOXXP', 'LVBGW']
['AWUBI', 'BPLLS', 'ALMIE', 'UQKOV', 'GCQTP']
['JAFZN', 'DCJPL', 'QQUYY', 'WDGCR', 'EFKRH']
['VIPLF', 'VXLZU', 'GICKM', 'EAITX', 'WJIWZ']
['UHYVL', 'APXMD', 'WSVIR', 'OKPQW', 'OAGEZ']
['EADHZ', 'NSTKH', 'GWJWE', 'HNXEZ', 'RJDRX']
['AHMRO', 'KENPF', 'VSPLU', 'PECLI', 'HAXVF']
['IGAXC', 'ZQDIP', 'TAIVA', 'OTQON', 'LBKGE']
['SGRXP', 'WLCAR', 'QPVND', 'ARMIC', 'VYDDY']
['EGIIY', 'ACJRU', 'RDCTS', 'CLLNQ', 'CKHRK']
['ZJPJO', 'VLQCW', 'UFVEC', 'IGQNP', 'ZPTPS']
['NDLFM', 'JWSRE', 'PKHDM', 'WUTXG', 'ZUTJZ']
['TKYGG', 'UDTFQ', 'AGDTK', 'NCDJQ', 'FGDHQ']
['ERTVL', 'SRFIJ', 'QCRLR', 'BLHOQ', 'LIQGP']
['TFWCC', 'KUMCW', 'QBZQQ', 'EHHWX', 'NKCOJ']
['UCLPW', 'YWPLR', 'EAEIR', 'MXMMA', 'GZQDO']
['XBTFE', 'OVYUV', 'HTJHJ', 'XUHAP', 'SMSHQ']
['TUSMK', 'QSYML', 'XNYRJ', 'TVCFA', 'QUECI']
['YQPNL', 'AWDBE', 'TEFPC', 'OJGET', 'OCOQX']
['YXPNV', 'XFNKQ', 'IAMKK', 'WAHPX', 'ERQBP']
['WNYYG', 'OUQMM', 'RMJIF', 'QNUDR', 'GAEKQ']
['CBNUD', 'VLEXY', 'XGNPD', 'LSZMU', 'OVYDG']
['GVYUW', 'PSVNQ', 'GNCHO', 'SPHAJ', 'EOCJX']
['OXRUQ', 'RURLC', 'IRNCA', 'SFQST', 'UHSWZ']
['GJRAV', 'MESKQ', 'WCFRY', 'TKJBK', 'PKBGA']
['VGUGP', 'JEBNF', 'NLRBO', 'WOIJX', 'NHQWU']
['KEMJT', 'FVYLB', 'HATBR', 'IAADS', 'CCNPM']
['YNIQG', 'BBKUO', 'ZRVWH', 'VTOZN', 'CIUZU']
['PVVAV', 'KGIPC', 'ENKVR', 'SJJMM', 'ZJQQO']
['CIILB', 'PQAHJ', 'JQBSO', 'KQUJH', 'NVSYK']
['TNZEA', 'OKQTW', 'ACMPF', 'TLZCG', 'ZYPEK']
['WUCQA', 'VQDCT', 'WTGUO', 'EWNSH', 'RFWKF']
['UHOTV', 'DVRRV', 'DSQUZ', 'JXGHX', 'QYWKX']
['RUYNY', 'FZRBE', 'UJESQ', 'UGKUC', 'YFRIJ']
['XBLXM', 'OLFRP', 'AICHQ', 'VWJWK', 'QSVBC']
['FCJLJ', 'KPECP', 'YWCZV', 'CUUFQ', 'ONQWA']
['ORRXP', 'LYGHF', 'XXRUC', 'EHMWV', 'JTHWI']
['SGXHX', 'KSCIB', 'CVNCZ', 'QIALM', 'BNYBV']
['YBAFX', 'PGHQU', 'ZCVZT', 'IVZGD', 'KRWXO']
['QBVUY', 'GLIPE', 'WAQDW', 'OZZTI', 'KXMSB']
['ZLQYF', 'EBLCO', 'FELNZ', 'JCOPI', 'WHRVK']
['HGJEC', 'FDGQA', 'FJPVZ', 'IBUGB', 'CHIJG']
['ZBJTS', 'YJCIZ', 'IZZTZ', 'SROSJ', 'FCWUA']
['FBWOW', 'IZMEQ', 'XBSXA', 'UJHDY', 'VXIFI']
['KHNJL', 'BWWYB', 'INTFC', 'MQDQQ', 'BPZOY']
['VATKD', 'QYLAH', 'VATRQ', 'RCZHM', 'CIOFH']
['SKBJW', 'SHLYA', 'TBZDI', 'RUGKU', 'VBRPO']
['IRAUO', 'VFFHE', 'RMUXW', 'RWZXF', 'GBGAG']
['YJPCO', 'DSUJE', 'VGCRP', 'CIBMR', 'SYIZZ']
['LNIAF', 'HWSJL', 'MTCGB', 'OSLVS', 'XXFSV']
