['413', '174', '292', '435', '149', '345', '221', '259', '74', '378', '185', '392', '409', '89', '82', '431', '41', '428', '103', '61', '137', '425', '197', '350', '331', '169', '269', '421', '205', '348', '385', '453', '399', '19', '414', '297', '400', '114']
['55', '93', '406', '285', '225', '153', '129', '245', '339', '264', '427', '444', '99', '112']
['449', '88', '177', '473', '199', '394', '429', '117', '442', '401', '163', '417', '450', '470', '96', '42', '404', '347', '54', '134', '330', '487', '125', '311', '343', '403', '273', '364', '141', '184', '146', '2', '370', '113', '209', '481', '173', '60']
['440', '175', '69', '323', '382', '107', '214', '45']
['14', '238', '246', '220', '281', '266', '438', '433', '250', '480', '228', '87', '291', '110', '136', '24', '465', '244', '325', '362', '76', '203', '304', '391', '492', '254', '351', '397', '252', '466', '62', '124', '40', '223', '383', '443', '420', '376']
['386', '230']
['70', '139', '451', '375', '436', '25', '452', '456', '258', '387', '489', '356', '35', '319', '121', '144', '50', '222', '118', '359', '241', '143', '73', '36', '226', '369', '461', '157', '274', '227', '201', '188', '332', '148', '10', '299', '354', '43']
['168', '361', '11', '260']
['255', '131', '187', '239', '28', '344', '455', '16', '477', '363', '329', '75', '162', '367', '336', '256', '194', '44', '270', '263', '288', '277', '240', '402', '357', '116', '454', '56', '358', '32', '418', '237', '476', '181', '77', '193', '307', '381']
['318', '211', '204', '196', '265', '0', '130']
['286', '328', '213', '236', '22', '275', '198', '47', '468', '109', '368', '167', '293', '374', '303', '52', '33', '200', '294', '251', '289', '39', '145', '155', '152', '140', '85', '390', '338', '415', '380', '335', '333', '407', '308', '111', '191', '224']
['242', '446', '7', '170']
['210', '379', '310', '106', '80', '312', '488', '66', '352', '494', '479', '147', '229', '63', '495', '5', '108', '123', '366', '408', '469', '51', '158', '271', '135', '58', '441', '484', '18', '233', '34', '313', '302', '322', '419', '472', '218', '208']
['464', '183', '219', '72', '301', '247', '306', '151', '342', '360', '81', '68', '195', '212', '389', '493', '67', '471', '57', '105', '98', '38', '280', '405', '97', '371', '384', '395', '84', '231']
['320', '235', '460', '416', '448', '120', '475', '327', '172', '176', '490', '182', '48', '12', '30', '232', '13', '248', '317', '432', '104', '71', '133']
['127', '150', '138', '101', '430', '160', '91', '482', '467', '190', '377', '9', '287', '393', '439', '78', '192', '164', '122', '49', '90', '491', '283', '94', '355', '207', '243', '268', '337', '154', '499', '372', '171']
['349', '315', '253', '457', '324', '326', '424', '478', '161', '437', '340', '483', '423', '119', '95', '26', '126']
['434', '474', '92', '314', '282', '178', '65', '396', '128', '485', '3', '165', '462', '321', '132', '298', '267', '398']
['249', '412', '166', '459', '59', '215', '279', '262', '53', '445', '498', '496', '365', '426', '180', '29', '100', '486', '23', '179', '142', '186', '334', '458', '346']
['296', '497', '156', '6', '206', '37', '316', '46', '86', '202', '305', '189', '27', '300', '217', '17', '411', '234', '159', '4', '83', '102']
['373', '284', '276', '272', '309', '31', '261', '422', '64', '290', '1', '341', '463', '410', '388', '295']
['353', '115', '20', '216', '8', '15', '257', '21', '447', '278', '79']
