['McCoy']
['Beebe', 'Caines', 'Dietrich', 'Kerianne', 'Tennes', 'Firman', 'Zobe', 'Hako', 'Ches', 'Thorman', 'Winer', 'Gillian', 'Agosto', 'Kimon', 'Berneta', 'Yim', 'Ber', 'Nari', 'Livingston', 'Sachi', 'Selma', 'Bui', 'Delila', 'Sandeep', 'Cicely', 'Tavy', 'Antonetta', 'Mikol', 'Kinzer', 'Smukler', 'Chae', 'Cerracchio', 'Tiphane', 'Joed', 'Kaufmann']
['Fausta', 'Odin', 'Hillegass', 'Masterson', 'Gunn', 'Holofernes', 'Summons', 'Hayyim', 'Clere', 'Arel', 'Jenness', 'Manaker', 'Prebo', 'Lou', 'Larson', 'Sinnard', 'Balliett', 'Worlock', 'Dowlen', 'Girovard', 'Cyd', 'Fitz', 'Krystalle', 'Delinda', 'Schreck', 'Birck', 'Tuttle', 'Halimeda', 'Sosanna', 'Wistrup', 'Arianna', 'Milore', 'Bruns', 'Watson', 'Pippo']
['Tessy', 'Hotze', 'Zandt', 'Udell', 'Dett', 'McKinney', 'Uta', 'Larry', 'Ammadis', 'Shea', 'Hanway', 'Malo', 'Marina', 'Yarvis', 'Karlise', 'Tristam', 'Evangeline', 'Janaya', 'Harland', 'Jillana', 'Franek', 'Henrique', 'Harriet', 'Converse', 'McIntosh', 'Hankins', 'Alf', 'Binette', 'Benilda', 'Rani', 'Donn', 'Brazee', 'Aviv', 'Saville', 'Barby']
['Ainslee', 'Melburn', 'Demetria', 'Kylah', 'Leiser', 'Durante', 'Ferullo', 'Astto', 'Fast', 'Derril', 'Kerwon', 'Adriane', 'Wendye', 'Hett', 'Wunder', 'Cataldo', 'Nanette', 'Raul', 'Freddy', 'Dulcea', 'Paulita', 'Pontius', 'Danita', 'Koetke', 'Uzzia', 'Fifine', 'Ferro', 'Hook', 'Margeaux', 'McClimans', 'Kanya', 'Behlau', 'Stearns', 'Basso', 'Gibun']
['Fabrice', 'Maye']
['Pinto']
['Lunetta', 'Serafine', 'Berner', 'Ratcliffe', 'Holey', 'Ursi', 'Galligan', 'Holton', 'Ebba', 'Doroteya', 'Ginzburg', 'Dearman', 'Vonni', 'Sheeran', 'Ashman', 'Hong', 'Cherry', 'Turrell', 'Eudocia', 'Marilou', 'Vaish', 'Danuloff', 'Davidde', 'Starinsky', 'Clea', 'Leod', 'Elihu', 'Celestyn', 'Weirick', 'Hannover', 'Nicolis', 'Stephenson', 'Won', 'Augustina', 'Rodolphe']
['Flo', 'Groos', 'Charin', 'Minda', 'Cloots', 'Plantagenet', 'Gloriana', 'Barsky', 'Jimmy', 'Blasius', 'Lamson', 'Quitt', 'Danais', 'Dare', 'Lyle', 'Bluhm', 'Lynnelle', 'Till', 'Saxen', 'Alvinia', 'Fadiman', 'Lamb', 'Fillender', 'Groh', 'Nestor', 'Kronick', 'Eldwen', 'Catherin', 'Fokos', 'Wing', 'Utas', 'Sandstrom', 'Karie', 'Emelia', 'Florentia']
['Shelbi', 'Australia', 'Moyers', 'Mushro', 'Ludovico', 'Ultun', 'Adolphus', 'Glenn', 'Damon', 'Newton', 'Rik', 'Utica', 'Kudva', 'Costin', 'Ruhnke', 'Janenna', 'Fidelio', 'Candyce', 'Polish', 'Saylor', 'Oakes', 'Fredkin', 'Yasu', 'Chaddie', 'Biggs', 'Woo', 'Oscar', 'Balcer', 'Grochow', 'Lentha', 'Carter', 'Saudra', 'Desi', 'Vikky', 'Virginia']
['Lorilyn', 'Druce', 'Lynett', 'Griffin', 'Auroora', 'Clymer', 'Enid', 'Ace', 'Adaurd', 'Uchida', 'Willetta', 'Shelby', 'Morville', 'Mathur', 'Clovah', 'Karon', 'Eno', 'Willis', 'Holms', 'Epstein', 'Tutankhamen', 'Crompton', 'Cheria', 'Darrow', 'Derinna', 'Tonya', 'Rooke', 'Ubana', 'Erlewine', 'Mackenzie', 'McCullough', 'Vevay', 'Midian', 'Montagna', 'Meingolda']
['Scherman']
['Volkan', 'Carlick', 'Bounds', 'Prince', 'Dedric']
['Jobyna', 'Billy', 'Crean', 'Danna', 'Proudfoot', 'Elmira', 'Brittnee', 'Ruyle', 'Placido', 'Pappas', 'Ragland', 'Mitchiner', 'Ashling', 'Marijo', 'Noyes', 'Reste', 'Ursola', 'Dole', 'Osrick', 'Cristoforo', 'Debera', 'Haldane', 'Sievert', 'Nath', 'Kassi', 'Blondell', 'Hawger', 'Love', 'Verras', 'Rue', 'Jeniece', 'Myrvyn', 'Bello', 'Shannah']
['Lenhart', 'Hillel', 'Hakim', 'Girardo', 'Lotus', 'Sigsmond', 'Cavallaro', 'Monahan', 'Velda', 'Moonier', 'Hadleigh', 'Farro', 'Avril', 'Nafis', 'Minier', 'Neille', 'Maude', 'Ashford', 'Hamlin', 'Melisa', 'Felise', 'Favian', 'Balling', 'Nannette', 'Klapp', 'Knute', 'Jori', 'Jessalin', 'Norean', 'Jason', 'Emelita', 'Halstead', 'Mauchi', 'Shepp', 'Lon']
['Coh', 'Griswold', 'Chancellor', 'Carrillo', 'Chemush', 'Maribel', 'Ottinger', 'Faunia', 'Earlene', 'Higgs', 'Jenkel', 'Tay', 'Swanhilda', 'Darsie', 'Genie', 'Merth', 'Acacia', 'Robbin', 'Lauree', 'Melda', 'Gerianne', 'Cardwell', 'Buckler', 'Dumas', 'Buxton', 'Ebneter', 'Mansoor', 'Matthew', 'Marijn', 'Formenti', 'Antonino', 'Gombosi', 'Katzir', 'Roanna', 'Fruin']
['Elberta', 'Edrick', 'Hittel', 'Wight', 'Dotson', 'Gowrie', 'Dela', 'Salomi', 'Lenes', 'Neveda', 'Mokas', 'Jehiel', 'Safire', 'Bran', 'Letta', 'Elburr', 'Kile', 'Eleni', 'Busey', 'Bevon', 'Klute', 'Merola', 'Deni', 'Flieger', 'Akeyla', 'Matthaeus', 'Sumer', 'Beaver', 'Corkhill', 'Flemming', 'Emmer', 'Vesta', 'Perloff', 'Tillford', 'Micheal']
['Nance', 'Rocray', 'Gwenette', 'Nisse', 'Winebaum', 'Coumas', 'Puklich', 'Grath', 'Lawler', 'Renick', 'Neva', 'Jestude', 'Schnabel', 'Towne', 'Raynor', 'Barnett', 'Cutty', 'Dimitry', 'Rombert', 'Les', 'Colly', 'Cristiona', 'Tarkany', 'Bernj', 'Javler', 'Ted', 'Toh', 'Leanna', 'Baldridge', 'Ciapas', 'Eilis', 'Nessy', 'Hardej', 'Fairfax', 'Lux']
['Lindell']
['Bhayani', 'Jorgenson', 'Padget', 'Foulk', 'Grimona', 'Janerich', 'Rhonda', 'Hudis', 'Questa', 'Anuska', 'Ardys', 'Everick', 'Yerxa', 'Risteau', 'Latimer', 'Pryce', 'Meras', 'Lombardi', 'Hatch', 'Feinstein', 'Tine', 'Ardehs', 'Harmony', 'Woodhead', 'Burkhart', 'Shanly', 'Zelma', 'Ng', 'Lacy', 'Cal', 'Dott', 'Hermon', 'Atkins', 'Japeth', 'Felicie']
