['25', '143', '94', '212', '7', '14', '276', '205', '272', '54', '202', '11', '375', '39', '43', '69', '117', '217', '208', '74', '277', '92', '15', '282', '41']
['199', '278', '22', '262', '245', '347', '392', '367', '357', '18', '339', '322', '46', '251', '301', '304', '120', '398', '221', '210', '60', '326']
['31', '110', '284', '243', '184', '37', '335', '16', '396', '131', '298', '61', '370', '30', '317', '163', '393', '350', '176', '265', '299', '114', '358', '366', '312']
['115', '33', '75', '68', '35', '235', '185', '223', '112', '123', '356', '307', '214', '270', '211', '65', '55', '20', '237', '90', '71', '164', '204', '24']
['216', '254', '345', '179', '388', '285', '138', '201', '240', '62', '32', '168', '381', '121', '334', '98', '183', '116', '385']
['231', '104', '155', '380', '23', '206', '190', '207', '397', '256', '111', '263', '160', '149', '213', '249', '122', '306', '142', '246', '318', '26', '169', '330']
['220', '283', '203', '21', '76', '79', '224', '9', '338', '127', '4', '394', '374', '196', '141', '145', '118', '85', '295', '197', '195', '170', '353', '132', '53']
['389', '399', '232', '0', '361', '189', '313', '291', '293', '49', '319', '320', '371', '80', '260', '5', '395', '59', '166', '84', '300']
['177', '78', '57', '38', '72', '258', '238', '236', '102', '174', '257', '152', '130', '10', '36', '369', '259', '359', '77', '289', '180', '97', '252', '234']
['228', '154', '239', '340', '162', '13', '73', '50', '383', '311', '373', '93', '222', '27', '352', '91', '387', '136', '266', '327', '337']
['305', '351', '173', '274', '331', '279', '376', '157', '372', '56', '386', '391', '44', '148', '344', '82', '294', '105', '161', '290', '292', '6', '390', '349', '225']
['119', '368', '86', '139', '17', '99', '226', '354', '275', '215', '124', '70', '48', '137', '303', '165', '167', '333']
['186', '135', '364', '253', '268', '83', '273', '267', '336', '247', '229', '329', '308', '382', '151', '310', '146', '241', '64', '255']
['365', '58', '52', '191', '178', '324', '363', '302', '187', '362', '133', '309', '28', '140', '12', '321', '288', '150', '109', '194', '193', '108', '230']
['323', '89', '40', '1', '107', '8', '244', '314', '315', '188', '332', '45', '147', '95', '264', '81', '128', '126']
['47', '171', '271', '342', '103', '172', '96', '209', '134']
['287', '66', '325', '250', '125', '106', '159', '316', '156', '218', '286', '63', '29', '343']
['297', '88', '67', '280', '113', '261', '2', '346', '281', '129', '248', '227', '328', '42', '153']
['144', '384', '175', '348', '181', '198', '182']
['379', '360', '341', '100', '3', '233', '158', '355', '34', '242', '87', '377', '296', '200', '378', '101', '192', '51', '269', '19', '219']
